<?xml version="1.0" encoding="UTF-8"?>
<testsuites name="Test Suite Sauce Demo" time="886.265" tests="31" failures="3" errors="0">
   <testsuite name="Test Suite Sauce Demo" tests="31" failures="3" errors="0" time="886.265" skipped="0" timestamp="2023-08-31 15:31:31" hostname="Friskaa - Friska" id="Test Suites/Test Suite Sauce Demo">
      <properties>
         <property name="deviceName" value=""/>
         <property name="devicePlatform" value=""/>
         <property name="logFolder" value="D:\\Xsis\\batch-324-qa\\Friska\\Sauce Demo\\Reports\\20230831_153123\\Test Suite Sauce Demo\\20230831_153123"/>
         <property name="logFiles" value="D:\\Xsis\\batch-324-qa\\Friska\\Sauce Demo\\Reports\\20230831_153123\\Test Suite Sauce Demo\\20230831_153123\\execution0.log"/>
         <property name="attachments" value="D:\\Xsis\\batch-324-qa\\Friska\\Sauce Demo\\Reports\\20230831_153123\\Test Suite Sauce Demo\\20230831_153123\\1693470760760.png, D:\\Xsis\\batch-324-qa\\Friska\\Sauce Demo\\Reports\\20230831_153123\\Test Suite Sauce Demo\\20230831_153123\\1693470761011.png, D:\\Xsis\\batch-324-qa\\Friska\\Sauce Demo\\Reports\\20230831_153123\\Test Suite Sauce Demo\\20230831_153123\\1693470769652.png, D:\\Xsis\\batch-324-qa\\Friska\\Sauce Demo\\Reports\\20230831_153123\\Test Suite Sauce Demo\\20230831_153123\\1693470769885.png, D:\\Xsis\\batch-324-qa\\Friska\\Sauce Demo\\Reports\\20230831_153123\\Test Suite Sauce Demo\\20230831_153123\\1693470781833.png, D:\\Xsis\\batch-324-qa\\Friska\\Sauce Demo\\Reports\\20230831_153123\\Test Suite Sauce Demo\\20230831_153123\\1693470781981.png, D:\\Xsis\\batch-324-qa\\Friska\\Sauce Demo\\Reports\\20230831_153123\\Test Suite Sauce Demo\\20230831_153123\\1693470791096.png, D:\\Xsis\\batch-324-qa\\Friska\\Sauce Demo\\Reports\\20230831_153123\\Test Suite Sauce Demo\\20230831_153123\\1693470791236.png, D:\\Xsis\\batch-324-qa\\Friska\\Sauce Demo\\Reports\\20230831_153123\\Test Suite Sauce Demo\\20230831_153123\\1693470914269.png, D:\\Xsis\\batch-324-qa\\Friska\\Sauce Demo\\Reports\\20230831_153123\\Test Suite Sauce Demo\\20230831_153123\\1693470914689.png, D:\\Xsis\\batch-324-qa\\Friska\\Sauce Demo\\Reports\\20230831_153123\\Test Suite Sauce Demo\\20230831_153123\\1693470961226.png, D:\\Xsis\\batch-324-qa\\Friska\\Sauce Demo\\Reports\\20230831_153123\\Test Suite Sauce Demo\\20230831_153123\\1693470961644.png, D:\\Xsis\\batch-324-qa\\Friska\\Sauce Demo\\Reports\\20230831_153123\\Test Suite Sauce Demo\\20230831_153123\\1693471007246.png, D:\\Xsis\\batch-324-qa\\Friska\\Sauce Demo\\Reports\\20230831_153123\\Test Suite Sauce Demo\\20230831_153123\\1693471007662.png, D:\\Xsis\\batch-324-qa\\Friska\\Sauce Demo\\Reports\\20230831_153123\\Test Suite Sauce Demo\\20230831_153123\\1693471056297.png, D:\\Xsis\\batch-324-qa\\Friska\\Sauce Demo\\Reports\\20230831_153123\\Test Suite Sauce Demo\\20230831_153123\\1693471056695.png, D:\\Xsis\\batch-324-qa\\Friska\\Sauce Demo\\Reports\\20230831_153123\\Test Suite Sauce Demo\\20230831_153123\\1693471232415.png, D:\\Xsis\\batch-324-qa\\Friska\\Sauce Demo\\Reports\\20230831_153123\\Test Suite Sauce Demo\\20230831_153123\\1693471232722.png, D:\\Xsis\\batch-324-qa\\Friska\\Sauce Demo\\Reports\\20230831_153123\\Test Suite Sauce Demo\\20230831_153123\\1693471279436.png, D:\\Xsis\\batch-324-qa\\Friska\\Sauce Demo\\Reports\\20230831_153123\\Test Suite Sauce Demo\\20230831_153123\\1693471279738.png, D:\\Xsis\\batch-324-qa\\Friska\\Sauce Demo\\Reports\\20230831_153123\\Test Suite Sauce Demo\\20230831_153123\\1693471326551.png, D:\\Xsis\\batch-324-qa\\Friska\\Sauce Demo\\Reports\\20230831_153123\\Test Suite Sauce Demo\\20230831_153123\\1693471326826.png, D:\\Xsis\\batch-324-qa\\Friska\\Sauce Demo\\Reports\\20230831_153123\\Test Suite Sauce Demo\\20230831_153123\\1693471373062.png, D:\\Xsis\\batch-324-qa\\Friska\\Sauce Demo\\Reports\\20230831_153123\\Test Suite Sauce Demo\\20230831_153123\\1693471373394.png"/>
         <property name="hostName" value="Friskaa - Friska"/>
         <property name="os" value="Windows 11 64bit"/>
         <property name="katalonVersion" value="8.6.5.208"/>
         <property name="browser" value="Edge Chromium 116"/>
         <property name="hostAddress" value="10.9.2.22"/>
         <property name="sessionId" value="7398fa16d64250d9c4dcb5db993077da"/>
         <property name="seleniumVersion" value="3.141.59"/>
         <property name="proxyInformation" value="ProxyInformation { proxyOption=NO_PROXY, proxyServerType=HTTP, username=, password=********, proxyServerAddress=, proxyServerPort=0, executionList=&quot;&quot;, isApplyToDesiredCapabilities=true }"/>
         <property name="platform" value="Windows 11"/>
      </properties>
      <testcase name="Test Cases/Login/TC-Login-Success-001" time="12.171" classname="Test Cases/Login/TC-Login-Success-001" status="PASSED">
         <system-out><![CDATA[2023-08-31 15:31:32 - [TEST_CASE][PASSED] - Test Cases/Login/TC-Login-Success-001: Test Cases/Login/TC-Login-Success-001

2023-08-31 15:31:32 - [TEST_STEP][PASSED] - openBrowser(URL): Browser is opened with url: 'https://www.saucedemo.com/inventory.html'

2023-08-31 15:31:33 - [MESSAGE][INFO] - Starting 'Edge Chromium' driver

2023-08-31 15:31:35 - [MESSAGE][INFO] - Action delay is set to 0 milliseconds

2023-08-31 15:31:40 - [MESSAGE][PASSED] - Browser is opened with url: 'https://www.saucedemo.com/inventory.html'

2023-08-31 15:31:40 - [TEST_STEP][PASSED] - verifyElementPresent(findTestObject("Login/Verifikasi home page"), 0): Object 'Object Repository/Login/Verifikasi home page' is present

2023-08-31 15:31:40 - [MESSAGE][WARNING] - Timeout '0' is invalid. Using default page load timeout: '30'

2023-08-31 15:31:41 - [MESSAGE][PASSED] - Object 'Object Repository/Login/Verifikasi home page' is present

2023-08-31 15:31:41 - [TEST_STEP][PASSED] - setText(findTestObject("Login/Input Username"), username): Text 'standard_user' is set on object 'Object Repository/Login/Input Username'

2023-08-31 15:31:42 - [MESSAGE][PASSED] - Text 'standard_user' is set on object 'Object Repository/Login/Input Username'

2023-08-31 15:31:42 - [TEST_STEP][PASSED] - setEncryptedText(findTestObject("Login/input_Password"), password): Text ****** has been set on object 'Object Repository/Login/input_Password'

2023-08-31 15:31:43 - [MESSAGE][PASSED] - Text ****** has been set on object 'Object Repository/Login/input_Password'

2023-08-31 15:31:43 - [TEST_STEP][PASSED] - click(findTestObject("Login/Login Button")): Object: 'Object Repository/Login/Login Button' is clicked on

2023-08-31 15:31:43 - [MESSAGE][PASSED] - Object: 'Object Repository/Login/Login Button' is clicked on

2023-08-31 15:31:43 - [TEST_STEP][PASSED] - verifyElementPresent(findTestObject("Login/Verifikasi swag labs"), 0): Object 'Object Repository/Login/Verifikasi swag labs' is present

2023-08-31 15:31:44 - [MESSAGE][WARNING] - Timeout '0' is invalid. Using default page load timeout: '30'

2023-08-31 15:31:44 - [MESSAGE][PASSED] - Object 'Object Repository/Login/Verifikasi swag labs' is present]]></system-out>
         <system-err><![CDATA[]]></system-err>
      </testcase>
      <testcase name="Test Cases/Login/TC-Login-Locked-001" time="16.657" classname="Test Cases/Login/TC-Login-Locked-001" status="PASSED">
         <system-out><![CDATA[2023-08-31 15:31:44 - [TEST_CASE][PASSED] - Test Cases/Login/TC-Login-Locked-001: Test Cases/Login/TC-Login-Locked-001

2023-08-31 15:31:44 - [TEST_STEP][PASSED] - openBrowser(URL): Browser is opened with url: 'https://www.saucedemo.com/inventory.html'

2023-08-31 15:31:44 - [MESSAGE][WARNING] - A browser is already opened. Closing browser and opening a new one

2023-08-31 15:31:45 - [MESSAGE][INFO] - Starting 'Edge Chromium' driver

2023-08-31 15:31:48 - [MESSAGE][INFO] - Action delay is set to 0 milliseconds

2023-08-31 15:31:51 - [MESSAGE][PASSED] - Browser is opened with url: 'https://www.saucedemo.com/inventory.html'

2023-08-31 15:31:51 - [TEST_STEP][PASSED] - verifyElementPresent(findTestObject("Login/Verifikasi home page"), 0): Object 'Object Repository/Login/Verifikasi home page' is present

2023-08-31 15:31:51 - [MESSAGE][WARNING] - Timeout '0' is invalid. Using default page load timeout: '30'

2023-08-31 15:31:51 - [MESSAGE][PASSED] - Object 'Object Repository/Login/Verifikasi home page' is present

2023-08-31 15:31:51 - [TEST_STEP][PASSED] - setText(findTestObject("Login/Input Username"), usernamelock): Text 'locked_out_user' is set on object 'Object Repository/Login/Input Username'

2023-08-31 15:31:52 - [MESSAGE][PASSED] - Text 'locked_out_user' is set on object 'Object Repository/Login/Input Username'

2023-08-31 15:31:52 - [TEST_STEP][PASSED] - setEncryptedText(findTestObject("Login/input_Password"), password): Text ****** has been set on object 'Object Repository/Login/input_Password'

2023-08-31 15:31:53 - [MESSAGE][PASSED] - Text ****** has been set on object 'Object Repository/Login/input_Password'

2023-08-31 15:31:53 - [TEST_STEP][PASSED] - click(findTestObject("Login/Login Button")): Object: 'Object Repository/Login/Login Button' is clicked on

2023-08-31 15:31:53 - [MESSAGE][PASSED] - Object: 'Object Repository/Login/Login Button' is clicked on

2023-08-31 15:31:53 - [TEST_STEP][PASSED] - verifyElementPresent(findTestObject("Login/ErrorMessage_Lockedout"), 0): Object 'Object Repository/Login/ErrorMessage_Lockedout' is present

2023-08-31 15:31:53 - [MESSAGE][WARNING] - Timeout '0' is invalid. Using default page load timeout: '30'

2023-08-31 15:31:54 - [MESSAGE][PASSED] - Object 'Object Repository/Login/ErrorMessage_Lockedout' is present

2023-08-31 15:31:54 - [TEST_STEP][PASSED] - delay(5): Delayed 5 second(s)

2023-08-31 15:31:59 - [MESSAGE][PASSED] - Delayed 5 second(s)

2023-08-31 15:31:59 - [TEST_STEP][PASSED] - closeBrowser(): Browser is closed

2023-08-31 15:32:01 - [MESSAGE][PASSED] - Browser is closed]]></system-out>
         <system-err><![CDATA[]]></system-err>
      </testcase>
      <testcase name="Test Cases/Login/TC-Login-Failed-004" time="14.268" classname="Test Cases/Login/TC-Login-Failed-004" status="PASSED">
         <system-out><![CDATA[2023-08-31 15:32:01 - [TEST_CASE][PASSED] - Test Cases/Login/TC-Login-Failed-004: Test Cases/Login/TC-Login-Failed-004

2023-08-31 15:32:01 - [TEST_STEP][PASSED] - openBrowser(URL): Browser is opened with url: 'https://www.saucedemo.com/inventory.html'

2023-08-31 15:32:01 - [MESSAGE][INFO] - Starting 'Edge Chromium' driver

2023-08-31 15:32:03 - [MESSAGE][INFO] - Action delay is set to 0 milliseconds

2023-08-31 15:32:06 - [MESSAGE][PASSED] - Browser is opened with url: 'https://www.saucedemo.com/inventory.html'

2023-08-31 15:32:06 - [TEST_STEP][PASSED] - setText(findTestObject("Login/Input Username"), ""): Text '' is set on object 'Object Repository/Login/Input Username'

2023-08-31 15:32:07 - [MESSAGE][PASSED] - Text '' is set on object 'Object Repository/Login/Input Username'

2023-08-31 15:32:07 - [TEST_STEP][PASSED] - setText(findTestObject("Login/input_Password"), ""): Text '' is set on object 'Object Repository/Login/input_Password'

2023-08-31 15:32:08 - [MESSAGE][PASSED] - Text '' is set on object 'Object Repository/Login/input_Password'

2023-08-31 15:32:08 - [TEST_STEP][PASSED] - click(findTestObject("Login/Login Button")): Object: 'Object Repository/Login/Login Button' is clicked on

2023-08-31 15:32:08 - [MESSAGE][PASSED] - Object: 'Object Repository/Login/Login Button' is clicked on

2023-08-31 15:32:08 - [TEST_STEP][PASSED] - verifyElementPresent(findTestObject("Login/error_ Username is required"), 0): Object 'Object Repository/Login/error_ Username is required' is present

2023-08-31 15:32:08 - [MESSAGE][WARNING] - Timeout '0' is invalid. Using default page load timeout: '30'

2023-08-31 15:32:09 - [MESSAGE][PASSED] - Object 'Object Repository/Login/error_ Username is required' is present

2023-08-31 15:32:09 - [TEST_STEP][PASSED] - delay(5): Delayed 5 second(s)

2023-08-31 15:32:14 - [MESSAGE][PASSED] - Delayed 5 second(s)

2023-08-31 15:32:14 - [TEST_STEP][PASSED] - closeBrowser(): Browser is closed

2023-08-31 15:32:15 - [MESSAGE][PASSED] - Browser is closed]]></system-out>
         <system-err><![CDATA[]]></system-err>
      </testcase>
      <testcase name="Test Cases/Login/TC-Login-Failed-003" time="14.458" classname="Test Cases/Login/TC-Login-Failed-003" status="PASSED">
         <system-out><![CDATA[2023-08-31 15:32:15 - [TEST_CASE][PASSED] - Test Cases/Login/TC-Login-Failed-003: Test Cases/Login/TC-Login-Failed-003

2023-08-31 15:32:15 - [TEST_STEP][PASSED] - openBrowser(URL): Browser is opened with url: 'https://www.saucedemo.com/inventory.html'

2023-08-31 15:32:15 - [MESSAGE][INFO] - Starting 'Edge Chromium' driver

2023-08-31 15:32:18 - [MESSAGE][INFO] - Action delay is set to 0 milliseconds

2023-08-31 15:32:20 - [MESSAGE][PASSED] - Browser is opened with url: 'https://www.saucedemo.com/inventory.html'

2023-08-31 15:32:20 - [TEST_STEP][PASSED] - setText(findTestObject("Login/Input Username"), ""): Text '' is set on object 'Object Repository/Login/Input Username'

2023-08-31 15:32:21 - [MESSAGE][PASSED] - Text '' is set on object 'Object Repository/Login/Input Username'

2023-08-31 15:32:21 - [TEST_STEP][PASSED] - setEncryptedText(findTestObject("Login/input_Password"), password): Text ****** has been set on object 'Object Repository/Login/input_Password'

2023-08-31 15:32:22 - [MESSAGE][PASSED] - Text ****** has been set on object 'Object Repository/Login/input_Password'

2023-08-31 15:32:22 - [TEST_STEP][PASSED] - click(findTestObject("Login/Login Button")): Object: 'Object Repository/Login/Login Button' is clicked on

2023-08-31 15:32:23 - [MESSAGE][PASSED] - Object: 'Object Repository/Login/Login Button' is clicked on

2023-08-31 15:32:23 - [TEST_STEP][PASSED] - verifyElementPresent(findTestObject("Login/error_ Username is required"), 0): Object 'Object Repository/Login/error_ Username is required' is present

2023-08-31 15:32:23 - [MESSAGE][WARNING] - Timeout '0' is invalid. Using default page load timeout: '30'

2023-08-31 15:32:23 - [MESSAGE][PASSED] - Object 'Object Repository/Login/error_ Username is required' is present

2023-08-31 15:32:23 - [TEST_STEP][PASSED] - delay(5): Delayed 5 second(s)

2023-08-31 15:32:28 - [MESSAGE][PASSED] - Delayed 5 second(s)

2023-08-31 15:32:28 - [TEST_STEP][PASSED] - closeBrowser(): Browser is closed

2023-08-31 15:32:29 - [MESSAGE][PASSED] - Browser is closed]]></system-out>
         <system-err><![CDATA[]]></system-err>
      </testcase>
      <testcase name="Test Cases/Login/TC-Login-Failed-002" time="9.193" classname="Test Cases/Login/TC-Login-Failed-002" status="FAILED">
         <failure type="FAILED" message="Test Cases/Login/TC-Login-Failed-002 FAILED.
Reason:
com.kms.katalon.core.exception.StepFailedException: Verify element text of test object 'Object Repository/Login/error_Password is required' FAILED.
	at com.kms.katalon.core.webui.keyword.internal.WebUIKeywordMain.stepFailed(WebUIKeywordMain.groovy:64)
	at com.kms.katalon.core.webui.keyword.internal.WebUIKeywordMain.runKeyword(WebUIKeywordMain.groovy:26)
	at com.kms.katalon.core.webui.keyword.builtin.VerifyElementTextKeyword.verifyElementText(VerifyElementTextKeyword.groovy:72)
	at com.kms.katalon.core.webui.keyword.builtin.VerifyElementTextKeyword.execute(VerifyElementTextKeyword.groovy:40)
	at com.kms.katalon.core.keyword.internal.KeywordExecutor.executeKeywordForPlatform(KeywordExecutor.groovy:74)
	at com.kms.katalon.core.webui.keyword.WebUiBuiltInKeywords.verifyElementText(WebUiBuiltInKeywords.groovy:4749)
	at com.kms.katalon.core.webui.keyword.WebUiBuiltInKeywords$verifyElementText$5.call(Unknown Source)
	at TC-Login-Failed-002.run(TC-Login-Failed-002:26)
	at com.kms.katalon.core.main.ScriptEngine.run(ScriptEngine.java:194)
	at com.kms.katalon.core.main.ScriptEngine.runScriptAsRawText(ScriptEngine.java:119)
	at com.kms.katalon.core.main.TestCaseExecutor.runScript(TestCaseExecutor.java:448)
	at com.kms.katalon.core.main.TestCaseExecutor.doExecute(TestCaseExecutor.java:439)
	at com.kms.katalon.core.main.TestCaseExecutor.processExecutionPhase(TestCaseExecutor.java:418)
	at com.kms.katalon.core.main.TestCaseExecutor.accessMainPhase(TestCaseExecutor.java:410)
	at com.kms.katalon.core.main.TestCaseExecutor.execute(TestCaseExecutor.java:285)
	at com.kms.katalon.core.main.TestCaseExecutor.execute(TestCaseExecutor.java:369)
	at com.kms.katalon.core.main.TestCaseExecutor.execute(TestCaseExecutor.java:369)
	at com.kms.katalon.core.main.TestCaseExecutor.execute(TestCaseExecutor.java:369)
	at com.kms.katalon.core.common.CommonExecutor.accessTestCaseMainPhase(CommonExecutor.java:65)
	at com.kms.katalon.core.main.TestSuiteExecutor.accessTestSuiteMainPhase(TestSuiteExecutor.java:148)
	at com.kms.katalon.core.main.TestSuiteExecutor.execute(TestSuiteExecutor.java:106)
	at com.kms.katalon.core.main.TestCaseMain.startTestSuite(TestCaseMain.java:187)
	at com.kms.katalon.core.main.TestCaseMain$startTestSuite$0.call(Unknown Source)
	at TempTestSuite1693470683054.run(TempTestSuite1693470683054.groovy:36)
Caused by: com.kms.katalon.core.exception.StepFailedException: Actual text 'Epic sadface: Password is required' and expected text 'Login failed! Please ensure the password are valid.' of test object 'Object Repository/Login/error_Password is required' are NOT matched.
	at com.kms.katalon.core.webui.keyword.internal.WebUIKeywordMain.stepFailed(WebUIKeywordMain.groovy:64)
	at com.kms.katalon.core.webui.keyword.builtin.VerifyElementTextKeyword$_verifyElementText_closure1.doCall(VerifyElementTextKeyword.groovy:57)
	at com.kms.katalon.core.webui.keyword.builtin.VerifyElementTextKeyword$_verifyElementText_closure1.call(VerifyElementTextKeyword.groovy)
	at com.kms.katalon.core.webui.keyword.internal.WebUIKeywordMain.runKeyword(WebUIKeywordMain.groovy:20)
	... 22 more
"/>
         <system-out><![CDATA[2023-08-31 15:33:02 - [TEST_CASE][FAILED] - Test Cases/Login/TC-Login-Failed-002: Test Cases/Login/TC-Login-Failed-002 FAILED.
Reason:
com.kms.katalon.core.exception.StepFailedException: Verify element text of test object 'Object Repository/Login/error_Password is required' FAILED.
	at com.kms.katalon.core.webui.keyword.internal.WebUIKeywordMain.stepFailed(WebUIKeywordMain.groovy:64)
	at com.kms.katalon.core.webui.keyword.internal.WebUIKeywordMain.runKeyword(WebUIKeywordMain.groovy:26)
	at com.kms.katalon.core.webui.keyword.builtin.VerifyElementTextKeyword.verifyElementText(VerifyElementTextKeyword.groovy:72)
	at com.kms.katalon.core.webui.keyword.builtin.VerifyElementTextKeyword.execute(VerifyElementTextKeyword.groovy:40)
	at com.kms.katalon.core.keyword.internal.KeywordExecutor.executeKeywordForPlatform(KeywordExecutor.groovy:74)
	at com.kms.katalon.core.webui.keyword.WebUiBuiltInKeywords.verifyElementText(WebUiBuiltInKeywords.groovy:4749)
	at com.kms.katalon.core.webui.keyword.WebUiBuiltInKeywords$verifyElementText$5.call(Unknown Source)
	at TC-Login-Failed-002.run(TC-Login-Failed-002:26)
	at com.kms.katalon.core.main.ScriptEngine.run(ScriptEngine.java:194)
	at com.kms.katalon.core.main.ScriptEngine.runScriptAsRawText(ScriptEngine.java:119)
	at com.kms.katalon.core.main.TestCaseExecutor.runScript(TestCaseExecutor.java:448)
	at com.kms.katalon.core.main.TestCaseExecutor.doExecute(TestCaseExecutor.java:439)
	at com.kms.katalon.core.main.TestCaseExecutor.processExecutionPhase(TestCaseExecutor.java:418)
	at com.kms.katalon.core.main.TestCaseExecutor.accessMainPhase(TestCaseExecutor.java:410)
	at com.kms.katalon.core.main.TestCaseExecutor.execute(TestCaseExecutor.java:285)
	at com.kms.katalon.core.main.TestCaseExecutor.execute(TestCaseExecutor.java:369)
	at com.kms.katalon.core.main.TestCaseExecutor.execute(TestCaseExecutor.java:369)
	at com.kms.katalon.core.main.TestCaseExecutor.execute(TestCaseExecutor.java:369)
	at com.kms.katalon.core.common.CommonExecutor.accessTestCaseMainPhase(CommonExecutor.java:65)
	at com.kms.katalon.core.main.TestSuiteExecutor.accessTestSuiteMainPhase(TestSuiteExecutor.java:148)
	at com.kms.katalon.core.main.TestSuiteExecutor.execute(TestSuiteExecutor.java:106)
	at com.kms.katalon.core.main.TestCaseMain.startTestSuite(TestCaseMain.java:187)
	at com.kms.katalon.core.main.TestCaseMain$startTestSuite$0.call(Unknown Source)
	at TempTestSuite1693470683054.run(TempTestSuite1693470683054.groovy:36)
Caused by: com.kms.katalon.core.exception.StepFailedException: Actual text 'Epic sadface: Password is required' and expected text 'Login failed! Please ensure the password are valid.' of test object 'Object Repository/Login/error_Password is required' are NOT matched.
	at com.kms.katalon.core.webui.keyword.internal.WebUIKeywordMain.stepFailed(WebUIKeywordMain.groovy:64)
	at com.kms.katalon.core.webui.keyword.builtin.VerifyElementTextKeyword$_verifyElementText_closure1.doCall(VerifyElementTextKeyword.groovy:57)
	at com.kms.katalon.core.webui.keyword.builtin.VerifyElementTextKeyword$_verifyElementText_closure1.call(VerifyElementTextKeyword.groovy)
	at com.kms.katalon.core.webui.keyword.internal.WebUIKeywordMain.runKeyword(WebUIKeywordMain.groovy:20)
	... 22 more


2023-08-31 15:33:02 - [TEST_STEP][PASSED] - openBrowser(URL): Browser is opened with url: 'https://www.saucedemo.com/inventory.html'

2023-08-31 15:33:02 - [MESSAGE][WARNING] - A browser is already opened. Closing browser and opening a new one

2023-08-31 15:33:03 - [MESSAGE][INFO] - Starting 'Edge Chromium' driver

2023-08-31 15:33:05 - [MESSAGE][INFO] - Action delay is set to 0 milliseconds

2023-08-31 15:33:08 - [MESSAGE][PASSED] - Browser is opened with url: 'https://www.saucedemo.com/inventory.html'

2023-08-31 15:33:08 - [TEST_STEP][PASSED] - setText(findTestObject("Login/Input Username"), username): Text 'standard_user' is set on object 'Object Repository/Login/Input Username'

2023-08-31 15:33:09 - [MESSAGE][PASSED] - Text 'standard_user' is set on object 'Object Repository/Login/Input Username'

2023-08-31 15:33:09 - [TEST_STEP][PASSED] - click(findTestObject("Login/Login Button")): Object: 'Object Repository/Login/Login Button' is clicked on

2023-08-31 15:33:10 - [MESSAGE][PASSED] - Object: 'Object Repository/Login/Login Button' is clicked on

2023-08-31 15:33:10 - [TEST_STEP][FAILED] - verifyElementText(findTestObject("Login/error_Password is required"), "Login failed! Please ensure the password are valid."): Verify element text of test object 'Object Repository/Login/error_Password is required' FAILED. (Root cause: com.kms.katalon.core.exception.StepFailedException: Verify element text of test object 'Object Repository/Login/error_Password is required' FAILED.
	at com.kms.katalon.core.webui.keyword.internal.WebUIKeywordMain.stepFailed(WebUIKeywordMain.groovy:64)
	at com.kms.katalon.core.webui.keyword.internal.WebUIKeywordMain.runKeyword(WebUIKeywordMain.groovy:26)
	at com.kms.katalon.core.webui.keyword.builtin.VerifyElementTextKeyword.verifyElementText(VerifyElementTextKeyword.groovy:72)
	at com.kms.katalon.core.webui.keyword.builtin.VerifyElementTextKeyword.execute(VerifyElementTextKeyword.groovy:40)
	at com.kms.katalon.core.keyword.internal.KeywordExecutor.executeKeywordForPlatform(KeywordExecutor.groovy:74)
	at com.kms.katalon.core.webui.keyword.WebUiBuiltInKeywords.verifyElementText(WebUiBuiltInKeywords.groovy:4749)
	at com.kms.katalon.core.webui.keyword.WebUiBuiltInKeywords$verifyElementText$5.call(Unknown Source)
	at TC-Login-Failed-002.run(TC-Login-Failed-002:26)
	at com.kms.katalon.core.main.ScriptEngine.run(ScriptEngine.java:194)
	at com.kms.katalon.core.main.ScriptEngine.runScriptAsRawText(ScriptEngine.java:119)
	at com.kms.katalon.core.main.TestCaseExecutor.runScript(TestCaseExecutor.java:448)
	at com.kms.katalon.core.main.TestCaseExecutor.doExecute(TestCaseExecutor.java:439)
	at com.kms.katalon.core.main.TestCaseExecutor.processExecutionPhase(TestCaseExecutor.java:418)
	at com.kms.katalon.core.main.TestCaseExecutor.accessMainPhase(TestCaseExecutor.java:410)
	at com.kms.katalon.core.main.TestCaseExecutor.execute(TestCaseExecutor.java:285)
	at com.kms.katalon.core.main.TestCaseExecutor.execute(TestCaseExecutor.java:369)
	at com.kms.katalon.core.main.TestCaseExecutor.execute(TestCaseExecutor.java:369)
	at com.kms.katalon.core.main.TestCaseExecutor.execute(TestCaseExecutor.java:369)
	at com.kms.katalon.core.common.CommonExecutor.accessTestCaseMainPhase(CommonExecutor.java:65)
	at com.kms.katalon.core.main.TestSuiteExecutor.accessTestSuiteMainPhase(TestSuiteExecutor.java:148)
	at com.kms.katalon.core.main.TestSuiteExecutor.execute(TestSuiteExecutor.java:106)
	at com.kms.katalon.core.main.TestCaseMain.startTestSuite(TestCaseMain.java:187)
	at com.kms.katalon.core.main.TestCaseMain$startTestSuite$0.call(Unknown Source)
	at TempTestSuite1693470683054.run(TempTestSuite1693470683054.groovy:36)
Caused by: com.kms.katalon.core.exception.StepFailedException: Actual text 'Epic sadface: Password is required' and expected text 'Login failed! Please ensure the password are valid.' of test object 'Object Repository/Login/error_Password is required' are NOT matched.
	at com.kms.katalon.core.webui.keyword.internal.WebUIKeywordMain.stepFailed(WebUIKeywordMain.groovy:64)
	at com.kms.katalon.core.webui.keyword.builtin.VerifyElementTextKeyword$_verifyElementText_closure1.doCall(VerifyElementTextKeyword.groovy:57)
	at com.kms.katalon.core.webui.keyword.builtin.VerifyElementTextKeyword$_verifyElementText_closure1.call(VerifyElementTextKeyword.groovy)
	at com.kms.katalon.core.webui.keyword.internal.WebUIKeywordMain.runKeyword(WebUIKeywordMain.groovy:20)
	... 22 more
)

2023-08-31 15:33:11 - [MESSAGE][FAILED] - Actual text 'Epic sadface: Password is required' and expected text 'Login failed! Please ensure the password are valid.' of test object 'Object Repository/Login/error_Password is required' are NOT matched. (Root cause: com.kms.katalon.core.exception.StepFailedException: Actual text 'Epic sadface: Password is required' and expected text 'Login failed! Please ensure the password are valid.' of test object 'Object Repository/Login/error_Password is required' are NOT matched.
	at com.kms.katalon.core.webui.keyword.internal.WebUIKeywordMain.stepFailed(WebUIKeywordMain.groovy:64)
	at com.kms.katalon.core.webui.keyword.builtin.VerifyElementTextKeyword$_verifyElementText_closure1.doCall(VerifyElementTextKeyword.groovy:57)
	at com.kms.katalon.core.webui.keyword.builtin.VerifyElementTextKeyword$_verifyElementText_closure1.call(VerifyElementTextKeyword.groovy)
	at com.kms.katalon.core.webui.keyword.internal.WebUIKeywordMain.runKeyword(WebUIKeywordMain.groovy:20)
	at com.kms.katalon.core.webui.keyword.builtin.VerifyElementTextKeyword.verifyElementText(VerifyElementTextKeyword.groovy:72)
	at com.kms.katalon.core.webui.keyword.builtin.VerifyElementTextKeyword.execute(VerifyElementTextKeyword.groovy:40)
	at com.kms.katalon.core.keyword.internal.KeywordExecutor.executeKeywordForPlatform(KeywordExecutor.groovy:74)
	at com.kms.katalon.core.webui.keyword.WebUiBuiltInKeywords.verifyElementText(WebUiBuiltInKeywords.groovy:4749)
	at com.kms.katalon.core.webui.keyword.WebUiBuiltInKeywords$verifyElementText$5.call(Unknown Source)
	at TC-Login-Failed-002.run(TC-Login-Failed-002:26)
	at com.kms.katalon.core.main.ScriptEngine.run(ScriptEngine.java:194)
	at com.kms.katalon.core.main.ScriptEngine.runScriptAsRawText(ScriptEngine.java:119)
	at com.kms.katalon.core.main.TestCaseExecutor.runScript(TestCaseExecutor.java:448)
	at com.kms.katalon.core.main.TestCaseExecutor.doExecute(TestCaseExecutor.java:439)
	at com.kms.katalon.core.main.TestCaseExecutor.processExecutionPhase(TestCaseExecutor.java:418)
	at com.kms.katalon.core.main.TestCaseExecutor.accessMainPhase(TestCaseExecutor.java:410)
	at com.kms.katalon.core.main.TestCaseExecutor.execute(TestCaseExecutor.java:285)
	at com.kms.katalon.core.main.TestCaseExecutor.execute(TestCaseExecutor.java:369)
	at com.kms.katalon.core.main.TestCaseExecutor.execute(TestCaseExecutor.java:369)
	at com.kms.katalon.core.main.TestCaseExecutor.execute(TestCaseExecutor.java:369)
	at com.kms.katalon.core.common.CommonExecutor.accessTestCaseMainPhase(CommonExecutor.java:65)
	at com.kms.katalon.core.main.TestSuiteExecutor.accessTestSuiteMainPhase(TestSuiteExecutor.java:148)
	at com.kms.katalon.core.main.TestSuiteExecutor.execute(TestSuiteExecutor.java:106)
	at com.kms.katalon.core.main.TestCaseMain.startTestSuite(TestCaseMain.java:187)
	at com.kms.katalon.core.main.TestCaseMain$startTestSuite$0.call(Unknown Source)
	at TempTestSuite1693470683054.run(TempTestSuite1693470683054.groovy:36)
)
[[ATTACHMENT|D:\\Xsis\\batch-324-qa\\Friska\\Sauce Demo\\Reports\\20230831_153123\\Test Suite Sauce Demo\\20230831_153123\\1693470791096.png]]

2023-08-31 15:33:11 - [MESSAGE][FAILED] - Verify element text of test object 'Object Repository/Login/error_Password is required' FAILED. (Root cause: com.kms.katalon.core.exception.StepFailedException: Verify element text of test object 'Object Repository/Login/error_Password is required' FAILED.
	at com.kms.katalon.core.webui.keyword.internal.WebUIKeywordMain.stepFailed(WebUIKeywordMain.groovy:64)
	at com.kms.katalon.core.webui.keyword.internal.WebUIKeywordMain.runKeyword(WebUIKeywordMain.groovy:26)
	at com.kms.katalon.core.webui.keyword.builtin.VerifyElementTextKeyword.verifyElementText(VerifyElementTextKeyword.groovy:72)
	at com.kms.katalon.core.webui.keyword.builtin.VerifyElementTextKeyword.execute(VerifyElementTextKeyword.groovy:40)
	at com.kms.katalon.core.keyword.internal.KeywordExecutor.executeKeywordForPlatform(KeywordExecutor.groovy:74)
	at com.kms.katalon.core.webui.keyword.WebUiBuiltInKeywords.verifyElementText(WebUiBuiltInKeywords.groovy:4749)
	at com.kms.katalon.core.webui.keyword.WebUiBuiltInKeywords$verifyElementText$5.call(Unknown Source)
	at TC-Login-Failed-002.run(TC-Login-Failed-002:26)
	at com.kms.katalon.core.main.ScriptEngine.run(ScriptEngine.java:194)
	at com.kms.katalon.core.main.ScriptEngine.runScriptAsRawText(ScriptEngine.java:119)
	at com.kms.katalon.core.main.TestCaseExecutor.runScript(TestCaseExecutor.java:448)
	at com.kms.katalon.core.main.TestCaseExecutor.doExecute(TestCaseExecutor.java:439)
	at com.kms.katalon.core.main.TestCaseExecutor.processExecutionPhase(TestCaseExecutor.java:418)
	at com.kms.katalon.core.main.TestCaseExecutor.accessMainPhase(TestCaseExecutor.java:410)
	at com.kms.katalon.core.main.TestCaseExecutor.execute(TestCaseExecutor.java:285)
	at com.kms.katalon.core.main.TestCaseExecutor.execute(TestCaseExecutor.java:369)
	at com.kms.katalon.core.main.TestCaseExecutor.execute(TestCaseExecutor.java:369)
	at com.kms.katalon.core.main.TestCaseExecutor.execute(TestCaseExecutor.java:369)
	at com.kms.katalon.core.common.CommonExecutor.accessTestCaseMainPhase(CommonExecutor.java:65)
	at com.kms.katalon.core.main.TestSuiteExecutor.accessTestSuiteMainPhase(TestSuiteExecutor.java:148)
	at com.kms.katalon.core.main.TestSuiteExecutor.execute(TestSuiteExecutor.java:106)
	at com.kms.katalon.core.main.TestCaseMain.startTestSuite(TestCaseMain.java:187)
	at com.kms.katalon.core.main.TestCaseMain$startTestSuite$0.call(Unknown Source)
	at TempTestSuite1693470683054.run(TempTestSuite1693470683054.groovy:36)
Caused by: com.kms.katalon.core.exception.StepFailedException: Actual text 'Epic sadface: Password is required' and expected text 'Login failed! Please ensure the password are valid.' of test object 'Object Repository/Login/error_Password is required' are NOT matched.
	at com.kms.katalon.core.webui.keyword.internal.WebUIKeywordMain.stepFailed(WebUIKeywordMain.groovy:64)
	at com.kms.katalon.core.webui.keyword.builtin.VerifyElementTextKeyword$_verifyElementText_closure1.doCall(VerifyElementTextKeyword.groovy:57)
	at com.kms.katalon.core.webui.keyword.builtin.VerifyElementTextKeyword$_verifyElementText_closure1.call(VerifyElementTextKeyword.groovy)
	at com.kms.katalon.core.webui.keyword.internal.WebUIKeywordMain.runKeyword(WebUIKeywordMain.groovy:20)
	... 22 more
)
[[ATTACHMENT|D:\\Xsis\\batch-324-qa\\Friska\\Sauce Demo\\Reports\\20230831_153123\\Test Suite Sauce Demo\\20230831_153123\\1693470791236.png]]]]></system-out>
         <system-err><![CDATA[2023-08-31 15:33:02 - [TEST_CASE][FAILED] - Test Cases/Login/TC-Login-Failed-002: Test Cases/Login/TC-Login-Failed-002 FAILED.
Reason:
com.kms.katalon.core.exception.StepFailedException: Verify element text of test object 'Object Repository/Login/error_Password is required' FAILED.
	at com.kms.katalon.core.webui.keyword.internal.WebUIKeywordMain.stepFailed(WebUIKeywordMain.groovy:64)
	at com.kms.katalon.core.webui.keyword.internal.WebUIKeywordMain.runKeyword(WebUIKeywordMain.groovy:26)
	at com.kms.katalon.core.webui.keyword.builtin.VerifyElementTextKeyword.verifyElementText(VerifyElementTextKeyword.groovy:72)
	at com.kms.katalon.core.webui.keyword.builtin.VerifyElementTextKeyword.execute(VerifyElementTextKeyword.groovy:40)
	at com.kms.katalon.core.keyword.internal.KeywordExecutor.executeKeywordForPlatform(KeywordExecutor.groovy:74)
	at com.kms.katalon.core.webui.keyword.WebUiBuiltInKeywords.verifyElementText(WebUiBuiltInKeywords.groovy:4749)
	at com.kms.katalon.core.webui.keyword.WebUiBuiltInKeywords$verifyElementText$5.call(Unknown Source)
	at TC-Login-Failed-002.run(TC-Login-Failed-002:26)
	at com.kms.katalon.core.main.ScriptEngine.run(ScriptEngine.java:194)
	at com.kms.katalon.core.main.ScriptEngine.runScriptAsRawText(ScriptEngine.java:119)
	at com.kms.katalon.core.main.TestCaseExecutor.runScript(TestCaseExecutor.java:448)
	at com.kms.katalon.core.main.TestCaseExecutor.doExecute(TestCaseExecutor.java:439)
	at com.kms.katalon.core.main.TestCaseExecutor.processExecutionPhase(TestCaseExecutor.java:418)
	at com.kms.katalon.core.main.TestCaseExecutor.accessMainPhase(TestCaseExecutor.java:410)
	at com.kms.katalon.core.main.TestCaseExecutor.execute(TestCaseExecutor.java:285)
	at com.kms.katalon.core.main.TestCaseExecutor.execute(TestCaseExecutor.java:369)
	at com.kms.katalon.core.main.TestCaseExecutor.execute(TestCaseExecutor.java:369)
	at com.kms.katalon.core.main.TestCaseExecutor.execute(TestCaseExecutor.java:369)
	at com.kms.katalon.core.common.CommonExecutor.accessTestCaseMainPhase(CommonExecutor.java:65)
	at com.kms.katalon.core.main.TestSuiteExecutor.accessTestSuiteMainPhase(TestSuiteExecutor.java:148)
	at com.kms.katalon.core.main.TestSuiteExecutor.execute(TestSuiteExecutor.java:106)
	at com.kms.katalon.core.main.TestCaseMain.startTestSuite(TestCaseMain.java:187)
	at com.kms.katalon.core.main.TestCaseMain$startTestSuite$0.call(Unknown Source)
	at TempTestSuite1693470683054.run(TempTestSuite1693470683054.groovy:36)
Caused by: com.kms.katalon.core.exception.StepFailedException: Actual text 'Epic sadface: Password is required' and expected text 'Login failed! Please ensure the password are valid.' of test object 'Object Repository/Login/error_Password is required' are NOT matched.
	at com.kms.katalon.core.webui.keyword.internal.WebUIKeywordMain.stepFailed(WebUIKeywordMain.groovy:64)
	at com.kms.katalon.core.webui.keyword.builtin.VerifyElementTextKeyword$_verifyElementText_closure1.doCall(VerifyElementTextKeyword.groovy:57)
	at com.kms.katalon.core.webui.keyword.builtin.VerifyElementTextKeyword$_verifyElementText_closure1.call(VerifyElementTextKeyword.groovy)
	at com.kms.katalon.core.webui.keyword.internal.WebUIKeywordMain.runKeyword(WebUIKeywordMain.groovy:20)
	... 22 more]]></system-err>
      </testcase>
      <testcase name="Test Cases/Login/TC-Login-Failed-001" time="12.46" classname="Test Cases/Login/TC-Login-Failed-001" status="PASSED">
         <system-out><![CDATA[2023-08-31 15:33:11 - [TEST_CASE][PASSED] - Test Cases/Login/TC-Login-Failed-001: Test Cases/Login/TC-Login-Failed-001

2023-08-31 15:33:12 - [TEST_STEP][PASSED] - openBrowser(URL): Browser is opened with url: 'https://www.saucedemo.com/inventory.html'

2023-08-31 15:33:12 - [MESSAGE][WARNING] - A browser is already opened. Closing browser and opening a new one

2023-08-31 15:33:12 - [MESSAGE][INFO] - Starting 'Edge Chromium' driver

2023-08-31 15:33:15 - [MESSAGE][INFO] - Action delay is set to 0 milliseconds

2023-08-31 15:33:20 - [MESSAGE][PASSED] - Browser is opened with url: 'https://www.saucedemo.com/inventory.html'

2023-08-31 15:33:20 - [TEST_STEP][PASSED] - verifyElementPresent(findTestObject("Login/Verifikasi home page"), 0): Object 'Object Repository/Login/Verifikasi home page' is present

2023-08-31 15:33:20 - [MESSAGE][WARNING] - Timeout '0' is invalid. Using default page load timeout: '30'

2023-08-31 15:33:20 - [MESSAGE][PASSED] - Object 'Object Repository/Login/Verifikasi home page' is present

2023-08-31 15:33:20 - [TEST_STEP][PASSED] - setText(findTestObject("Login/Input Username"), "dianty"): Text 'dianty' is set on object 'Object Repository/Login/Input Username'

2023-08-31 15:33:21 - [MESSAGE][PASSED] - Text 'dianty' is set on object 'Object Repository/Login/Input Username'

2023-08-31 15:33:21 - [TEST_STEP][PASSED] - setText(findTestObject("Login/input_Password"), "hello99"): Text 'hello99' is set on object 'Object Repository/Login/input_Password'

2023-08-31 15:33:22 - [MESSAGE][PASSED] - Text 'hello99' is set on object 'Object Repository/Login/input_Password'

2023-08-31 15:33:22 - [TEST_STEP][PASSED] - click(findTestObject("Login/Login Button")): Object: 'Object Repository/Login/Login Button' is clicked on

2023-08-31 15:33:23 - [MESSAGE][PASSED] - Object: 'Object Repository/Login/Login Button' is clicked on

2023-08-31 15:33:23 - [TEST_STEP][PASSED] - verifyElementPresent(findTestObject("Login/error_do not match"), 0): Object 'Object Repository/Login/error_do not match' is present

2023-08-31 15:33:23 - [MESSAGE][WARNING] - Timeout '0' is invalid. Using default page load timeout: '30'

2023-08-31 15:33:23 - [MESSAGE][PASSED] - Object 'Object Repository/Login/error_do not match' is present]]></system-out>
         <system-err><![CDATA[]]></system-err>
      </testcase>
      <testcase name="Test Cases/Products/TC-Product-Sort-004" time="15.637" classname="Test Cases/Products/TC-Product-Sort-004" status="PASSED">
         <system-out><![CDATA[2023-08-31 15:33:23 - [TEST_CASE][PASSED] - Test Cases/Products/TC-Product-Sort-004: Test Cases/Products/TC-Product-Sort-004

2023-08-31 15:33:24 - [TEST_STEP][PASSED] - callTestCase(findTestCase("Products/TC-Product-Show-001"), [:], STOP_ON_FAILURE): Call Test Case 'Test Cases/Products/TC-Product-Show-001' successfully

2023-08-31 15:33:24 - [TEST_CASE][PASSED] - Test Cases/Products/TC-Product-Show-001: Test Cases/Products/TC-Product-Show-001

2023-08-31 15:33:25 - [TEST_STEP][PASSED] - callTestCase(findTestCase("Login/TC-Login-Success-001"), [:], STOP_ON_FAILURE): Call Test Case 'Test Cases/Login/TC-Login-Success-001' successfully

2023-08-31 15:33:25 - [TEST_CASE][PASSED] - Test Cases/Login/TC-Login-Success-001: Test Cases/Login/TC-Login-Success-001

2023-08-31 15:33:25 - [TEST_STEP][PASSED] - openBrowser(URL): Browser is opened with url: 'https://www.saucedemo.com/inventory.html'

2023-08-31 15:33:25 - [MESSAGE][WARNING] - A browser is already opened. Closing browser and opening a new one

2023-08-31 15:33:26 - [MESSAGE][INFO] - Starting 'Edge Chromium' driver

2023-08-31 15:33:28 - [MESSAGE][INFO] - Action delay is set to 0 milliseconds

2023-08-31 15:33:34 - [MESSAGE][PASSED] - Browser is opened with url: 'https://www.saucedemo.com/inventory.html'

2023-08-31 15:33:34 - [TEST_STEP][PASSED] - verifyElementPresent(findTestObject("Login/Verifikasi home page"), 0): Object 'Object Repository/Login/Verifikasi home page' is present

2023-08-31 15:33:34 - [MESSAGE][WARNING] - Timeout '0' is invalid. Using default page load timeout: '30'

2023-08-31 15:33:35 - [MESSAGE][PASSED] - Object 'Object Repository/Login/Verifikasi home page' is present

2023-08-31 15:33:35 - [TEST_STEP][PASSED] - setText(findTestObject("Login/Input Username"), username): Text 'standard_user' is set on object 'Object Repository/Login/Input Username'

2023-08-31 15:33:36 - [MESSAGE][PASSED] - Text 'standard_user' is set on object 'Object Repository/Login/Input Username'

2023-08-31 15:33:36 - [TEST_STEP][PASSED] - setEncryptedText(findTestObject("Login/input_Password"), password): Text ****** has been set on object 'Object Repository/Login/input_Password'

2023-08-31 15:33:36 - [MESSAGE][PASSED] - Text ****** has been set on object 'Object Repository/Login/input_Password'

2023-08-31 15:33:36 - [TEST_STEP][PASSED] - click(findTestObject("Login/Login Button")): Object: 'Object Repository/Login/Login Button' is clicked on

2023-08-31 15:33:37 - [MESSAGE][PASSED] - Object: 'Object Repository/Login/Login Button' is clicked on

2023-08-31 15:33:37 - [TEST_STEP][PASSED] - verifyElementPresent(findTestObject("Login/Verifikasi swag labs"), 0): Object 'Object Repository/Login/Verifikasi swag labs' is present

2023-08-31 15:33:37 - [MESSAGE][WARNING] - Timeout '0' is invalid. Using default page load timeout: '30'

2023-08-31 15:33:37 - [MESSAGE][PASSED] - Object 'Object Repository/Login/Verifikasi swag labs' is present

2023-08-31 15:33:37 - [MESSAGE][PASSED] - Call Test Case 'Test Cases/Login/TC-Login-Success-001' successfully

2023-08-31 15:33:37 - [MESSAGE][PASSED] - Call Test Case 'Test Cases/Products/TC-Product-Show-001' successfully

2023-08-31 15:33:37 - [TEST_STEP][PASSED] - selectOptionByValue(findTestObject("Product/Dropdown Sort"), "hilo", false): All options with value 'hilo' are selected in object 'Object Repository/Product/Dropdown Sort' 

2023-08-31 15:33:38 - [MESSAGE][PASSED] - All options with value 'hilo' are selected in object 'Object Repository/Product/Dropdown Sort' 

2023-08-31 15:33:38 - [TEST_STEP][PASSED] - dataList = findWebElements(findTestObject("Object Repository/Product/price list"), 10): null

2023-08-31 15:33:39 - [TEST_STEP][PASSED] - arrPriceOri = []: null

2023-08-31 15:33:39 - [TEST_STEP][PASSED] - arrPriceSort = []: null

2023-08-31 15:33:39 - [TEST_STEP][PASSED] - for ([i = 0, i < dataList.size(), (i++)]): null

2023-08-31 15:33:39 - [TEST_STEP][PASSED] - text = text.replace("$", ""): null

2023-08-31 15:33:39 - [TEST_STEP][PASSED] - d = Double.valueOf(text): null

2023-08-31 15:33:39 - [TEST_STEP][PASSED] - arrPriceOri[i] = d: null

2023-08-31 15:33:39 - [TEST_STEP][PASSED] - arrPriceSort[i] = d: null

2023-08-31 15:33:39 - [TEST_STEP][PASSED] - text = text.replace("$", ""): null

2023-08-31 15:33:39 - [TEST_STEP][PASSED] - d = Double.valueOf(text): null

2023-08-31 15:33:39 - [TEST_STEP][PASSED] - arrPriceOri[i] = d: null

2023-08-31 15:33:39 - [TEST_STEP][PASSED] - arrPriceSort[i] = d: null

2023-08-31 15:33:39 - [TEST_STEP][PASSED] - text = text.replace("$", ""): null

2023-08-31 15:33:39 - [TEST_STEP][PASSED] - d = Double.valueOf(text): null

2023-08-31 15:33:39 - [TEST_STEP][PASSED] - arrPriceOri[i] = d: null

2023-08-31 15:33:39 - [TEST_STEP][PASSED] - arrPriceSort[i] = d: null

2023-08-31 15:33:39 - [TEST_STEP][PASSED] - text = text.replace("$", ""): null

2023-08-31 15:33:39 - [TEST_STEP][PASSED] - d = Double.valueOf(text): null

2023-08-31 15:33:39 - [TEST_STEP][PASSED] - arrPriceOri[i] = d: null

2023-08-31 15:33:39 - [TEST_STEP][PASSED] - arrPriceSort[i] = d: null

2023-08-31 15:33:39 - [TEST_STEP][PASSED] - text = text.replace("$", ""): null

2023-08-31 15:33:39 - [TEST_STEP][PASSED] - d = Double.valueOf(text): null

2023-08-31 15:33:39 - [TEST_STEP][PASSED] - arrPriceOri[i] = d: null

2023-08-31 15:33:39 - [TEST_STEP][PASSED] - arrPriceSort[i] = d: null

2023-08-31 15:33:39 - [TEST_STEP][PASSED] - text = text.replace("$", ""): null

2023-08-31 15:33:39 - [TEST_STEP][PASSED] - d = Double.valueOf(text): null

2023-08-31 15:33:39 - [TEST_STEP][PASSED] - arrPriceOri[i] = d: null

2023-08-31 15:33:39 - [TEST_STEP][PASSED] - arrPriceSort[i] = d: null

2023-08-31 15:33:39 - [TEST_STEP][PASSED] - Arrays.sort(arrPriceSort, Collections.reverseOrder()): null

2023-08-31 15:33:39 - [TEST_STEP][PASSED] - assert arrPriceOri == arrPriceSort: null]]></system-out>
         <system-err><![CDATA[]]></system-err>
      </testcase>
      <testcase name="Test Cases/Products/TC-Product-Sort-003" time="11.779" classname="Test Cases/Products/TC-Product-Sort-003" status="PASSED">
         <system-out><![CDATA[2023-08-31 15:33:39 - [TEST_CASE][PASSED] - Test Cases/Products/TC-Product-Sort-003: Test Cases/Products/TC-Product-Sort-003

2023-08-31 15:33:40 - [TEST_STEP][PASSED] - callTestCase(findTestCase("Products/TC-Product-Show-001"), [:], STOP_ON_FAILURE): Call Test Case 'Test Cases/Products/TC-Product-Show-001' successfully

2023-08-31 15:33:40 - [TEST_CASE][PASSED] - Test Cases/Products/TC-Product-Show-001: Test Cases/Products/TC-Product-Show-001

2023-08-31 15:33:40 - [TEST_STEP][PASSED] - callTestCase(findTestCase("Login/TC-Login-Success-001"), [:], STOP_ON_FAILURE): Call Test Case 'Test Cases/Login/TC-Login-Success-001' successfully

2023-08-31 15:33:40 - [TEST_CASE][PASSED] - Test Cases/Login/TC-Login-Success-001: Test Cases/Login/TC-Login-Success-001

2023-08-31 15:33:40 - [TEST_STEP][PASSED] - openBrowser(URL): Browser is opened with url: 'https://www.saucedemo.com/inventory.html'

2023-08-31 15:33:40 - [MESSAGE][WARNING] - A browser is already opened. Closing browser and opening a new one

2023-08-31 15:33:41 - [MESSAGE][INFO] - Starting 'Edge Chromium' driver

2023-08-31 15:33:43 - [MESSAGE][INFO] - Action delay is set to 0 milliseconds

2023-08-31 15:33:46 - [MESSAGE][PASSED] - Browser is opened with url: 'https://www.saucedemo.com/inventory.html'

2023-08-31 15:33:46 - [TEST_STEP][PASSED] - verifyElementPresent(findTestObject("Login/Verifikasi home page"), 0): Object 'Object Repository/Login/Verifikasi home page' is present

2023-08-31 15:33:46 - [MESSAGE][WARNING] - Timeout '0' is invalid. Using default page load timeout: '30'

2023-08-31 15:33:47 - [MESSAGE][PASSED] - Object 'Object Repository/Login/Verifikasi home page' is present

2023-08-31 15:33:47 - [TEST_STEP][PASSED] - setText(findTestObject("Login/Input Username"), username): Text 'standard_user' is set on object 'Object Repository/Login/Input Username'

2023-08-31 15:33:47 - [MESSAGE][PASSED] - Text 'standard_user' is set on object 'Object Repository/Login/Input Username'

2023-08-31 15:33:47 - [TEST_STEP][PASSED] - setEncryptedText(findTestObject("Login/input_Password"), password): Text ****** has been set on object 'Object Repository/Login/input_Password'

2023-08-31 15:33:48 - [MESSAGE][PASSED] - Text ****** has been set on object 'Object Repository/Login/input_Password'

2023-08-31 15:33:48 - [TEST_STEP][PASSED] - click(findTestObject("Login/Login Button")): Object: 'Object Repository/Login/Login Button' is clicked on

2023-08-31 15:33:49 - [MESSAGE][PASSED] - Object: 'Object Repository/Login/Login Button' is clicked on

2023-08-31 15:33:49 - [TEST_STEP][PASSED] - verifyElementPresent(findTestObject("Login/Verifikasi swag labs"), 0): Object 'Object Repository/Login/Verifikasi swag labs' is present

2023-08-31 15:33:49 - [MESSAGE][WARNING] - Timeout '0' is invalid. Using default page load timeout: '30'

2023-08-31 15:33:49 - [MESSAGE][PASSED] - Object 'Object Repository/Login/Verifikasi swag labs' is present

2023-08-31 15:33:49 - [MESSAGE][PASSED] - Call Test Case 'Test Cases/Login/TC-Login-Success-001' successfully

2023-08-31 15:33:49 - [MESSAGE][PASSED] - Call Test Case 'Test Cases/Products/TC-Product-Show-001' successfully

2023-08-31 15:33:49 - [TEST_STEP][PASSED] - selectOptionByValue(findTestObject("Product/Dropdown Sort"), "lohi", false): All options with value 'lohi' are selected in object 'Object Repository/Product/Dropdown Sort' 

2023-08-31 15:33:50 - [MESSAGE][PASSED] - All options with value 'lohi' are selected in object 'Object Repository/Product/Dropdown Sort' 

2023-08-31 15:33:50 - [TEST_STEP][PASSED] - dataList = findWebElements(findTestObject("Object Repository/Product/price list"), 10): null

2023-08-31 15:33:51 - [TEST_STEP][PASSED] - arrPriceOri = []: null

2023-08-31 15:33:51 - [TEST_STEP][PASSED] - arrPriceSort = []: null

2023-08-31 15:33:51 - [TEST_STEP][PASSED] - for ([i = 0, i < dataList.size(), (i++)]): null

2023-08-31 15:33:51 - [TEST_STEP][PASSED] - text = text.replace("$", ""): null

2023-08-31 15:33:51 - [TEST_STEP][PASSED] - d = Double.valueOf(text): null

2023-08-31 15:33:51 - [TEST_STEP][PASSED] - arrPriceOri[i] = d: null

2023-08-31 15:33:51 - [TEST_STEP][PASSED] - arrPriceSort[i] = d: null

2023-08-31 15:33:51 - [TEST_STEP][PASSED] - text = text.replace("$", ""): null

2023-08-31 15:33:51 - [TEST_STEP][PASSED] - d = Double.valueOf(text): null

2023-08-31 15:33:51 - [TEST_STEP][PASSED] - arrPriceOri[i] = d: null

2023-08-31 15:33:51 - [TEST_STEP][PASSED] - arrPriceSort[i] = d: null

2023-08-31 15:33:51 - [TEST_STEP][PASSED] - text = text.replace("$", ""): null

2023-08-31 15:33:51 - [TEST_STEP][PASSED] - d = Double.valueOf(text): null

2023-08-31 15:33:51 - [TEST_STEP][PASSED] - arrPriceOri[i] = d: null

2023-08-31 15:33:51 - [TEST_STEP][PASSED] - arrPriceSort[i] = d: null

2023-08-31 15:33:51 - [TEST_STEP][PASSED] - text = text.replace("$", ""): null

2023-08-31 15:33:51 - [TEST_STEP][PASSED] - d = Double.valueOf(text): null

2023-08-31 15:33:51 - [TEST_STEP][PASSED] - arrPriceOri[i] = d: null

2023-08-31 15:33:51 - [TEST_STEP][PASSED] - arrPriceSort[i] = d: null

2023-08-31 15:33:51 - [TEST_STEP][PASSED] - text = text.replace("$", ""): null

2023-08-31 15:33:51 - [TEST_STEP][PASSED] - d = Double.valueOf(text): null

2023-08-31 15:33:51 - [TEST_STEP][PASSED] - arrPriceOri[i] = d: null

2023-08-31 15:33:51 - [TEST_STEP][PASSED] - arrPriceSort[i] = d: null

2023-08-31 15:33:51 - [TEST_STEP][PASSED] - text = text.replace("$", ""): null

2023-08-31 15:33:51 - [TEST_STEP][PASSED] - d = Double.valueOf(text): null

2023-08-31 15:33:51 - [TEST_STEP][PASSED] - arrPriceOri[i] = d: null

2023-08-31 15:33:51 - [TEST_STEP][PASSED] - arrPriceSort[i] = d: null

2023-08-31 15:33:51 - [TEST_STEP][PASSED] - Arrays.sort(arrPriceSort): null

2023-08-31 15:33:51 - [TEST_STEP][PASSED] - assert arrPriceOri == arrPriceSort: null]]></system-out>
         <system-err><![CDATA[]]></system-err>
      </testcase>
      <testcase name="Test Cases/Products/TC-Product-Sort-002" time="13.424" classname="Test Cases/Products/TC-Product-Sort-002" status="PASSED">
         <system-out><![CDATA[2023-08-31 15:33:51 - [TEST_CASE][PASSED] - Test Cases/Products/TC-Product-Sort-002: Test Cases/Products/TC-Product-Sort-002

2023-08-31 15:33:52 - [TEST_STEP][PASSED] - callTestCase(findTestCase("Products/TC-Product-Show-001"), [:], STOP_ON_FAILURE): Call Test Case 'Test Cases/Products/TC-Product-Show-001' successfully

2023-08-31 15:33:52 - [TEST_CASE][PASSED] - Test Cases/Products/TC-Product-Show-001: Test Cases/Products/TC-Product-Show-001

2023-08-31 15:33:52 - [TEST_STEP][PASSED] - callTestCase(findTestCase("Login/TC-Login-Success-001"), [:], STOP_ON_FAILURE): Call Test Case 'Test Cases/Login/TC-Login-Success-001' successfully

2023-08-31 15:33:52 - [TEST_CASE][PASSED] - Test Cases/Login/TC-Login-Success-001: Test Cases/Login/TC-Login-Success-001

2023-08-31 15:33:52 - [TEST_STEP][PASSED] - openBrowser(URL): Browser is opened with url: 'https://www.saucedemo.com/inventory.html'

2023-08-31 15:33:52 - [MESSAGE][WARNING] - A browser is already opened. Closing browser and opening a new one

2023-08-31 15:33:53 - [MESSAGE][INFO] - Starting 'Edge Chromium' driver

2023-08-31 15:33:55 - [MESSAGE][INFO] - Action delay is set to 0 milliseconds

2023-08-31 15:33:59 - [MESSAGE][PASSED] - Browser is opened with url: 'https://www.saucedemo.com/inventory.html'

2023-08-31 15:33:59 - [TEST_STEP][PASSED] - verifyElementPresent(findTestObject("Login/Verifikasi home page"), 0): Object 'Object Repository/Login/Verifikasi home page' is present

2023-08-31 15:33:59 - [MESSAGE][WARNING] - Timeout '0' is invalid. Using default page load timeout: '30'

2023-08-31 15:34:00 - [MESSAGE][PASSED] - Object 'Object Repository/Login/Verifikasi home page' is present

2023-08-31 15:34:00 - [TEST_STEP][PASSED] - setText(findTestObject("Login/Input Username"), username): Text 'standard_user' is set on object 'Object Repository/Login/Input Username'

2023-08-31 15:34:01 - [MESSAGE][PASSED] - Text 'standard_user' is set on object 'Object Repository/Login/Input Username'

2023-08-31 15:34:01 - [TEST_STEP][PASSED] - setEncryptedText(findTestObject("Login/input_Password"), password): Text ****** has been set on object 'Object Repository/Login/input_Password'

2023-08-31 15:34:02 - [MESSAGE][PASSED] - Text ****** has been set on object 'Object Repository/Login/input_Password'

2023-08-31 15:34:02 - [TEST_STEP][PASSED] - click(findTestObject("Login/Login Button")): Object: 'Object Repository/Login/Login Button' is clicked on

2023-08-31 15:34:02 - [MESSAGE][PASSED] - Object: 'Object Repository/Login/Login Button' is clicked on

2023-08-31 15:34:02 - [TEST_STEP][PASSED] - verifyElementPresent(findTestObject("Login/Verifikasi swag labs"), 0): Object 'Object Repository/Login/Verifikasi swag labs' is present

2023-08-31 15:34:02 - [MESSAGE][WARNING] - Timeout '0' is invalid. Using default page load timeout: '30'

2023-08-31 15:34:03 - [MESSAGE][PASSED] - Object 'Object Repository/Login/Verifikasi swag labs' is present

2023-08-31 15:34:03 - [MESSAGE][PASSED] - Call Test Case 'Test Cases/Login/TC-Login-Success-001' successfully

2023-08-31 15:34:03 - [MESSAGE][PASSED] - Call Test Case 'Test Cases/Products/TC-Product-Show-001' successfully

2023-08-31 15:34:03 - [TEST_STEP][PASSED] - selectOptionByValue(findTestObject("Product/Dropdown Sort"), "za", false): All options with value 'za' are selected in object 'Object Repository/Product/Dropdown Sort' 

2023-08-31 15:34:04 - [MESSAGE][PASSED] - All options with value 'za' are selected in object 'Object Repository/Product/Dropdown Sort' 

2023-08-31 15:34:04 - [TEST_STEP][PASSED] - dataList = findWebElements(findTestObject("Object Repository/Product/product list"), 10): null

2023-08-31 15:34:04 - [TEST_STEP][PASSED] - arrProductOri = []: null

2023-08-31 15:34:04 - [TEST_STEP][PASSED] - arrProductSort = []: null

2023-08-31 15:34:04 - [TEST_STEP][PASSED] - for ([i = 0, i < dataList.size(), (i++)]): null

2023-08-31 15:34:04 - [TEST_STEP][PASSED] - text = text: null

2023-08-31 15:34:04 - [TEST_STEP][PASSED] - arrProductOri[i] = text: null

2023-08-31 15:34:04 - [TEST_STEP][PASSED] - arrProductSort[i] = text: null

2023-08-31 15:34:04 - [TEST_STEP][PASSED] - text = text: null

2023-08-31 15:34:04 - [TEST_STEP][PASSED] - arrProductOri[i] = text: null

2023-08-31 15:34:04 - [TEST_STEP][PASSED] - arrProductSort[i] = text: null

2023-08-31 15:34:04 - [TEST_STEP][PASSED] - text = text: null

2023-08-31 15:34:04 - [TEST_STEP][PASSED] - arrProductOri[i] = text: null

2023-08-31 15:34:04 - [TEST_STEP][PASSED] - arrProductSort[i] = text: null

2023-08-31 15:34:04 - [TEST_STEP][PASSED] - text = text: null

2023-08-31 15:34:04 - [TEST_STEP][PASSED] - arrProductOri[i] = text: null

2023-08-31 15:34:04 - [TEST_STEP][PASSED] - arrProductSort[i] = text: null

2023-08-31 15:34:04 - [TEST_STEP][PASSED] - text = text: null

2023-08-31 15:34:04 - [TEST_STEP][PASSED] - arrProductOri[i] = text: null

2023-08-31 15:34:04 - [TEST_STEP][PASSED] - arrProductSort[i] = text: null

2023-08-31 15:34:04 - [TEST_STEP][PASSED] - text = text: null

2023-08-31 15:34:04 - [TEST_STEP][PASSED] - arrProductOri[i] = text: null

2023-08-31 15:34:04 - [TEST_STEP][PASSED] - arrProductSort[i] = text: null

2023-08-31 15:34:04 - [TEST_STEP][PASSED] - Arrays.sort(arrProductSort, Collections.reverseOrder()): null

2023-08-31 15:34:04 - [TEST_STEP][PASSED] - assert arrProductOri == arrProductSort: null]]></system-out>
         <system-err><![CDATA[]]></system-err>
      </testcase>
      <testcase name="Test Cases/Products/TC-Product-Sort-001" time="11.855" classname="Test Cases/Products/TC-Product-Sort-001" status="PASSED">
         <system-out><![CDATA[2023-08-31 15:34:04 - [TEST_CASE][PASSED] - Test Cases/Products/TC-Product-Sort-001: Test Cases/Products/TC-Product-Sort-001

2023-08-31 15:34:05 - [TEST_STEP][PASSED] - callTestCase(findTestCase("Products/TC-Product-Show-001"), [:], STOP_ON_FAILURE): Call Test Case 'Test Cases/Products/TC-Product-Show-001' successfully

2023-08-31 15:34:05 - [TEST_CASE][PASSED] - Test Cases/Products/TC-Product-Show-001: Test Cases/Products/TC-Product-Show-001

2023-08-31 15:34:05 - [TEST_STEP][PASSED] - callTestCase(findTestCase("Login/TC-Login-Success-001"), [:], STOP_ON_FAILURE): Call Test Case 'Test Cases/Login/TC-Login-Success-001' successfully

2023-08-31 15:34:05 - [TEST_CASE][PASSED] - Test Cases/Login/TC-Login-Success-001: Test Cases/Login/TC-Login-Success-001

2023-08-31 15:34:05 - [TEST_STEP][PASSED] - openBrowser(URL): Browser is opened with url: 'https://www.saucedemo.com/inventory.html'

2023-08-31 15:34:05 - [MESSAGE][WARNING] - A browser is already opened. Closing browser and opening a new one

2023-08-31 15:34:06 - [MESSAGE][INFO] - Starting 'Edge Chromium' driver

2023-08-31 15:34:08 - [MESSAGE][INFO] - Action delay is set to 0 milliseconds

2023-08-31 15:34:11 - [MESSAGE][PASSED] - Browser is opened with url: 'https://www.saucedemo.com/inventory.html'

2023-08-31 15:34:11 - [TEST_STEP][PASSED] - verifyElementPresent(findTestObject("Login/Verifikasi home page"), 0): Object 'Object Repository/Login/Verifikasi home page' is present

2023-08-31 15:34:12 - [MESSAGE][WARNING] - Timeout '0' is invalid. Using default page load timeout: '30'

2023-08-31 15:34:12 - [MESSAGE][PASSED] - Object 'Object Repository/Login/Verifikasi home page' is present

2023-08-31 15:34:12 - [TEST_STEP][PASSED] - setText(findTestObject("Login/Input Username"), username): Text 'standard_user' is set on object 'Object Repository/Login/Input Username'

2023-08-31 15:34:13 - [MESSAGE][PASSED] - Text 'standard_user' is set on object 'Object Repository/Login/Input Username'

2023-08-31 15:34:13 - [TEST_STEP][PASSED] - setEncryptedText(findTestObject("Login/input_Password"), password): Text ****** has been set on object 'Object Repository/Login/input_Password'

2023-08-31 15:34:14 - [MESSAGE][PASSED] - Text ****** has been set on object 'Object Repository/Login/input_Password'

2023-08-31 15:34:14 - [TEST_STEP][PASSED] - click(findTestObject("Login/Login Button")): Object: 'Object Repository/Login/Login Button' is clicked on

2023-08-31 15:34:14 - [MESSAGE][PASSED] - Object: 'Object Repository/Login/Login Button' is clicked on

2023-08-31 15:34:14 - [TEST_STEP][PASSED] - verifyElementPresent(findTestObject("Login/Verifikasi swag labs"), 0): Object 'Object Repository/Login/Verifikasi swag labs' is present

2023-08-31 15:34:14 - [MESSAGE][WARNING] - Timeout '0' is invalid. Using default page load timeout: '30'

2023-08-31 15:34:15 - [MESSAGE][PASSED] - Object 'Object Repository/Login/Verifikasi swag labs' is present

2023-08-31 15:34:15 - [MESSAGE][PASSED] - Call Test Case 'Test Cases/Login/TC-Login-Success-001' successfully

2023-08-31 15:34:15 - [MESSAGE][PASSED] - Call Test Case 'Test Cases/Products/TC-Product-Show-001' successfully

2023-08-31 15:34:15 - [TEST_STEP][PASSED] - selectOptionByValue(findTestObject("Product/Dropdown Sort"), "az", false): All options with value 'az' are selected in object 'Object Repository/Product/Dropdown Sort' 

2023-08-31 15:34:16 - [MESSAGE][PASSED] - All options with value 'az' are selected in object 'Object Repository/Product/Dropdown Sort' 

2023-08-31 15:34:16 - [TEST_STEP][PASSED] - dataList = findWebElements(findTestObject("Object Repository/Product/product list"), 10): null

2023-08-31 15:34:16 - [TEST_STEP][PASSED] - arrProductOri = []: null

2023-08-31 15:34:16 - [TEST_STEP][PASSED] - arrProductSort = []: null

2023-08-31 15:34:16 - [TEST_STEP][PASSED] - for ([i = 0, i < dataList.size(), (i++)]): null

2023-08-31 15:34:16 - [TEST_STEP][PASSED] - text = text: null

2023-08-31 15:34:16 - [TEST_STEP][PASSED] - arrProductOri[i] = text: null

2023-08-31 15:34:16 - [TEST_STEP][PASSED] - arrProductSort[i] = text: null

2023-08-31 15:34:16 - [TEST_STEP][PASSED] - text = text: null

2023-08-31 15:34:16 - [TEST_STEP][PASSED] - arrProductOri[i] = text: null

2023-08-31 15:34:16 - [TEST_STEP][PASSED] - arrProductSort[i] = text: null

2023-08-31 15:34:16 - [TEST_STEP][PASSED] - text = text: null

2023-08-31 15:34:16 - [TEST_STEP][PASSED] - arrProductOri[i] = text: null

2023-08-31 15:34:16 - [TEST_STEP][PASSED] - arrProductSort[i] = text: null

2023-08-31 15:34:16 - [TEST_STEP][PASSED] - text = text: null

2023-08-31 15:34:16 - [TEST_STEP][PASSED] - arrProductOri[i] = text: null

2023-08-31 15:34:16 - [TEST_STEP][PASSED] - arrProductSort[i] = text: null

2023-08-31 15:34:16 - [TEST_STEP][PASSED] - text = text: null

2023-08-31 15:34:16 - [TEST_STEP][PASSED] - arrProductOri[i] = text: null

2023-08-31 15:34:16 - [TEST_STEP][PASSED] - arrProductSort[i] = text: null

2023-08-31 15:34:16 - [TEST_STEP][PASSED] - text = text: null

2023-08-31 15:34:16 - [TEST_STEP][PASSED] - arrProductOri[i] = text: null

2023-08-31 15:34:16 - [TEST_STEP][PASSED] - arrProductSort[i] = text: null

2023-08-31 15:34:16 - [TEST_STEP][PASSED] - Arrays.sort(arrProductSort): null

2023-08-31 15:34:16 - [TEST_STEP][PASSED] - assert arrProductOri == arrProductSort: null]]></system-out>
         <system-err><![CDATA[]]></system-err>
      </testcase>
      <testcase name="Test Cases/Products/TC-Product-Show-001" time="9.644" classname="Test Cases/Products/TC-Product-Show-001" status="PASSED">
         <system-out><![CDATA[2023-08-31 15:34:16 - [TEST_CASE][PASSED] - Test Cases/Products/TC-Product-Show-001: Test Cases/Products/TC-Product-Show-001

2023-08-31 15:34:16 - [TEST_STEP][PASSED] - callTestCase(findTestCase("Login/TC-Login-Success-001"), [:], STOP_ON_FAILURE): Call Test Case 'Test Cases/Login/TC-Login-Success-001' successfully

2023-08-31 15:34:16 - [TEST_CASE][PASSED] - Test Cases/Login/TC-Login-Success-001: Test Cases/Login/TC-Login-Success-001

2023-08-31 15:34:16 - [TEST_STEP][PASSED] - openBrowser(URL): Browser is opened with url: 'https://www.saucedemo.com/inventory.html'

2023-08-31 15:34:16 - [MESSAGE][WARNING] - A browser is already opened. Closing browser and opening a new one

2023-08-31 15:34:17 - [MESSAGE][INFO] - Starting 'Edge Chromium' driver

2023-08-31 15:34:19 - [MESSAGE][INFO] - Action delay is set to 0 milliseconds

2023-08-31 15:34:23 - [MESSAGE][PASSED] - Browser is opened with url: 'https://www.saucedemo.com/inventory.html'

2023-08-31 15:34:23 - [TEST_STEP][PASSED] - verifyElementPresent(findTestObject("Login/Verifikasi home page"), 0): Object 'Object Repository/Login/Verifikasi home page' is present

2023-08-31 15:34:23 - [MESSAGE][WARNING] - Timeout '0' is invalid. Using default page load timeout: '30'

2023-08-31 15:34:23 - [MESSAGE][PASSED] - Object 'Object Repository/Login/Verifikasi home page' is present

2023-08-31 15:34:23 - [TEST_STEP][PASSED] - setText(findTestObject("Login/Input Username"), username): Text 'standard_user' is set on object 'Object Repository/Login/Input Username'

2023-08-31 15:34:24 - [MESSAGE][PASSED] - Text 'standard_user' is set on object 'Object Repository/Login/Input Username'

2023-08-31 15:34:24 - [TEST_STEP][PASSED] - setEncryptedText(findTestObject("Login/input_Password"), password): Text ****** has been set on object 'Object Repository/Login/input_Password'

2023-08-31 15:34:25 - [MESSAGE][PASSED] - Text ****** has been set on object 'Object Repository/Login/input_Password'

2023-08-31 15:34:25 - [TEST_STEP][PASSED] - click(findTestObject("Login/Login Button")): Object: 'Object Repository/Login/Login Button' is clicked on

2023-08-31 15:34:25 - [MESSAGE][PASSED] - Object: 'Object Repository/Login/Login Button' is clicked on

2023-08-31 15:34:25 - [TEST_STEP][PASSED] - verifyElementPresent(findTestObject("Login/Verifikasi swag labs"), 0): Object 'Object Repository/Login/Verifikasi swag labs' is present

2023-08-31 15:34:25 - [MESSAGE][WARNING] - Timeout '0' is invalid. Using default page load timeout: '30'

2023-08-31 15:34:26 - [MESSAGE][PASSED] - Object 'Object Repository/Login/Verifikasi swag labs' is present

2023-08-31 15:34:26 - [MESSAGE][PASSED] - Call Test Case 'Test Cases/Login/TC-Login-Success-001' successfully]]></system-out>
         <system-err><![CDATA[]]></system-err>
      </testcase>
      <testcase name="Test Cases/Products/TC-Product-RemoveCart-001" time="48.955" classname="Test Cases/Products/TC-Product-RemoveCart-001" status="FAILED">
         <failure type="FAILED" message="Test Cases/Products/TC-Product-RemoveCart-001 FAILED.
Reason:
com.kms.katalon.core.exception.StepFailedException: Unable to verify object 'Object Repository/Product/tambahproduct' is present
	at com.kms.katalon.core.webui.keyword.internal.WebUIKeywordMain.stepFailed(WebUIKeywordMain.groovy:64)
	at com.kms.katalon.core.webui.keyword.internal.WebUIKeywordMain.runKeyword(WebUIKeywordMain.groovy:26)
	at com.kms.katalon.core.webui.keyword.builtin.VerifyElementPresentKeyword.verifyElementPresent(VerifyElementPresentKeyword.groovy:92)
	at com.kms.katalon.core.webui.keyword.builtin.VerifyElementPresentKeyword.execute(VerifyElementPresentKeyword.groovy:68)
	at com.kms.katalon.core.keyword.internal.KeywordExecutor.executeKeywordForPlatform(KeywordExecutor.groovy:74)
	at com.kms.katalon.core.webui.keyword.WebUiBuiltInKeywords.verifyElementPresent(WebUiBuiltInKeywords.groovy:1464)
	at com.kms.katalon.core.webui.keyword.WebUiBuiltInKeywords$verifyElementPresent$0.call(Unknown Source)
	at TC-Product-RemoveCart-001.run(TC-Product-RemoveCart-001:26)
	at com.kms.katalon.core.main.ScriptEngine.run(ScriptEngine.java:194)
	at com.kms.katalon.core.main.ScriptEngine.runScriptAsRawText(ScriptEngine.java:119)
	at com.kms.katalon.core.main.TestCaseExecutor.runScript(TestCaseExecutor.java:448)
	at com.kms.katalon.core.main.TestCaseExecutor.doExecute(TestCaseExecutor.java:439)
	at com.kms.katalon.core.main.TestCaseExecutor.processExecutionPhase(TestCaseExecutor.java:418)
	at com.kms.katalon.core.main.TestCaseExecutor.accessMainPhase(TestCaseExecutor.java:410)
	at com.kms.katalon.core.main.TestCaseExecutor.execute(TestCaseExecutor.java:285)
	at com.kms.katalon.core.main.TestCaseExecutor.execute(TestCaseExecutor.java:369)
	at com.kms.katalon.core.main.TestCaseExecutor.execute(TestCaseExecutor.java:369)
	at com.kms.katalon.core.main.TestCaseExecutor.execute(TestCaseExecutor.java:369)
	at com.kms.katalon.core.common.CommonExecutor.accessTestCaseMainPhase(CommonExecutor.java:65)
	at com.kms.katalon.core.main.TestSuiteExecutor.accessTestSuiteMainPhase(TestSuiteExecutor.java:148)
	at com.kms.katalon.core.main.TestSuiteExecutor.execute(TestSuiteExecutor.java:106)
	at com.kms.katalon.core.main.TestCaseMain.startTestSuite(TestCaseMain.java:187)
	at com.kms.katalon.core.main.TestCaseMain$startTestSuite$0.call(Unknown Source)
	at TempTestSuite1693470683054.run(TempTestSuite1693470683054.groovy:36)
Caused by: com.kms.katalon.core.exception.StepFailedException: com.kms.katalon.core.webui.exception.WebElementNotFoundException: Web element with id: 'Object Repository/Product/tambahproduct' located by '//*[@id=&quot;shopping_cart_container&quot;]/a/span' not found
	at com.kms.katalon.core.webui.keyword.internal.WebUIKeywordMain.stepFailed(WebUIKeywordMain.groovy:64)
	at com.kms.katalon.core.webui.keyword.builtin.VerifyElementPresentKeyword$_verifyElementPresent_closure1.doCall(VerifyElementPresentKeyword.groovy:85)
	at com.kms.katalon.core.webui.keyword.builtin.VerifyElementPresentKeyword$_verifyElementPresent_closure1.call(VerifyElementPresentKeyword.groovy)
	at com.kms.katalon.core.webui.keyword.internal.WebUIKeywordMain.runKeyword(WebUIKeywordMain.groovy:20)
	... 22 more
"/>
         <system-out><![CDATA[2023-08-31 15:36:48 - [TEST_CASE][FAILED] - Test Cases/Products/TC-Product-RemoveCart-001: Test Cases/Products/TC-Product-RemoveCart-001 FAILED.
Reason:
com.kms.katalon.core.exception.StepFailedException: Unable to verify object 'Object Repository/Product/tambahproduct' is present
	at com.kms.katalon.core.webui.keyword.internal.WebUIKeywordMain.stepFailed(WebUIKeywordMain.groovy:64)
	at com.kms.katalon.core.webui.keyword.internal.WebUIKeywordMain.runKeyword(WebUIKeywordMain.groovy:26)
	at com.kms.katalon.core.webui.keyword.builtin.VerifyElementPresentKeyword.verifyElementPresent(VerifyElementPresentKeyword.groovy:92)
	at com.kms.katalon.core.webui.keyword.builtin.VerifyElementPresentKeyword.execute(VerifyElementPresentKeyword.groovy:68)
	at com.kms.katalon.core.keyword.internal.KeywordExecutor.executeKeywordForPlatform(KeywordExecutor.groovy:74)
	at com.kms.katalon.core.webui.keyword.WebUiBuiltInKeywords.verifyElementPresent(WebUiBuiltInKeywords.groovy:1464)
	at com.kms.katalon.core.webui.keyword.WebUiBuiltInKeywords$verifyElementPresent$0.call(Unknown Source)
	at TC-Product-RemoveCart-001.run(TC-Product-RemoveCart-001:26)
	at com.kms.katalon.core.main.ScriptEngine.run(ScriptEngine.java:194)
	at com.kms.katalon.core.main.ScriptEngine.runScriptAsRawText(ScriptEngine.java:119)
	at com.kms.katalon.core.main.TestCaseExecutor.runScript(TestCaseExecutor.java:448)
	at com.kms.katalon.core.main.TestCaseExecutor.doExecute(TestCaseExecutor.java:439)
	at com.kms.katalon.core.main.TestCaseExecutor.processExecutionPhase(TestCaseExecutor.java:418)
	at com.kms.katalon.core.main.TestCaseExecutor.accessMainPhase(TestCaseExecutor.java:410)
	at com.kms.katalon.core.main.TestCaseExecutor.execute(TestCaseExecutor.java:285)
	at com.kms.katalon.core.main.TestCaseExecutor.execute(TestCaseExecutor.java:369)
	at com.kms.katalon.core.main.TestCaseExecutor.execute(TestCaseExecutor.java:369)
	at com.kms.katalon.core.main.TestCaseExecutor.execute(TestCaseExecutor.java:369)
	at com.kms.katalon.core.common.CommonExecutor.accessTestCaseMainPhase(CommonExecutor.java:65)
	at com.kms.katalon.core.main.TestSuiteExecutor.accessTestSuiteMainPhase(TestSuiteExecutor.java:148)
	at com.kms.katalon.core.main.TestSuiteExecutor.execute(TestSuiteExecutor.java:106)
	at com.kms.katalon.core.main.TestCaseMain.startTestSuite(TestCaseMain.java:187)
	at com.kms.katalon.core.main.TestCaseMain$startTestSuite$0.call(Unknown Source)
	at TempTestSuite1693470683054.run(TempTestSuite1693470683054.groovy:36)
Caused by: com.kms.katalon.core.exception.StepFailedException: com.kms.katalon.core.webui.exception.WebElementNotFoundException: Web element with id: 'Object Repository/Product/tambahproduct' located by '//*[@id="shopping_cart_container"]/a/span' not found
	at com.kms.katalon.core.webui.keyword.internal.WebUIKeywordMain.stepFailed(WebUIKeywordMain.groovy:64)
	at com.kms.katalon.core.webui.keyword.builtin.VerifyElementPresentKeyword$_verifyElementPresent_closure1.doCall(VerifyElementPresentKeyword.groovy:85)
	at com.kms.katalon.core.webui.keyword.builtin.VerifyElementPresentKeyword$_verifyElementPresent_closure1.call(VerifyElementPresentKeyword.groovy)
	at com.kms.katalon.core.webui.keyword.internal.WebUIKeywordMain.runKeyword(WebUIKeywordMain.groovy:20)
	... 22 more


2023-08-31 15:36:48 - [TEST_STEP][PASSED] - callTestCase(findTestCase("Products/TC-Product-AddCart-001"), [:], STOP_ON_FAILURE): Call Test Case 'Test Cases/Products/TC-Product-AddCart-001' successfully

2023-08-31 15:36:48 - [TEST_CASE][PASSED] - Test Cases/Products/TC-Product-AddCart-001: Test Cases/Products/TC-Product-AddCart-001

2023-08-31 15:36:48 - [TEST_STEP][PASSED] - callTestCase(findTestCase("Products/TC-Product-Show-001"), [:], STOP_ON_FAILURE): Call Test Case 'Test Cases/Products/TC-Product-Show-001' successfully

2023-08-31 15:36:48 - [TEST_CASE][PASSED] - Test Cases/Products/TC-Product-Show-001: Test Cases/Products/TC-Product-Show-001

2023-08-31 15:36:48 - [TEST_STEP][PASSED] - callTestCase(findTestCase("Login/TC-Login-Success-001"), [:], STOP_ON_FAILURE): Call Test Case 'Test Cases/Login/TC-Login-Success-001' successfully

2023-08-31 15:36:48 - [TEST_CASE][PASSED] - Test Cases/Login/TC-Login-Success-001: Test Cases/Login/TC-Login-Success-001

2023-08-31 15:36:48 - [TEST_STEP][PASSED] - openBrowser(URL): Browser is opened with url: 'https://www.saucedemo.com/inventory.html'

2023-08-31 15:36:48 - [MESSAGE][WARNING] - A browser is already opened. Closing browser and opening a new one

2023-08-31 15:36:49 - [MESSAGE][INFO] - Starting 'Edge Chromium' driver

2023-08-31 15:36:51 - [MESSAGE][INFO] - Action delay is set to 0 milliseconds

2023-08-31 15:36:56 - [MESSAGE][PASSED] - Browser is opened with url: 'https://www.saucedemo.com/inventory.html'

2023-08-31 15:36:56 - [TEST_STEP][PASSED] - verifyElementPresent(findTestObject("Login/Verifikasi home page"), 0): Object 'Object Repository/Login/Verifikasi home page' is present

2023-08-31 15:36:56 - [MESSAGE][WARNING] - Timeout '0' is invalid. Using default page load timeout: '30'

2023-08-31 15:36:56 - [MESSAGE][PASSED] - Object 'Object Repository/Login/Verifikasi home page' is present

2023-08-31 15:36:56 - [TEST_STEP][PASSED] - setText(findTestObject("Login/Input Username"), username): Text 'standard_user' is set on object 'Object Repository/Login/Input Username'

2023-08-31 15:36:57 - [MESSAGE][PASSED] - Text 'standard_user' is set on object 'Object Repository/Login/Input Username'

2023-08-31 15:36:57 - [TEST_STEP][PASSED] - setEncryptedText(findTestObject("Login/input_Password"), password): Text ****** has been set on object 'Object Repository/Login/input_Password'

2023-08-31 15:36:58 - [MESSAGE][PASSED] - Text ****** has been set on object 'Object Repository/Login/input_Password'

2023-08-31 15:36:58 - [TEST_STEP][PASSED] - click(findTestObject("Login/Login Button")): Object: 'Object Repository/Login/Login Button' is clicked on

2023-08-31 15:36:59 - [MESSAGE][PASSED] - Object: 'Object Repository/Login/Login Button' is clicked on

2023-08-31 15:36:59 - [TEST_STEP][PASSED] - verifyElementPresent(findTestObject("Login/Verifikasi swag labs"), 0): Object 'Object Repository/Login/Verifikasi swag labs' is present

2023-08-31 15:36:59 - [MESSAGE][WARNING] - Timeout '0' is invalid. Using default page load timeout: '30'

2023-08-31 15:36:59 - [MESSAGE][PASSED] - Object 'Object Repository/Login/Verifikasi swag labs' is present

2023-08-31 15:36:59 - [MESSAGE][PASSED] - Call Test Case 'Test Cases/Login/TC-Login-Success-001' successfully

2023-08-31 15:36:59 - [MESSAGE][PASSED] - Call Test Case 'Test Cases/Products/TC-Product-Show-001' successfully

2023-08-31 15:36:59 - [TEST_STEP][PASSED] - click(findTestObject("Product/button_Add to cart_Pertama")): Object: 'Object Repository/Product/button_Add to cart_Pertama' is clicked on

2023-08-31 15:37:00 - [MESSAGE][PASSED] - Object: 'Object Repository/Product/button_Add to cart_Pertama' is clicked on

2023-08-31 15:37:00 - [TEST_STEP][PASSED] - namaproduct1_homepage = getText(findTestObject("Product/nama_product1_homepage")): Text of object 'Object Repository/Product/nama_product1_homepage' is: 'Sauce Labs Backpack'

2023-08-31 15:37:00 - [MESSAGE][PASSED] - Text of object 'Object Repository/Product/nama_product1_homepage' is: 'Sauce Labs Backpack'

2023-08-31 15:37:00 - [TEST_STEP][PASSED] - deskripsiproduct1_homepage = getText(findTestObject("Product/deskripsi_product1_homepage")): Text of object 'Object Repository/Product/deskripsi_product1_homepage' is: 'carry.allTheThings() with the sleek, streamlined Sly Pack that melds uncompromising style with unequaled laptop and tablet protection.'

2023-08-31 15:37:01 - [MESSAGE][PASSED] - Text of object 'Object Repository/Product/deskripsi_product1_homepage' is: 'carry.allTheThings() with the sleek, streamlined Sly Pack that melds uncompromising style with unequaled laptop and tablet protection.'

2023-08-31 15:37:01 - [TEST_STEP][PASSED] - hargaproduct1_homepage = getText(findTestObject("Product/harga_produk1_homepage")): Text of object 'Object Repository/Product/harga_produk1_homepage' is: '$29.99'

2023-08-31 15:37:01 - [MESSAGE][PASSED] - Text of object 'Object Repository/Product/harga_produk1_homepage' is: '$29.99'

2023-08-31 15:37:01 - [TEST_STEP][PASSED] - verifyElementNotPresent(findTestObject("Product/button_Add to cart_Pertama"), 0): Web element with id: 'Object Repository/Product/button_Add to cart_Pertama' located by 'By.xpath: //button[@id='add-to-cart-sauce-labs-backpack']' is not present after '30' second(s)

2023-08-31 15:37:01 - [MESSAGE][WARNING] - Timeout '0' is invalid. Using default page load timeout: '30'

2023-08-31 15:37:02 - [MESSAGE][PASSED] - Web element with id: 'Object Repository/Product/button_Add to cart_Pertama' located by 'By.xpath: //button[@id='add-to-cart-sauce-labs-backpack']' is not present after '30' second(s)

2023-08-31 15:37:02 - [TEST_STEP][PASSED] - verifyElementPresent(findTestObject("Product/tambahproduct"), 0): Object 'Object Repository/Product/tambahproduct' is present

2023-08-31 15:37:02 - [MESSAGE][WARNING] - Timeout '0' is invalid. Using default page load timeout: '30'

2023-08-31 15:37:02 - [MESSAGE][PASSED] - Object 'Object Repository/Product/tambahproduct' is present

2023-08-31 15:37:02 - [TEST_STEP][PASSED] - data = new java.util.HashMap(): null

2023-08-31 15:37:02 - [TEST_STEP][PASSED] - data.put("nama1_home", namaproduct1_homepage): null

2023-08-31 15:37:02 - [TEST_STEP][PASSED] - data.put("deskripsi1_home", deskripsiproduct1_homepage): null

2023-08-31 15:37:02 - [TEST_STEP][PASSED] - data.put("harga1_home", hargaproduct1_homepage): null

2023-08-31 15:37:02 - [TEST_STEP][PASSED] - return data: null

2023-08-31 15:37:02 - [MESSAGE][PASSED] - Call Test Case 'Test Cases/Products/TC-Product-AddCart-001' successfully

2023-08-31 15:37:02 - [TEST_STEP][PASSED] - click(findTestObject("Product/button_Remove")): Object: 'Object Repository/Product/button_Remove' is clicked on

2023-08-31 15:37:03 - [MESSAGE][PASSED] - Object: 'Object Repository/Product/button_Remove' is clicked on

2023-08-31 15:37:03 - [TEST_STEP][PASSED] - verifyElementNotPresent(findTestObject("Product/button_Remove"), 0): Web element with id: 'Object Repository/Product/button_Remove' located by 'By.xpath: //button[@id='remove-sauce-labs-backpack']' is not present after '30' second(s)

2023-08-31 15:37:03 - [MESSAGE][WARNING] - Timeout '0' is invalid. Using default page load timeout: '30'

2023-08-31 15:37:03 - [MESSAGE][PASSED] - Web element with id: 'Object Repository/Product/button_Remove' located by 'By.xpath: //button[@id='remove-sauce-labs-backpack']' is not present after '30' second(s)

2023-08-31 15:37:03 - [TEST_STEP][FAILED] - verifyElementPresent(findTestObject("Product/tambahproduct"), 0): Unable to verify object 'Object Repository/Product/tambahproduct' is present (Root cause: com.kms.katalon.core.exception.StepFailedException: Unable to verify object 'Object Repository/Product/tambahproduct' is present
	at com.kms.katalon.core.webui.keyword.internal.WebUIKeywordMain.stepFailed(WebUIKeywordMain.groovy:64)
	at com.kms.katalon.core.webui.keyword.internal.WebUIKeywordMain.runKeyword(WebUIKeywordMain.groovy:26)
	at com.kms.katalon.core.webui.keyword.builtin.VerifyElementPresentKeyword.verifyElementPresent(VerifyElementPresentKeyword.groovy:92)
	at com.kms.katalon.core.webui.keyword.builtin.VerifyElementPresentKeyword.execute(VerifyElementPresentKeyword.groovy:68)
	at com.kms.katalon.core.keyword.internal.KeywordExecutor.executeKeywordForPlatform(KeywordExecutor.groovy:74)
	at com.kms.katalon.core.webui.keyword.WebUiBuiltInKeywords.verifyElementPresent(WebUiBuiltInKeywords.groovy:1464)
	at com.kms.katalon.core.webui.keyword.WebUiBuiltInKeywords$verifyElementPresent$0.call(Unknown Source)
	at TC-Product-RemoveCart-001.run(TC-Product-RemoveCart-001:26)
	at com.kms.katalon.core.main.ScriptEngine.run(ScriptEngine.java:194)
	at com.kms.katalon.core.main.ScriptEngine.runScriptAsRawText(ScriptEngine.java:119)
	at com.kms.katalon.core.main.TestCaseExecutor.runScript(TestCaseExecutor.java:448)
	at com.kms.katalon.core.main.TestCaseExecutor.doExecute(TestCaseExecutor.java:439)
	at com.kms.katalon.core.main.TestCaseExecutor.processExecutionPhase(TestCaseExecutor.java:418)
	at com.kms.katalon.core.main.TestCaseExecutor.accessMainPhase(TestCaseExecutor.java:410)
	at com.kms.katalon.core.main.TestCaseExecutor.execute(TestCaseExecutor.java:285)
	at com.kms.katalon.core.main.TestCaseExecutor.execute(TestCaseExecutor.java:369)
	at com.kms.katalon.core.main.TestCaseExecutor.execute(TestCaseExecutor.java:369)
	at com.kms.katalon.core.main.TestCaseExecutor.execute(TestCaseExecutor.java:369)
	at com.kms.katalon.core.common.CommonExecutor.accessTestCaseMainPhase(CommonExecutor.java:65)
	at com.kms.katalon.core.main.TestSuiteExecutor.accessTestSuiteMainPhase(TestSuiteExecutor.java:148)
	at com.kms.katalon.core.main.TestSuiteExecutor.execute(TestSuiteExecutor.java:106)
	at com.kms.katalon.core.main.TestCaseMain.startTestSuite(TestCaseMain.java:187)
	at com.kms.katalon.core.main.TestCaseMain$startTestSuite$0.call(Unknown Source)
	at TempTestSuite1693470683054.run(TempTestSuite1693470683054.groovy:36)
Caused by: com.kms.katalon.core.exception.StepFailedException: com.kms.katalon.core.webui.exception.WebElementNotFoundException: Web element with id: 'Object Repository/Product/tambahproduct' located by '//*[@id="shopping_cart_container"]/a/span' not found
	at com.kms.katalon.core.webui.keyword.internal.WebUIKeywordMain.stepFailed(WebUIKeywordMain.groovy:64)
	at com.kms.katalon.core.webui.keyword.builtin.VerifyElementPresentKeyword$_verifyElementPresent_closure1.doCall(VerifyElementPresentKeyword.groovy:85)
	at com.kms.katalon.core.webui.keyword.builtin.VerifyElementPresentKeyword$_verifyElementPresent_closure1.call(VerifyElementPresentKeyword.groovy)
	at com.kms.katalon.core.webui.keyword.internal.WebUIKeywordMain.runKeyword(WebUIKeywordMain.groovy:20)
	... 22 more
)

2023-08-31 15:37:03 - [MESSAGE][WARNING] - Timeout '0' is invalid. Using default page load timeout: '30'

2023-08-31 15:37:36 - [MESSAGE][INFO] - Unable to find the element located by 'By.xpath: //*[@id="shopping_cart_container"]/a/span'. Please recheck the objects properties to make sure the desired element is located. 

2023-08-31 15:37:36 - [MESSAGE][FAILED] - com.kms.katalon.core.webui.exception.WebElementNotFoundException: Web element with id: 'Object Repository/Product/tambahproduct' located by '//*[@id="shopping_cart_container"]/a/span' not found (Root cause: com.kms.katalon.core.exception.StepFailedException: com.kms.katalon.core.webui.exception.WebElementNotFoundException: Web element with id: 'Object Repository/Product/tambahproduct' located by '//*[@id="shopping_cart_container"]/a/span' not found
	at com.kms.katalon.core.webui.keyword.internal.WebUIKeywordMain.stepFailed(WebUIKeywordMain.groovy:64)
	at com.kms.katalon.core.webui.keyword.builtin.VerifyElementPresentKeyword$_verifyElementPresent_closure1.doCall(VerifyElementPresentKeyword.groovy:85)
	at com.kms.katalon.core.webui.keyword.builtin.VerifyElementPresentKeyword$_verifyElementPresent_closure1.call(VerifyElementPresentKeyword.groovy)
	at com.kms.katalon.core.webui.keyword.internal.WebUIKeywordMain.runKeyword(WebUIKeywordMain.groovy:20)
	at com.kms.katalon.core.webui.keyword.builtin.VerifyElementPresentKeyword.verifyElementPresent(VerifyElementPresentKeyword.groovy:92)
	at com.kms.katalon.core.webui.keyword.builtin.VerifyElementPresentKeyword.execute(VerifyElementPresentKeyword.groovy:68)
	at com.kms.katalon.core.keyword.internal.KeywordExecutor.executeKeywordForPlatform(KeywordExecutor.groovy:74)
	at com.kms.katalon.core.webui.keyword.WebUiBuiltInKeywords.verifyElementPresent(WebUiBuiltInKeywords.groovy:1464)
	at com.kms.katalon.core.webui.keyword.WebUiBuiltInKeywords$verifyElementPresent$0.call(Unknown Source)
	at TC-Product-RemoveCart-001.run(TC-Product-RemoveCart-001:26)
	at com.kms.katalon.core.main.ScriptEngine.run(ScriptEngine.java:194)
	at com.kms.katalon.core.main.ScriptEngine.runScriptAsRawText(ScriptEngine.java:119)
	at com.kms.katalon.core.main.TestCaseExecutor.runScript(TestCaseExecutor.java:448)
	at com.kms.katalon.core.main.TestCaseExecutor.doExecute(TestCaseExecutor.java:439)
	at com.kms.katalon.core.main.TestCaseExecutor.processExecutionPhase(TestCaseExecutor.java:418)
	at com.kms.katalon.core.main.TestCaseExecutor.accessMainPhase(TestCaseExecutor.java:410)
	at com.kms.katalon.core.main.TestCaseExecutor.execute(TestCaseExecutor.java:285)
	at com.kms.katalon.core.main.TestCaseExecutor.execute(TestCaseExecutor.java:369)
	at com.kms.katalon.core.main.TestCaseExecutor.execute(TestCaseExecutor.java:369)
	at com.kms.katalon.core.main.TestCaseExecutor.execute(TestCaseExecutor.java:369)
	at com.kms.katalon.core.common.CommonExecutor.accessTestCaseMainPhase(CommonExecutor.java:65)
	at com.kms.katalon.core.main.TestSuiteExecutor.accessTestSuiteMainPhase(TestSuiteExecutor.java:148)
	at com.kms.katalon.core.main.TestSuiteExecutor.execute(TestSuiteExecutor.java:106)
	at com.kms.katalon.core.main.TestCaseMain.startTestSuite(TestCaseMain.java:187)
	at com.kms.katalon.core.main.TestCaseMain$startTestSuite$0.call(Unknown Source)
	at TempTestSuite1693470683054.run(TempTestSuite1693470683054.groovy:36)
)
[[ATTACHMENT|D:\\Xsis\\batch-324-qa\\Friska\\Sauce Demo\\Reports\\20230831_153123\\Test Suite Sauce Demo\\20230831_153123\\1693471056297.png]]

2023-08-31 15:37:37 - [MESSAGE][FAILED] - Unable to verify object 'Object Repository/Product/tambahproduct' is present (Root cause: com.kms.katalon.core.exception.StepFailedException: Unable to verify object 'Object Repository/Product/tambahproduct' is present
	at com.kms.katalon.core.webui.keyword.internal.WebUIKeywordMain.stepFailed(WebUIKeywordMain.groovy:64)
	at com.kms.katalon.core.webui.keyword.internal.WebUIKeywordMain.runKeyword(WebUIKeywordMain.groovy:26)
	at com.kms.katalon.core.webui.keyword.builtin.VerifyElementPresentKeyword.verifyElementPresent(VerifyElementPresentKeyword.groovy:92)
	at com.kms.katalon.core.webui.keyword.builtin.VerifyElementPresentKeyword.execute(VerifyElementPresentKeyword.groovy:68)
	at com.kms.katalon.core.keyword.internal.KeywordExecutor.executeKeywordForPlatform(KeywordExecutor.groovy:74)
	at com.kms.katalon.core.webui.keyword.WebUiBuiltInKeywords.verifyElementPresent(WebUiBuiltInKeywords.groovy:1464)
	at com.kms.katalon.core.webui.keyword.WebUiBuiltInKeywords$verifyElementPresent$0.call(Unknown Source)
	at TC-Product-RemoveCart-001.run(TC-Product-RemoveCart-001:26)
	at com.kms.katalon.core.main.ScriptEngine.run(ScriptEngine.java:194)
	at com.kms.katalon.core.main.ScriptEngine.runScriptAsRawText(ScriptEngine.java:119)
	at com.kms.katalon.core.main.TestCaseExecutor.runScript(TestCaseExecutor.java:448)
	at com.kms.katalon.core.main.TestCaseExecutor.doExecute(TestCaseExecutor.java:439)
	at com.kms.katalon.core.main.TestCaseExecutor.processExecutionPhase(TestCaseExecutor.java:418)
	at com.kms.katalon.core.main.TestCaseExecutor.accessMainPhase(TestCaseExecutor.java:410)
	at com.kms.katalon.core.main.TestCaseExecutor.execute(TestCaseExecutor.java:285)
	at com.kms.katalon.core.main.TestCaseExecutor.execute(TestCaseExecutor.java:369)
	at com.kms.katalon.core.main.TestCaseExecutor.execute(TestCaseExecutor.java:369)
	at com.kms.katalon.core.main.TestCaseExecutor.execute(TestCaseExecutor.java:369)
	at com.kms.katalon.core.common.CommonExecutor.accessTestCaseMainPhase(CommonExecutor.java:65)
	at com.kms.katalon.core.main.TestSuiteExecutor.accessTestSuiteMainPhase(TestSuiteExecutor.java:148)
	at com.kms.katalon.core.main.TestSuiteExecutor.execute(TestSuiteExecutor.java:106)
	at com.kms.katalon.core.main.TestCaseMain.startTestSuite(TestCaseMain.java:187)
	at com.kms.katalon.core.main.TestCaseMain$startTestSuite$0.call(Unknown Source)
	at TempTestSuite1693470683054.run(TempTestSuite1693470683054.groovy:36)
Caused by: com.kms.katalon.core.exception.StepFailedException: com.kms.katalon.core.webui.exception.WebElementNotFoundException: Web element with id: 'Object Repository/Product/tambahproduct' located by '//*[@id="shopping_cart_container"]/a/span' not found
	at com.kms.katalon.core.webui.keyword.internal.WebUIKeywordMain.stepFailed(WebUIKeywordMain.groovy:64)
	at com.kms.katalon.core.webui.keyword.builtin.VerifyElementPresentKeyword$_verifyElementPresent_closure1.doCall(VerifyElementPresentKeyword.groovy:85)
	at com.kms.katalon.core.webui.keyword.builtin.VerifyElementPresentKeyword$_verifyElementPresent_closure1.call(VerifyElementPresentKeyword.groovy)
	at com.kms.katalon.core.webui.keyword.internal.WebUIKeywordMain.runKeyword(WebUIKeywordMain.groovy:20)
	... 22 more
)
[[ATTACHMENT|D:\\Xsis\\batch-324-qa\\Friska\\Sauce Demo\\Reports\\20230831_153123\\Test Suite Sauce Demo\\20230831_153123\\1693471056695.png]]]]></system-out>
         <system-err><![CDATA[2023-08-31 15:36:48 - [TEST_CASE][FAILED] - Test Cases/Products/TC-Product-RemoveCart-001: Test Cases/Products/TC-Product-RemoveCart-001 FAILED.
Reason:
com.kms.katalon.core.exception.StepFailedException: Unable to verify object 'Object Repository/Product/tambahproduct' is present
	at com.kms.katalon.core.webui.keyword.internal.WebUIKeywordMain.stepFailed(WebUIKeywordMain.groovy:64)
	at com.kms.katalon.core.webui.keyword.internal.WebUIKeywordMain.runKeyword(WebUIKeywordMain.groovy:26)
	at com.kms.katalon.core.webui.keyword.builtin.VerifyElementPresentKeyword.verifyElementPresent(VerifyElementPresentKeyword.groovy:92)
	at com.kms.katalon.core.webui.keyword.builtin.VerifyElementPresentKeyword.execute(VerifyElementPresentKeyword.groovy:68)
	at com.kms.katalon.core.keyword.internal.KeywordExecutor.executeKeywordForPlatform(KeywordExecutor.groovy:74)
	at com.kms.katalon.core.webui.keyword.WebUiBuiltInKeywords.verifyElementPresent(WebUiBuiltInKeywords.groovy:1464)
	at com.kms.katalon.core.webui.keyword.WebUiBuiltInKeywords$verifyElementPresent$0.call(Unknown Source)
	at TC-Product-RemoveCart-001.run(TC-Product-RemoveCart-001:26)
	at com.kms.katalon.core.main.ScriptEngine.run(ScriptEngine.java:194)
	at com.kms.katalon.core.main.ScriptEngine.runScriptAsRawText(ScriptEngine.java:119)
	at com.kms.katalon.core.main.TestCaseExecutor.runScript(TestCaseExecutor.java:448)
	at com.kms.katalon.core.main.TestCaseExecutor.doExecute(TestCaseExecutor.java:439)
	at com.kms.katalon.core.main.TestCaseExecutor.processExecutionPhase(TestCaseExecutor.java:418)
	at com.kms.katalon.core.main.TestCaseExecutor.accessMainPhase(TestCaseExecutor.java:410)
	at com.kms.katalon.core.main.TestCaseExecutor.execute(TestCaseExecutor.java:285)
	at com.kms.katalon.core.main.TestCaseExecutor.execute(TestCaseExecutor.java:369)
	at com.kms.katalon.core.main.TestCaseExecutor.execute(TestCaseExecutor.java:369)
	at com.kms.katalon.core.main.TestCaseExecutor.execute(TestCaseExecutor.java:369)
	at com.kms.katalon.core.common.CommonExecutor.accessTestCaseMainPhase(CommonExecutor.java:65)
	at com.kms.katalon.core.main.TestSuiteExecutor.accessTestSuiteMainPhase(TestSuiteExecutor.java:148)
	at com.kms.katalon.core.main.TestSuiteExecutor.execute(TestSuiteExecutor.java:106)
	at com.kms.katalon.core.main.TestCaseMain.startTestSuite(TestCaseMain.java:187)
	at com.kms.katalon.core.main.TestCaseMain$startTestSuite$0.call(Unknown Source)
	at TempTestSuite1693470683054.run(TempTestSuite1693470683054.groovy:36)
Caused by: com.kms.katalon.core.exception.StepFailedException: com.kms.katalon.core.webui.exception.WebElementNotFoundException: Web element with id: 'Object Repository/Product/tambahproduct' located by '//*[@id="shopping_cart_container"]/a/span' not found
	at com.kms.katalon.core.webui.keyword.internal.WebUIKeywordMain.stepFailed(WebUIKeywordMain.groovy:64)
	at com.kms.katalon.core.webui.keyword.builtin.VerifyElementPresentKeyword$_verifyElementPresent_closure1.doCall(VerifyElementPresentKeyword.groovy:85)
	at com.kms.katalon.core.webui.keyword.builtin.VerifyElementPresentKeyword$_verifyElementPresent_closure1.call(VerifyElementPresentKeyword.groovy)
	at com.kms.katalon.core.webui.keyword.internal.WebUIKeywordMain.runKeyword(WebUIKeywordMain.groovy:20)
	... 22 more]]></system-err>
      </testcase>
      <testcase name="Test Cases/Products/TC-Product-AddCart-002" time="16.514" classname="Test Cases/Products/TC-Product-AddCart-002" status="PASSED">
         <system-out><![CDATA[2023-08-31 15:37:37 - [TEST_CASE][PASSED] - Test Cases/Products/TC-Product-AddCart-002: Test Cases/Products/TC-Product-AddCart-002

2023-08-31 15:37:37 - [TEST_STEP][PASSED] - data = callTestCase(findTestCase("Products/TC-Product-AddCart-001"), [:], STOP_ON_FAILURE): Call Test Case 'Test Cases/Products/TC-Product-AddCart-001' successfully

2023-08-31 15:37:37 - [TEST_CASE][PASSED] - Test Cases/Products/TC-Product-AddCart-001: Test Cases/Products/TC-Product-AddCart-001

2023-08-31 15:37:37 - [TEST_STEP][PASSED] - callTestCase(findTestCase("Products/TC-Product-Show-001"), [:], STOP_ON_FAILURE): Call Test Case 'Test Cases/Products/TC-Product-Show-001' successfully

2023-08-31 15:37:37 - [TEST_CASE][PASSED] - Test Cases/Products/TC-Product-Show-001: Test Cases/Products/TC-Product-Show-001

2023-08-31 15:37:37 - [TEST_STEP][PASSED] - callTestCase(findTestCase("Login/TC-Login-Success-001"), [:], STOP_ON_FAILURE): Call Test Case 'Test Cases/Login/TC-Login-Success-001' successfully

2023-08-31 15:37:37 - [TEST_CASE][PASSED] - Test Cases/Login/TC-Login-Success-001: Test Cases/Login/TC-Login-Success-001

2023-08-31 15:37:37 - [TEST_STEP][PASSED] - openBrowser(URL): Browser is opened with url: 'https://www.saucedemo.com/inventory.html'

2023-08-31 15:37:37 - [MESSAGE][WARNING] - A browser is already opened. Closing browser and opening a new one

2023-08-31 15:37:38 - [MESSAGE][INFO] - Starting 'Edge Chromium' driver

2023-08-31 15:37:41 - [MESSAGE][INFO] - Action delay is set to 0 milliseconds

2023-08-31 15:37:45 - [MESSAGE][PASSED] - Browser is opened with url: 'https://www.saucedemo.com/inventory.html'

2023-08-31 15:37:45 - [TEST_STEP][PASSED] - verifyElementPresent(findTestObject("Login/Verifikasi home page"), 0): Object 'Object Repository/Login/Verifikasi home page' is present

2023-08-31 15:37:45 - [MESSAGE][WARNING] - Timeout '0' is invalid. Using default page load timeout: '30'

2023-08-31 15:37:45 - [MESSAGE][PASSED] - Object 'Object Repository/Login/Verifikasi home page' is present

2023-08-31 15:37:45 - [TEST_STEP][PASSED] - setText(findTestObject("Login/Input Username"), username): Text 'standard_user' is set on object 'Object Repository/Login/Input Username'

2023-08-31 15:37:46 - [MESSAGE][PASSED] - Text 'standard_user' is set on object 'Object Repository/Login/Input Username'

2023-08-31 15:37:46 - [TEST_STEP][PASSED] - setEncryptedText(findTestObject("Login/input_Password"), password): Text ****** has been set on object 'Object Repository/Login/input_Password'

2023-08-31 15:37:47 - [MESSAGE][PASSED] - Text ****** has been set on object 'Object Repository/Login/input_Password'

2023-08-31 15:37:47 - [TEST_STEP][PASSED] - click(findTestObject("Login/Login Button")): Object: 'Object Repository/Login/Login Button' is clicked on

2023-08-31 15:37:47 - [MESSAGE][PASSED] - Object: 'Object Repository/Login/Login Button' is clicked on

2023-08-31 15:37:47 - [TEST_STEP][PASSED] - verifyElementPresent(findTestObject("Login/Verifikasi swag labs"), 0): Object 'Object Repository/Login/Verifikasi swag labs' is present

2023-08-31 15:37:47 - [MESSAGE][WARNING] - Timeout '0' is invalid. Using default page load timeout: '30'

2023-08-31 15:37:47 - [MESSAGE][PASSED] - Object 'Object Repository/Login/Verifikasi swag labs' is present

2023-08-31 15:37:47 - [MESSAGE][PASSED] - Call Test Case 'Test Cases/Login/TC-Login-Success-001' successfully

2023-08-31 15:37:47 - [MESSAGE][PASSED] - Call Test Case 'Test Cases/Products/TC-Product-Show-001' successfully

2023-08-31 15:37:47 - [TEST_STEP][PASSED] - click(findTestObject("Product/button_Add to cart_Pertama")): Object: 'Object Repository/Product/button_Add to cart_Pertama' is clicked on

2023-08-31 15:37:48 - [MESSAGE][PASSED] - Object: 'Object Repository/Product/button_Add to cart_Pertama' is clicked on

2023-08-31 15:37:48 - [TEST_STEP][PASSED] - namaproduct1_homepage = getText(findTestObject("Product/nama_product1_homepage")): Text of object 'Object Repository/Product/nama_product1_homepage' is: 'Sauce Labs Backpack'

2023-08-31 15:37:49 - [MESSAGE][PASSED] - Text of object 'Object Repository/Product/nama_product1_homepage' is: 'Sauce Labs Backpack'

2023-08-31 15:37:49 - [TEST_STEP][PASSED] - deskripsiproduct1_homepage = getText(findTestObject("Product/deskripsi_product1_homepage")): Text of object 'Object Repository/Product/deskripsi_product1_homepage' is: 'carry.allTheThings() with the sleek, streamlined Sly Pack that melds uncompromising style with unequaled laptop and tablet protection.'

2023-08-31 15:37:49 - [MESSAGE][PASSED] - Text of object 'Object Repository/Product/deskripsi_product1_homepage' is: 'carry.allTheThings() with the sleek, streamlined Sly Pack that melds uncompromising style with unequaled laptop and tablet protection.'

2023-08-31 15:37:49 - [TEST_STEP][PASSED] - hargaproduct1_homepage = getText(findTestObject("Product/harga_produk1_homepage")): Text of object 'Object Repository/Product/harga_produk1_homepage' is: '$29.99'

2023-08-31 15:37:49 - [MESSAGE][PASSED] - Text of object 'Object Repository/Product/harga_produk1_homepage' is: '$29.99'

2023-08-31 15:37:49 - [TEST_STEP][PASSED] - verifyElementNotPresent(findTestObject("Product/button_Add to cart_Pertama"), 0): Web element with id: 'Object Repository/Product/button_Add to cart_Pertama' located by 'By.xpath: //button[@id='add-to-cart-sauce-labs-backpack']' is not present after '30' second(s)

2023-08-31 15:37:50 - [MESSAGE][WARNING] - Timeout '0' is invalid. Using default page load timeout: '30'

2023-08-31 15:37:50 - [MESSAGE][PASSED] - Web element with id: 'Object Repository/Product/button_Add to cart_Pertama' located by 'By.xpath: //button[@id='add-to-cart-sauce-labs-backpack']' is not present after '30' second(s)

2023-08-31 15:37:50 - [TEST_STEP][PASSED] - verifyElementPresent(findTestObject("Product/tambahproduct"), 0): Object 'Object Repository/Product/tambahproduct' is present

2023-08-31 15:37:50 - [MESSAGE][WARNING] - Timeout '0' is invalid. Using default page load timeout: '30'

2023-08-31 15:37:50 - [MESSAGE][PASSED] - Object 'Object Repository/Product/tambahproduct' is present

2023-08-31 15:37:50 - [TEST_STEP][PASSED] - data = new java.util.HashMap(): null

2023-08-31 15:37:50 - [TEST_STEP][PASSED] - data.put("nama1_home", namaproduct1_homepage): null

2023-08-31 15:37:50 - [TEST_STEP][PASSED] - data.put("deskripsi1_home", deskripsiproduct1_homepage): null

2023-08-31 15:37:50 - [TEST_STEP][PASSED] - data.put("harga1_home", hargaproduct1_homepage): null

2023-08-31 15:37:50 - [TEST_STEP][PASSED] - return data: null

2023-08-31 15:37:50 - [MESSAGE][PASSED] - Call Test Case 'Test Cases/Products/TC-Product-AddCart-001' successfully

2023-08-31 15:37:50 - [TEST_STEP][PASSED] - click(findTestObject("Product/button_Add to cart_Kedua")): Object: 'Object Repository/Product/button_Add to cart_Kedua' is clicked on

2023-08-31 15:37:51 - [MESSAGE][PASSED] - Object: 'Object Repository/Product/button_Add to cart_Kedua' is clicked on

2023-08-31 15:37:51 - [TEST_STEP][PASSED] - nama2_home = getText(findTestObject("Cart/nama2_home")): Text of object 'Object Repository/Cart/nama2_home' is: 'Sauce Labs Bike Light'

2023-08-31 15:37:51 - [MESSAGE][PASSED] - Text of object 'Object Repository/Cart/nama2_home' is: 'Sauce Labs Bike Light'

2023-08-31 15:37:51 - [TEST_STEP][PASSED] - deskripsi2_home = getText(findTestObject("Cart/deskripsi2_home")): Text of object 'Object Repository/Cart/deskripsi2_home' is: 'A red light isn't the desired state in testing but it sure helps when riding your bike at night. Water-resistant with 3 lighting modes, 1 AAA battery included.'

2023-08-31 15:37:52 - [MESSAGE][PASSED] - Text of object 'Object Repository/Cart/deskripsi2_home' is: 'A red light isn't the desired state in testing but it sure helps when riding your bike at night. Water-resistant with 3 lighting modes, 1 AAA battery included.'

2023-08-31 15:37:52 - [TEST_STEP][PASSED] - harga2_home = getText(findTestObject("Cart/price2_home")): Text of object 'Object Repository/Cart/price2_home' is: '$9.99'

2023-08-31 15:37:52 - [MESSAGE][PASSED] - Text of object 'Object Repository/Cart/price2_home' is: '$9.99'

2023-08-31 15:37:52 - [TEST_STEP][PASSED] - verifyElementNotPresent(findTestObject("Product/button_Add to cart_Kedua"), 0): Web element with id: 'Object Repository/Product/button_Add to cart_Kedua' located by 'By.xpath: //button[@id='add-to-cart-sauce-labs-bike-light']' is not present after '30' second(s)

2023-08-31 15:37:52 - [MESSAGE][WARNING] - Timeout '0' is invalid. Using default page load timeout: '30'

2023-08-31 15:37:53 - [MESSAGE][PASSED] - Web element with id: 'Object Repository/Product/button_Add to cart_Kedua' located by 'By.xpath: //button[@id='add-to-cart-sauce-labs-bike-light']' is not present after '30' second(s)

2023-08-31 15:37:53 - [TEST_STEP][PASSED] - verifyElementPresent(findTestObject("Product/tambahproduct2"), 0): Object 'Object Repository/Product/tambahproduct2' is present

2023-08-31 15:37:53 - [MESSAGE][WARNING] - Timeout '0' is invalid. Using default page load timeout: '30'

2023-08-31 15:37:53 - [MESSAGE][PASSED] - Object 'Object Repository/Product/tambahproduct2' is present

2023-08-31 15:37:53 - [TEST_STEP][PASSED] - data.put("nama2_home", nama2_home): null

2023-08-31 15:37:53 - [TEST_STEP][PASSED] - data.put("deskripsi2_home", deskripsi2_home): null

2023-08-31 15:37:53 - [TEST_STEP][PASSED] - data.put("harga2_home", harga2_home): null

2023-08-31 15:37:53 - [TEST_STEP][PASSED] - return data: null]]></system-out>
         <system-err><![CDATA[]]></system-err>
      </testcase>
      <testcase name="Test Cases/Products/TC-Product-AddCart-001" time="12.347" classname="Test Cases/Products/TC-Product-AddCart-001" status="PASSED">
         <system-out><![CDATA[2023-08-31 15:37:53 - [TEST_CASE][PASSED] - Test Cases/Products/TC-Product-AddCart-001: Test Cases/Products/TC-Product-AddCart-001

2023-08-31 15:37:53 - [TEST_STEP][PASSED] - callTestCase(findTestCase("Products/TC-Product-Show-001"), [:], STOP_ON_FAILURE): Call Test Case 'Test Cases/Products/TC-Product-Show-001' successfully

2023-08-31 15:37:53 - [TEST_CASE][PASSED] - Test Cases/Products/TC-Product-Show-001: Test Cases/Products/TC-Product-Show-001

2023-08-31 15:37:53 - [TEST_STEP][PASSED] - callTestCase(findTestCase("Login/TC-Login-Success-001"), [:], STOP_ON_FAILURE): Call Test Case 'Test Cases/Login/TC-Login-Success-001' successfully

2023-08-31 15:37:53 - [TEST_CASE][PASSED] - Test Cases/Login/TC-Login-Success-001: Test Cases/Login/TC-Login-Success-001

2023-08-31 15:37:53 - [TEST_STEP][PASSED] - openBrowser(URL): Browser is opened with url: 'https://www.saucedemo.com/inventory.html'

2023-08-31 15:37:53 - [MESSAGE][WARNING] - A browser is already opened. Closing browser and opening a new one

2023-08-31 15:37:54 - [MESSAGE][INFO] - Starting 'Edge Chromium' driver

2023-08-31 15:37:57 - [MESSAGE][INFO] - Action delay is set to 0 milliseconds

2023-08-31 15:38:00 - [MESSAGE][PASSED] - Browser is opened with url: 'https://www.saucedemo.com/inventory.html'

2023-08-31 15:38:00 - [TEST_STEP][PASSED] - verifyElementPresent(findTestObject("Login/Verifikasi home page"), 0): Object 'Object Repository/Login/Verifikasi home page' is present

2023-08-31 15:38:00 - [MESSAGE][WARNING] - Timeout '0' is invalid. Using default page load timeout: '30'

2023-08-31 15:38:00 - [MESSAGE][PASSED] - Object 'Object Repository/Login/Verifikasi home page' is present

2023-08-31 15:38:00 - [TEST_STEP][PASSED] - setText(findTestObject("Login/Input Username"), username): Text 'standard_user' is set on object 'Object Repository/Login/Input Username'

2023-08-31 15:38:01 - [MESSAGE][PASSED] - Text 'standard_user' is set on object 'Object Repository/Login/Input Username'

2023-08-31 15:38:01 - [TEST_STEP][PASSED] - setEncryptedText(findTestObject("Login/input_Password"), password): Text ****** has been set on object 'Object Repository/Login/input_Password'

2023-08-31 15:38:02 - [MESSAGE][PASSED] - Text ****** has been set on object 'Object Repository/Login/input_Password'

2023-08-31 15:38:02 - [TEST_STEP][PASSED] - click(findTestObject("Login/Login Button")): Object: 'Object Repository/Login/Login Button' is clicked on

2023-08-31 15:38:02 - [MESSAGE][PASSED] - Object: 'Object Repository/Login/Login Button' is clicked on

2023-08-31 15:38:02 - [TEST_STEP][PASSED] - verifyElementPresent(findTestObject("Login/Verifikasi swag labs"), 0): Object 'Object Repository/Login/Verifikasi swag labs' is present

2023-08-31 15:38:02 - [MESSAGE][WARNING] - Timeout '0' is invalid. Using default page load timeout: '30'

2023-08-31 15:38:03 - [MESSAGE][PASSED] - Object 'Object Repository/Login/Verifikasi swag labs' is present

2023-08-31 15:38:03 - [MESSAGE][PASSED] - Call Test Case 'Test Cases/Login/TC-Login-Success-001' successfully

2023-08-31 15:38:03 - [MESSAGE][PASSED] - Call Test Case 'Test Cases/Products/TC-Product-Show-001' successfully

2023-08-31 15:38:03 - [TEST_STEP][PASSED] - click(findTestObject("Product/button_Add to cart_Pertama")): Object: 'Object Repository/Product/button_Add to cart_Pertama' is clicked on

2023-08-31 15:38:03 - [MESSAGE][PASSED] - Object: 'Object Repository/Product/button_Add to cart_Pertama' is clicked on

2023-08-31 15:38:03 - [TEST_STEP][PASSED] - namaproduct1_homepage = getText(findTestObject("Product/nama_product1_homepage")): Text of object 'Object Repository/Product/nama_product1_homepage' is: 'Sauce Labs Backpack'

2023-08-31 15:38:04 - [MESSAGE][PASSED] - Text of object 'Object Repository/Product/nama_product1_homepage' is: 'Sauce Labs Backpack'

2023-08-31 15:38:04 - [TEST_STEP][PASSED] - deskripsiproduct1_homepage = getText(findTestObject("Product/deskripsi_product1_homepage")): Text of object 'Object Repository/Product/deskripsi_product1_homepage' is: 'carry.allTheThings() with the sleek, streamlined Sly Pack that melds uncompromising style with unequaled laptop and tablet protection.'

2023-08-31 15:38:04 - [MESSAGE][PASSED] - Text of object 'Object Repository/Product/deskripsi_product1_homepage' is: 'carry.allTheThings() with the sleek, streamlined Sly Pack that melds uncompromising style with unequaled laptop and tablet protection.'

2023-08-31 15:38:04 - [TEST_STEP][PASSED] - hargaproduct1_homepage = getText(findTestObject("Product/harga_produk1_homepage")): Text of object 'Object Repository/Product/harga_produk1_homepage' is: '$29.99'

2023-08-31 15:38:05 - [MESSAGE][PASSED] - Text of object 'Object Repository/Product/harga_produk1_homepage' is: '$29.99'

2023-08-31 15:38:05 - [TEST_STEP][PASSED] - verifyElementNotPresent(findTestObject("Product/button_Add to cart_Pertama"), 0): Web element with id: 'Object Repository/Product/button_Add to cart_Pertama' located by 'By.xpath: //button[@id='add-to-cart-sauce-labs-backpack']' is not present after '30' second(s)

2023-08-31 15:38:05 - [MESSAGE][WARNING] - Timeout '0' is invalid. Using default page load timeout: '30'

2023-08-31 15:38:05 - [MESSAGE][PASSED] - Web element with id: 'Object Repository/Product/button_Add to cart_Pertama' located by 'By.xpath: //button[@id='add-to-cart-sauce-labs-backpack']' is not present after '30' second(s)

2023-08-31 15:38:05 - [TEST_STEP][PASSED] - verifyElementPresent(findTestObject("Product/tambahproduct"), 0): Object 'Object Repository/Product/tambahproduct' is present

2023-08-31 15:38:05 - [MESSAGE][WARNING] - Timeout '0' is invalid. Using default page load timeout: '30'

2023-08-31 15:38:05 - [MESSAGE][PASSED] - Object 'Object Repository/Product/tambahproduct' is present

2023-08-31 15:38:05 - [TEST_STEP][PASSED] - data = new java.util.HashMap(): null

2023-08-31 15:38:05 - [TEST_STEP][PASSED] - data.put("nama1_home", namaproduct1_homepage): null

2023-08-31 15:38:05 - [TEST_STEP][PASSED] - data.put("deskripsi1_home", deskripsiproduct1_homepage): null

2023-08-31 15:38:05 - [TEST_STEP][PASSED] - data.put("harga1_home", hargaproduct1_homepage): null

2023-08-31 15:38:05 - [TEST_STEP][PASSED] - return data: null]]></system-out>
         <system-err><![CDATA[]]></system-err>
      </testcase>
      <testcase name="Test Cases/Detail Product/TC-DetailProduct-Show-001" time="15.915" classname="Test Cases/Detail Product/TC-DetailProduct-Show-001" status="PASSED">
         <system-out><![CDATA[2023-08-31 15:38:05 - [TEST_CASE][PASSED] - Test Cases/Detail Product/TC-DetailProduct-Show-001: Test Cases/Detail Product/TC-DetailProduct-Show-001

2023-08-31 15:38:06 - [TEST_STEP][PASSED] - callTestCase(findTestCase("Login/TC-Login-Success-001"), [:], STOP_ON_FAILURE): Call Test Case 'Test Cases/Login/TC-Login-Success-001' successfully

2023-08-31 15:38:06 - [TEST_CASE][PASSED] - Test Cases/Login/TC-Login-Success-001: Test Cases/Login/TC-Login-Success-001

2023-08-31 15:38:06 - [TEST_STEP][PASSED] - openBrowser(URL): Browser is opened with url: 'https://www.saucedemo.com/inventory.html'

2023-08-31 15:38:06 - [MESSAGE][WARNING] - A browser is already opened. Closing browser and opening a new one

2023-08-31 15:38:07 - [MESSAGE][INFO] - Starting 'Edge Chromium' driver

2023-08-31 15:38:09 - [MESSAGE][INFO] - Action delay is set to 0 milliseconds

2023-08-31 15:38:15 - [MESSAGE][PASSED] - Browser is opened with url: 'https://www.saucedemo.com/inventory.html'

2023-08-31 15:38:15 - [TEST_STEP][PASSED] - verifyElementPresent(findTestObject("Login/Verifikasi home page"), 0): Object 'Object Repository/Login/Verifikasi home page' is present

2023-08-31 15:38:15 - [MESSAGE][WARNING] - Timeout '0' is invalid. Using default page load timeout: '30'

2023-08-31 15:38:15 - [MESSAGE][PASSED] - Object 'Object Repository/Login/Verifikasi home page' is present

2023-08-31 15:38:15 - [TEST_STEP][PASSED] - setText(findTestObject("Login/Input Username"), username): Text 'standard_user' is set on object 'Object Repository/Login/Input Username'

2023-08-31 15:38:16 - [MESSAGE][PASSED] - Text 'standard_user' is set on object 'Object Repository/Login/Input Username'

2023-08-31 15:38:16 - [TEST_STEP][PASSED] - setEncryptedText(findTestObject("Login/input_Password"), password): Text ****** has been set on object 'Object Repository/Login/input_Password'

2023-08-31 15:38:17 - [MESSAGE][PASSED] - Text ****** has been set on object 'Object Repository/Login/input_Password'

2023-08-31 15:38:17 - [TEST_STEP][PASSED] - click(findTestObject("Login/Login Button")): Object: 'Object Repository/Login/Login Button' is clicked on

2023-08-31 15:38:18 - [MESSAGE][PASSED] - Object: 'Object Repository/Login/Login Button' is clicked on

2023-08-31 15:38:18 - [TEST_STEP][PASSED] - verifyElementPresent(findTestObject("Login/Verifikasi swag labs"), 0): Object 'Object Repository/Login/Verifikasi swag labs' is present

2023-08-31 15:38:18 - [MESSAGE][WARNING] - Timeout '0' is invalid. Using default page load timeout: '30'

2023-08-31 15:38:18 - [MESSAGE][PASSED] - Object 'Object Repository/Login/Verifikasi swag labs' is present

2023-08-31 15:38:18 - [MESSAGE][PASSED] - Call Test Case 'Test Cases/Login/TC-Login-Success-001' successfully

2023-08-31 15:38:18 - [TEST_STEP][PASSED] - nama1_homepage = getText(findTestObject("Product/nama_product1_homepage"), STOP_ON_FAILURE): Text of object 'Object Repository/Product/nama_product1_homepage' is: 'Sauce Labs Backpack'

2023-08-31 15:38:19 - [MESSAGE][PASSED] - Text of object 'Object Repository/Product/nama_product1_homepage' is: 'Sauce Labs Backpack'

2023-08-31 15:38:19 - [TEST_STEP][PASSED] - deskripsi1_homepage = getText(findTestObject("Product/deskripsi_product1_homepage"), STOP_ON_FAILURE): Text of object 'Object Repository/Product/deskripsi_product1_homepage' is: 'carry.allTheThings() with the sleek, streamlined Sly Pack that melds uncompromising style with unequaled laptop and tablet protection.'

2023-08-31 15:38:19 - [MESSAGE][PASSED] - Text of object 'Object Repository/Product/deskripsi_product1_homepage' is: 'carry.allTheThings() with the sleek, streamlined Sly Pack that melds uncompromising style with unequaled laptop and tablet protection.'

2023-08-31 15:38:19 - [TEST_STEP][PASSED] - harga1_homepage = getText(findTestObject("Product/harga_produk1_homepage")): Text of object 'Object Repository/Product/harga_produk1_homepage' is: '$29.99'

2023-08-31 15:38:19 - [MESSAGE][PASSED] - Text of object 'Object Repository/Product/harga_produk1_homepage' is: '$29.99'

2023-08-31 15:38:19 - [TEST_STEP][PASSED] - click(findTestObject("Product/nama_product1_homepage")): Object: 'Object Repository/Product/nama_product1_homepage' is clicked on

2023-08-31 15:38:20 - [MESSAGE][PASSED] - Object: 'Object Repository/Product/nama_product1_homepage' is clicked on

2023-08-31 15:38:20 - [TEST_STEP][PASSED] - nama1_deskripsi = getText(findTestObject("Product/nama_produk_1_deskripsi"), STOP_ON_FAILURE): Text of object 'Object Repository/Product/nama_produk_1_deskripsi' is: 'Sauce Labs Backpack'

2023-08-31 15:38:20 - [MESSAGE][PASSED] - Text of object 'Object Repository/Product/nama_produk_1_deskripsi' is: 'Sauce Labs Backpack'

2023-08-31 15:38:20 - [TEST_STEP][PASSED] - deskripsi1_deskripsi = getText(findTestObject("Product/deskripsi_produk_1_deskripsi"), STOP_ON_FAILURE): Text of object 'Object Repository/Product/deskripsi_produk_1_deskripsi' is: 'carry.allTheThings() with the sleek, streamlined Sly Pack that melds uncompromising style with unequaled laptop and tablet protection.'

2023-08-31 15:38:21 - [MESSAGE][PASSED] - Text of object 'Object Repository/Product/deskripsi_produk_1_deskripsi' is: 'carry.allTheThings() with the sleek, streamlined Sly Pack that melds uncompromising style with unequaled laptop and tablet protection.'

2023-08-31 15:38:21 - [TEST_STEP][PASSED] - harga1_deskripsi = getText(findTestObject("Product/harga_produk_1_deskripsi"), STOP_ON_FAILURE): Text of object 'Object Repository/Product/harga_produk_1_deskripsi' is: '$29.99'

2023-08-31 15:38:21 - [MESSAGE][PASSED] - Text of object 'Object Repository/Product/harga_produk_1_deskripsi' is: '$29.99'

2023-08-31 15:38:21 - [TEST_STEP][PASSED] - verifyMatch(nama1_deskripsi, nama1_homepage, false): Actual text 'Sauce Labs Backpack' and expected text 'Sauce Labs Backpack' are matched 

2023-08-31 15:38:21 - [MESSAGE][PASSED] - Actual text 'Sauce Labs Backpack' and expected text 'Sauce Labs Backpack' are matched 

2023-08-31 15:38:21 - [TEST_STEP][PASSED] - verifyMatch(deskripsi1_deskripsi, deskripsi1_homepage, false): Actual text 'carry.allTheThings() with the sleek, streamlined Sly Pack that melds uncompromising style with unequaled laptop and tablet protection.' and expected text 'carry.allTheThings() with the sleek, streamlined Sly Pack that melds uncompromising style with unequaled laptop and tablet protection.' are matched 

2023-08-31 15:38:21 - [MESSAGE][PASSED] - Actual text 'carry.allTheThings() with the sleek, streamlined Sly Pack that melds uncompromising style with unequaled laptop and tablet protection.' and expected text 'carry.allTheThings() with the sleek, streamlined Sly Pack that melds uncompromising style with unequaled laptop and tablet protection.' are matched 

2023-08-31 15:38:21 - [TEST_STEP][PASSED] - verifyMatch(harga1_deskripsi, harga1_homepage, false): Actual text '$29.99' and expected text '$29.99' are matched 

2023-08-31 15:38:21 - [MESSAGE][PASSED] - Actual text '$29.99' and expected text '$29.99' are matched]]></system-out>
         <system-err><![CDATA[]]></system-err>
      </testcase>
      <testcase name="Test Cases/Detail Product/TC-DetailProduct-RemoveCart-001" time="17.448" classname="Test Cases/Detail Product/TC-DetailProduct-RemoveCart-001" status="PASSED">
         <system-out><![CDATA[2023-08-31 15:38:21 - [TEST_CASE][PASSED] - Test Cases/Detail Product/TC-DetailProduct-RemoveCart-001: Test Cases/Detail Product/TC-DetailProduct-RemoveCart-001

2023-08-31 15:38:22 - [TEST_STEP][PASSED] - callTestCase(findTestCase("Detail Product/TC-DetailProduct-AddCart-001"), [:], STOP_ON_FAILURE): Call Test Case 'Test Cases/Detail Product/TC-DetailProduct-AddCart-001' successfully

2023-08-31 15:38:22 - [TEST_CASE][PASSED] - Test Cases/Detail Product/TC-DetailProduct-AddCart-001: Test Cases/Detail Product/TC-DetailProduct-AddCart-001

2023-08-31 15:38:22 - [TEST_STEP][PASSED] - callTestCase(findTestCase("Detail Product/TC-DetailProduct-Show-001"), [:], STOP_ON_FAILURE): Call Test Case 'Test Cases/Detail Product/TC-DetailProduct-Show-001' successfully

2023-08-31 15:38:23 - [TEST_CASE][PASSED] - Test Cases/Detail Product/TC-DetailProduct-Show-001: Test Cases/Detail Product/TC-DetailProduct-Show-001

2023-08-31 15:38:23 - [TEST_STEP][PASSED] - callTestCase(findTestCase("Login/TC-Login-Success-001"), [:], STOP_ON_FAILURE): Call Test Case 'Test Cases/Login/TC-Login-Success-001' successfully

2023-08-31 15:38:23 - [TEST_CASE][PASSED] - Test Cases/Login/TC-Login-Success-001: Test Cases/Login/TC-Login-Success-001

2023-08-31 15:38:23 - [TEST_STEP][PASSED] - openBrowser(URL): Browser is opened with url: 'https://www.saucedemo.com/inventory.html'

2023-08-31 15:38:23 - [MESSAGE][WARNING] - A browser is already opened. Closing browser and opening a new one

2023-08-31 15:38:24 - [MESSAGE][INFO] - Starting 'Edge Chromium' driver

2023-08-31 15:38:26 - [MESSAGE][INFO] - Action delay is set to 0 milliseconds

2023-08-31 15:38:29 - [MESSAGE][PASSED] - Browser is opened with url: 'https://www.saucedemo.com/inventory.html'

2023-08-31 15:38:29 - [TEST_STEP][PASSED] - verifyElementPresent(findTestObject("Login/Verifikasi home page"), 0): Object 'Object Repository/Login/Verifikasi home page' is present

2023-08-31 15:38:29 - [MESSAGE][WARNING] - Timeout '0' is invalid. Using default page load timeout: '30'

2023-08-31 15:38:30 - [MESSAGE][PASSED] - Object 'Object Repository/Login/Verifikasi home page' is present

2023-08-31 15:38:30 - [TEST_STEP][PASSED] - setText(findTestObject("Login/Input Username"), username): Text 'standard_user' is set on object 'Object Repository/Login/Input Username'

2023-08-31 15:38:31 - [MESSAGE][PASSED] - Text 'standard_user' is set on object 'Object Repository/Login/Input Username'

2023-08-31 15:38:31 - [TEST_STEP][PASSED] - setEncryptedText(findTestObject("Login/input_Password"), password): Text ****** has been set on object 'Object Repository/Login/input_Password'

2023-08-31 15:38:31 - [MESSAGE][PASSED] - Text ****** has been set on object 'Object Repository/Login/input_Password'

2023-08-31 15:38:31 - [TEST_STEP][PASSED] - click(findTestObject("Login/Login Button")): Object: 'Object Repository/Login/Login Button' is clicked on

2023-08-31 15:38:32 - [MESSAGE][PASSED] - Object: 'Object Repository/Login/Login Button' is clicked on

2023-08-31 15:38:32 - [TEST_STEP][PASSED] - verifyElementPresent(findTestObject("Login/Verifikasi swag labs"), 0): Object 'Object Repository/Login/Verifikasi swag labs' is present

2023-08-31 15:38:32 - [MESSAGE][WARNING] - Timeout '0' is invalid. Using default page load timeout: '30'

2023-08-31 15:38:32 - [MESSAGE][PASSED] - Object 'Object Repository/Login/Verifikasi swag labs' is present

2023-08-31 15:38:32 - [MESSAGE][PASSED] - Call Test Case 'Test Cases/Login/TC-Login-Success-001' successfully

2023-08-31 15:38:32 - [TEST_STEP][PASSED] - nama1_homepage = getText(findTestObject("Product/nama_product1_homepage"), STOP_ON_FAILURE): Text of object 'Object Repository/Product/nama_product1_homepage' is: 'Sauce Labs Backpack'

2023-08-31 15:38:33 - [MESSAGE][PASSED] - Text of object 'Object Repository/Product/nama_product1_homepage' is: 'Sauce Labs Backpack'

2023-08-31 15:38:33 - [TEST_STEP][PASSED] - deskripsi1_homepage = getText(findTestObject("Product/deskripsi_product1_homepage"), STOP_ON_FAILURE): Text of object 'Object Repository/Product/deskripsi_product1_homepage' is: 'carry.allTheThings() with the sleek, streamlined Sly Pack that melds uncompromising style with unequaled laptop and tablet protection.'

2023-08-31 15:38:33 - [MESSAGE][PASSED] - Text of object 'Object Repository/Product/deskripsi_product1_homepage' is: 'carry.allTheThings() with the sleek, streamlined Sly Pack that melds uncompromising style with unequaled laptop and tablet protection.'

2023-08-31 15:38:33 - [TEST_STEP][PASSED] - harga1_homepage = getText(findTestObject("Product/harga_produk1_homepage")): Text of object 'Object Repository/Product/harga_produk1_homepage' is: '$29.99'

2023-08-31 15:38:34 - [MESSAGE][PASSED] - Text of object 'Object Repository/Product/harga_produk1_homepage' is: '$29.99'

2023-08-31 15:38:34 - [TEST_STEP][PASSED] - click(findTestObject("Product/nama_product1_homepage")): Object: 'Object Repository/Product/nama_product1_homepage' is clicked on

2023-08-31 15:38:34 - [MESSAGE][PASSED] - Object: 'Object Repository/Product/nama_product1_homepage' is clicked on

2023-08-31 15:38:34 - [TEST_STEP][PASSED] - nama1_deskripsi = getText(findTestObject("Product/nama_produk_1_deskripsi"), STOP_ON_FAILURE): Text of object 'Object Repository/Product/nama_produk_1_deskripsi' is: 'Sauce Labs Backpack'

2023-08-31 15:38:35 - [MESSAGE][PASSED] - Text of object 'Object Repository/Product/nama_produk_1_deskripsi' is: 'Sauce Labs Backpack'

2023-08-31 15:38:35 - [TEST_STEP][PASSED] - deskripsi1_deskripsi = getText(findTestObject("Product/deskripsi_produk_1_deskripsi"), STOP_ON_FAILURE): Text of object 'Object Repository/Product/deskripsi_produk_1_deskripsi' is: 'carry.allTheThings() with the sleek, streamlined Sly Pack that melds uncompromising style with unequaled laptop and tablet protection.'

2023-08-31 15:38:35 - [MESSAGE][PASSED] - Text of object 'Object Repository/Product/deskripsi_produk_1_deskripsi' is: 'carry.allTheThings() with the sleek, streamlined Sly Pack that melds uncompromising style with unequaled laptop and tablet protection.'

2023-08-31 15:38:35 - [TEST_STEP][PASSED] - harga1_deskripsi = getText(findTestObject("Product/harga_produk_1_deskripsi"), STOP_ON_FAILURE): Text of object 'Object Repository/Product/harga_produk_1_deskripsi' is: '$29.99'

2023-08-31 15:38:36 - [MESSAGE][PASSED] - Text of object 'Object Repository/Product/harga_produk_1_deskripsi' is: '$29.99'

2023-08-31 15:38:36 - [TEST_STEP][PASSED] - verifyMatch(nama1_deskripsi, nama1_homepage, false): Actual text 'Sauce Labs Backpack' and expected text 'Sauce Labs Backpack' are matched 

2023-08-31 15:38:36 - [MESSAGE][PASSED] - Actual text 'Sauce Labs Backpack' and expected text 'Sauce Labs Backpack' are matched 

2023-08-31 15:38:36 - [TEST_STEP][PASSED] - verifyMatch(deskripsi1_deskripsi, deskripsi1_homepage, false): Actual text 'carry.allTheThings() with the sleek, streamlined Sly Pack that melds uncompromising style with unequaled laptop and tablet protection.' and expected text 'carry.allTheThings() with the sleek, streamlined Sly Pack that melds uncompromising style with unequaled laptop and tablet protection.' are matched 

2023-08-31 15:38:36 - [MESSAGE][PASSED] - Actual text 'carry.allTheThings() with the sleek, streamlined Sly Pack that melds uncompromising style with unequaled laptop and tablet protection.' and expected text 'carry.allTheThings() with the sleek, streamlined Sly Pack that melds uncompromising style with unequaled laptop and tablet protection.' are matched 

2023-08-31 15:38:36 - [TEST_STEP][PASSED] - verifyMatch(harga1_deskripsi, harga1_homepage, false): Actual text '$29.99' and expected text '$29.99' are matched 

2023-08-31 15:38:36 - [MESSAGE][PASSED] - Actual text '$29.99' and expected text '$29.99' are matched 

2023-08-31 15:38:36 - [MESSAGE][PASSED] - Call Test Case 'Test Cases/Detail Product/TC-DetailProduct-Show-001' successfully

2023-08-31 15:38:36 - [TEST_STEP][PASSED] - click(findTestObject("Product/button_Add to cart_Pertama")): Object: 'Object Repository/Product/button_Add to cart_Pertama' is clicked on

2023-08-31 15:38:36 - [MESSAGE][PASSED] - Object: 'Object Repository/Product/button_Add to cart_Pertama' is clicked on

2023-08-31 15:38:36 - [TEST_STEP][PASSED] - verifyElementNotPresent(findTestObject("Product/button_Add to cart_Pertama"), 0): Web element with id: 'Object Repository/Product/button_Add to cart_Pertama' located by 'By.xpath: //button[@id='add-to-cart-sauce-labs-backpack']' is not present after '30' second(s)

2023-08-31 15:38:36 - [MESSAGE][WARNING] - Timeout '0' is invalid. Using default page load timeout: '30'

2023-08-31 15:38:37 - [MESSAGE][PASSED] - Web element with id: 'Object Repository/Product/button_Add to cart_Pertama' located by 'By.xpath: //button[@id='add-to-cart-sauce-labs-backpack']' is not present after '30' second(s)

2023-08-31 15:38:37 - [TEST_STEP][PASSED] - verifyElementPresent(findTestObject("Product/tambahproduct"), 0): Object 'Object Repository/Product/tambahproduct' is present

2023-08-31 15:38:37 - [MESSAGE][WARNING] - Timeout '0' is invalid. Using default page load timeout: '30'

2023-08-31 15:38:37 - [MESSAGE][PASSED] - Object 'Object Repository/Product/tambahproduct' is present

2023-08-31 15:38:37 - [MESSAGE][PASSED] - Call Test Case 'Test Cases/Detail Product/TC-DetailProduct-AddCart-001' successfully

2023-08-31 15:38:37 - [TEST_STEP][PASSED] - click(findTestObject("Product/button_Remove")): Object: 'Object Repository/Product/button_Remove' is clicked on

2023-08-31 15:38:38 - [MESSAGE][PASSED] - Object: 'Object Repository/Product/button_Remove' is clicked on

2023-08-31 15:38:38 - [TEST_STEP][PASSED] - verifyElementNotPresent(findTestObject("Product/button_Remove"), 0): Web element with id: 'Object Repository/Product/button_Remove' located by 'By.xpath: //button[@id='remove-sauce-labs-backpack']' is not present after '30' second(s)

2023-08-31 15:38:38 - [MESSAGE][WARNING] - Timeout '0' is invalid. Using default page load timeout: '30'

2023-08-31 15:38:38 - [MESSAGE][PASSED] - Web element with id: 'Object Repository/Product/button_Remove' located by 'By.xpath: //button[@id='remove-sauce-labs-backpack']' is not present after '30' second(s)

2023-08-31 15:38:38 - [TEST_STEP][PASSED] - verifyElementPresent(findTestObject("Product/button cart"), 0): Object 'Object Repository/Product/button cart' is present

2023-08-31 15:38:38 - [MESSAGE][WARNING] - Timeout '0' is invalid. Using default page load timeout: '30'

2023-08-31 15:38:39 - [MESSAGE][PASSED] - Object 'Object Repository/Product/button cart' is present]]></system-out>
         <system-err><![CDATA[]]></system-err>
      </testcase>
      <testcase name="Test Cases/Detail Product/TC-DetailProduct-Nav-001" time="16.5" classname="Test Cases/Detail Product/TC-DetailProduct-Nav-001" status="PASSED">
         <system-out><![CDATA[2023-08-31 15:38:39 - [TEST_CASE][PASSED] - Test Cases/Detail Product/TC-DetailProduct-Nav-001: Test Cases/Detail Product/TC-DetailProduct-Nav-001

2023-08-31 15:38:40 - [TEST_STEP][PASSED] - callTestCase(findTestCase("Detail Product/TC-DetailProduct-Show-001"), [:], STOP_ON_FAILURE): Call Test Case 'Test Cases/Detail Product/TC-DetailProduct-Show-001' successfully

2023-08-31 15:38:40 - [TEST_CASE][PASSED] - Test Cases/Detail Product/TC-DetailProduct-Show-001: Test Cases/Detail Product/TC-DetailProduct-Show-001

2023-08-31 15:38:40 - [TEST_STEP][PASSED] - callTestCase(findTestCase("Login/TC-Login-Success-001"), [:], STOP_ON_FAILURE): Call Test Case 'Test Cases/Login/TC-Login-Success-001' successfully

2023-08-31 15:38:40 - [TEST_CASE][PASSED] - Test Cases/Login/TC-Login-Success-001: Test Cases/Login/TC-Login-Success-001

2023-08-31 15:38:40 - [TEST_STEP][PASSED] - openBrowser(URL): Browser is opened with url: 'https://www.saucedemo.com/inventory.html'

2023-08-31 15:38:40 - [MESSAGE][WARNING] - A browser is already opened. Closing browser and opening a new one

2023-08-31 15:38:41 - [MESSAGE][INFO] - Starting 'Edge Chromium' driver

2023-08-31 15:38:43 - [MESSAGE][INFO] - Action delay is set to 0 milliseconds

2023-08-31 15:38:48 - [MESSAGE][PASSED] - Browser is opened with url: 'https://www.saucedemo.com/inventory.html'

2023-08-31 15:38:48 - [TEST_STEP][PASSED] - verifyElementPresent(findTestObject("Login/Verifikasi home page"), 0): Object 'Object Repository/Login/Verifikasi home page' is present

2023-08-31 15:38:48 - [MESSAGE][WARNING] - Timeout '0' is invalid. Using default page load timeout: '30'

2023-08-31 15:38:48 - [MESSAGE][PASSED] - Object 'Object Repository/Login/Verifikasi home page' is present

2023-08-31 15:38:48 - [TEST_STEP][PASSED] - setText(findTestObject("Login/Input Username"), username): Text 'standard_user' is set on object 'Object Repository/Login/Input Username'

2023-08-31 15:38:49 - [MESSAGE][PASSED] - Text 'standard_user' is set on object 'Object Repository/Login/Input Username'

2023-08-31 15:38:49 - [TEST_STEP][PASSED] - setEncryptedText(findTestObject("Login/input_Password"), password): Text ****** has been set on object 'Object Repository/Login/input_Password'

2023-08-31 15:38:50 - [MESSAGE][PASSED] - Text ****** has been set on object 'Object Repository/Login/input_Password'

2023-08-31 15:38:50 - [TEST_STEP][PASSED] - click(findTestObject("Login/Login Button")): Object: 'Object Repository/Login/Login Button' is clicked on

2023-08-31 15:38:51 - [MESSAGE][PASSED] - Object: 'Object Repository/Login/Login Button' is clicked on

2023-08-31 15:38:51 - [TEST_STEP][PASSED] - verifyElementPresent(findTestObject("Login/Verifikasi swag labs"), 0): Object 'Object Repository/Login/Verifikasi swag labs' is present

2023-08-31 15:38:51 - [MESSAGE][WARNING] - Timeout '0' is invalid. Using default page load timeout: '30'

2023-08-31 15:38:51 - [MESSAGE][PASSED] - Object 'Object Repository/Login/Verifikasi swag labs' is present

2023-08-31 15:38:51 - [MESSAGE][PASSED] - Call Test Case 'Test Cases/Login/TC-Login-Success-001' successfully

2023-08-31 15:38:51 - [TEST_STEP][PASSED] - nama1_homepage = getText(findTestObject("Product/nama_product1_homepage"), STOP_ON_FAILURE): Text of object 'Object Repository/Product/nama_product1_homepage' is: 'Sauce Labs Backpack'

2023-08-31 15:38:52 - [MESSAGE][PASSED] - Text of object 'Object Repository/Product/nama_product1_homepage' is: 'Sauce Labs Backpack'

2023-08-31 15:38:52 - [TEST_STEP][PASSED] - deskripsi1_homepage = getText(findTestObject("Product/deskripsi_product1_homepage"), STOP_ON_FAILURE): Text of object 'Object Repository/Product/deskripsi_product1_homepage' is: 'carry.allTheThings() with the sleek, streamlined Sly Pack that melds uncompromising style with unequaled laptop and tablet protection.'

2023-08-31 15:38:52 - [MESSAGE][PASSED] - Text of object 'Object Repository/Product/deskripsi_product1_homepage' is: 'carry.allTheThings() with the sleek, streamlined Sly Pack that melds uncompromising style with unequaled laptop and tablet protection.'

2023-08-31 15:38:52 - [TEST_STEP][PASSED] - harga1_homepage = getText(findTestObject("Product/harga_produk1_homepage")): Text of object 'Object Repository/Product/harga_produk1_homepage' is: '$29.99'

2023-08-31 15:38:52 - [MESSAGE][PASSED] - Text of object 'Object Repository/Product/harga_produk1_homepage' is: '$29.99'

2023-08-31 15:38:52 - [TEST_STEP][PASSED] - click(findTestObject("Product/nama_product1_homepage")): Object: 'Object Repository/Product/nama_product1_homepage' is clicked on

2023-08-31 15:38:53 - [MESSAGE][PASSED] - Object: 'Object Repository/Product/nama_product1_homepage' is clicked on

2023-08-31 15:38:53 - [TEST_STEP][PASSED] - nama1_deskripsi = getText(findTestObject("Product/nama_produk_1_deskripsi"), STOP_ON_FAILURE): Text of object 'Object Repository/Product/nama_produk_1_deskripsi' is: 'Sauce Labs Backpack'

2023-08-31 15:38:53 - [MESSAGE][PASSED] - Text of object 'Object Repository/Product/nama_produk_1_deskripsi' is: 'Sauce Labs Backpack'

2023-08-31 15:38:53 - [TEST_STEP][PASSED] - deskripsi1_deskripsi = getText(findTestObject("Product/deskripsi_produk_1_deskripsi"), STOP_ON_FAILURE): Text of object 'Object Repository/Product/deskripsi_produk_1_deskripsi' is: 'carry.allTheThings() with the sleek, streamlined Sly Pack that melds uncompromising style with unequaled laptop and tablet protection.'

2023-08-31 15:38:54 - [MESSAGE][PASSED] - Text of object 'Object Repository/Product/deskripsi_produk_1_deskripsi' is: 'carry.allTheThings() with the sleek, streamlined Sly Pack that melds uncompromising style with unequaled laptop and tablet protection.'

2023-08-31 15:38:54 - [TEST_STEP][PASSED] - harga1_deskripsi = getText(findTestObject("Product/harga_produk_1_deskripsi"), STOP_ON_FAILURE): Text of object 'Object Repository/Product/harga_produk_1_deskripsi' is: '$29.99'

2023-08-31 15:38:54 - [MESSAGE][PASSED] - Text of object 'Object Repository/Product/harga_produk_1_deskripsi' is: '$29.99'

2023-08-31 15:38:54 - [TEST_STEP][PASSED] - verifyMatch(nama1_deskripsi, nama1_homepage, false): Actual text 'Sauce Labs Backpack' and expected text 'Sauce Labs Backpack' are matched 

2023-08-31 15:38:54 - [MESSAGE][PASSED] - Actual text 'Sauce Labs Backpack' and expected text 'Sauce Labs Backpack' are matched 

2023-08-31 15:38:54 - [TEST_STEP][PASSED] - verifyMatch(deskripsi1_deskripsi, deskripsi1_homepage, false): Actual text 'carry.allTheThings() with the sleek, streamlined Sly Pack that melds uncompromising style with unequaled laptop and tablet protection.' and expected text 'carry.allTheThings() with the sleek, streamlined Sly Pack that melds uncompromising style with unequaled laptop and tablet protection.' are matched 

2023-08-31 15:38:54 - [MESSAGE][PASSED] - Actual text 'carry.allTheThings() with the sleek, streamlined Sly Pack that melds uncompromising style with unequaled laptop and tablet protection.' and expected text 'carry.allTheThings() with the sleek, streamlined Sly Pack that melds uncompromising style with unequaled laptop and tablet protection.' are matched 

2023-08-31 15:38:54 - [TEST_STEP][PASSED] - verifyMatch(harga1_deskripsi, harga1_homepage, false): Actual text '$29.99' and expected text '$29.99' are matched 

2023-08-31 15:38:54 - [MESSAGE][PASSED] - Actual text '$29.99' and expected text '$29.99' are matched 

2023-08-31 15:38:54 - [MESSAGE][PASSED] - Call Test Case 'Test Cases/Detail Product/TC-DetailProduct-Show-001' successfully

2023-08-31 15:38:54 - [TEST_STEP][PASSED] - click(findTestObject("Product/button_Back to products")): Object: 'Object Repository/Product/button_Back to products' is clicked on

2023-08-31 15:38:55 - [MESSAGE][PASSED] - Object: 'Object Repository/Product/button_Back to products' is clicked on

2023-08-31 15:38:55 - [TEST_STEP][PASSED] - verifyElementPresent(findTestObject("Login/Verifikasi swag labs"), 0): Object 'Object Repository/Login/Verifikasi swag labs' is present

2023-08-31 15:38:55 - [MESSAGE][WARNING] - Timeout '0' is invalid. Using default page load timeout: '30'

2023-08-31 15:38:55 - [MESSAGE][PASSED] - Object 'Object Repository/Login/Verifikasi swag labs' is present]]></system-out>
         <system-err><![CDATA[]]></system-err>
      </testcase>
      <testcase name="Test Cases/Keranjang/TC-Cart-Show-003" time="22.157" classname="Test Cases/Keranjang/TC-Cart-Show-003" status="PASSED">
         <system-out><![CDATA[2023-08-31 15:38:55 - [TEST_CASE][PASSED] - Test Cases/Keranjang/TC-Cart-Show-003: Test Cases/Keranjang/TC-Cart-Show-003

2023-08-31 15:38:56 - [TEST_STEP][PASSED] - data = callTestCase(findTestCase("Products/TC-Product-AddCart-002"), [:], STOP_ON_FAILURE): Call Test Case 'Test Cases/Products/TC-Product-AddCart-002' successfully

2023-08-31 15:38:56 - [TEST_CASE][PASSED] - Test Cases/Products/TC-Product-AddCart-002: Test Cases/Products/TC-Product-AddCart-002

2023-08-31 15:38:56 - [TEST_STEP][PASSED] - data = callTestCase(findTestCase("Products/TC-Product-AddCart-001"), [:], STOP_ON_FAILURE): Call Test Case 'Test Cases/Products/TC-Product-AddCart-001' successfully

2023-08-31 15:38:56 - [TEST_CASE][PASSED] - Test Cases/Products/TC-Product-AddCart-001: Test Cases/Products/TC-Product-AddCart-001

2023-08-31 15:38:56 - [TEST_STEP][PASSED] - callTestCase(findTestCase("Products/TC-Product-Show-001"), [:], STOP_ON_FAILURE): Call Test Case 'Test Cases/Products/TC-Product-Show-001' successfully

2023-08-31 15:38:56 - [TEST_CASE][PASSED] - Test Cases/Products/TC-Product-Show-001: Test Cases/Products/TC-Product-Show-001

2023-08-31 15:38:56 - [TEST_STEP][PASSED] - callTestCase(findTestCase("Login/TC-Login-Success-001"), [:], STOP_ON_FAILURE): Call Test Case 'Test Cases/Login/TC-Login-Success-001' successfully

2023-08-31 15:38:56 - [TEST_CASE][PASSED] - Test Cases/Login/TC-Login-Success-001: Test Cases/Login/TC-Login-Success-001

2023-08-31 15:38:56 - [TEST_STEP][PASSED] - openBrowser(URL): Browser is opened with url: 'https://www.saucedemo.com/inventory.html'

2023-08-31 15:38:56 - [MESSAGE][WARNING] - A browser is already opened. Closing browser and opening a new one

2023-08-31 15:38:57 - [MESSAGE][INFO] - Starting 'Edge Chromium' driver

2023-08-31 15:38:59 - [MESSAGE][INFO] - Action delay is set to 0 milliseconds

2023-08-31 15:39:05 - [MESSAGE][PASSED] - Browser is opened with url: 'https://www.saucedemo.com/inventory.html'

2023-08-31 15:39:05 - [TEST_STEP][PASSED] - verifyElementPresent(findTestObject("Login/Verifikasi home page"), 0): Object 'Object Repository/Login/Verifikasi home page' is present

2023-08-31 15:39:06 - [MESSAGE][WARNING] - Timeout '0' is invalid. Using default page load timeout: '30'

2023-08-31 15:39:06 - [MESSAGE][PASSED] - Object 'Object Repository/Login/Verifikasi home page' is present

2023-08-31 15:39:06 - [TEST_STEP][PASSED] - setText(findTestObject("Login/Input Username"), username): Text 'standard_user' is set on object 'Object Repository/Login/Input Username'

2023-08-31 15:39:07 - [MESSAGE][PASSED] - Text 'standard_user' is set on object 'Object Repository/Login/Input Username'

2023-08-31 15:39:07 - [TEST_STEP][PASSED] - setEncryptedText(findTestObject("Login/input_Password"), password): Text ****** has been set on object 'Object Repository/Login/input_Password'

2023-08-31 15:39:08 - [MESSAGE][PASSED] - Text ****** has been set on object 'Object Repository/Login/input_Password'

2023-08-31 15:39:08 - [TEST_STEP][PASSED] - click(findTestObject("Login/Login Button")): Object: 'Object Repository/Login/Login Button' is clicked on

2023-08-31 15:39:08 - [MESSAGE][PASSED] - Object: 'Object Repository/Login/Login Button' is clicked on

2023-08-31 15:39:08 - [TEST_STEP][PASSED] - verifyElementPresent(findTestObject("Login/Verifikasi swag labs"), 0): Object 'Object Repository/Login/Verifikasi swag labs' is present

2023-08-31 15:39:08 - [MESSAGE][WARNING] - Timeout '0' is invalid. Using default page load timeout: '30'

2023-08-31 15:39:09 - [MESSAGE][PASSED] - Object 'Object Repository/Login/Verifikasi swag labs' is present

2023-08-31 15:39:09 - [MESSAGE][PASSED] - Call Test Case 'Test Cases/Login/TC-Login-Success-001' successfully

2023-08-31 15:39:09 - [MESSAGE][PASSED] - Call Test Case 'Test Cases/Products/TC-Product-Show-001' successfully

2023-08-31 15:39:09 - [TEST_STEP][PASSED] - click(findTestObject("Product/button_Add to cart_Pertama")): Object: 'Object Repository/Product/button_Add to cart_Pertama' is clicked on

2023-08-31 15:39:09 - [MESSAGE][PASSED] - Object: 'Object Repository/Product/button_Add to cart_Pertama' is clicked on

2023-08-31 15:39:09 - [TEST_STEP][PASSED] - namaproduct1_homepage = getText(findTestObject("Product/nama_product1_homepage")): Text of object 'Object Repository/Product/nama_product1_homepage' is: 'Sauce Labs Backpack'

2023-08-31 15:39:10 - [MESSAGE][PASSED] - Text of object 'Object Repository/Product/nama_product1_homepage' is: 'Sauce Labs Backpack'

2023-08-31 15:39:10 - [TEST_STEP][PASSED] - deskripsiproduct1_homepage = getText(findTestObject("Product/deskripsi_product1_homepage")): Text of object 'Object Repository/Product/deskripsi_product1_homepage' is: 'carry.allTheThings() with the sleek, streamlined Sly Pack that melds uncompromising style with unequaled laptop and tablet protection.'

2023-08-31 15:39:10 - [MESSAGE][PASSED] - Text of object 'Object Repository/Product/deskripsi_product1_homepage' is: 'carry.allTheThings() with the sleek, streamlined Sly Pack that melds uncompromising style with unequaled laptop and tablet protection.'

2023-08-31 15:39:10 - [TEST_STEP][PASSED] - hargaproduct1_homepage = getText(findTestObject("Product/harga_produk1_homepage")): Text of object 'Object Repository/Product/harga_produk1_homepage' is: '$29.99'

2023-08-31 15:39:11 - [MESSAGE][PASSED] - Text of object 'Object Repository/Product/harga_produk1_homepage' is: '$29.99'

2023-08-31 15:39:11 - [TEST_STEP][PASSED] - verifyElementNotPresent(findTestObject("Product/button_Add to cart_Pertama"), 0): Web element with id: 'Object Repository/Product/button_Add to cart_Pertama' located by 'By.xpath: //button[@id='add-to-cart-sauce-labs-backpack']' is not present after '30' second(s)

2023-08-31 15:39:11 - [MESSAGE][WARNING] - Timeout '0' is invalid. Using default page load timeout: '30'

2023-08-31 15:39:11 - [MESSAGE][PASSED] - Web element with id: 'Object Repository/Product/button_Add to cart_Pertama' located by 'By.xpath: //button[@id='add-to-cart-sauce-labs-backpack']' is not present after '30' second(s)

2023-08-31 15:39:11 - [TEST_STEP][PASSED] - verifyElementPresent(findTestObject("Product/tambahproduct"), 0): Object 'Object Repository/Product/tambahproduct' is present

2023-08-31 15:39:11 - [MESSAGE][WARNING] - Timeout '0' is invalid. Using default page load timeout: '30'

2023-08-31 15:39:11 - [MESSAGE][PASSED] - Object 'Object Repository/Product/tambahproduct' is present

2023-08-31 15:39:11 - [TEST_STEP][PASSED] - data = new java.util.HashMap(): null

2023-08-31 15:39:11 - [TEST_STEP][PASSED] - data.put("nama1_home", namaproduct1_homepage): null

2023-08-31 15:39:11 - [TEST_STEP][PASSED] - data.put("deskripsi1_home", deskripsiproduct1_homepage): null

2023-08-31 15:39:11 - [TEST_STEP][PASSED] - data.put("harga1_home", hargaproduct1_homepage): null

2023-08-31 15:39:11 - [TEST_STEP][PASSED] - return data: null

2023-08-31 15:39:11 - [MESSAGE][PASSED] - Call Test Case 'Test Cases/Products/TC-Product-AddCart-001' successfully

2023-08-31 15:39:11 - [TEST_STEP][PASSED] - click(findTestObject("Product/button_Add to cart_Kedua")): Object: 'Object Repository/Product/button_Add to cart_Kedua' is clicked on

2023-08-31 15:39:12 - [MESSAGE][PASSED] - Object: 'Object Repository/Product/button_Add to cart_Kedua' is clicked on

2023-08-31 15:39:12 - [TEST_STEP][PASSED] - nama2_home = getText(findTestObject("Cart/nama2_home")): Text of object 'Object Repository/Cart/nama2_home' is: 'Sauce Labs Bike Light'

2023-08-31 15:39:12 - [MESSAGE][PASSED] - Text of object 'Object Repository/Cart/nama2_home' is: 'Sauce Labs Bike Light'

2023-08-31 15:39:12 - [TEST_STEP][PASSED] - deskripsi2_home = getText(findTestObject("Cart/deskripsi2_home")): Text of object 'Object Repository/Cart/deskripsi2_home' is: 'A red light isn't the desired state in testing but it sure helps when riding your bike at night. Water-resistant with 3 lighting modes, 1 AAA battery included.'

2023-08-31 15:39:13 - [MESSAGE][PASSED] - Text of object 'Object Repository/Cart/deskripsi2_home' is: 'A red light isn't the desired state in testing but it sure helps when riding your bike at night. Water-resistant with 3 lighting modes, 1 AAA battery included.'

2023-08-31 15:39:13 - [TEST_STEP][PASSED] - harga2_home = getText(findTestObject("Cart/price2_home")): Text of object 'Object Repository/Cart/price2_home' is: '$9.99'

2023-08-31 15:39:13 - [MESSAGE][PASSED] - Text of object 'Object Repository/Cart/price2_home' is: '$9.99'

2023-08-31 15:39:13 - [TEST_STEP][PASSED] - verifyElementNotPresent(findTestObject("Product/button_Add to cart_Kedua"), 0): Web element with id: 'Object Repository/Product/button_Add to cart_Kedua' located by 'By.xpath: //button[@id='add-to-cart-sauce-labs-bike-light']' is not present after '30' second(s)

2023-08-31 15:39:13 - [MESSAGE][WARNING] - Timeout '0' is invalid. Using default page load timeout: '30'

2023-08-31 15:39:14 - [MESSAGE][PASSED] - Web element with id: 'Object Repository/Product/button_Add to cart_Kedua' located by 'By.xpath: //button[@id='add-to-cart-sauce-labs-bike-light']' is not present after '30' second(s)

2023-08-31 15:39:14 - [TEST_STEP][PASSED] - verifyElementPresent(findTestObject("Product/tambahproduct2"), 0): Object 'Object Repository/Product/tambahproduct2' is present

2023-08-31 15:39:14 - [MESSAGE][WARNING] - Timeout '0' is invalid. Using default page load timeout: '30'

2023-08-31 15:39:14 - [MESSAGE][PASSED] - Object 'Object Repository/Product/tambahproduct2' is present

2023-08-31 15:39:14 - [TEST_STEP][PASSED] - data.put("nama2_home", nama2_home): null

2023-08-31 15:39:14 - [TEST_STEP][PASSED] - data.put("deskripsi2_home", deskripsi2_home): null

2023-08-31 15:39:14 - [TEST_STEP][PASSED] - data.put("harga2_home", harga2_home): null

2023-08-31 15:39:14 - [TEST_STEP][PASSED] - return data: null

2023-08-31 15:39:14 - [MESSAGE][PASSED] - Call Test Case 'Test Cases/Products/TC-Product-AddCart-002' successfully

2023-08-31 15:39:14 - [TEST_STEP][PASSED] - click(findTestObject("Product/tambahproduct")): Object: 'Object Repository/Product/tambahproduct' is clicked on

2023-08-31 15:39:15 - [MESSAGE][PASSED] - Object: 'Object Repository/Product/tambahproduct' is clicked on

2023-08-31 15:39:15 - [TEST_STEP][PASSED] - nama1_home = data.get("nama1_home"): null

2023-08-31 15:39:15 - [TEST_STEP][PASSED] - deskripsi1_home = data.get("deskripsi1_home"): null

2023-08-31 15:39:15 - [TEST_STEP][PASSED] - harga1_home = data.get("harga1_home"): null

2023-08-31 15:39:15 - [TEST_STEP][PASSED] - nama1_cart = getText(findTestObject("Cart/nama1_cart")): Text of object 'Object Repository/Cart/nama1_cart' is: 'Sauce Labs Backpack'

2023-08-31 15:39:15 - [MESSAGE][PASSED] - Text of object 'Object Repository/Cart/nama1_cart' is: 'Sauce Labs Backpack'

2023-08-31 15:39:15 - [TEST_STEP][PASSED] - deskripsi1_cart = getText(findTestObject("Cart/deskripsi1_cart")): Text of object 'Object Repository/Cart/deskripsi1_cart' is: 'carry.allTheThings() with the sleek, streamlined Sly Pack that melds uncompromising style with unequaled laptop and tablet protection.'

2023-08-31 15:39:16 - [MESSAGE][PASSED] - Text of object 'Object Repository/Cart/deskripsi1_cart' is: 'carry.allTheThings() with the sleek, streamlined Sly Pack that melds uncompromising style with unequaled laptop and tablet protection.'

2023-08-31 15:39:16 - [TEST_STEP][PASSED] - harga1_cart = getText(findTestObject("Cart/price1_cart")): Text of object 'Object Repository/Cart/price1_cart' is: '$29.99'

2023-08-31 15:39:16 - [MESSAGE][PASSED] - Text of object 'Object Repository/Cart/price1_cart' is: '$29.99'

2023-08-31 15:39:16 - [TEST_STEP][PASSED] - nama2_home = data.get("nama2_home"): null

2023-08-31 15:39:16 - [TEST_STEP][PASSED] - deskripsi2_home = data.get("deskripsi2_home"): null

2023-08-31 15:39:16 - [TEST_STEP][PASSED] - harga2_home = data.get("harga2_home"): null

2023-08-31 15:39:16 - [TEST_STEP][PASSED] - nama2_cart = getText(findTestObject("Cart/nama2_cart")): Text of object 'Object Repository/Cart/nama2_cart' is: 'Sauce Labs Bike Light'

2023-08-31 15:39:17 - [MESSAGE][PASSED] - Text of object 'Object Repository/Cart/nama2_cart' is: 'Sauce Labs Bike Light'

2023-08-31 15:39:17 - [TEST_STEP][PASSED] - deskripsi2_cart = getText(findTestObject("Cart/deskripsi2_cart")): Text of object 'Object Repository/Cart/deskripsi2_cart' is: 'A red light isn't the desired state in testing but it sure helps when riding your bike at night. Water-resistant with 3 lighting modes, 1 AAA battery included.'

2023-08-31 15:39:17 - [MESSAGE][PASSED] - Text of object 'Object Repository/Cart/deskripsi2_cart' is: 'A red light isn't the desired state in testing but it sure helps when riding your bike at night. Water-resistant with 3 lighting modes, 1 AAA battery included.'

2023-08-31 15:39:17 - [TEST_STEP][PASSED] - harga2_cart = getText(findTestObject("Cart/price2_cart")): Text of object 'Object Repository/Cart/price2_cart' is: '$9.99'

2023-08-31 15:39:17 - [MESSAGE][PASSED] - Text of object 'Object Repository/Cart/price2_cart' is: '$9.99'

2023-08-31 15:39:17 - [TEST_STEP][PASSED] - verifyMatch(nama1_cart, nama1_home, false): Actual text 'Sauce Labs Backpack' and expected text 'Sauce Labs Backpack' are matched 

2023-08-31 15:39:17 - [MESSAGE][PASSED] - Actual text 'Sauce Labs Backpack' and expected text 'Sauce Labs Backpack' are matched 

2023-08-31 15:39:17 - [TEST_STEP][PASSED] - verifyMatch(deskripsi1_cart, deskripsi1_home, false): Actual text 'carry.allTheThings() with the sleek, streamlined Sly Pack that melds uncompromising style with unequaled laptop and tablet protection.' and expected text 'carry.allTheThings() with the sleek, streamlined Sly Pack that melds uncompromising style with unequaled laptop and tablet protection.' are matched 

2023-08-31 15:39:17 - [MESSAGE][PASSED] - Actual text 'carry.allTheThings() with the sleek, streamlined Sly Pack that melds uncompromising style with unequaled laptop and tablet protection.' and expected text 'carry.allTheThings() with the sleek, streamlined Sly Pack that melds uncompromising style with unequaled laptop and tablet protection.' are matched 

2023-08-31 15:39:17 - [TEST_STEP][PASSED] - verifyMatch(harga1_cart, harga1_home, false): Actual text '$29.99' and expected text '$29.99' are matched 

2023-08-31 15:39:17 - [MESSAGE][PASSED] - Actual text '$29.99' and expected text '$29.99' are matched 

2023-08-31 15:39:17 - [TEST_STEP][PASSED] - verifyMatch(nama2_cart, nama2_home, false): Actual text 'Sauce Labs Bike Light' and expected text 'Sauce Labs Bike Light' are matched 

2023-08-31 15:39:17 - [MESSAGE][PASSED] - Actual text 'Sauce Labs Bike Light' and expected text 'Sauce Labs Bike Light' are matched 

2023-08-31 15:39:17 - [TEST_STEP][PASSED] - verifyMatch(deskripsi2_cart, deskripsi2_home, false): Actual text 'A red light isn't the desired state in testing but it sure helps when riding your bike at night. Water-resistant with 3 lighting modes, 1 AAA battery included.' and expected text 'A red light isn't the desired state in testing but it sure helps when riding your bike at night. Water-resistant with 3 lighting modes, 1 AAA battery included.' are matched 

2023-08-31 15:39:17 - [MESSAGE][PASSED] - Actual text 'A red light isn't the desired state in testing but it sure helps when riding your bike at night. Water-resistant with 3 lighting modes, 1 AAA battery included.' and expected text 'A red light isn't the desired state in testing but it sure helps when riding your bike at night. Water-resistant with 3 lighting modes, 1 AAA battery included.' are matched 

2023-08-31 15:39:17 - [TEST_STEP][PASSED] - verifyMatch(harga2_cart, harga2_home, false): Actual text '$9.99' and expected text '$9.99' are matched 

2023-08-31 15:39:17 - [MESSAGE][PASSED] - Actual text '$9.99' and expected text '$9.99' are matched 

2023-08-31 15:39:17 - [TEST_STEP][PASSED] - return data: null]]></system-out>
         <system-err><![CDATA[]]></system-err>
      </testcase>
      <testcase name="Test Cases/Keranjang/TC-Cart-Show-002" time="15.497" classname="Test Cases/Keranjang/TC-Cart-Show-002" status="PASSED">
         <system-out><![CDATA[2023-08-31 15:39:17 - [TEST_CASE][PASSED] - Test Cases/Keranjang/TC-Cart-Show-002: Test Cases/Keranjang/TC-Cart-Show-002

2023-08-31 15:39:18 - [TEST_STEP][PASSED] - data = callTestCase(findTestCase("Products/TC-Product-AddCart-001"), [:], STOP_ON_FAILURE): Call Test Case 'Test Cases/Products/TC-Product-AddCart-001' successfully

2023-08-31 15:39:18 - [TEST_CASE][PASSED] - Test Cases/Products/TC-Product-AddCart-001: Test Cases/Products/TC-Product-AddCart-001

2023-08-31 15:39:18 - [TEST_STEP][PASSED] - callTestCase(findTestCase("Products/TC-Product-Show-001"), [:], STOP_ON_FAILURE): Call Test Case 'Test Cases/Products/TC-Product-Show-001' successfully

2023-08-31 15:39:18 - [TEST_CASE][PASSED] - Test Cases/Products/TC-Product-Show-001: Test Cases/Products/TC-Product-Show-001

2023-08-31 15:39:18 - [TEST_STEP][PASSED] - callTestCase(findTestCase("Login/TC-Login-Success-001"), [:], STOP_ON_FAILURE): Call Test Case 'Test Cases/Login/TC-Login-Success-001' successfully

2023-08-31 15:39:18 - [TEST_CASE][PASSED] - Test Cases/Login/TC-Login-Success-001: Test Cases/Login/TC-Login-Success-001

2023-08-31 15:39:18 - [TEST_STEP][PASSED] - openBrowser(URL): Browser is opened with url: 'https://www.saucedemo.com/inventory.html'

2023-08-31 15:39:18 - [MESSAGE][WARNING] - A browser is already opened. Closing browser and opening a new one

2023-08-31 15:39:19 - [MESSAGE][INFO] - Starting 'Edge Chromium' driver

2023-08-31 15:39:21 - [MESSAGE][INFO] - Action delay is set to 0 milliseconds

2023-08-31 15:39:25 - [MESSAGE][PASSED] - Browser is opened with url: 'https://www.saucedemo.com/inventory.html'

2023-08-31 15:39:25 - [TEST_STEP][PASSED] - verifyElementPresent(findTestObject("Login/Verifikasi home page"), 0): Object 'Object Repository/Login/Verifikasi home page' is present

2023-08-31 15:39:25 - [MESSAGE][WARNING] - Timeout '0' is invalid. Using default page load timeout: '30'

2023-08-31 15:39:26 - [MESSAGE][PASSED] - Object 'Object Repository/Login/Verifikasi home page' is present

2023-08-31 15:39:26 - [TEST_STEP][PASSED] - setText(findTestObject("Login/Input Username"), username): Text 'standard_user' is set on object 'Object Repository/Login/Input Username'

2023-08-31 15:39:27 - [MESSAGE][PASSED] - Text 'standard_user' is set on object 'Object Repository/Login/Input Username'

2023-08-31 15:39:27 - [TEST_STEP][PASSED] - setEncryptedText(findTestObject("Login/input_Password"), password): Text ****** has been set on object 'Object Repository/Login/input_Password'

2023-08-31 15:39:27 - [MESSAGE][PASSED] - Text ****** has been set on object 'Object Repository/Login/input_Password'

2023-08-31 15:39:27 - [TEST_STEP][PASSED] - click(findTestObject("Login/Login Button")): Object: 'Object Repository/Login/Login Button' is clicked on

2023-08-31 15:39:28 - [MESSAGE][PASSED] - Object: 'Object Repository/Login/Login Button' is clicked on

2023-08-31 15:39:28 - [TEST_STEP][PASSED] - verifyElementPresent(findTestObject("Login/Verifikasi swag labs"), 0): Object 'Object Repository/Login/Verifikasi swag labs' is present

2023-08-31 15:39:28 - [MESSAGE][WARNING] - Timeout '0' is invalid. Using default page load timeout: '30'

2023-08-31 15:39:28 - [MESSAGE][PASSED] - Object 'Object Repository/Login/Verifikasi swag labs' is present

2023-08-31 15:39:28 - [MESSAGE][PASSED] - Call Test Case 'Test Cases/Login/TC-Login-Success-001' successfully

2023-08-31 15:39:28 - [MESSAGE][PASSED] - Call Test Case 'Test Cases/Products/TC-Product-Show-001' successfully

2023-08-31 15:39:28 - [TEST_STEP][PASSED] - click(findTestObject("Product/button_Add to cart_Pertama")): Object: 'Object Repository/Product/button_Add to cart_Pertama' is clicked on

2023-08-31 15:39:29 - [MESSAGE][PASSED] - Object: 'Object Repository/Product/button_Add to cart_Pertama' is clicked on

2023-08-31 15:39:29 - [TEST_STEP][PASSED] - namaproduct1_homepage = getText(findTestObject("Product/nama_product1_homepage")): Text of object 'Object Repository/Product/nama_product1_homepage' is: 'Sauce Labs Backpack'

2023-08-31 15:39:29 - [MESSAGE][PASSED] - Text of object 'Object Repository/Product/nama_product1_homepage' is: 'Sauce Labs Backpack'

2023-08-31 15:39:29 - [TEST_STEP][PASSED] - deskripsiproduct1_homepage = getText(findTestObject("Product/deskripsi_product1_homepage")): Text of object 'Object Repository/Product/deskripsi_product1_homepage' is: 'carry.allTheThings() with the sleek, streamlined Sly Pack that melds uncompromising style with unequaled laptop and tablet protection.'

2023-08-31 15:39:30 - [MESSAGE][PASSED] - Text of object 'Object Repository/Product/deskripsi_product1_homepage' is: 'carry.allTheThings() with the sleek, streamlined Sly Pack that melds uncompromising style with unequaled laptop and tablet protection.'

2023-08-31 15:39:30 - [TEST_STEP][PASSED] - hargaproduct1_homepage = getText(findTestObject("Product/harga_produk1_homepage")): Text of object 'Object Repository/Product/harga_produk1_homepage' is: '$29.99'

2023-08-31 15:39:30 - [MESSAGE][PASSED] - Text of object 'Object Repository/Product/harga_produk1_homepage' is: '$29.99'

2023-08-31 15:39:30 - [TEST_STEP][PASSED] - verifyElementNotPresent(findTestObject("Product/button_Add to cart_Pertama"), 0): Web element with id: 'Object Repository/Product/button_Add to cart_Pertama' located by 'By.xpath: //button[@id='add-to-cart-sauce-labs-backpack']' is not present after '30' second(s)

2023-08-31 15:39:31 - [MESSAGE][WARNING] - Timeout '0' is invalid. Using default page load timeout: '30'

2023-08-31 15:39:31 - [MESSAGE][PASSED] - Web element with id: 'Object Repository/Product/button_Add to cart_Pertama' located by 'By.xpath: //button[@id='add-to-cart-sauce-labs-backpack']' is not present after '30' second(s)

2023-08-31 15:39:31 - [TEST_STEP][PASSED] - verifyElementPresent(findTestObject("Product/tambahproduct"), 0): Object 'Object Repository/Product/tambahproduct' is present

2023-08-31 15:39:31 - [MESSAGE][WARNING] - Timeout '0' is invalid. Using default page load timeout: '30'

2023-08-31 15:39:31 - [MESSAGE][PASSED] - Object 'Object Repository/Product/tambahproduct' is present

2023-08-31 15:39:31 - [TEST_STEP][PASSED] - data = new java.util.HashMap(): null

2023-08-31 15:39:31 - [TEST_STEP][PASSED] - data.put("nama1_home", namaproduct1_homepage): null

2023-08-31 15:39:31 - [TEST_STEP][PASSED] - data.put("deskripsi1_home", deskripsiproduct1_homepage): null

2023-08-31 15:39:31 - [TEST_STEP][PASSED] - data.put("harga1_home", hargaproduct1_homepage): null

2023-08-31 15:39:31 - [TEST_STEP][PASSED] - return data: null

2023-08-31 15:39:31 - [MESSAGE][PASSED] - Call Test Case 'Test Cases/Products/TC-Product-AddCart-001' successfully

2023-08-31 15:39:31 - [TEST_STEP][PASSED] - click(findTestObject("Product/tambahproduct")): Object: 'Object Repository/Product/tambahproduct' is clicked on

2023-08-31 15:39:32 - [MESSAGE][PASSED] - Object: 'Object Repository/Product/tambahproduct' is clicked on

2023-08-31 15:39:32 - [TEST_STEP][PASSED] - nama1_home = data.get("nama1_home"): null

2023-08-31 15:39:32 - [TEST_STEP][PASSED] - deskripsi1_home = data.get("deskripsi1_home"): null

2023-08-31 15:39:32 - [TEST_STEP][PASSED] - harga1_home = data.get("harga1_home"): null

2023-08-31 15:39:32 - [TEST_STEP][PASSED] - nama1_cart = getText(findTestObject("Cart/nama1_cart")): Text of object 'Object Repository/Cart/nama1_cart' is: 'Sauce Labs Backpack'

2023-08-31 15:39:32 - [MESSAGE][PASSED] - Text of object 'Object Repository/Cart/nama1_cart' is: 'Sauce Labs Backpack'

2023-08-31 15:39:32 - [TEST_STEP][PASSED] - deskripsi1_cart = getText(findTestObject("Cart/deskripsi1_cart")): Text of object 'Object Repository/Cart/deskripsi1_cart' is: 'carry.allTheThings() with the sleek, streamlined Sly Pack that melds uncompromising style with unequaled laptop and tablet protection.'

2023-08-31 15:39:33 - [MESSAGE][PASSED] - Text of object 'Object Repository/Cart/deskripsi1_cart' is: 'carry.allTheThings() with the sleek, streamlined Sly Pack that melds uncompromising style with unequaled laptop and tablet protection.'

2023-08-31 15:39:33 - [TEST_STEP][PASSED] - harga1_cart = getText(findTestObject("Cart/price1_cart")): Text of object 'Object Repository/Cart/price1_cart' is: '$29.99'

2023-08-31 15:39:33 - [MESSAGE][PASSED] - Text of object 'Object Repository/Cart/price1_cart' is: '$29.99'

2023-08-31 15:39:33 - [TEST_STEP][PASSED] - verifyMatch(nama1_cart, nama1_home, false): Actual text 'Sauce Labs Backpack' and expected text 'Sauce Labs Backpack' are matched 

2023-08-31 15:39:33 - [MESSAGE][PASSED] - Actual text 'Sauce Labs Backpack' and expected text 'Sauce Labs Backpack' are matched 

2023-08-31 15:39:33 - [TEST_STEP][PASSED] - verifyMatch(deskripsi1_cart, deskripsi1_home, false): Actual text 'carry.allTheThings() with the sleek, streamlined Sly Pack that melds uncompromising style with unequaled laptop and tablet protection.' and expected text 'carry.allTheThings() with the sleek, streamlined Sly Pack that melds uncompromising style with unequaled laptop and tablet protection.' are matched 

2023-08-31 15:39:33 - [MESSAGE][PASSED] - Actual text 'carry.allTheThings() with the sleek, streamlined Sly Pack that melds uncompromising style with unequaled laptop and tablet protection.' and expected text 'carry.allTheThings() with the sleek, streamlined Sly Pack that melds uncompromising style with unequaled laptop and tablet protection.' are matched 

2023-08-31 15:39:33 - [TEST_STEP][PASSED] - verifyMatch(harga1_cart, harga1_home, false): Actual text '$29.99' and expected text '$29.99' are matched 

2023-08-31 15:39:33 - [MESSAGE][PASSED] - Actual text '$29.99' and expected text '$29.99' are matched 

2023-08-31 15:39:33 - [TEST_STEP][PASSED] - return data: null]]></system-out>
         <system-err><![CDATA[]]></system-err>
      </testcase>
      <testcase name="Test Cases/Keranjang/TC-Cart-Show-001" time="12.322" classname="Test Cases/Keranjang/TC-Cart-Show-001" status="PASSED">
         <system-out><![CDATA[2023-08-31 15:39:33 - [TEST_CASE][PASSED] - Test Cases/Keranjang/TC-Cart-Show-001: Test Cases/Keranjang/TC-Cart-Show-001

2023-08-31 15:39:33 - [TEST_STEP][PASSED] - callTestCase(findTestCase("Login/TC-Login-Success-001"), [:], STOP_ON_FAILURE): Call Test Case 'Test Cases/Login/TC-Login-Success-001' successfully

2023-08-31 15:39:34 - [TEST_CASE][PASSED] - Test Cases/Login/TC-Login-Success-001: Test Cases/Login/TC-Login-Success-001

2023-08-31 15:39:34 - [TEST_STEP][PASSED] - openBrowser(URL): Browser is opened with url: 'https://www.saucedemo.com/inventory.html'

2023-08-31 15:39:34 - [MESSAGE][WARNING] - A browser is already opened. Closing browser and opening a new one

2023-08-31 15:39:35 - [MESSAGE][INFO] - Starting 'Edge Chromium' driver

2023-08-31 15:39:37 - [MESSAGE][INFO] - Action delay is set to 0 milliseconds

2023-08-31 15:39:41 - [MESSAGE][PASSED] - Browser is opened with url: 'https://www.saucedemo.com/inventory.html'

2023-08-31 15:39:41 - [TEST_STEP][PASSED] - verifyElementPresent(findTestObject("Login/Verifikasi home page"), 0): Object 'Object Repository/Login/Verifikasi home page' is present

2023-08-31 15:39:41 - [MESSAGE][WARNING] - Timeout '0' is invalid. Using default page load timeout: '30'

2023-08-31 15:39:41 - [MESSAGE][PASSED] - Object 'Object Repository/Login/Verifikasi home page' is present

2023-08-31 15:39:41 - [TEST_STEP][PASSED] - setText(findTestObject("Login/Input Username"), username): Text 'standard_user' is set on object 'Object Repository/Login/Input Username'

2023-08-31 15:39:42 - [MESSAGE][PASSED] - Text 'standard_user' is set on object 'Object Repository/Login/Input Username'

2023-08-31 15:39:42 - [TEST_STEP][PASSED] - setEncryptedText(findTestObject("Login/input_Password"), password): Text ****** has been set on object 'Object Repository/Login/input_Password'

2023-08-31 15:39:43 - [MESSAGE][PASSED] - Text ****** has been set on object 'Object Repository/Login/input_Password'

2023-08-31 15:39:43 - [TEST_STEP][PASSED] - click(findTestObject("Login/Login Button")): Object: 'Object Repository/Login/Login Button' is clicked on

2023-08-31 15:39:44 - [MESSAGE][PASSED] - Object: 'Object Repository/Login/Login Button' is clicked on

2023-08-31 15:39:44 - [TEST_STEP][PASSED] - verifyElementPresent(findTestObject("Login/Verifikasi swag labs"), 0): Object 'Object Repository/Login/Verifikasi swag labs' is present

2023-08-31 15:39:44 - [MESSAGE][WARNING] - Timeout '0' is invalid. Using default page load timeout: '30'

2023-08-31 15:39:44 - [MESSAGE][PASSED] - Object 'Object Repository/Login/Verifikasi swag labs' is present

2023-08-31 15:39:44 - [MESSAGE][PASSED] - Call Test Case 'Test Cases/Login/TC-Login-Success-001' successfully

2023-08-31 15:39:44 - [TEST_STEP][PASSED] - click(findTestObject("Product/button cart")): Object: 'Object Repository/Product/button cart' is clicked on

2023-08-31 15:39:45 - [MESSAGE][PASSED] - Object: 'Object Repository/Product/button cart' is clicked on

2023-08-31 15:39:45 - [TEST_STEP][PASSED] - verifyElementPresent(findTestObject("Cart/Cart Page"), 0): Object 'Object Repository/Cart/Cart Page' is present

2023-08-31 15:39:45 - [MESSAGE][WARNING] - Timeout '0' is invalid. Using default page load timeout: '30'

2023-08-31 15:39:45 - [MESSAGE][PASSED] - Object 'Object Repository/Cart/Cart Page' is present]]></system-out>
         <system-err><![CDATA[]]></system-err>
      </testcase>
      <testcase name="Test Cases/Keranjang/TC-Cart-Remove-001" time="46.576" classname="Test Cases/Keranjang/TC-Cart-Remove-001" status="FAILED">
         <failure type="FAILED" message="Test Cases/Keranjang/TC-Cart-Remove-001 FAILED.
Reason:
com.kms.katalon.core.exception.StepFailedException: Unable to verify object 'Object Repository/Product/tambahproduct' is present
	at com.kms.katalon.core.webui.keyword.internal.WebUIKeywordMain.stepFailed(WebUIKeywordMain.groovy:64)
	at com.kms.katalon.core.webui.keyword.internal.WebUIKeywordMain.runKeyword(WebUIKeywordMain.groovy:26)
	at com.kms.katalon.core.webui.keyword.builtin.VerifyElementPresentKeyword.verifyElementPresent(VerifyElementPresentKeyword.groovy:92)
	at com.kms.katalon.core.webui.keyword.builtin.VerifyElementPresentKeyword.execute(VerifyElementPresentKeyword.groovy:68)
	at com.kms.katalon.core.keyword.internal.KeywordExecutor.executeKeywordForPlatform(KeywordExecutor.groovy:74)
	at com.kms.katalon.core.webui.keyword.WebUiBuiltInKeywords.verifyElementPresent(WebUiBuiltInKeywords.groovy:1464)
	at com.kms.katalon.core.webui.keyword.WebUiBuiltInKeywords$verifyElementPresent$0.call(Unknown Source)
	at TC-Cart-Remove-001.run(TC-Cart-Remove-001:24)
	at com.kms.katalon.core.main.ScriptEngine.run(ScriptEngine.java:194)
	at com.kms.katalon.core.main.ScriptEngine.runScriptAsRawText(ScriptEngine.java:119)
	at com.kms.katalon.core.main.TestCaseExecutor.runScript(TestCaseExecutor.java:448)
	at com.kms.katalon.core.main.TestCaseExecutor.doExecute(TestCaseExecutor.java:439)
	at com.kms.katalon.core.main.TestCaseExecutor.processExecutionPhase(TestCaseExecutor.java:418)
	at com.kms.katalon.core.main.TestCaseExecutor.accessMainPhase(TestCaseExecutor.java:410)
	at com.kms.katalon.core.main.TestCaseExecutor.execute(TestCaseExecutor.java:285)
	at com.kms.katalon.core.main.TestCaseExecutor.execute(TestCaseExecutor.java:369)
	at com.kms.katalon.core.main.TestCaseExecutor.execute(TestCaseExecutor.java:369)
	at com.kms.katalon.core.main.TestCaseExecutor.execute(TestCaseExecutor.java:369)
	at com.kms.katalon.core.common.CommonExecutor.accessTestCaseMainPhase(CommonExecutor.java:65)
	at com.kms.katalon.core.main.TestSuiteExecutor.accessTestSuiteMainPhase(TestSuiteExecutor.java:148)
	at com.kms.katalon.core.main.TestSuiteExecutor.execute(TestSuiteExecutor.java:106)
	at com.kms.katalon.core.main.TestCaseMain.startTestSuite(TestCaseMain.java:187)
	at com.kms.katalon.core.main.TestCaseMain$startTestSuite$0.call(Unknown Source)
	at TempTestSuite1693470683054.run(TempTestSuite1693470683054.groovy:36)
Caused by: com.kms.katalon.core.exception.StepFailedException: com.kms.katalon.core.webui.exception.WebElementNotFoundException: Web element with id: 'Object Repository/Product/tambahproduct' located by '//*[@id=&quot;shopping_cart_container&quot;]/a/span' not found
	at com.kms.katalon.core.webui.keyword.internal.WebUIKeywordMain.stepFailed(WebUIKeywordMain.groovy:64)
	at com.kms.katalon.core.webui.keyword.builtin.VerifyElementPresentKeyword$_verifyElementPresent_closure1.doCall(VerifyElementPresentKeyword.groovy:85)
	at com.kms.katalon.core.webui.keyword.builtin.VerifyElementPresentKeyword$_verifyElementPresent_closure1.call(VerifyElementPresentKeyword.groovy)
	at com.kms.katalon.core.webui.keyword.internal.WebUIKeywordMain.runKeyword(WebUIKeywordMain.groovy:20)
	... 22 more
"/>
         <system-out><![CDATA[2023-08-31 15:42:07 - [TEST_CASE][FAILED] - Test Cases/Keranjang/TC-Cart-Remove-001: Test Cases/Keranjang/TC-Cart-Remove-001 FAILED.
Reason:
com.kms.katalon.core.exception.StepFailedException: Unable to verify object 'Object Repository/Product/tambahproduct' is present
	at com.kms.katalon.core.webui.keyword.internal.WebUIKeywordMain.stepFailed(WebUIKeywordMain.groovy:64)
	at com.kms.katalon.core.webui.keyword.internal.WebUIKeywordMain.runKeyword(WebUIKeywordMain.groovy:26)
	at com.kms.katalon.core.webui.keyword.builtin.VerifyElementPresentKeyword.verifyElementPresent(VerifyElementPresentKeyword.groovy:92)
	at com.kms.katalon.core.webui.keyword.builtin.VerifyElementPresentKeyword.execute(VerifyElementPresentKeyword.groovy:68)
	at com.kms.katalon.core.keyword.internal.KeywordExecutor.executeKeywordForPlatform(KeywordExecutor.groovy:74)
	at com.kms.katalon.core.webui.keyword.WebUiBuiltInKeywords.verifyElementPresent(WebUiBuiltInKeywords.groovy:1464)
	at com.kms.katalon.core.webui.keyword.WebUiBuiltInKeywords$verifyElementPresent$0.call(Unknown Source)
	at TC-Cart-Remove-001.run(TC-Cart-Remove-001:24)
	at com.kms.katalon.core.main.ScriptEngine.run(ScriptEngine.java:194)
	at com.kms.katalon.core.main.ScriptEngine.runScriptAsRawText(ScriptEngine.java:119)
	at com.kms.katalon.core.main.TestCaseExecutor.runScript(TestCaseExecutor.java:448)
	at com.kms.katalon.core.main.TestCaseExecutor.doExecute(TestCaseExecutor.java:439)
	at com.kms.katalon.core.main.TestCaseExecutor.processExecutionPhase(TestCaseExecutor.java:418)
	at com.kms.katalon.core.main.TestCaseExecutor.accessMainPhase(TestCaseExecutor.java:410)
	at com.kms.katalon.core.main.TestCaseExecutor.execute(TestCaseExecutor.java:285)
	at com.kms.katalon.core.main.TestCaseExecutor.execute(TestCaseExecutor.java:369)
	at com.kms.katalon.core.main.TestCaseExecutor.execute(TestCaseExecutor.java:369)
	at com.kms.katalon.core.main.TestCaseExecutor.execute(TestCaseExecutor.java:369)
	at com.kms.katalon.core.common.CommonExecutor.accessTestCaseMainPhase(CommonExecutor.java:65)
	at com.kms.katalon.core.main.TestSuiteExecutor.accessTestSuiteMainPhase(TestSuiteExecutor.java:148)
	at com.kms.katalon.core.main.TestSuiteExecutor.execute(TestSuiteExecutor.java:106)
	at com.kms.katalon.core.main.TestCaseMain.startTestSuite(TestCaseMain.java:187)
	at com.kms.katalon.core.main.TestCaseMain$startTestSuite$0.call(Unknown Source)
	at TempTestSuite1693470683054.run(TempTestSuite1693470683054.groovy:36)
Caused by: com.kms.katalon.core.exception.StepFailedException: com.kms.katalon.core.webui.exception.WebElementNotFoundException: Web element with id: 'Object Repository/Product/tambahproduct' located by '//*[@id="shopping_cart_container"]/a/span' not found
	at com.kms.katalon.core.webui.keyword.internal.WebUIKeywordMain.stepFailed(WebUIKeywordMain.groovy:64)
	at com.kms.katalon.core.webui.keyword.builtin.VerifyElementPresentKeyword$_verifyElementPresent_closure1.doCall(VerifyElementPresentKeyword.groovy:85)
	at com.kms.katalon.core.webui.keyword.builtin.VerifyElementPresentKeyword$_verifyElementPresent_closure1.call(VerifyElementPresentKeyword.groovy)
	at com.kms.katalon.core.webui.keyword.internal.WebUIKeywordMain.runKeyword(WebUIKeywordMain.groovy:20)
	... 22 more


2023-08-31 15:42:07 - [TEST_STEP][PASSED] - callTestCase(findTestCase("Keranjang/TC-Cart-Show-002"), [:], STOP_ON_FAILURE): Call Test Case 'Test Cases/Keranjang/TC-Cart-Show-002' successfully

2023-08-31 15:42:07 - [TEST_CASE][PASSED] - Test Cases/Keranjang/TC-Cart-Show-002: Test Cases/Keranjang/TC-Cart-Show-002

2023-08-31 15:42:07 - [TEST_STEP][PASSED] - data = callTestCase(findTestCase("Products/TC-Product-AddCart-001"), [:], STOP_ON_FAILURE): Call Test Case 'Test Cases/Products/TC-Product-AddCart-001' successfully

2023-08-31 15:42:07 - [TEST_CASE][PASSED] - Test Cases/Products/TC-Product-AddCart-001: Test Cases/Products/TC-Product-AddCart-001

2023-08-31 15:42:07 - [TEST_STEP][PASSED] - callTestCase(findTestCase("Products/TC-Product-Show-001"), [:], STOP_ON_FAILURE): Call Test Case 'Test Cases/Products/TC-Product-Show-001' successfully

2023-08-31 15:42:07 - [TEST_CASE][PASSED] - Test Cases/Products/TC-Product-Show-001: Test Cases/Products/TC-Product-Show-001

2023-08-31 15:42:07 - [TEST_STEP][PASSED] - callTestCase(findTestCase("Login/TC-Login-Success-001"), [:], STOP_ON_FAILURE): Call Test Case 'Test Cases/Login/TC-Login-Success-001' successfully

2023-08-31 15:42:07 - [TEST_CASE][PASSED] - Test Cases/Login/TC-Login-Success-001: Test Cases/Login/TC-Login-Success-001

2023-08-31 15:42:07 - [TEST_STEP][PASSED] - openBrowser(URL): Browser is opened with url: 'https://www.saucedemo.com/inventory.html'

2023-08-31 15:42:07 - [MESSAGE][WARNING] - A browser is already opened. Closing browser and opening a new one

2023-08-31 15:42:08 - [MESSAGE][INFO] - Starting 'Edge Chromium' driver

2023-08-31 15:42:10 - [MESSAGE][INFO] - Action delay is set to 0 milliseconds

2023-08-31 15:42:13 - [MESSAGE][PASSED] - Browser is opened with url: 'https://www.saucedemo.com/inventory.html'

2023-08-31 15:42:13 - [TEST_STEP][PASSED] - verifyElementPresent(findTestObject("Login/Verifikasi home page"), 0): Object 'Object Repository/Login/Verifikasi home page' is present

2023-08-31 15:42:13 - [MESSAGE][WARNING] - Timeout '0' is invalid. Using default page load timeout: '30'

2023-08-31 15:42:14 - [MESSAGE][PASSED] - Object 'Object Repository/Login/Verifikasi home page' is present

2023-08-31 15:42:14 - [TEST_STEP][PASSED] - setText(findTestObject("Login/Input Username"), username): Text 'standard_user' is set on object 'Object Repository/Login/Input Username'

2023-08-31 15:42:15 - [MESSAGE][PASSED] - Text 'standard_user' is set on object 'Object Repository/Login/Input Username'

2023-08-31 15:42:15 - [TEST_STEP][PASSED] - setEncryptedText(findTestObject("Login/input_Password"), password): Text ****** has been set on object 'Object Repository/Login/input_Password'

2023-08-31 15:42:15 - [MESSAGE][PASSED] - Text ****** has been set on object 'Object Repository/Login/input_Password'

2023-08-31 15:42:15 - [TEST_STEP][PASSED] - click(findTestObject("Login/Login Button")): Object: 'Object Repository/Login/Login Button' is clicked on

2023-08-31 15:42:16 - [MESSAGE][PASSED] - Object: 'Object Repository/Login/Login Button' is clicked on

2023-08-31 15:42:16 - [TEST_STEP][PASSED] - verifyElementPresent(findTestObject("Login/Verifikasi swag labs"), 0): Object 'Object Repository/Login/Verifikasi swag labs' is present

2023-08-31 15:42:16 - [MESSAGE][WARNING] - Timeout '0' is invalid. Using default page load timeout: '30'

2023-08-31 15:42:16 - [MESSAGE][PASSED] - Object 'Object Repository/Login/Verifikasi swag labs' is present

2023-08-31 15:42:16 - [MESSAGE][PASSED] - Call Test Case 'Test Cases/Login/TC-Login-Success-001' successfully

2023-08-31 15:42:16 - [MESSAGE][PASSED] - Call Test Case 'Test Cases/Products/TC-Product-Show-001' successfully

2023-08-31 15:42:16 - [TEST_STEP][PASSED] - click(findTestObject("Product/button_Add to cart_Pertama")): Object: 'Object Repository/Product/button_Add to cart_Pertama' is clicked on

2023-08-31 15:42:17 - [MESSAGE][PASSED] - Object: 'Object Repository/Product/button_Add to cart_Pertama' is clicked on

2023-08-31 15:42:17 - [TEST_STEP][PASSED] - namaproduct1_homepage = getText(findTestObject("Product/nama_product1_homepage")): Text of object 'Object Repository/Product/nama_product1_homepage' is: 'Sauce Labs Backpack'

2023-08-31 15:42:17 - [MESSAGE][PASSED] - Text of object 'Object Repository/Product/nama_product1_homepage' is: 'Sauce Labs Backpack'

2023-08-31 15:42:17 - [TEST_STEP][PASSED] - deskripsiproduct1_homepage = getText(findTestObject("Product/deskripsi_product1_homepage")): Text of object 'Object Repository/Product/deskripsi_product1_homepage' is: 'carry.allTheThings() with the sleek, streamlined Sly Pack that melds uncompromising style with unequaled laptop and tablet protection.'

2023-08-31 15:42:18 - [MESSAGE][PASSED] - Text of object 'Object Repository/Product/deskripsi_product1_homepage' is: 'carry.allTheThings() with the sleek, streamlined Sly Pack that melds uncompromising style with unequaled laptop and tablet protection.'

2023-08-31 15:42:18 - [TEST_STEP][PASSED] - hargaproduct1_homepage = getText(findTestObject("Product/harga_produk1_homepage")): Text of object 'Object Repository/Product/harga_produk1_homepage' is: '$29.99'

2023-08-31 15:42:18 - [MESSAGE][PASSED] - Text of object 'Object Repository/Product/harga_produk1_homepage' is: '$29.99'

2023-08-31 15:42:18 - [TEST_STEP][PASSED] - verifyElementNotPresent(findTestObject("Product/button_Add to cart_Pertama"), 0): Web element with id: 'Object Repository/Product/button_Add to cart_Pertama' located by 'By.xpath: //button[@id='add-to-cart-sauce-labs-backpack']' is not present after '30' second(s)

2023-08-31 15:42:18 - [MESSAGE][WARNING] - Timeout '0' is invalid. Using default page load timeout: '30'

2023-08-31 15:42:19 - [MESSAGE][PASSED] - Web element with id: 'Object Repository/Product/button_Add to cart_Pertama' located by 'By.xpath: //button[@id='add-to-cart-sauce-labs-backpack']' is not present after '30' second(s)

2023-08-31 15:42:19 - [TEST_STEP][PASSED] - verifyElementPresent(findTestObject("Product/tambahproduct"), 0): Object 'Object Repository/Product/tambahproduct' is present

2023-08-31 15:42:19 - [MESSAGE][WARNING] - Timeout '0' is invalid. Using default page load timeout: '30'

2023-08-31 15:42:19 - [MESSAGE][PASSED] - Object 'Object Repository/Product/tambahproduct' is present

2023-08-31 15:42:19 - [TEST_STEP][PASSED] - data = new java.util.HashMap(): null

2023-08-31 15:42:19 - [TEST_STEP][PASSED] - data.put("nama1_home", namaproduct1_homepage): null

2023-08-31 15:42:19 - [TEST_STEP][PASSED] - data.put("deskripsi1_home", deskripsiproduct1_homepage): null

2023-08-31 15:42:19 - [TEST_STEP][PASSED] - data.put("harga1_home", hargaproduct1_homepage): null

2023-08-31 15:42:19 - [TEST_STEP][PASSED] - return data: null

2023-08-31 15:42:19 - [MESSAGE][PASSED] - Call Test Case 'Test Cases/Products/TC-Product-AddCart-001' successfully

2023-08-31 15:42:19 - [TEST_STEP][PASSED] - click(findTestObject("Product/tambahproduct")): Object: 'Object Repository/Product/tambahproduct' is clicked on

2023-08-31 15:42:20 - [MESSAGE][PASSED] - Object: 'Object Repository/Product/tambahproduct' is clicked on

2023-08-31 15:42:20 - [TEST_STEP][PASSED] - nama1_home = data.get("nama1_home"): null

2023-08-31 15:42:20 - [TEST_STEP][PASSED] - deskripsi1_home = data.get("deskripsi1_home"): null

2023-08-31 15:42:20 - [TEST_STEP][PASSED] - harga1_home = data.get("harga1_home"): null

2023-08-31 15:42:20 - [TEST_STEP][PASSED] - nama1_cart = getText(findTestObject("Cart/nama1_cart")): Text of object 'Object Repository/Cart/nama1_cart' is: 'Sauce Labs Backpack'

2023-08-31 15:42:20 - [MESSAGE][PASSED] - Text of object 'Object Repository/Cart/nama1_cart' is: 'Sauce Labs Backpack'

2023-08-31 15:42:20 - [TEST_STEP][PASSED] - deskripsi1_cart = getText(findTestObject("Cart/deskripsi1_cart")): Text of object 'Object Repository/Cart/deskripsi1_cart' is: 'carry.allTheThings() with the sleek, streamlined Sly Pack that melds uncompromising style with unequaled laptop and tablet protection.'

2023-08-31 15:42:20 - [MESSAGE][PASSED] - Text of object 'Object Repository/Cart/deskripsi1_cart' is: 'carry.allTheThings() with the sleek, streamlined Sly Pack that melds uncompromising style with unequaled laptop and tablet protection.'

2023-08-31 15:42:20 - [TEST_STEP][PASSED] - harga1_cart = getText(findTestObject("Cart/price1_cart")): Text of object 'Object Repository/Cart/price1_cart' is: '$29.99'

2023-08-31 15:42:21 - [MESSAGE][PASSED] - Text of object 'Object Repository/Cart/price1_cart' is: '$29.99'

2023-08-31 15:42:21 - [TEST_STEP][PASSED] - verifyMatch(nama1_cart, nama1_home, false): Actual text 'Sauce Labs Backpack' and expected text 'Sauce Labs Backpack' are matched 

2023-08-31 15:42:21 - [MESSAGE][PASSED] - Actual text 'Sauce Labs Backpack' and expected text 'Sauce Labs Backpack' are matched 

2023-08-31 15:42:21 - [TEST_STEP][PASSED] - verifyMatch(deskripsi1_cart, deskripsi1_home, false): Actual text 'carry.allTheThings() with the sleek, streamlined Sly Pack that melds uncompromising style with unequaled laptop and tablet protection.' and expected text 'carry.allTheThings() with the sleek, streamlined Sly Pack that melds uncompromising style with unequaled laptop and tablet protection.' are matched 

2023-08-31 15:42:21 - [MESSAGE][PASSED] - Actual text 'carry.allTheThings() with the sleek, streamlined Sly Pack that melds uncompromising style with unequaled laptop and tablet protection.' and expected text 'carry.allTheThings() with the sleek, streamlined Sly Pack that melds uncompromising style with unequaled laptop and tablet protection.' are matched 

2023-08-31 15:42:21 - [TEST_STEP][PASSED] - verifyMatch(harga1_cart, harga1_home, false): Actual text '$29.99' and expected text '$29.99' are matched 

2023-08-31 15:42:21 - [MESSAGE][PASSED] - Actual text '$29.99' and expected text '$29.99' are matched 

2023-08-31 15:42:21 - [TEST_STEP][PASSED] - return data: null

2023-08-31 15:42:21 - [MESSAGE][PASSED] - Call Test Case 'Test Cases/Keranjang/TC-Cart-Show-002' successfully

2023-08-31 15:42:21 - [TEST_STEP][PASSED] - click(findTestObject("Product/button_RemovediKeranjang")): Object: 'Object Repository/Product/button_RemovediKeranjang' is clicked on

2023-08-31 15:42:21 - [MESSAGE][PASSED] - Object: 'Object Repository/Product/button_RemovediKeranjang' is clicked on

2023-08-31 15:42:21 - [TEST_STEP][FAILED] - verifyElementPresent(findTestObject("Product/tambahproduct"), 0): Unable to verify object 'Object Repository/Product/tambahproduct' is present (Root cause: com.kms.katalon.core.exception.StepFailedException: Unable to verify object 'Object Repository/Product/tambahproduct' is present
	at com.kms.katalon.core.webui.keyword.internal.WebUIKeywordMain.stepFailed(WebUIKeywordMain.groovy:64)
	at com.kms.katalon.core.webui.keyword.internal.WebUIKeywordMain.runKeyword(WebUIKeywordMain.groovy:26)
	at com.kms.katalon.core.webui.keyword.builtin.VerifyElementPresentKeyword.verifyElementPresent(VerifyElementPresentKeyword.groovy:92)
	at com.kms.katalon.core.webui.keyword.builtin.VerifyElementPresentKeyword.execute(VerifyElementPresentKeyword.groovy:68)
	at com.kms.katalon.core.keyword.internal.KeywordExecutor.executeKeywordForPlatform(KeywordExecutor.groovy:74)
	at com.kms.katalon.core.webui.keyword.WebUiBuiltInKeywords.verifyElementPresent(WebUiBuiltInKeywords.groovy:1464)
	at com.kms.katalon.core.webui.keyword.WebUiBuiltInKeywords$verifyElementPresent$0.call(Unknown Source)
	at TC-Cart-Remove-001.run(TC-Cart-Remove-001:24)
	at com.kms.katalon.core.main.ScriptEngine.run(ScriptEngine.java:194)
	at com.kms.katalon.core.main.ScriptEngine.runScriptAsRawText(ScriptEngine.java:119)
	at com.kms.katalon.core.main.TestCaseExecutor.runScript(TestCaseExecutor.java:448)
	at com.kms.katalon.core.main.TestCaseExecutor.doExecute(TestCaseExecutor.java:439)
	at com.kms.katalon.core.main.TestCaseExecutor.processExecutionPhase(TestCaseExecutor.java:418)
	at com.kms.katalon.core.main.TestCaseExecutor.accessMainPhase(TestCaseExecutor.java:410)
	at com.kms.katalon.core.main.TestCaseExecutor.execute(TestCaseExecutor.java:285)
	at com.kms.katalon.core.main.TestCaseExecutor.execute(TestCaseExecutor.java:369)
	at com.kms.katalon.core.main.TestCaseExecutor.execute(TestCaseExecutor.java:369)
	at com.kms.katalon.core.main.TestCaseExecutor.execute(TestCaseExecutor.java:369)
	at com.kms.katalon.core.common.CommonExecutor.accessTestCaseMainPhase(CommonExecutor.java:65)
	at com.kms.katalon.core.main.TestSuiteExecutor.accessTestSuiteMainPhase(TestSuiteExecutor.java:148)
	at com.kms.katalon.core.main.TestSuiteExecutor.execute(TestSuiteExecutor.java:106)
	at com.kms.katalon.core.main.TestCaseMain.startTestSuite(TestCaseMain.java:187)
	at com.kms.katalon.core.main.TestCaseMain$startTestSuite$0.call(Unknown Source)
	at TempTestSuite1693470683054.run(TempTestSuite1693470683054.groovy:36)
Caused by: com.kms.katalon.core.exception.StepFailedException: com.kms.katalon.core.webui.exception.WebElementNotFoundException: Web element with id: 'Object Repository/Product/tambahproduct' located by '//*[@id="shopping_cart_container"]/a/span' not found
	at com.kms.katalon.core.webui.keyword.internal.WebUIKeywordMain.stepFailed(WebUIKeywordMain.groovy:64)
	at com.kms.katalon.core.webui.keyword.builtin.VerifyElementPresentKeyword$_verifyElementPresent_closure1.doCall(VerifyElementPresentKeyword.groovy:85)
	at com.kms.katalon.core.webui.keyword.builtin.VerifyElementPresentKeyword$_verifyElementPresent_closure1.call(VerifyElementPresentKeyword.groovy)
	at com.kms.katalon.core.webui.keyword.internal.WebUIKeywordMain.runKeyword(WebUIKeywordMain.groovy:20)
	... 22 more
)

2023-08-31 15:42:22 - [MESSAGE][WARNING] - Timeout '0' is invalid. Using default page load timeout: '30'

2023-08-31 15:42:53 - [MESSAGE][INFO] - Unable to find the element located by 'By.xpath: //*[@id="shopping_cart_container"]/a/span'. Please recheck the objects properties to make sure the desired element is located. 

2023-08-31 15:42:53 - [MESSAGE][FAILED] - com.kms.katalon.core.webui.exception.WebElementNotFoundException: Web element with id: 'Object Repository/Product/tambahproduct' located by '//*[@id="shopping_cart_container"]/a/span' not found (Root cause: com.kms.katalon.core.exception.StepFailedException: com.kms.katalon.core.webui.exception.WebElementNotFoundException: Web element with id: 'Object Repository/Product/tambahproduct' located by '//*[@id="shopping_cart_container"]/a/span' not found
	at com.kms.katalon.core.webui.keyword.internal.WebUIKeywordMain.stepFailed(WebUIKeywordMain.groovy:64)
	at com.kms.katalon.core.webui.keyword.builtin.VerifyElementPresentKeyword$_verifyElementPresent_closure1.doCall(VerifyElementPresentKeyword.groovy:85)
	at com.kms.katalon.core.webui.keyword.builtin.VerifyElementPresentKeyword$_verifyElementPresent_closure1.call(VerifyElementPresentKeyword.groovy)
	at com.kms.katalon.core.webui.keyword.internal.WebUIKeywordMain.runKeyword(WebUIKeywordMain.groovy:20)
	at com.kms.katalon.core.webui.keyword.builtin.VerifyElementPresentKeyword.verifyElementPresent(VerifyElementPresentKeyword.groovy:92)
	at com.kms.katalon.core.webui.keyword.builtin.VerifyElementPresentKeyword.execute(VerifyElementPresentKeyword.groovy:68)
	at com.kms.katalon.core.keyword.internal.KeywordExecutor.executeKeywordForPlatform(KeywordExecutor.groovy:74)
	at com.kms.katalon.core.webui.keyword.WebUiBuiltInKeywords.verifyElementPresent(WebUiBuiltInKeywords.groovy:1464)
	at com.kms.katalon.core.webui.keyword.WebUiBuiltInKeywords$verifyElementPresent$0.call(Unknown Source)
	at TC-Cart-Remove-001.run(TC-Cart-Remove-001:24)
	at com.kms.katalon.core.main.ScriptEngine.run(ScriptEngine.java:194)
	at com.kms.katalon.core.main.ScriptEngine.runScriptAsRawText(ScriptEngine.java:119)
	at com.kms.katalon.core.main.TestCaseExecutor.runScript(TestCaseExecutor.java:448)
	at com.kms.katalon.core.main.TestCaseExecutor.doExecute(TestCaseExecutor.java:439)
	at com.kms.katalon.core.main.TestCaseExecutor.processExecutionPhase(TestCaseExecutor.java:418)
	at com.kms.katalon.core.main.TestCaseExecutor.accessMainPhase(TestCaseExecutor.java:410)
	at com.kms.katalon.core.main.TestCaseExecutor.execute(TestCaseExecutor.java:285)
	at com.kms.katalon.core.main.TestCaseExecutor.execute(TestCaseExecutor.java:369)
	at com.kms.katalon.core.main.TestCaseExecutor.execute(TestCaseExecutor.java:369)
	at com.kms.katalon.core.main.TestCaseExecutor.execute(TestCaseExecutor.java:369)
	at com.kms.katalon.core.common.CommonExecutor.accessTestCaseMainPhase(CommonExecutor.java:65)
	at com.kms.katalon.core.main.TestSuiteExecutor.accessTestSuiteMainPhase(TestSuiteExecutor.java:148)
	at com.kms.katalon.core.main.TestSuiteExecutor.execute(TestSuiteExecutor.java:106)
	at com.kms.katalon.core.main.TestCaseMain.startTestSuite(TestCaseMain.java:187)
	at com.kms.katalon.core.main.TestCaseMain$startTestSuite$0.call(Unknown Source)
	at TempTestSuite1693470683054.run(TempTestSuite1693470683054.groovy:36)
)
[[ATTACHMENT|D:\\Xsis\\batch-324-qa\\Friska\\Sauce Demo\\Reports\\20230831_153123\\Test Suite Sauce Demo\\20230831_153123\\1693471373062.png]]

2023-08-31 15:42:53 - [MESSAGE][FAILED] - Unable to verify object 'Object Repository/Product/tambahproduct' is present (Root cause: com.kms.katalon.core.exception.StepFailedException: Unable to verify object 'Object Repository/Product/tambahproduct' is present
	at com.kms.katalon.core.webui.keyword.internal.WebUIKeywordMain.stepFailed(WebUIKeywordMain.groovy:64)
	at com.kms.katalon.core.webui.keyword.internal.WebUIKeywordMain.runKeyword(WebUIKeywordMain.groovy:26)
	at com.kms.katalon.core.webui.keyword.builtin.VerifyElementPresentKeyword.verifyElementPresent(VerifyElementPresentKeyword.groovy:92)
	at com.kms.katalon.core.webui.keyword.builtin.VerifyElementPresentKeyword.execute(VerifyElementPresentKeyword.groovy:68)
	at com.kms.katalon.core.keyword.internal.KeywordExecutor.executeKeywordForPlatform(KeywordExecutor.groovy:74)
	at com.kms.katalon.core.webui.keyword.WebUiBuiltInKeywords.verifyElementPresent(WebUiBuiltInKeywords.groovy:1464)
	at com.kms.katalon.core.webui.keyword.WebUiBuiltInKeywords$verifyElementPresent$0.call(Unknown Source)
	at TC-Cart-Remove-001.run(TC-Cart-Remove-001:24)
	at com.kms.katalon.core.main.ScriptEngine.run(ScriptEngine.java:194)
	at com.kms.katalon.core.main.ScriptEngine.runScriptAsRawText(ScriptEngine.java:119)
	at com.kms.katalon.core.main.TestCaseExecutor.runScript(TestCaseExecutor.java:448)
	at com.kms.katalon.core.main.TestCaseExecutor.doExecute(TestCaseExecutor.java:439)
	at com.kms.katalon.core.main.TestCaseExecutor.processExecutionPhase(TestCaseExecutor.java:418)
	at com.kms.katalon.core.main.TestCaseExecutor.accessMainPhase(TestCaseExecutor.java:410)
	at com.kms.katalon.core.main.TestCaseExecutor.execute(TestCaseExecutor.java:285)
	at com.kms.katalon.core.main.TestCaseExecutor.execute(TestCaseExecutor.java:369)
	at com.kms.katalon.core.main.TestCaseExecutor.execute(TestCaseExecutor.java:369)
	at com.kms.katalon.core.main.TestCaseExecutor.execute(TestCaseExecutor.java:369)
	at com.kms.katalon.core.common.CommonExecutor.accessTestCaseMainPhase(CommonExecutor.java:65)
	at com.kms.katalon.core.main.TestSuiteExecutor.accessTestSuiteMainPhase(TestSuiteExecutor.java:148)
	at com.kms.katalon.core.main.TestSuiteExecutor.execute(TestSuiteExecutor.java:106)
	at com.kms.katalon.core.main.TestCaseMain.startTestSuite(TestCaseMain.java:187)
	at com.kms.katalon.core.main.TestCaseMain$startTestSuite$0.call(Unknown Source)
	at TempTestSuite1693470683054.run(TempTestSuite1693470683054.groovy:36)
Caused by: com.kms.katalon.core.exception.StepFailedException: com.kms.katalon.core.webui.exception.WebElementNotFoundException: Web element with id: 'Object Repository/Product/tambahproduct' located by '//*[@id="shopping_cart_container"]/a/span' not found
	at com.kms.katalon.core.webui.keyword.internal.WebUIKeywordMain.stepFailed(WebUIKeywordMain.groovy:64)
	at com.kms.katalon.core.webui.keyword.builtin.VerifyElementPresentKeyword$_verifyElementPresent_closure1.doCall(VerifyElementPresentKeyword.groovy:85)
	at com.kms.katalon.core.webui.keyword.builtin.VerifyElementPresentKeyword$_verifyElementPresent_closure1.call(VerifyElementPresentKeyword.groovy)
	at com.kms.katalon.core.webui.keyword.internal.WebUIKeywordMain.runKeyword(WebUIKeywordMain.groovy:20)
	... 22 more
)
[[ATTACHMENT|D:\\Xsis\\batch-324-qa\\Friska\\Sauce Demo\\Reports\\20230831_153123\\Test Suite Sauce Demo\\20230831_153123\\1693471373394.png]]]]></system-out>
         <system-err><![CDATA[2023-08-31 15:42:07 - [TEST_CASE][FAILED] - Test Cases/Keranjang/TC-Cart-Remove-001: Test Cases/Keranjang/TC-Cart-Remove-001 FAILED.
Reason:
com.kms.katalon.core.exception.StepFailedException: Unable to verify object 'Object Repository/Product/tambahproduct' is present
	at com.kms.katalon.core.webui.keyword.internal.WebUIKeywordMain.stepFailed(WebUIKeywordMain.groovy:64)
	at com.kms.katalon.core.webui.keyword.internal.WebUIKeywordMain.runKeyword(WebUIKeywordMain.groovy:26)
	at com.kms.katalon.core.webui.keyword.builtin.VerifyElementPresentKeyword.verifyElementPresent(VerifyElementPresentKeyword.groovy:92)
	at com.kms.katalon.core.webui.keyword.builtin.VerifyElementPresentKeyword.execute(VerifyElementPresentKeyword.groovy:68)
	at com.kms.katalon.core.keyword.internal.KeywordExecutor.executeKeywordForPlatform(KeywordExecutor.groovy:74)
	at com.kms.katalon.core.webui.keyword.WebUiBuiltInKeywords.verifyElementPresent(WebUiBuiltInKeywords.groovy:1464)
	at com.kms.katalon.core.webui.keyword.WebUiBuiltInKeywords$verifyElementPresent$0.call(Unknown Source)
	at TC-Cart-Remove-001.run(TC-Cart-Remove-001:24)
	at com.kms.katalon.core.main.ScriptEngine.run(ScriptEngine.java:194)
	at com.kms.katalon.core.main.ScriptEngine.runScriptAsRawText(ScriptEngine.java:119)
	at com.kms.katalon.core.main.TestCaseExecutor.runScript(TestCaseExecutor.java:448)
	at com.kms.katalon.core.main.TestCaseExecutor.doExecute(TestCaseExecutor.java:439)
	at com.kms.katalon.core.main.TestCaseExecutor.processExecutionPhase(TestCaseExecutor.java:418)
	at com.kms.katalon.core.main.TestCaseExecutor.accessMainPhase(TestCaseExecutor.java:410)
	at com.kms.katalon.core.main.TestCaseExecutor.execute(TestCaseExecutor.java:285)
	at com.kms.katalon.core.main.TestCaseExecutor.execute(TestCaseExecutor.java:369)
	at com.kms.katalon.core.main.TestCaseExecutor.execute(TestCaseExecutor.java:369)
	at com.kms.katalon.core.main.TestCaseExecutor.execute(TestCaseExecutor.java:369)
	at com.kms.katalon.core.common.CommonExecutor.accessTestCaseMainPhase(CommonExecutor.java:65)
	at com.kms.katalon.core.main.TestSuiteExecutor.accessTestSuiteMainPhase(TestSuiteExecutor.java:148)
	at com.kms.katalon.core.main.TestSuiteExecutor.execute(TestSuiteExecutor.java:106)
	at com.kms.katalon.core.main.TestCaseMain.startTestSuite(TestCaseMain.java:187)
	at com.kms.katalon.core.main.TestCaseMain$startTestSuite$0.call(Unknown Source)
	at TempTestSuite1693470683054.run(TempTestSuite1693470683054.groovy:36)
Caused by: com.kms.katalon.core.exception.StepFailedException: com.kms.katalon.core.webui.exception.WebElementNotFoundException: Web element with id: 'Object Repository/Product/tambahproduct' located by '//*[@id="shopping_cart_container"]/a/span' not found
	at com.kms.katalon.core.webui.keyword.internal.WebUIKeywordMain.stepFailed(WebUIKeywordMain.groovy:64)
	at com.kms.katalon.core.webui.keyword.builtin.VerifyElementPresentKeyword$_verifyElementPresent_closure1.doCall(VerifyElementPresentKeyword.groovy:85)
	at com.kms.katalon.core.webui.keyword.builtin.VerifyElementPresentKeyword$_verifyElementPresent_closure1.call(VerifyElementPresentKeyword.groovy)
	at com.kms.katalon.core.webui.keyword.internal.WebUIKeywordMain.runKeyword(WebUIKeywordMain.groovy:20)
	... 22 more]]></system-err>
      </testcase>
      <testcase name="Test Cases/Keranjang/TC-Cart-Nav-002" time="17.421" classname="Test Cases/Keranjang/TC-Cart-Nav-002" status="PASSED">
         <system-out><![CDATA[2023-08-31 15:42:53 - [TEST_CASE][PASSED] - Test Cases/Keranjang/TC-Cart-Nav-002: Test Cases/Keranjang/TC-Cart-Nav-002

2023-08-31 15:42:54 - [TEST_STEP][PASSED] - data = callTestCase(findTestCase("Keranjang/TC-Cart-Show-002"), [:], STOP_ON_FAILURE): Call Test Case 'Test Cases/Keranjang/TC-Cart-Show-002' successfully

2023-08-31 15:42:54 - [TEST_CASE][PASSED] - Test Cases/Keranjang/TC-Cart-Show-002: Test Cases/Keranjang/TC-Cart-Show-002

2023-08-31 15:42:54 - [TEST_STEP][PASSED] - data = callTestCase(findTestCase("Products/TC-Product-AddCart-001"), [:], STOP_ON_FAILURE): Call Test Case 'Test Cases/Products/TC-Product-AddCart-001' successfully

2023-08-31 15:42:54 - [TEST_CASE][PASSED] - Test Cases/Products/TC-Product-AddCart-001: Test Cases/Products/TC-Product-AddCart-001

2023-08-31 15:42:54 - [TEST_STEP][PASSED] - callTestCase(findTestCase("Products/TC-Product-Show-001"), [:], STOP_ON_FAILURE): Call Test Case 'Test Cases/Products/TC-Product-Show-001' successfully

2023-08-31 15:42:54 - [TEST_CASE][PASSED] - Test Cases/Products/TC-Product-Show-001: Test Cases/Products/TC-Product-Show-001

2023-08-31 15:42:54 - [TEST_STEP][PASSED] - callTestCase(findTestCase("Login/TC-Login-Success-001"), [:], STOP_ON_FAILURE): Call Test Case 'Test Cases/Login/TC-Login-Success-001' successfully

2023-08-31 15:42:54 - [TEST_CASE][PASSED] - Test Cases/Login/TC-Login-Success-001: Test Cases/Login/TC-Login-Success-001

2023-08-31 15:42:54 - [TEST_STEP][PASSED] - openBrowser(URL): Browser is opened with url: 'https://www.saucedemo.com/inventory.html'

2023-08-31 15:42:54 - [MESSAGE][WARNING] - A browser is already opened. Closing browser and opening a new one

2023-08-31 15:42:55 - [MESSAGE][INFO] - Starting 'Edge Chromium' driver

2023-08-31 15:42:57 - [MESSAGE][INFO] - Action delay is set to 0 milliseconds

2023-08-31 15:43:01 - [MESSAGE][PASSED] - Browser is opened with url: 'https://www.saucedemo.com/inventory.html'

2023-08-31 15:43:01 - [TEST_STEP][PASSED] - verifyElementPresent(findTestObject("Login/Verifikasi home page"), 0): Object 'Object Repository/Login/Verifikasi home page' is present

2023-08-31 15:43:01 - [MESSAGE][WARNING] - Timeout '0' is invalid. Using default page load timeout: '30'

2023-08-31 15:43:01 - [MESSAGE][PASSED] - Object 'Object Repository/Login/Verifikasi home page' is present

2023-08-31 15:43:01 - [TEST_STEP][PASSED] - setText(findTestObject("Login/Input Username"), username): Text 'standard_user' is set on object 'Object Repository/Login/Input Username'

2023-08-31 15:43:02 - [MESSAGE][PASSED] - Text 'standard_user' is set on object 'Object Repository/Login/Input Username'

2023-08-31 15:43:02 - [TEST_STEP][PASSED] - setEncryptedText(findTestObject("Login/input_Password"), password): Text ****** has been set on object 'Object Repository/Login/input_Password'

2023-08-31 15:43:03 - [MESSAGE][PASSED] - Text ****** has been set on object 'Object Repository/Login/input_Password'

2023-08-31 15:43:03 - [TEST_STEP][PASSED] - click(findTestObject("Login/Login Button")): Object: 'Object Repository/Login/Login Button' is clicked on

2023-08-31 15:43:04 - [MESSAGE][PASSED] - Object: 'Object Repository/Login/Login Button' is clicked on

2023-08-31 15:43:04 - [TEST_STEP][PASSED] - verifyElementPresent(findTestObject("Login/Verifikasi swag labs"), 0): Object 'Object Repository/Login/Verifikasi swag labs' is present

2023-08-31 15:43:04 - [MESSAGE][WARNING] - Timeout '0' is invalid. Using default page load timeout: '30'

2023-08-31 15:43:04 - [MESSAGE][PASSED] - Object 'Object Repository/Login/Verifikasi swag labs' is present

2023-08-31 15:43:04 - [MESSAGE][PASSED] - Call Test Case 'Test Cases/Login/TC-Login-Success-001' successfully

2023-08-31 15:43:04 - [MESSAGE][PASSED] - Call Test Case 'Test Cases/Products/TC-Product-Show-001' successfully

2023-08-31 15:43:04 - [TEST_STEP][PASSED] - click(findTestObject("Product/button_Add to cart_Pertama")): Object: 'Object Repository/Product/button_Add to cart_Pertama' is clicked on

2023-08-31 15:43:05 - [MESSAGE][PASSED] - Object: 'Object Repository/Product/button_Add to cart_Pertama' is clicked on

2023-08-31 15:43:05 - [TEST_STEP][PASSED] - namaproduct1_homepage = getText(findTestObject("Product/nama_product1_homepage")): Text of object 'Object Repository/Product/nama_product1_homepage' is: 'Sauce Labs Backpack'

2023-08-31 15:43:05 - [MESSAGE][PASSED] - Text of object 'Object Repository/Product/nama_product1_homepage' is: 'Sauce Labs Backpack'

2023-08-31 15:43:05 - [TEST_STEP][PASSED] - deskripsiproduct1_homepage = getText(findTestObject("Product/deskripsi_product1_homepage")): Text of object 'Object Repository/Product/deskripsi_product1_homepage' is: 'carry.allTheThings() with the sleek, streamlined Sly Pack that melds uncompromising style with unequaled laptop and tablet protection.'

2023-08-31 15:43:06 - [MESSAGE][PASSED] - Text of object 'Object Repository/Product/deskripsi_product1_homepage' is: 'carry.allTheThings() with the sleek, streamlined Sly Pack that melds uncompromising style with unequaled laptop and tablet protection.'

2023-08-31 15:43:06 - [TEST_STEP][PASSED] - hargaproduct1_homepage = getText(findTestObject("Product/harga_produk1_homepage")): Text of object 'Object Repository/Product/harga_produk1_homepage' is: '$29.99'

2023-08-31 15:43:06 - [MESSAGE][PASSED] - Text of object 'Object Repository/Product/harga_produk1_homepage' is: '$29.99'

2023-08-31 15:43:06 - [TEST_STEP][PASSED] - verifyElementNotPresent(findTestObject("Product/button_Add to cart_Pertama"), 0): Web element with id: 'Object Repository/Product/button_Add to cart_Pertama' located by 'By.xpath: //button[@id='add-to-cart-sauce-labs-backpack']' is not present after '30' second(s)

2023-08-31 15:43:06 - [MESSAGE][WARNING] - Timeout '0' is invalid. Using default page load timeout: '30'

2023-08-31 15:43:06 - [MESSAGE][PASSED] - Web element with id: 'Object Repository/Product/button_Add to cart_Pertama' located by 'By.xpath: //button[@id='add-to-cart-sauce-labs-backpack']' is not present after '30' second(s)

2023-08-31 15:43:06 - [TEST_STEP][PASSED] - verifyElementPresent(findTestObject("Product/tambahproduct"), 0): Object 'Object Repository/Product/tambahproduct' is present

2023-08-31 15:43:07 - [MESSAGE][WARNING] - Timeout '0' is invalid. Using default page load timeout: '30'

2023-08-31 15:43:07 - [MESSAGE][PASSED] - Object 'Object Repository/Product/tambahproduct' is present

2023-08-31 15:43:07 - [TEST_STEP][PASSED] - data = new java.util.HashMap(): null

2023-08-31 15:43:07 - [TEST_STEP][PASSED] - data.put("nama1_home", namaproduct1_homepage): null

2023-08-31 15:43:07 - [TEST_STEP][PASSED] - data.put("deskripsi1_home", deskripsiproduct1_homepage): null

2023-08-31 15:43:07 - [TEST_STEP][PASSED] - data.put("harga1_home", hargaproduct1_homepage): null

2023-08-31 15:43:07 - [TEST_STEP][PASSED] - return data: null

2023-08-31 15:43:07 - [MESSAGE][PASSED] - Call Test Case 'Test Cases/Products/TC-Product-AddCart-001' successfully

2023-08-31 15:43:07 - [TEST_STEP][PASSED] - click(findTestObject("Product/tambahproduct")): Object: 'Object Repository/Product/tambahproduct' is clicked on

2023-08-31 15:43:07 - [MESSAGE][PASSED] - Object: 'Object Repository/Product/tambahproduct' is clicked on

2023-08-31 15:43:07 - [TEST_STEP][PASSED] - nama1_home = data.get("nama1_home"): null

2023-08-31 15:43:07 - [TEST_STEP][PASSED] - deskripsi1_home = data.get("deskripsi1_home"): null

2023-08-31 15:43:07 - [TEST_STEP][PASSED] - harga1_home = data.get("harga1_home"): null

2023-08-31 15:43:07 - [TEST_STEP][PASSED] - nama1_cart = getText(findTestObject("Cart/nama1_cart")): Text of object 'Object Repository/Cart/nama1_cart' is: 'Sauce Labs Backpack'

2023-08-31 15:43:08 - [MESSAGE][PASSED] - Text of object 'Object Repository/Cart/nama1_cart' is: 'Sauce Labs Backpack'

2023-08-31 15:43:08 - [TEST_STEP][PASSED] - deskripsi1_cart = getText(findTestObject("Cart/deskripsi1_cart")): Text of object 'Object Repository/Cart/deskripsi1_cart' is: 'carry.allTheThings() with the sleek, streamlined Sly Pack that melds uncompromising style with unequaled laptop and tablet protection.'

2023-08-31 15:43:08 - [MESSAGE][PASSED] - Text of object 'Object Repository/Cart/deskripsi1_cart' is: 'carry.allTheThings() with the sleek, streamlined Sly Pack that melds uncompromising style with unequaled laptop and tablet protection.'

2023-08-31 15:43:08 - [TEST_STEP][PASSED] - harga1_cart = getText(findTestObject("Cart/price1_cart")): Text of object 'Object Repository/Cart/price1_cart' is: '$29.99'

2023-08-31 15:43:09 - [MESSAGE][PASSED] - Text of object 'Object Repository/Cart/price1_cart' is: '$29.99'

2023-08-31 15:43:09 - [TEST_STEP][PASSED] - verifyMatch(nama1_cart, nama1_home, false): Actual text 'Sauce Labs Backpack' and expected text 'Sauce Labs Backpack' are matched 

2023-08-31 15:43:09 - [MESSAGE][PASSED] - Actual text 'Sauce Labs Backpack' and expected text 'Sauce Labs Backpack' are matched 

2023-08-31 15:43:09 - [TEST_STEP][PASSED] - verifyMatch(deskripsi1_cart, deskripsi1_home, false): Actual text 'carry.allTheThings() with the sleek, streamlined Sly Pack that melds uncompromising style with unequaled laptop and tablet protection.' and expected text 'carry.allTheThings() with the sleek, streamlined Sly Pack that melds uncompromising style with unequaled laptop and tablet protection.' are matched 

2023-08-31 15:43:09 - [MESSAGE][PASSED] - Actual text 'carry.allTheThings() with the sleek, streamlined Sly Pack that melds uncompromising style with unequaled laptop and tablet protection.' and expected text 'carry.allTheThings() with the sleek, streamlined Sly Pack that melds uncompromising style with unequaled laptop and tablet protection.' are matched 

2023-08-31 15:43:09 - [TEST_STEP][PASSED] - verifyMatch(harga1_cart, harga1_home, false): Actual text '$29.99' and expected text '$29.99' are matched 

2023-08-31 15:43:09 - [MESSAGE][PASSED] - Actual text '$29.99' and expected text '$29.99' are matched 

2023-08-31 15:43:09 - [TEST_STEP][PASSED] - return data: null

2023-08-31 15:43:09 - [MESSAGE][PASSED] - Call Test Case 'Test Cases/Keranjang/TC-Cart-Show-002' successfully

2023-08-31 15:43:09 - [TEST_STEP][PASSED] - nama1_cart = data.get("nama1_home"): null

2023-08-31 15:43:09 - [TEST_STEP][PASSED] - deskripsi1_cart = data.get("deskripsi1_home"): null

2023-08-31 15:43:09 - [TEST_STEP][PASSED] - harga1_cart = data.get("harga1_home"): null

2023-08-31 15:43:09 - [TEST_STEP][PASSED] - click(findTestObject("Cart/nama1_cart")): Object: 'Object Repository/Cart/nama1_cart' is clicked on

2023-08-31 15:43:09 - [MESSAGE][PASSED] - Object: 'Object Repository/Cart/nama1_cart' is clicked on

2023-08-31 15:43:09 - [TEST_STEP][PASSED] - nama1_deskripsipage = getText(findTestObject("Cart/nama1_deskripsipage")): Text of object 'Object Repository/Cart/nama1_deskripsipage' is: 'Sauce Labs Backpack'

2023-08-31 15:43:10 - [MESSAGE][PASSED] - Text of object 'Object Repository/Cart/nama1_deskripsipage' is: 'Sauce Labs Backpack'

2023-08-31 15:43:10 - [TEST_STEP][PASSED] - deskripsi1_deskripsipage = getText(findTestObject("Cart/deskripsi1_deskripsipage")): Text of object 'Object Repository/Cart/deskripsi1_deskripsipage' is: 'carry.allTheThings() with the sleek, streamlined Sly Pack that melds uncompromising style with unequaled laptop and tablet protection.'

2023-08-31 15:43:10 - [MESSAGE][PASSED] - Text of object 'Object Repository/Cart/deskripsi1_deskripsipage' is: 'carry.allTheThings() with the sleek, streamlined Sly Pack that melds uncompromising style with unequaled laptop and tablet protection.'

2023-08-31 15:43:10 - [TEST_STEP][PASSED] - harga1_deskripsipage = getText(findTestObject("Cart/harga1_deskripsipage")): Text of object 'Object Repository/Cart/harga1_deskripsipage' is: '$29.99'

2023-08-31 15:43:11 - [MESSAGE][PASSED] - Text of object 'Object Repository/Cart/harga1_deskripsipage' is: '$29.99'

2023-08-31 15:43:11 - [TEST_STEP][PASSED] - verifyMatch(nama1_deskripsipage, nama1_cart, false): Actual text 'Sauce Labs Backpack' and expected text 'Sauce Labs Backpack' are matched 

2023-08-31 15:43:11 - [MESSAGE][PASSED] - Actual text 'Sauce Labs Backpack' and expected text 'Sauce Labs Backpack' are matched 

2023-08-31 15:43:11 - [TEST_STEP][PASSED] - verifyMatch(deskripsi1_deskripsipage, deskripsi1_cart, false): Actual text 'carry.allTheThings() with the sleek, streamlined Sly Pack that melds uncompromising style with unequaled laptop and tablet protection.' and expected text 'carry.allTheThings() with the sleek, streamlined Sly Pack that melds uncompromising style with unequaled laptop and tablet protection.' are matched 

2023-08-31 15:43:11 - [MESSAGE][PASSED] - Actual text 'carry.allTheThings() with the sleek, streamlined Sly Pack that melds uncompromising style with unequaled laptop and tablet protection.' and expected text 'carry.allTheThings() with the sleek, streamlined Sly Pack that melds uncompromising style with unequaled laptop and tablet protection.' are matched 

2023-08-31 15:43:11 - [TEST_STEP][PASSED] - verifyMatch(harga1_deskripsipage, harga1_cart, false): Actual text '$29.99' and expected text '$29.99' are matched 

2023-08-31 15:43:11 - [MESSAGE][PASSED] - Actual text '$29.99' and expected text '$29.99' are matched 

2023-08-31 15:43:11 - [TEST_STEP][PASSED] - return data: null]]></system-out>
         <system-err><![CDATA[]]></system-err>
      </testcase>
      <testcase name="Test Cases/Keranjang/TC-Cart-Nav-001" time="16.06" classname="Test Cases/Keranjang/TC-Cart-Nav-001" status="PASSED">
         <system-out><![CDATA[2023-08-31 15:43:11 - [TEST_CASE][PASSED] - Test Cases/Keranjang/TC-Cart-Nav-001: Test Cases/Keranjang/TC-Cart-Nav-001

2023-08-31 15:43:11 - [TEST_STEP][PASSED] - callTestCase(findTestCase("Keranjang/TC-Cart-Show-002"), [:], STOP_ON_FAILURE): Call Test Case 'Test Cases/Keranjang/TC-Cart-Show-002' successfully

2023-08-31 15:43:11 - [TEST_CASE][PASSED] - Test Cases/Keranjang/TC-Cart-Show-002: Test Cases/Keranjang/TC-Cart-Show-002

2023-08-31 15:43:11 - [TEST_STEP][PASSED] - data = callTestCase(findTestCase("Products/TC-Product-AddCart-001"), [:], STOP_ON_FAILURE): Call Test Case 'Test Cases/Products/TC-Product-AddCart-001' successfully

2023-08-31 15:43:11 - [TEST_CASE][PASSED] - Test Cases/Products/TC-Product-AddCart-001: Test Cases/Products/TC-Product-AddCart-001

2023-08-31 15:43:11 - [TEST_STEP][PASSED] - callTestCase(findTestCase("Products/TC-Product-Show-001"), [:], STOP_ON_FAILURE): Call Test Case 'Test Cases/Products/TC-Product-Show-001' successfully

2023-08-31 15:43:11 - [TEST_CASE][PASSED] - Test Cases/Products/TC-Product-Show-001: Test Cases/Products/TC-Product-Show-001

2023-08-31 15:43:11 - [TEST_STEP][PASSED] - callTestCase(findTestCase("Login/TC-Login-Success-001"), [:], STOP_ON_FAILURE): Call Test Case 'Test Cases/Login/TC-Login-Success-001' successfully

2023-08-31 15:43:11 - [TEST_CASE][PASSED] - Test Cases/Login/TC-Login-Success-001: Test Cases/Login/TC-Login-Success-001

2023-08-31 15:43:11 - [TEST_STEP][PASSED] - openBrowser(URL): Browser is opened with url: 'https://www.saucedemo.com/inventory.html'

2023-08-31 15:43:11 - [MESSAGE][WARNING] - A browser is already opened. Closing browser and opening a new one

2023-08-31 15:43:12 - [MESSAGE][INFO] - Starting 'Edge Chromium' driver

2023-08-31 15:43:15 - [MESSAGE][INFO] - Action delay is set to 0 milliseconds

2023-08-31 15:43:18 - [MESSAGE][PASSED] - Browser is opened with url: 'https://www.saucedemo.com/inventory.html'

2023-08-31 15:43:18 - [TEST_STEP][PASSED] - verifyElementPresent(findTestObject("Login/Verifikasi home page"), 0): Object 'Object Repository/Login/Verifikasi home page' is present

2023-08-31 15:43:18 - [MESSAGE][WARNING] - Timeout '0' is invalid. Using default page load timeout: '30'

2023-08-31 15:43:18 - [MESSAGE][PASSED] - Object 'Object Repository/Login/Verifikasi home page' is present

2023-08-31 15:43:18 - [TEST_STEP][PASSED] - setText(findTestObject("Login/Input Username"), username): Text 'standard_user' is set on object 'Object Repository/Login/Input Username'

2023-08-31 15:43:19 - [MESSAGE][PASSED] - Text 'standard_user' is set on object 'Object Repository/Login/Input Username'

2023-08-31 15:43:19 - [TEST_STEP][PASSED] - setEncryptedText(findTestObject("Login/input_Password"), password): Text ****** has been set on object 'Object Repository/Login/input_Password'

2023-08-31 15:43:20 - [MESSAGE][PASSED] - Text ****** has been set on object 'Object Repository/Login/input_Password'

2023-08-31 15:43:20 - [TEST_STEP][PASSED] - click(findTestObject("Login/Login Button")): Object: 'Object Repository/Login/Login Button' is clicked on

2023-08-31 15:43:21 - [MESSAGE][PASSED] - Object: 'Object Repository/Login/Login Button' is clicked on

2023-08-31 15:43:21 - [TEST_STEP][PASSED] - verifyElementPresent(findTestObject("Login/Verifikasi swag labs"), 0): Object 'Object Repository/Login/Verifikasi swag labs' is present

2023-08-31 15:43:21 - [MESSAGE][WARNING] - Timeout '0' is invalid. Using default page load timeout: '30'

2023-08-31 15:43:21 - [MESSAGE][PASSED] - Object 'Object Repository/Login/Verifikasi swag labs' is present

2023-08-31 15:43:21 - [MESSAGE][PASSED] - Call Test Case 'Test Cases/Login/TC-Login-Success-001' successfully

2023-08-31 15:43:21 - [MESSAGE][PASSED] - Call Test Case 'Test Cases/Products/TC-Product-Show-001' successfully

2023-08-31 15:43:21 - [TEST_STEP][PASSED] - click(findTestObject("Product/button_Add to cart_Pertama")): Object: 'Object Repository/Product/button_Add to cart_Pertama' is clicked on

2023-08-31 15:43:22 - [MESSAGE][PASSED] - Object: 'Object Repository/Product/button_Add to cart_Pertama' is clicked on

2023-08-31 15:43:22 - [TEST_STEP][PASSED] - namaproduct1_homepage = getText(findTestObject("Product/nama_product1_homepage")): Text of object 'Object Repository/Product/nama_product1_homepage' is: 'Sauce Labs Backpack'

2023-08-31 15:43:22 - [MESSAGE][PASSED] - Text of object 'Object Repository/Product/nama_product1_homepage' is: 'Sauce Labs Backpack'

2023-08-31 15:43:22 - [TEST_STEP][PASSED] - deskripsiproduct1_homepage = getText(findTestObject("Product/deskripsi_product1_homepage")): Text of object 'Object Repository/Product/deskripsi_product1_homepage' is: 'carry.allTheThings() with the sleek, streamlined Sly Pack that melds uncompromising style with unequaled laptop and tablet protection.'

2023-08-31 15:43:23 - [MESSAGE][PASSED] - Text of object 'Object Repository/Product/deskripsi_product1_homepage' is: 'carry.allTheThings() with the sleek, streamlined Sly Pack that melds uncompromising style with unequaled laptop and tablet protection.'

2023-08-31 15:43:23 - [TEST_STEP][PASSED] - hargaproduct1_homepage = getText(findTestObject("Product/harga_produk1_homepage")): Text of object 'Object Repository/Product/harga_produk1_homepage' is: '$29.99'

2023-08-31 15:43:23 - [MESSAGE][PASSED] - Text of object 'Object Repository/Product/harga_produk1_homepage' is: '$29.99'

2023-08-31 15:43:23 - [TEST_STEP][PASSED] - verifyElementNotPresent(findTestObject("Product/button_Add to cart_Pertama"), 0): Web element with id: 'Object Repository/Product/button_Add to cart_Pertama' located by 'By.xpath: //button[@id='add-to-cart-sauce-labs-backpack']' is not present after '30' second(s)

2023-08-31 15:43:23 - [MESSAGE][WARNING] - Timeout '0' is invalid. Using default page load timeout: '30'

2023-08-31 15:43:23 - [MESSAGE][PASSED] - Web element with id: 'Object Repository/Product/button_Add to cart_Pertama' located by 'By.xpath: //button[@id='add-to-cart-sauce-labs-backpack']' is not present after '30' second(s)

2023-08-31 15:43:23 - [TEST_STEP][PASSED] - verifyElementPresent(findTestObject("Product/tambahproduct"), 0): Object 'Object Repository/Product/tambahproduct' is present

2023-08-31 15:43:23 - [MESSAGE][WARNING] - Timeout '0' is invalid. Using default page load timeout: '30'

2023-08-31 15:43:24 - [MESSAGE][PASSED] - Object 'Object Repository/Product/tambahproduct' is present

2023-08-31 15:43:24 - [TEST_STEP][PASSED] - data = new java.util.HashMap(): null

2023-08-31 15:43:24 - [TEST_STEP][PASSED] - data.put("nama1_home", namaproduct1_homepage): null

2023-08-31 15:43:24 - [TEST_STEP][PASSED] - data.put("deskripsi1_home", deskripsiproduct1_homepage): null

2023-08-31 15:43:24 - [TEST_STEP][PASSED] - data.put("harga1_home", hargaproduct1_homepage): null

2023-08-31 15:43:24 - [TEST_STEP][PASSED] - return data: null

2023-08-31 15:43:24 - [MESSAGE][PASSED] - Call Test Case 'Test Cases/Products/TC-Product-AddCart-001' successfully

2023-08-31 15:43:24 - [TEST_STEP][PASSED] - click(findTestObject("Product/tambahproduct")): Object: 'Object Repository/Product/tambahproduct' is clicked on

2023-08-31 15:43:24 - [MESSAGE][PASSED] - Object: 'Object Repository/Product/tambahproduct' is clicked on

2023-08-31 15:43:24 - [TEST_STEP][PASSED] - nama1_home = data.get("nama1_home"): null

2023-08-31 15:43:24 - [TEST_STEP][PASSED] - deskripsi1_home = data.get("deskripsi1_home"): null

2023-08-31 15:43:24 - [TEST_STEP][PASSED] - harga1_home = data.get("harga1_home"): null

2023-08-31 15:43:24 - [TEST_STEP][PASSED] - nama1_cart = getText(findTestObject("Cart/nama1_cart")): Text of object 'Object Repository/Cart/nama1_cart' is: 'Sauce Labs Backpack'

2023-08-31 15:43:25 - [MESSAGE][PASSED] - Text of object 'Object Repository/Cart/nama1_cart' is: 'Sauce Labs Backpack'

2023-08-31 15:43:25 - [TEST_STEP][PASSED] - deskripsi1_cart = getText(findTestObject("Cart/deskripsi1_cart")): Text of object 'Object Repository/Cart/deskripsi1_cart' is: 'carry.allTheThings() with the sleek, streamlined Sly Pack that melds uncompromising style with unequaled laptop and tablet protection.'

2023-08-31 15:43:25 - [MESSAGE][PASSED] - Text of object 'Object Repository/Cart/deskripsi1_cart' is: 'carry.allTheThings() with the sleek, streamlined Sly Pack that melds uncompromising style with unequaled laptop and tablet protection.'

2023-08-31 15:43:25 - [TEST_STEP][PASSED] - harga1_cart = getText(findTestObject("Cart/price1_cart")): Text of object 'Object Repository/Cart/price1_cart' is: '$29.99'

2023-08-31 15:43:26 - [MESSAGE][PASSED] - Text of object 'Object Repository/Cart/price1_cart' is: '$29.99'

2023-08-31 15:43:26 - [TEST_STEP][PASSED] - verifyMatch(nama1_cart, nama1_home, false): Actual text 'Sauce Labs Backpack' and expected text 'Sauce Labs Backpack' are matched 

2023-08-31 15:43:26 - [MESSAGE][PASSED] - Actual text 'Sauce Labs Backpack' and expected text 'Sauce Labs Backpack' are matched 

2023-08-31 15:43:26 - [TEST_STEP][PASSED] - verifyMatch(deskripsi1_cart, deskripsi1_home, false): Actual text 'carry.allTheThings() with the sleek, streamlined Sly Pack that melds uncompromising style with unequaled laptop and tablet protection.' and expected text 'carry.allTheThings() with the sleek, streamlined Sly Pack that melds uncompromising style with unequaled laptop and tablet protection.' are matched 

2023-08-31 15:43:26 - [MESSAGE][PASSED] - Actual text 'carry.allTheThings() with the sleek, streamlined Sly Pack that melds uncompromising style with unequaled laptop and tablet protection.' and expected text 'carry.allTheThings() with the sleek, streamlined Sly Pack that melds uncompromising style with unequaled laptop and tablet protection.' are matched 

2023-08-31 15:43:26 - [TEST_STEP][PASSED] - verifyMatch(harga1_cart, harga1_home, false): Actual text '$29.99' and expected text '$29.99' are matched 

2023-08-31 15:43:26 - [MESSAGE][PASSED] - Actual text '$29.99' and expected text '$29.99' are matched 

2023-08-31 15:43:26 - [TEST_STEP][PASSED] - return data: null

2023-08-31 15:43:26 - [MESSAGE][PASSED] - Call Test Case 'Test Cases/Keranjang/TC-Cart-Show-002' successfully

2023-08-31 15:43:26 - [TEST_STEP][PASSED] - click(findTestObject("Product/button_Continue Shopping_Cart_002")): Object: 'Object Repository/Product/button_Continue Shopping_Cart_002' is clicked on

2023-08-31 15:43:26 - [MESSAGE][PASSED] - Object: 'Object Repository/Product/button_Continue Shopping_Cart_002' is clicked on

2023-08-31 15:43:26 - [TEST_STEP][PASSED] - verifyElementPresent(findTestObject("Login/Verifikasi swag labs"), 0): Object 'Object Repository/Login/Verifikasi swag labs' is present

2023-08-31 15:43:26 - [MESSAGE][WARNING] - Timeout '0' is invalid. Using default page load timeout: '30'

2023-08-31 15:43:27 - [MESSAGE][PASSED] - Object 'Object Repository/Login/Verifikasi swag labs' is present]]></system-out>
         <system-err><![CDATA[]]></system-err>
      </testcase>
      <testcase name="Test Cases/Detail Product/TC-DetailProduct-AddCart-001" time="15.871" classname="Test Cases/Detail Product/TC-DetailProduct-AddCart-001" status="PASSED">
         <system-out><![CDATA[2023-08-31 15:43:27 - [TEST_CASE][PASSED] - Test Cases/Detail Product/TC-DetailProduct-AddCart-001: Test Cases/Detail Product/TC-DetailProduct-AddCart-001

2023-08-31 15:43:27 - [TEST_STEP][PASSED] - callTestCase(findTestCase("Detail Product/TC-DetailProduct-Show-001"), [:], STOP_ON_FAILURE): Call Test Case 'Test Cases/Detail Product/TC-DetailProduct-Show-001' successfully

2023-08-31 15:43:27 - [TEST_CASE][PASSED] - Test Cases/Detail Product/TC-DetailProduct-Show-001: Test Cases/Detail Product/TC-DetailProduct-Show-001

2023-08-31 15:43:27 - [TEST_STEP][PASSED] - callTestCase(findTestCase("Login/TC-Login-Success-001"), [:], STOP_ON_FAILURE): Call Test Case 'Test Cases/Login/TC-Login-Success-001' successfully

2023-08-31 15:43:27 - [TEST_CASE][PASSED] - Test Cases/Login/TC-Login-Success-001: Test Cases/Login/TC-Login-Success-001

2023-08-31 15:43:27 - [TEST_STEP][PASSED] - openBrowser(URL): Browser is opened with url: 'https://www.saucedemo.com/inventory.html'

2023-08-31 15:43:27 - [MESSAGE][WARNING] - A browser is already opened. Closing browser and opening a new one

2023-08-31 15:43:28 - [MESSAGE][INFO] - Starting 'Edge Chromium' driver

2023-08-31 15:43:30 - [MESSAGE][INFO] - Action delay is set to 0 milliseconds

2023-08-31 15:43:35 - [MESSAGE][PASSED] - Browser is opened with url: 'https://www.saucedemo.com/inventory.html'

2023-08-31 15:43:35 - [TEST_STEP][PASSED] - verifyElementPresent(findTestObject("Login/Verifikasi home page"), 0): Object 'Object Repository/Login/Verifikasi home page' is present

2023-08-31 15:43:35 - [MESSAGE][WARNING] - Timeout '0' is invalid. Using default page load timeout: '30'

2023-08-31 15:43:35 - [MESSAGE][PASSED] - Object 'Object Repository/Login/Verifikasi home page' is present

2023-08-31 15:43:35 - [TEST_STEP][PASSED] - setText(findTestObject("Login/Input Username"), username): Text 'standard_user' is set on object 'Object Repository/Login/Input Username'

2023-08-31 15:43:36 - [MESSAGE][PASSED] - Text 'standard_user' is set on object 'Object Repository/Login/Input Username'

2023-08-31 15:43:36 - [TEST_STEP][PASSED] - setEncryptedText(findTestObject("Login/input_Password"), password): Text ****** has been set on object 'Object Repository/Login/input_Password'

2023-08-31 15:43:37 - [MESSAGE][PASSED] - Text ****** has been set on object 'Object Repository/Login/input_Password'

2023-08-31 15:43:37 - [TEST_STEP][PASSED] - click(findTestObject("Login/Login Button")): Object: 'Object Repository/Login/Login Button' is clicked on

2023-08-31 15:43:38 - [MESSAGE][PASSED] - Object: 'Object Repository/Login/Login Button' is clicked on

2023-08-31 15:43:38 - [TEST_STEP][PASSED] - verifyElementPresent(findTestObject("Login/Verifikasi swag labs"), 0): Object 'Object Repository/Login/Verifikasi swag labs' is present

2023-08-31 15:43:38 - [MESSAGE][WARNING] - Timeout '0' is invalid. Using default page load timeout: '30'

2023-08-31 15:43:38 - [MESSAGE][PASSED] - Object 'Object Repository/Login/Verifikasi swag labs' is present

2023-08-31 15:43:38 - [MESSAGE][PASSED] - Call Test Case 'Test Cases/Login/TC-Login-Success-001' successfully

2023-08-31 15:43:38 - [TEST_STEP][PASSED] - nama1_homepage = getText(findTestObject("Product/nama_product1_homepage"), STOP_ON_FAILURE): Text of object 'Object Repository/Product/nama_product1_homepage' is: 'Sauce Labs Backpack'

2023-08-31 15:43:39 - [MESSAGE][PASSED] - Text of object 'Object Repository/Product/nama_product1_homepage' is: 'Sauce Labs Backpack'

2023-08-31 15:43:39 - [TEST_STEP][PASSED] - deskripsi1_homepage = getText(findTestObject("Product/deskripsi_product1_homepage"), STOP_ON_FAILURE): Text of object 'Object Repository/Product/deskripsi_product1_homepage' is: 'carry.allTheThings() with the sleek, streamlined Sly Pack that melds uncompromising style with unequaled laptop and tablet protection.'

2023-08-31 15:43:39 - [MESSAGE][PASSED] - Text of object 'Object Repository/Product/deskripsi_product1_homepage' is: 'carry.allTheThings() with the sleek, streamlined Sly Pack that melds uncompromising style with unequaled laptop and tablet protection.'

2023-08-31 15:43:39 - [TEST_STEP][PASSED] - harga1_homepage = getText(findTestObject("Product/harga_produk1_homepage")): Text of object 'Object Repository/Product/harga_produk1_homepage' is: '$29.99'

2023-08-31 15:43:39 - [MESSAGE][PASSED] - Text of object 'Object Repository/Product/harga_produk1_homepage' is: '$29.99'

2023-08-31 15:43:39 - [TEST_STEP][PASSED] - click(findTestObject("Product/nama_product1_homepage")): Object: 'Object Repository/Product/nama_product1_homepage' is clicked on

2023-08-31 15:43:40 - [MESSAGE][PASSED] - Object: 'Object Repository/Product/nama_product1_homepage' is clicked on

2023-08-31 15:43:40 - [TEST_STEP][PASSED] - nama1_deskripsi = getText(findTestObject("Product/nama_produk_1_deskripsi"), STOP_ON_FAILURE): Text of object 'Object Repository/Product/nama_produk_1_deskripsi' is: 'Sauce Labs Backpack'

2023-08-31 15:43:40 - [MESSAGE][PASSED] - Text of object 'Object Repository/Product/nama_produk_1_deskripsi' is: 'Sauce Labs Backpack'

2023-08-31 15:43:40 - [TEST_STEP][PASSED] - deskripsi1_deskripsi = getText(findTestObject("Product/deskripsi_produk_1_deskripsi"), STOP_ON_FAILURE): Text of object 'Object Repository/Product/deskripsi_produk_1_deskripsi' is: 'carry.allTheThings() with the sleek, streamlined Sly Pack that melds uncompromising style with unequaled laptop and tablet protection.'

2023-08-31 15:43:41 - [MESSAGE][PASSED] - Text of object 'Object Repository/Product/deskripsi_produk_1_deskripsi' is: 'carry.allTheThings() with the sleek, streamlined Sly Pack that melds uncompromising style with unequaled laptop and tablet protection.'

2023-08-31 15:43:41 - [TEST_STEP][PASSED] - harga1_deskripsi = getText(findTestObject("Product/harga_produk_1_deskripsi"), STOP_ON_FAILURE): Text of object 'Object Repository/Product/harga_produk_1_deskripsi' is: '$29.99'

2023-08-31 15:43:41 - [MESSAGE][PASSED] - Text of object 'Object Repository/Product/harga_produk_1_deskripsi' is: '$29.99'

2023-08-31 15:43:41 - [TEST_STEP][PASSED] - verifyMatch(nama1_deskripsi, nama1_homepage, false): Actual text 'Sauce Labs Backpack' and expected text 'Sauce Labs Backpack' are matched 

2023-08-31 15:43:41 - [MESSAGE][PASSED] - Actual text 'Sauce Labs Backpack' and expected text 'Sauce Labs Backpack' are matched 

2023-08-31 15:43:41 - [TEST_STEP][PASSED] - verifyMatch(deskripsi1_deskripsi, deskripsi1_homepage, false): Actual text 'carry.allTheThings() with the sleek, streamlined Sly Pack that melds uncompromising style with unequaled laptop and tablet protection.' and expected text 'carry.allTheThings() with the sleek, streamlined Sly Pack that melds uncompromising style with unequaled laptop and tablet protection.' are matched 

2023-08-31 15:43:41 - [MESSAGE][PASSED] - Actual text 'carry.allTheThings() with the sleek, streamlined Sly Pack that melds uncompromising style with unequaled laptop and tablet protection.' and expected text 'carry.allTheThings() with the sleek, streamlined Sly Pack that melds uncompromising style with unequaled laptop and tablet protection.' are matched 

2023-08-31 15:43:41 - [TEST_STEP][PASSED] - verifyMatch(harga1_deskripsi, harga1_homepage, false): Actual text '$29.99' and expected text '$29.99' are matched 

2023-08-31 15:43:41 - [MESSAGE][PASSED] - Actual text '$29.99' and expected text '$29.99' are matched 

2023-08-31 15:43:41 - [MESSAGE][PASSED] - Call Test Case 'Test Cases/Detail Product/TC-DetailProduct-Show-001' successfully

2023-08-31 15:43:41 - [TEST_STEP][PASSED] - click(findTestObject("Product/button_Add to cart_Pertama")): Object: 'Object Repository/Product/button_Add to cart_Pertama' is clicked on

2023-08-31 15:43:42 - [MESSAGE][PASSED] - Object: 'Object Repository/Product/button_Add to cart_Pertama' is clicked on

2023-08-31 15:43:42 - [TEST_STEP][PASSED] - verifyElementNotPresent(findTestObject("Product/button_Add to cart_Pertama"), 0): Web element with id: 'Object Repository/Product/button_Add to cart_Pertama' located by 'By.xpath: //button[@id='add-to-cart-sauce-labs-backpack']' is not present after '30' second(s)

2023-08-31 15:43:42 - [MESSAGE][WARNING] - Timeout '0' is invalid. Using default page load timeout: '30'

2023-08-31 15:43:42 - [MESSAGE][PASSED] - Web element with id: 'Object Repository/Product/button_Add to cart_Pertama' located by 'By.xpath: //button[@id='add-to-cart-sauce-labs-backpack']' is not present after '30' second(s)

2023-08-31 15:43:42 - [TEST_STEP][PASSED] - verifyElementPresent(findTestObject("Product/tambahproduct"), 0): Object 'Object Repository/Product/tambahproduct' is present

2023-08-31 15:43:42 - [MESSAGE][WARNING] - Timeout '0' is invalid. Using default page load timeout: '30'

2023-08-31 15:43:43 - [MESSAGE][PASSED] - Object 'Object Repository/Product/tambahproduct' is present]]></system-out>
         <system-err><![CDATA[]]></system-err>
      </testcase>
      <testcase name="Test Cases/Checkout/TC-Checkout-Success-002" time="33.05" classname="Test Cases/Checkout/TC-Checkout-Success-002" status="PASSED">
         <system-out><![CDATA[2023-08-31 15:43:43 - [TEST_CASE][PASSED] - Test Cases/Checkout/TC-Checkout-Success-002: Test Cases/Checkout/TC-Checkout-Success-002

2023-08-31 15:43:43 - [TEST_STEP][PASSED] - data = callTestCase(findTestCase("Keranjang/TC-Cart-Show-003"), [:], STOP_ON_FAILURE): Call Test Case 'Test Cases/Keranjang/TC-Cart-Show-003' successfully

2023-08-31 15:43:43 - [TEST_CASE][PASSED] - Test Cases/Keranjang/TC-Cart-Show-003: Test Cases/Keranjang/TC-Cart-Show-003

2023-08-31 15:43:43 - [TEST_STEP][PASSED] - data = callTestCase(findTestCase("Products/TC-Product-AddCart-002"), [:], STOP_ON_FAILURE): Call Test Case 'Test Cases/Products/TC-Product-AddCart-002' successfully

2023-08-31 15:43:43 - [TEST_CASE][PASSED] - Test Cases/Products/TC-Product-AddCart-002: Test Cases/Products/TC-Product-AddCart-002

2023-08-31 15:43:43 - [TEST_STEP][PASSED] - data = callTestCase(findTestCase("Products/TC-Product-AddCart-001"), [:], STOP_ON_FAILURE): Call Test Case 'Test Cases/Products/TC-Product-AddCart-001' successfully

2023-08-31 15:43:43 - [TEST_CASE][PASSED] - Test Cases/Products/TC-Product-AddCart-001: Test Cases/Products/TC-Product-AddCart-001

2023-08-31 15:43:43 - [TEST_STEP][PASSED] - callTestCase(findTestCase("Products/TC-Product-Show-001"), [:], STOP_ON_FAILURE): Call Test Case 'Test Cases/Products/TC-Product-Show-001' successfully

2023-08-31 15:43:44 - [TEST_CASE][PASSED] - Test Cases/Products/TC-Product-Show-001: Test Cases/Products/TC-Product-Show-001

2023-08-31 15:43:44 - [TEST_STEP][PASSED] - callTestCase(findTestCase("Login/TC-Login-Success-001"), [:], STOP_ON_FAILURE): Call Test Case 'Test Cases/Login/TC-Login-Success-001' successfully

2023-08-31 15:43:44 - [TEST_CASE][PASSED] - Test Cases/Login/TC-Login-Success-001: Test Cases/Login/TC-Login-Success-001

2023-08-31 15:43:44 - [TEST_STEP][PASSED] - openBrowser(URL): Browser is opened with url: 'https://www.saucedemo.com/inventory.html'

2023-08-31 15:43:44 - [MESSAGE][WARNING] - A browser is already opened. Closing browser and opening a new one

2023-08-31 15:43:45 - [MESSAGE][INFO] - Starting 'Edge Chromium' driver

2023-08-31 15:43:47 - [MESSAGE][INFO] - Action delay is set to 0 milliseconds

2023-08-31 15:43:53 - [MESSAGE][PASSED] - Browser is opened with url: 'https://www.saucedemo.com/inventory.html'

2023-08-31 15:43:53 - [TEST_STEP][PASSED] - verifyElementPresent(findTestObject("Login/Verifikasi home page"), 0): Object 'Object Repository/Login/Verifikasi home page' is present

2023-08-31 15:43:53 - [MESSAGE][WARNING] - Timeout '0' is invalid. Using default page load timeout: '30'

2023-08-31 15:43:53 - [MESSAGE][PASSED] - Object 'Object Repository/Login/Verifikasi home page' is present

2023-08-31 15:43:53 - [TEST_STEP][PASSED] - setText(findTestObject("Login/Input Username"), username): Text 'standard_user' is set on object 'Object Repository/Login/Input Username'

2023-08-31 15:43:54 - [MESSAGE][PASSED] - Text 'standard_user' is set on object 'Object Repository/Login/Input Username'

2023-08-31 15:43:54 - [TEST_STEP][PASSED] - setEncryptedText(findTestObject("Login/input_Password"), password): Text ****** has been set on object 'Object Repository/Login/input_Password'

2023-08-31 15:43:55 - [MESSAGE][PASSED] - Text ****** has been set on object 'Object Repository/Login/input_Password'

2023-08-31 15:43:55 - [TEST_STEP][PASSED] - click(findTestObject("Login/Login Button")): Object: 'Object Repository/Login/Login Button' is clicked on

2023-08-31 15:43:55 - [MESSAGE][PASSED] - Object: 'Object Repository/Login/Login Button' is clicked on

2023-08-31 15:43:55 - [TEST_STEP][PASSED] - verifyElementPresent(findTestObject("Login/Verifikasi swag labs"), 0): Object 'Object Repository/Login/Verifikasi swag labs' is present

2023-08-31 15:43:56 - [MESSAGE][WARNING] - Timeout '0' is invalid. Using default page load timeout: '30'

2023-08-31 15:43:56 - [MESSAGE][PASSED] - Object 'Object Repository/Login/Verifikasi swag labs' is present

2023-08-31 15:43:56 - [MESSAGE][PASSED] - Call Test Case 'Test Cases/Login/TC-Login-Success-001' successfully

2023-08-31 15:43:56 - [MESSAGE][PASSED] - Call Test Case 'Test Cases/Products/TC-Product-Show-001' successfully

2023-08-31 15:43:56 - [TEST_STEP][PASSED] - click(findTestObject("Product/button_Add to cart_Pertama")): Object: 'Object Repository/Product/button_Add to cart_Pertama' is clicked on

2023-08-31 15:43:57 - [MESSAGE][PASSED] - Object: 'Object Repository/Product/button_Add to cart_Pertama' is clicked on

2023-08-31 15:43:57 - [TEST_STEP][PASSED] - namaproduct1_homepage = getText(findTestObject("Product/nama_product1_homepage")): Text of object 'Object Repository/Product/nama_product1_homepage' is: 'Sauce Labs Backpack'

2023-08-31 15:43:57 - [MESSAGE][PASSED] - Text of object 'Object Repository/Product/nama_product1_homepage' is: 'Sauce Labs Backpack'

2023-08-31 15:43:57 - [TEST_STEP][PASSED] - deskripsiproduct1_homepage = getText(findTestObject("Product/deskripsi_product1_homepage")): Text of object 'Object Repository/Product/deskripsi_product1_homepage' is: 'carry.allTheThings() with the sleek, streamlined Sly Pack that melds uncompromising style with unequaled laptop and tablet protection.'

2023-08-31 15:43:57 - [MESSAGE][PASSED] - Text of object 'Object Repository/Product/deskripsi_product1_homepage' is: 'carry.allTheThings() with the sleek, streamlined Sly Pack that melds uncompromising style with unequaled laptop and tablet protection.'

2023-08-31 15:43:57 - [TEST_STEP][PASSED] - hargaproduct1_homepage = getText(findTestObject("Product/harga_produk1_homepage")): Text of object 'Object Repository/Product/harga_produk1_homepage' is: '$29.99'

2023-08-31 15:43:58 - [MESSAGE][PASSED] - Text of object 'Object Repository/Product/harga_produk1_homepage' is: '$29.99'

2023-08-31 15:43:58 - [TEST_STEP][PASSED] - verifyElementNotPresent(findTestObject("Product/button_Add to cart_Pertama"), 0): Web element with id: 'Object Repository/Product/button_Add to cart_Pertama' located by 'By.xpath: //button[@id='add-to-cart-sauce-labs-backpack']' is not present after '30' second(s)

2023-08-31 15:43:58 - [MESSAGE][WARNING] - Timeout '0' is invalid. Using default page load timeout: '30'

2023-08-31 15:43:58 - [MESSAGE][PASSED] - Web element with id: 'Object Repository/Product/button_Add to cart_Pertama' located by 'By.xpath: //button[@id='add-to-cart-sauce-labs-backpack']' is not present after '30' second(s)

2023-08-31 15:43:58 - [TEST_STEP][PASSED] - verifyElementPresent(findTestObject("Product/tambahproduct"), 0): Object 'Object Repository/Product/tambahproduct' is present

2023-08-31 15:43:58 - [MESSAGE][WARNING] - Timeout '0' is invalid. Using default page load timeout: '30'

2023-08-31 15:43:59 - [MESSAGE][PASSED] - Object 'Object Repository/Product/tambahproduct' is present

2023-08-31 15:43:59 - [TEST_STEP][PASSED] - data = new java.util.HashMap(): null

2023-08-31 15:43:59 - [TEST_STEP][PASSED] - data.put("nama1_home", namaproduct1_homepage): null

2023-08-31 15:43:59 - [TEST_STEP][PASSED] - data.put("deskripsi1_home", deskripsiproduct1_homepage): null

2023-08-31 15:43:59 - [TEST_STEP][PASSED] - data.put("harga1_home", hargaproduct1_homepage): null

2023-08-31 15:43:59 - [TEST_STEP][PASSED] - return data: null

2023-08-31 15:43:59 - [MESSAGE][PASSED] - Call Test Case 'Test Cases/Products/TC-Product-AddCart-001' successfully

2023-08-31 15:43:59 - [TEST_STEP][PASSED] - click(findTestObject("Product/button_Add to cart_Kedua")): Object: 'Object Repository/Product/button_Add to cart_Kedua' is clicked on

2023-08-31 15:43:59 - [MESSAGE][PASSED] - Object: 'Object Repository/Product/button_Add to cart_Kedua' is clicked on

2023-08-31 15:43:59 - [TEST_STEP][PASSED] - nama2_home = getText(findTestObject("Cart/nama2_home")): Text of object 'Object Repository/Cart/nama2_home' is: 'Sauce Labs Bike Light'

2023-08-31 15:44:00 - [MESSAGE][PASSED] - Text of object 'Object Repository/Cart/nama2_home' is: 'Sauce Labs Bike Light'

2023-08-31 15:44:00 - [TEST_STEP][PASSED] - deskripsi2_home = getText(findTestObject("Cart/deskripsi2_home")): Text of object 'Object Repository/Cart/deskripsi2_home' is: 'A red light isn't the desired state in testing but it sure helps when riding your bike at night. Water-resistant with 3 lighting modes, 1 AAA battery included.'

2023-08-31 15:44:00 - [MESSAGE][PASSED] - Text of object 'Object Repository/Cart/deskripsi2_home' is: 'A red light isn't the desired state in testing but it sure helps when riding your bike at night. Water-resistant with 3 lighting modes, 1 AAA battery included.'

2023-08-31 15:44:00 - [TEST_STEP][PASSED] - harga2_home = getText(findTestObject("Cart/price2_home")): Text of object 'Object Repository/Cart/price2_home' is: '$9.99'

2023-08-31 15:44:01 - [MESSAGE][PASSED] - Text of object 'Object Repository/Cart/price2_home' is: '$9.99'

2023-08-31 15:44:01 - [TEST_STEP][PASSED] - verifyElementNotPresent(findTestObject("Product/button_Add to cart_Kedua"), 0): Web element with id: 'Object Repository/Product/button_Add to cart_Kedua' located by 'By.xpath: //button[@id='add-to-cart-sauce-labs-bike-light']' is not present after '30' second(s)

2023-08-31 15:44:01 - [MESSAGE][WARNING] - Timeout '0' is invalid. Using default page load timeout: '30'

2023-08-31 15:44:01 - [MESSAGE][PASSED] - Web element with id: 'Object Repository/Product/button_Add to cart_Kedua' located by 'By.xpath: //button[@id='add-to-cart-sauce-labs-bike-light']' is not present after '30' second(s)

2023-08-31 15:44:01 - [TEST_STEP][PASSED] - verifyElementPresent(findTestObject("Product/tambahproduct2"), 0): Object 'Object Repository/Product/tambahproduct2' is present

2023-08-31 15:44:01 - [MESSAGE][WARNING] - Timeout '0' is invalid. Using default page load timeout: '30'

2023-08-31 15:44:02 - [MESSAGE][PASSED] - Object 'Object Repository/Product/tambahproduct2' is present

2023-08-31 15:44:02 - [TEST_STEP][PASSED] - data.put("nama2_home", nama2_home): null

2023-08-31 15:44:02 - [TEST_STEP][PASSED] - data.put("deskripsi2_home", deskripsi2_home): null

2023-08-31 15:44:02 - [TEST_STEP][PASSED] - data.put("harga2_home", harga2_home): null

2023-08-31 15:44:02 - [TEST_STEP][PASSED] - return data: null

2023-08-31 15:44:02 - [MESSAGE][PASSED] - Call Test Case 'Test Cases/Products/TC-Product-AddCart-002' successfully

2023-08-31 15:44:02 - [TEST_STEP][PASSED] - click(findTestObject("Product/tambahproduct")): Object: 'Object Repository/Product/tambahproduct' is clicked on

2023-08-31 15:44:02 - [MESSAGE][PASSED] - Object: 'Object Repository/Product/tambahproduct' is clicked on

2023-08-31 15:44:02 - [TEST_STEP][PASSED] - nama1_home = data.get("nama1_home"): null

2023-08-31 15:44:02 - [TEST_STEP][PASSED] - deskripsi1_home = data.get("deskripsi1_home"): null

2023-08-31 15:44:02 - [TEST_STEP][PASSED] - harga1_home = data.get("harga1_home"): null

2023-08-31 15:44:02 - [TEST_STEP][PASSED] - nama1_cart = getText(findTestObject("Cart/nama1_cart")): Text of object 'Object Repository/Cart/nama1_cart' is: 'Sauce Labs Backpack'

2023-08-31 15:44:03 - [MESSAGE][PASSED] - Text of object 'Object Repository/Cart/nama1_cart' is: 'Sauce Labs Backpack'

2023-08-31 15:44:03 - [TEST_STEP][PASSED] - deskripsi1_cart = getText(findTestObject("Cart/deskripsi1_cart")): Text of object 'Object Repository/Cart/deskripsi1_cart' is: 'carry.allTheThings() with the sleek, streamlined Sly Pack that melds uncompromising style with unequaled laptop and tablet protection.'

2023-08-31 15:44:03 - [MESSAGE][PASSED] - Text of object 'Object Repository/Cart/deskripsi1_cart' is: 'carry.allTheThings() with the sleek, streamlined Sly Pack that melds uncompromising style with unequaled laptop and tablet protection.'

2023-08-31 15:44:03 - [TEST_STEP][PASSED] - harga1_cart = getText(findTestObject("Cart/price1_cart")): Text of object 'Object Repository/Cart/price1_cart' is: '$29.99'

2023-08-31 15:44:04 - [MESSAGE][PASSED] - Text of object 'Object Repository/Cart/price1_cart' is: '$29.99'

2023-08-31 15:44:04 - [TEST_STEP][PASSED] - nama2_home = data.get("nama2_home"): null

2023-08-31 15:44:04 - [TEST_STEP][PASSED] - deskripsi2_home = data.get("deskripsi2_home"): null

2023-08-31 15:44:04 - [TEST_STEP][PASSED] - harga2_home = data.get("harga2_home"): null

2023-08-31 15:44:04 - [TEST_STEP][PASSED] - nama2_cart = getText(findTestObject("Cart/nama2_cart")): Text of object 'Object Repository/Cart/nama2_cart' is: 'Sauce Labs Bike Light'

2023-08-31 15:44:04 - [MESSAGE][PASSED] - Text of object 'Object Repository/Cart/nama2_cart' is: 'Sauce Labs Bike Light'

2023-08-31 15:44:04 - [TEST_STEP][PASSED] - deskripsi2_cart = getText(findTestObject("Cart/deskripsi2_cart")): Text of object 'Object Repository/Cart/deskripsi2_cart' is: 'A red light isn't the desired state in testing but it sure helps when riding your bike at night. Water-resistant with 3 lighting modes, 1 AAA battery included.'

2023-08-31 15:44:04 - [MESSAGE][PASSED] - Text of object 'Object Repository/Cart/deskripsi2_cart' is: 'A red light isn't the desired state in testing but it sure helps when riding your bike at night. Water-resistant with 3 lighting modes, 1 AAA battery included.'

2023-08-31 15:44:04 - [TEST_STEP][PASSED] - harga2_cart = getText(findTestObject("Cart/price2_cart")): Text of object 'Object Repository/Cart/price2_cart' is: '$9.99'

2023-08-31 15:44:05 - [MESSAGE][PASSED] - Text of object 'Object Repository/Cart/price2_cart' is: '$9.99'

2023-08-31 15:44:05 - [TEST_STEP][PASSED] - verifyMatch(nama1_cart, nama1_home, false): Actual text 'Sauce Labs Backpack' and expected text 'Sauce Labs Backpack' are matched 

2023-08-31 15:44:05 - [MESSAGE][PASSED] - Actual text 'Sauce Labs Backpack' and expected text 'Sauce Labs Backpack' are matched 

2023-08-31 15:44:05 - [TEST_STEP][PASSED] - verifyMatch(deskripsi1_cart, deskripsi1_home, false): Actual text 'carry.allTheThings() with the sleek, streamlined Sly Pack that melds uncompromising style with unequaled laptop and tablet protection.' and expected text 'carry.allTheThings() with the sleek, streamlined Sly Pack that melds uncompromising style with unequaled laptop and tablet protection.' are matched 

2023-08-31 15:44:05 - [MESSAGE][PASSED] - Actual text 'carry.allTheThings() with the sleek, streamlined Sly Pack that melds uncompromising style with unequaled laptop and tablet protection.' and expected text 'carry.allTheThings() with the sleek, streamlined Sly Pack that melds uncompromising style with unequaled laptop and tablet protection.' are matched 

2023-08-31 15:44:05 - [TEST_STEP][PASSED] - verifyMatch(harga1_cart, harga1_home, false): Actual text '$29.99' and expected text '$29.99' are matched 

2023-08-31 15:44:05 - [MESSAGE][PASSED] - Actual text '$29.99' and expected text '$29.99' are matched 

2023-08-31 15:44:05 - [TEST_STEP][PASSED] - verifyMatch(nama2_cart, nama2_home, false): Actual text 'Sauce Labs Bike Light' and expected text 'Sauce Labs Bike Light' are matched 

2023-08-31 15:44:05 - [MESSAGE][PASSED] - Actual text 'Sauce Labs Bike Light' and expected text 'Sauce Labs Bike Light' are matched 

2023-08-31 15:44:05 - [TEST_STEP][PASSED] - verifyMatch(deskripsi2_cart, deskripsi2_home, false): Actual text 'A red light isn't the desired state in testing but it sure helps when riding your bike at night. Water-resistant with 3 lighting modes, 1 AAA battery included.' and expected text 'A red light isn't the desired state in testing but it sure helps when riding your bike at night. Water-resistant with 3 lighting modes, 1 AAA battery included.' are matched 

2023-08-31 15:44:05 - [MESSAGE][PASSED] - Actual text 'A red light isn't the desired state in testing but it sure helps when riding your bike at night. Water-resistant with 3 lighting modes, 1 AAA battery included.' and expected text 'A red light isn't the desired state in testing but it sure helps when riding your bike at night. Water-resistant with 3 lighting modes, 1 AAA battery included.' are matched 

2023-08-31 15:44:05 - [TEST_STEP][PASSED] - verifyMatch(harga2_cart, harga2_home, false): Actual text '$9.99' and expected text '$9.99' are matched 

2023-08-31 15:44:05 - [MESSAGE][PASSED] - Actual text '$9.99' and expected text '$9.99' are matched 

2023-08-31 15:44:05 - [TEST_STEP][PASSED] - return data: null

2023-08-31 15:44:05 - [MESSAGE][PASSED] - Call Test Case 'Test Cases/Keranjang/TC-Cart-Show-003' successfully

2023-08-31 15:44:05 - [TEST_STEP][PASSED] - nama1_cart = data.get("nama1_home"): null

2023-08-31 15:44:05 - [TEST_STEP][PASSED] - deskripsi1_cart = data.get("deskripsi1_home"): null

2023-08-31 15:44:05 - [TEST_STEP][PASSED] - harga1_cart = data.get("harga1_home"): null

2023-08-31 15:44:05 - [TEST_STEP][PASSED] - nama2_cart = data.get("nama2_home"): null

2023-08-31 15:44:05 - [TEST_STEP][PASSED] - deskripsi2_cart = data.get("deskripsi2_home"): null

2023-08-31 15:44:05 - [TEST_STEP][PASSED] - harga2_cart = data.get("harga2_home"): null

2023-08-31 15:44:05 - [TEST_STEP][PASSED] - nama2_overview = getText(findTestObject("Checkout/nama2_overview")): Text of object 'Object Repository/Checkout/nama2_overview' is: 'Sauce Labs Bike Light'

2023-08-31 15:44:05 - [MESSAGE][PASSED] - Text of object 'Object Repository/Checkout/nama2_overview' is: 'Sauce Labs Bike Light'

2023-08-31 15:44:05 - [TEST_STEP][PASSED] - deskripsi2_overview = getText(findTestObject("Checkout/deskripsi2_overview")): Text of object 'Object Repository/Checkout/deskripsi2_overview' is: 'A red light isn't the desired state in testing but it sure helps when riding your bike at night. Water-resistant with 3 lighting modes, 1 AAA battery included.'

2023-08-31 15:44:06 - [MESSAGE][PASSED] - Text of object 'Object Repository/Checkout/deskripsi2_overview' is: 'A red light isn't the desired state in testing but it sure helps when riding your bike at night. Water-resistant with 3 lighting modes, 1 AAA battery included.'

2023-08-31 15:44:06 - [TEST_STEP][PASSED] - harga2_overview = getText(findTestObject("Checkout/harga2_overview")): Text of object 'Object Repository/Checkout/harga2_overview' is: '$9.99'

2023-08-31 15:44:06 - [MESSAGE][PASSED] - Text of object 'Object Repository/Checkout/harga2_overview' is: '$9.99'

2023-08-31 15:44:06 - [TEST_STEP][PASSED] - nama1_overview = getText(findTestObject("Checkout/nama1_overview")): Text of object 'Object Repository/Checkout/nama1_overview' is: 'Sauce Labs Backpack'

2023-08-31 15:44:06 - [MESSAGE][PASSED] - Text of object 'Object Repository/Checkout/nama1_overview' is: 'Sauce Labs Backpack'

2023-08-31 15:44:06 - [TEST_STEP][PASSED] - deskripsi1_overview = getText(findTestObject("Checkout/deskripsi1_overview")): Text of object 'Object Repository/Checkout/deskripsi1_overview' is: 'carry.allTheThings() with the sleek, streamlined Sly Pack that melds uncompromising style with unequaled laptop and tablet protection.'

2023-08-31 15:44:07 - [MESSAGE][PASSED] - Text of object 'Object Repository/Checkout/deskripsi1_overview' is: 'carry.allTheThings() with the sleek, streamlined Sly Pack that melds uncompromising style with unequaled laptop and tablet protection.'

2023-08-31 15:44:07 - [TEST_STEP][PASSED] - harga1_overview = getText(findTestObject("Checkout/harga1_overview")): Text of object 'Object Repository/Checkout/harga1_overview' is: '$29.99'

2023-08-31 15:44:07 - [MESSAGE][PASSED] - Text of object 'Object Repository/Checkout/harga1_overview' is: '$29.99'

2023-08-31 15:44:07 - [TEST_STEP][PASSED] - click(findTestObject("Checkout/button_Checkout")): Object: 'Object Repository/Checkout/button_Checkout' is clicked on

2023-08-31 15:44:08 - [MESSAGE][PASSED] - Object: 'Object Repository/Checkout/button_Checkout' is clicked on

2023-08-31 15:44:08 - [TEST_STEP][PASSED] - verifyElementPresent(findTestObject("Checkout/Checkout-Your Information"), 0): Object 'Object Repository/Checkout/Checkout-Your Information' is present

2023-08-31 15:44:08 - [MESSAGE][WARNING] - Timeout '0' is invalid. Using default page load timeout: '30'

2023-08-31 15:44:09 - [MESSAGE][PASSED] - Object 'Object Repository/Checkout/Checkout-Your Information' is present

2023-08-31 15:44:09 - [TEST_STEP][PASSED] - setText(findTestObject("Checkout/input_Checkout Your Information_firstName"), "rida"): Text 'rida' is set on object 'Object Repository/Checkout/input_Checkout Your Information_firstName'

2023-08-31 15:44:10 - [MESSAGE][PASSED] - Text 'rida' is set on object 'Object Repository/Checkout/input_Checkout Your Information_firstName'

2023-08-31 15:44:10 - [TEST_STEP][PASSED] - setText(findTestObject("Checkout/input_Checkout Your Information_lastName"), "aridaini"): Text 'aridaini' is set on object 'Object Repository/Checkout/input_Checkout Your Information_lastName'

2023-08-31 15:44:11 - [MESSAGE][PASSED] - Text 'aridaini' is set on object 'Object Repository/Checkout/input_Checkout Your Information_lastName'

2023-08-31 15:44:11 - [TEST_STEP][PASSED] - setText(findTestObject("Checkout/input_Checkout Your Information_postalCode"), "1018"): Text '1018' is set on object 'Object Repository/Checkout/input_Checkout Your Information_postalCode'

2023-08-31 15:44:12 - [MESSAGE][PASSED] - Text '1018' is set on object 'Object Repository/Checkout/input_Checkout Your Information_postalCode'

2023-08-31 15:44:12 - [TEST_STEP][PASSED] - click(findTestObject("Checkout/button_continue")): Object: 'Object Repository/Checkout/button_continue' is clicked on

2023-08-31 15:44:12 - [MESSAGE][PASSED] - Object: 'Object Repository/Checkout/button_continue' is clicked on

2023-08-31 15:44:12 - [TEST_STEP][PASSED] - verifyMatch(nama1_overview, nama1_cart, false): Actual text 'Sauce Labs Backpack' and expected text 'Sauce Labs Backpack' are matched 

2023-08-31 15:44:12 - [MESSAGE][PASSED] - Actual text 'Sauce Labs Backpack' and expected text 'Sauce Labs Backpack' are matched 

2023-08-31 15:44:12 - [TEST_STEP][PASSED] - verifyMatch(deskripsi1_overview, deskripsi1_cart, false): Actual text 'carry.allTheThings() with the sleek, streamlined Sly Pack that melds uncompromising style with unequaled laptop and tablet protection.' and expected text 'carry.allTheThings() with the sleek, streamlined Sly Pack that melds uncompromising style with unequaled laptop and tablet protection.' are matched 

2023-08-31 15:44:12 - [MESSAGE][PASSED] - Actual text 'carry.allTheThings() with the sleek, streamlined Sly Pack that melds uncompromising style with unequaled laptop and tablet protection.' and expected text 'carry.allTheThings() with the sleek, streamlined Sly Pack that melds uncompromising style with unequaled laptop and tablet protection.' are matched 

2023-08-31 15:44:12 - [TEST_STEP][PASSED] - verifyMatch(harga1_overview, harga1_cart, false): Actual text '$29.99' and expected text '$29.99' are matched 

2023-08-31 15:44:12 - [MESSAGE][PASSED] - Actual text '$29.99' and expected text '$29.99' are matched 

2023-08-31 15:44:12 - [TEST_STEP][PASSED] - verifyMatch(nama2_overview, nama2_cart, false): Actual text 'Sauce Labs Bike Light' and expected text 'Sauce Labs Bike Light' are matched 

2023-08-31 15:44:12 - [MESSAGE][PASSED] - Actual text 'Sauce Labs Bike Light' and expected text 'Sauce Labs Bike Light' are matched 

2023-08-31 15:44:12 - [TEST_STEP][PASSED] - verifyMatch(deskripsi2_overview, deskripsi2_cart, false): Actual text 'A red light isn't the desired state in testing but it sure helps when riding your bike at night. Water-resistant with 3 lighting modes, 1 AAA battery included.' and expected text 'A red light isn't the desired state in testing but it sure helps when riding your bike at night. Water-resistant with 3 lighting modes, 1 AAA battery included.' are matched 

2023-08-31 15:44:12 - [MESSAGE][PASSED] - Actual text 'A red light isn't the desired state in testing but it sure helps when riding your bike at night. Water-resistant with 3 lighting modes, 1 AAA battery included.' and expected text 'A red light isn't the desired state in testing but it sure helps when riding your bike at night. Water-resistant with 3 lighting modes, 1 AAA battery included.' are matched 

2023-08-31 15:44:12 - [TEST_STEP][PASSED] - verifyMatch(harga2_overview, harga2_cart, false): Actual text '$9.99' and expected text '$9.99' are matched 

2023-08-31 15:44:12 - [MESSAGE][PASSED] - Actual text '$9.99' and expected text '$9.99' are matched 

2023-08-31 15:44:12 - [TEST_STEP][PASSED] - harga1_overview = harga1_overview.replace("$", ""): null

2023-08-31 15:44:12 - [TEST_STEP][PASSED] - harga2_overview = harga2_overview.replace("$", ""): null

2023-08-31 15:44:12 - [TEST_STEP][PASSED] - harga1_overview_parse = Double.parseDouble(harga1_overview): null

2023-08-31 15:44:12 - [TEST_STEP][PASSED] - harga2_overview_parse = Double.parseDouble(harga2_overview): null

2023-08-31 15:44:12 - [TEST_STEP][PASSED] - total1dan2 = harga1_overview_parse + harga2_overview_parse: null

2023-08-31 15:44:12 - [TEST_STEP][PASSED] - itemtotal2_overview = getText(findTestObject("Checkout/itemtotal2_overview")): Text of object 'Object Repository/Checkout/itemtotal2_overview' is: 'Item total: $39.98'

2023-08-31 15:44:13 - [MESSAGE][PASSED] - Text of object 'Object Repository/Checkout/itemtotal2_overview' is: 'Item total: $39.98'

2023-08-31 15:44:13 - [TEST_STEP][PASSED] - itemtotal2_overview = itemtotal2_overview.replace("Item total: $", ""): null

2023-08-31 15:44:13 - [TEST_STEP][PASSED] - itemtotal2_overview_parse = Double.parseDouble(itemtotal2_overview): null

2023-08-31 15:44:13 - [TEST_STEP][PASSED] - assert total1dan2 == itemtotal2_overview_parse: null

2023-08-31 15:44:13 - [TEST_STEP][PASSED] - tax2_overview = getText(findTestObject("Checkout/tax2_oveview")): Text of object 'Object Repository/Checkout/tax2_oveview' is: 'Tax: $3.20'

2023-08-31 15:44:13 - [MESSAGE][PASSED] - Text of object 'Object Repository/Checkout/tax2_oveview' is: 'Tax: $3.20'

2023-08-31 15:44:13 - [TEST_STEP][PASSED] - tax2_overview = tax2_overview.replace("Tax: $", ""): null

2023-08-31 15:44:13 - [TEST_STEP][PASSED] - tax2_overview_parse = Double.parseDouble(tax2_overview): null

2023-08-31 15:44:13 - [TEST_STEP][PASSED] - hitungtax2 = total1dan2 * 0.08: null

2023-08-31 15:44:13 - [TEST_STEP][PASSED] - df = new java.text.DecimalFormat(#.##): null

2023-08-31 15:44:13 - [TEST_STEP][PASSED] - hitungtax2_round = Double.parseDouble(df.format(hitungtax2)): null

2023-08-31 15:44:13 - [TEST_STEP][PASSED] - assert hitungtax2_round == tax2_overview_parse: null

2023-08-31 15:44:13 - [TEST_STEP][PASSED] - total2_overview = getText(findTestObject("Checkout/total2_overview")): Text of object 'Object Repository/Checkout/total2_overview' is: 'Total: $43.18'

2023-08-31 15:44:14 - [MESSAGE][PASSED] - Text of object 'Object Repository/Checkout/total2_overview' is: 'Total: $43.18'

2023-08-31 15:44:14 - [TEST_STEP][PASSED] - total2_overview = total2_overview.replace("Total: $", ""): null

2023-08-31 15:44:14 - [TEST_STEP][PASSED] - total2_overview_parse = Double.parseDouble(total2_overview): null

2023-08-31 15:44:14 - [TEST_STEP][PASSED] - totalfix = tax2_overview_parse + total1dan2: null

2023-08-31 15:44:14 - [TEST_STEP][PASSED] - assert total2_overview_parse == totalfix: null

2023-08-31 15:44:14 - [TEST_STEP][PASSED] - verifyElementPresent(findTestObject("Checkout/CheckOut-Overview"), 0): Object 'Object Repository/Checkout/CheckOut-Overview' is present

2023-08-31 15:44:14 - [MESSAGE][WARNING] - Timeout '0' is invalid. Using default page load timeout: '30'

2023-08-31 15:44:15 - [MESSAGE][PASSED] - Object 'Object Repository/Checkout/CheckOut-Overview' is present

2023-08-31 15:44:15 - [TEST_STEP][PASSED] - click(findTestObject("Checkout/button_Finish")): Object: 'Object Repository/Checkout/button_Finish' is clicked on

2023-08-31 15:44:15 - [MESSAGE][PASSED] - Object: 'Object Repository/Checkout/button_Finish' is clicked on

2023-08-31 15:44:15 - [TEST_STEP][PASSED] - verifyElementPresent(findTestObject("Checkout/success_order"), 0): Object 'Object Repository/Checkout/success_order' is present

2023-08-31 15:44:15 - [MESSAGE][WARNING] - Timeout '0' is invalid. Using default page load timeout: '30'

2023-08-31 15:44:16 - [MESSAGE][PASSED] - Object 'Object Repository/Checkout/success_order' is present]]></system-out>
         <system-err><![CDATA[]]></system-err>
      </testcase>
      <testcase name="Test Cases/Checkout/TC-Checkout-Success-001" time="24.887" classname="Test Cases/Checkout/TC-Checkout-Success-001" status="PASSED">
         <system-out><![CDATA[2023-08-31 15:44:16 - [TEST_CASE][PASSED] - Test Cases/Checkout/TC-Checkout-Success-001: Test Cases/Checkout/TC-Checkout-Success-001

2023-08-31 15:44:16 - [TEST_STEP][PASSED] - data = callTestCase(findTestCase("Keranjang/TC-Cart-Show-002"), [:], STOP_ON_FAILURE): Call Test Case 'Test Cases/Keranjang/TC-Cart-Show-002' successfully

2023-08-31 15:44:16 - [TEST_CASE][PASSED] - Test Cases/Keranjang/TC-Cart-Show-002: Test Cases/Keranjang/TC-Cart-Show-002

2023-08-31 15:44:16 - [TEST_STEP][PASSED] - data = callTestCase(findTestCase("Products/TC-Product-AddCart-001"), [:], STOP_ON_FAILURE): Call Test Case 'Test Cases/Products/TC-Product-AddCart-001' successfully

2023-08-31 15:44:16 - [TEST_CASE][PASSED] - Test Cases/Products/TC-Product-AddCart-001: Test Cases/Products/TC-Product-AddCart-001

2023-08-31 15:44:16 - [TEST_STEP][PASSED] - callTestCase(findTestCase("Products/TC-Product-Show-001"), [:], STOP_ON_FAILURE): Call Test Case 'Test Cases/Products/TC-Product-Show-001' successfully

2023-08-31 15:44:16 - [TEST_CASE][PASSED] - Test Cases/Products/TC-Product-Show-001: Test Cases/Products/TC-Product-Show-001

2023-08-31 15:44:16 - [TEST_STEP][PASSED] - callTestCase(findTestCase("Login/TC-Login-Success-001"), [:], STOP_ON_FAILURE): Call Test Case 'Test Cases/Login/TC-Login-Success-001' successfully

2023-08-31 15:44:17 - [TEST_CASE][PASSED] - Test Cases/Login/TC-Login-Success-001: Test Cases/Login/TC-Login-Success-001

2023-08-31 15:44:17 - [TEST_STEP][PASSED] - openBrowser(URL): Browser is opened with url: 'https://www.saucedemo.com/inventory.html'

2023-08-31 15:44:17 - [MESSAGE][WARNING] - A browser is already opened. Closing browser and opening a new one

2023-08-31 15:44:18 - [MESSAGE][INFO] - Starting 'Edge Chromium' driver

2023-08-31 15:44:20 - [MESSAGE][INFO] - Action delay is set to 0 milliseconds

2023-08-31 15:44:24 - [MESSAGE][PASSED] - Browser is opened with url: 'https://www.saucedemo.com/inventory.html'

2023-08-31 15:44:24 - [TEST_STEP][PASSED] - verifyElementPresent(findTestObject("Login/Verifikasi home page"), 0): Object 'Object Repository/Login/Verifikasi home page' is present

2023-08-31 15:44:24 - [MESSAGE][WARNING] - Timeout '0' is invalid. Using default page load timeout: '30'

2023-08-31 15:44:24 - [MESSAGE][PASSED] - Object 'Object Repository/Login/Verifikasi home page' is present

2023-08-31 15:44:24 - [TEST_STEP][PASSED] - setText(findTestObject("Login/Input Username"), username): Text 'standard_user' is set on object 'Object Repository/Login/Input Username'

2023-08-31 15:44:25 - [MESSAGE][PASSED] - Text 'standard_user' is set on object 'Object Repository/Login/Input Username'

2023-08-31 15:44:25 - [TEST_STEP][PASSED] - setEncryptedText(findTestObject("Login/input_Password"), password): Text ****** has been set on object 'Object Repository/Login/input_Password'

2023-08-31 15:44:26 - [MESSAGE][PASSED] - Text ****** has been set on object 'Object Repository/Login/input_Password'

2023-08-31 15:44:26 - [TEST_STEP][PASSED] - click(findTestObject("Login/Login Button")): Object: 'Object Repository/Login/Login Button' is clicked on

2023-08-31 15:44:26 - [MESSAGE][PASSED] - Object: 'Object Repository/Login/Login Button' is clicked on

2023-08-31 15:44:26 - [TEST_STEP][PASSED] - verifyElementPresent(findTestObject("Login/Verifikasi swag labs"), 0): Object 'Object Repository/Login/Verifikasi swag labs' is present

2023-08-31 15:44:26 - [MESSAGE][WARNING] - Timeout '0' is invalid. Using default page load timeout: '30'

2023-08-31 15:44:27 - [MESSAGE][PASSED] - Object 'Object Repository/Login/Verifikasi swag labs' is present

2023-08-31 15:44:27 - [MESSAGE][PASSED] - Call Test Case 'Test Cases/Login/TC-Login-Success-001' successfully

2023-08-31 15:44:27 - [MESSAGE][PASSED] - Call Test Case 'Test Cases/Products/TC-Product-Show-001' successfully

2023-08-31 15:44:27 - [TEST_STEP][PASSED] - click(findTestObject("Product/button_Add to cart_Pertama")): Object: 'Object Repository/Product/button_Add to cart_Pertama' is clicked on

2023-08-31 15:44:27 - [MESSAGE][PASSED] - Object: 'Object Repository/Product/button_Add to cart_Pertama' is clicked on

2023-08-31 15:44:27 - [TEST_STEP][PASSED] - namaproduct1_homepage = getText(findTestObject("Product/nama_product1_homepage")): Text of object 'Object Repository/Product/nama_product1_homepage' is: 'Sauce Labs Backpack'

2023-08-31 15:44:28 - [MESSAGE][PASSED] - Text of object 'Object Repository/Product/nama_product1_homepage' is: 'Sauce Labs Backpack'

2023-08-31 15:44:28 - [TEST_STEP][PASSED] - deskripsiproduct1_homepage = getText(findTestObject("Product/deskripsi_product1_homepage")): Text of object 'Object Repository/Product/deskripsi_product1_homepage' is: 'carry.allTheThings() with the sleek, streamlined Sly Pack that melds uncompromising style with unequaled laptop and tablet protection.'

2023-08-31 15:44:28 - [MESSAGE][PASSED] - Text of object 'Object Repository/Product/deskripsi_product1_homepage' is: 'carry.allTheThings() with the sleek, streamlined Sly Pack that melds uncompromising style with unequaled laptop and tablet protection.'

2023-08-31 15:44:28 - [TEST_STEP][PASSED] - hargaproduct1_homepage = getText(findTestObject("Product/harga_produk1_homepage")): Text of object 'Object Repository/Product/harga_produk1_homepage' is: '$29.99'

2023-08-31 15:44:29 - [MESSAGE][PASSED] - Text of object 'Object Repository/Product/harga_produk1_homepage' is: '$29.99'

2023-08-31 15:44:29 - [TEST_STEP][PASSED] - verifyElementNotPresent(findTestObject("Product/button_Add to cart_Pertama"), 0): Web element with id: 'Object Repository/Product/button_Add to cart_Pertama' located by 'By.xpath: //button[@id='add-to-cart-sauce-labs-backpack']' is not present after '30' second(s)

2023-08-31 15:44:29 - [MESSAGE][WARNING] - Timeout '0' is invalid. Using default page load timeout: '30'

2023-08-31 15:44:29 - [MESSAGE][PASSED] - Web element with id: 'Object Repository/Product/button_Add to cart_Pertama' located by 'By.xpath: //button[@id='add-to-cart-sauce-labs-backpack']' is not present after '30' second(s)

2023-08-31 15:44:29 - [TEST_STEP][PASSED] - verifyElementPresent(findTestObject("Product/tambahproduct"), 0): Object 'Object Repository/Product/tambahproduct' is present

2023-08-31 15:44:29 - [MESSAGE][WARNING] - Timeout '0' is invalid. Using default page load timeout: '30'

2023-08-31 15:44:30 - [MESSAGE][PASSED] - Object 'Object Repository/Product/tambahproduct' is present

2023-08-31 15:44:30 - [TEST_STEP][PASSED] - data = new java.util.HashMap(): null

2023-08-31 15:44:30 - [TEST_STEP][PASSED] - data.put("nama1_home", namaproduct1_homepage): null

2023-08-31 15:44:30 - [TEST_STEP][PASSED] - data.put("deskripsi1_home", deskripsiproduct1_homepage): null

2023-08-31 15:44:30 - [TEST_STEP][PASSED] - data.put("harga1_home", hargaproduct1_homepage): null

2023-08-31 15:44:30 - [TEST_STEP][PASSED] - return data: null

2023-08-31 15:44:30 - [MESSAGE][PASSED] - Call Test Case 'Test Cases/Products/TC-Product-AddCart-001' successfully

2023-08-31 15:44:30 - [TEST_STEP][PASSED] - click(findTestObject("Product/tambahproduct")): Object: 'Object Repository/Product/tambahproduct' is clicked on

2023-08-31 15:44:30 - [MESSAGE][PASSED] - Object: 'Object Repository/Product/tambahproduct' is clicked on

2023-08-31 15:44:30 - [TEST_STEP][PASSED] - nama1_home = data.get("nama1_home"): null

2023-08-31 15:44:30 - [TEST_STEP][PASSED] - deskripsi1_home = data.get("deskripsi1_home"): null

2023-08-31 15:44:30 - [TEST_STEP][PASSED] - harga1_home = data.get("harga1_home"): null

2023-08-31 15:44:30 - [TEST_STEP][PASSED] - nama1_cart = getText(findTestObject("Cart/nama1_cart")): Text of object 'Object Repository/Cart/nama1_cart' is: 'Sauce Labs Backpack'

2023-08-31 15:44:30 - [MESSAGE][PASSED] - Text of object 'Object Repository/Cart/nama1_cart' is: 'Sauce Labs Backpack'

2023-08-31 15:44:30 - [TEST_STEP][PASSED] - deskripsi1_cart = getText(findTestObject("Cart/deskripsi1_cart")): Text of object 'Object Repository/Cart/deskripsi1_cart' is: 'carry.allTheThings() with the sleek, streamlined Sly Pack that melds uncompromising style with unequaled laptop and tablet protection.'

2023-08-31 15:44:31 - [MESSAGE][PASSED] - Text of object 'Object Repository/Cart/deskripsi1_cart' is: 'carry.allTheThings() with the sleek, streamlined Sly Pack that melds uncompromising style with unequaled laptop and tablet protection.'

2023-08-31 15:44:31 - [TEST_STEP][PASSED] - harga1_cart = getText(findTestObject("Cart/price1_cart")): Text of object 'Object Repository/Cart/price1_cart' is: '$29.99'

2023-08-31 15:44:31 - [MESSAGE][PASSED] - Text of object 'Object Repository/Cart/price1_cart' is: '$29.99'

2023-08-31 15:44:31 - [TEST_STEP][PASSED] - verifyMatch(nama1_cart, nama1_home, false): Actual text 'Sauce Labs Backpack' and expected text 'Sauce Labs Backpack' are matched 

2023-08-31 15:44:31 - [MESSAGE][PASSED] - Actual text 'Sauce Labs Backpack' and expected text 'Sauce Labs Backpack' are matched 

2023-08-31 15:44:31 - [TEST_STEP][PASSED] - verifyMatch(deskripsi1_cart, deskripsi1_home, false): Actual text 'carry.allTheThings() with the sleek, streamlined Sly Pack that melds uncompromising style with unequaled laptop and tablet protection.' and expected text 'carry.allTheThings() with the sleek, streamlined Sly Pack that melds uncompromising style with unequaled laptop and tablet protection.' are matched 

2023-08-31 15:44:31 - [MESSAGE][PASSED] - Actual text 'carry.allTheThings() with the sleek, streamlined Sly Pack that melds uncompromising style with unequaled laptop and tablet protection.' and expected text 'carry.allTheThings() with the sleek, streamlined Sly Pack that melds uncompromising style with unequaled laptop and tablet protection.' are matched 

2023-08-31 15:44:31 - [TEST_STEP][PASSED] - verifyMatch(harga1_cart, harga1_home, false): Actual text '$29.99' and expected text '$29.99' are matched 

2023-08-31 15:44:31 - [MESSAGE][PASSED] - Actual text '$29.99' and expected text '$29.99' are matched 

2023-08-31 15:44:31 - [TEST_STEP][PASSED] - return data: null

2023-08-31 15:44:31 - [MESSAGE][PASSED] - Call Test Case 'Test Cases/Keranjang/TC-Cart-Show-002' successfully

2023-08-31 15:44:31 - [TEST_STEP][PASSED] - click(findTestObject("Checkout/button_Checkout")): Object: 'Object Repository/Checkout/button_Checkout' is clicked on

2023-08-31 15:44:32 - [MESSAGE][PASSED] - Object: 'Object Repository/Checkout/button_Checkout' is clicked on

2023-08-31 15:44:32 - [TEST_STEP][PASSED] - verifyElementPresent(findTestObject("Checkout/Checkout-Your Information"), 0): Object 'Object Repository/Checkout/Checkout-Your Information' is present

2023-08-31 15:44:32 - [MESSAGE][WARNING] - Timeout '0' is invalid. Using default page load timeout: '30'

2023-08-31 15:44:32 - [MESSAGE][PASSED] - Object 'Object Repository/Checkout/Checkout-Your Information' is present

2023-08-31 15:44:32 - [TEST_STEP][PASSED] - setText(findTestObject("Checkout/input_Checkout Your Information_firstName"), "Nama depan pembeli"): Text 'Nama depan pembeli' is set on object 'Object Repository/Checkout/input_Checkout Your Information_firstName'

2023-08-31 15:44:33 - [MESSAGE][PASSED] - Text 'Nama depan pembeli' is set on object 'Object Repository/Checkout/input_Checkout Your Information_firstName'

2023-08-31 15:44:33 - [TEST_STEP][PASSED] - setText(findTestObject("Checkout/input_Checkout Your Information_lastName"), " Nama belakang pembeli"): Text ' Nama belakang pembeli' is set on object 'Object Repository/Checkout/input_Checkout Your Information_lastName'

2023-08-31 15:44:34 - [MESSAGE][PASSED] - Text ' Nama belakang pembeli' is set on object 'Object Repository/Checkout/input_Checkout Your Information_lastName'

2023-08-31 15:44:34 - [TEST_STEP][PASSED] - setText(findTestObject("Checkout/input_Checkout Your Information_postalCode"), "alamat pos"): Text 'alamat pos' is set on object 'Object Repository/Checkout/input_Checkout Your Information_postalCode'

2023-08-31 15:44:35 - [MESSAGE][PASSED] - Text 'alamat pos' is set on object 'Object Repository/Checkout/input_Checkout Your Information_postalCode'

2023-08-31 15:44:35 - [TEST_STEP][PASSED] - click(findTestObject("Checkout/button_continue")): Object: 'Object Repository/Checkout/button_continue' is clicked on

2023-08-31 15:44:36 - [MESSAGE][PASSED] - Object: 'Object Repository/Checkout/button_continue' is clicked on

2023-08-31 15:44:36 - [TEST_STEP][PASSED] - nama1_cart = data.get("nama1_home"): null

2023-08-31 15:44:36 - [TEST_STEP][PASSED] - deskripsi1_cart = data.get("deskripsi1_home"): null

2023-08-31 15:44:36 - [TEST_STEP][PASSED] - harga1_cart = data.get("harga1_home"): null

2023-08-31 15:44:36 - [TEST_STEP][PASSED] - verifyElementPresent(findTestObject("Checkout/CheckOut-Overview"), 0): Object 'Object Repository/Checkout/CheckOut-Overview' is present

2023-08-31 15:44:36 - [MESSAGE][WARNING] - Timeout '0' is invalid. Using default page load timeout: '30'

2023-08-31 15:44:36 - [MESSAGE][PASSED] - Object 'Object Repository/Checkout/CheckOut-Overview' is present

2023-08-31 15:44:36 - [TEST_STEP][PASSED] - nama1_checkout = getText(findTestObject("Checkout/nama1_overview")): Text of object 'Object Repository/Checkout/nama1_overview' is: 'Sauce Labs Backpack'

2023-08-31 15:44:37 - [MESSAGE][PASSED] - Text of object 'Object Repository/Checkout/nama1_overview' is: 'Sauce Labs Backpack'

2023-08-31 15:44:37 - [TEST_STEP][PASSED] - deskripsi1_checkout = getText(findTestObject("Checkout/deskripsi1_overview")): Text of object 'Object Repository/Checkout/deskripsi1_overview' is: 'carry.allTheThings() with the sleek, streamlined Sly Pack that melds uncompromising style with unequaled laptop and tablet protection.'

2023-08-31 15:44:37 - [MESSAGE][PASSED] - Text of object 'Object Repository/Checkout/deskripsi1_overview' is: 'carry.allTheThings() with the sleek, streamlined Sly Pack that melds uncompromising style with unequaled laptop and tablet protection.'

2023-08-31 15:44:37 - [TEST_STEP][PASSED] - harga1_checkout = getText(findTestObject("Checkout/harga1_overview")): Text of object 'Object Repository/Checkout/harga1_overview' is: '$29.99'

2023-08-31 15:44:38 - [MESSAGE][PASSED] - Text of object 'Object Repository/Checkout/harga1_overview' is: '$29.99'

2023-08-31 15:44:38 - [TEST_STEP][PASSED] - verifyMatch(nama1_checkout, nama1_cart, false): Actual text 'Sauce Labs Backpack' and expected text 'Sauce Labs Backpack' are matched 

2023-08-31 15:44:38 - [MESSAGE][PASSED] - Actual text 'Sauce Labs Backpack' and expected text 'Sauce Labs Backpack' are matched 

2023-08-31 15:44:38 - [TEST_STEP][PASSED] - verifyMatch(deskripsi1_checkout, deskripsi1_cart, false): Actual text 'carry.allTheThings() with the sleek, streamlined Sly Pack that melds uncompromising style with unequaled laptop and tablet protection.' and expected text 'carry.allTheThings() with the sleek, streamlined Sly Pack that melds uncompromising style with unequaled laptop and tablet protection.' are matched 

2023-08-31 15:44:38 - [MESSAGE][PASSED] - Actual text 'carry.allTheThings() with the sleek, streamlined Sly Pack that melds uncompromising style with unequaled laptop and tablet protection.' and expected text 'carry.allTheThings() with the sleek, streamlined Sly Pack that melds uncompromising style with unequaled laptop and tablet protection.' are matched 

2023-08-31 15:44:38 - [TEST_STEP][PASSED] - verifyMatch(harga1_checkout, harga1_cart, false): Actual text '$29.99' and expected text '$29.99' are matched 

2023-08-31 15:44:38 - [MESSAGE][PASSED] - Actual text '$29.99' and expected text '$29.99' are matched 

2023-08-31 15:44:38 - [TEST_STEP][PASSED] - total = getText(findTestObject("Checkout/itemtotal_overview_1")): Text of object 'Object Repository/Checkout/itemtotal_overview_1' is: 'Item total: $29.99'

2023-08-31 15:44:38 - [MESSAGE][PASSED] - Text of object 'Object Repository/Checkout/itemtotal_overview_1' is: 'Item total: $29.99'

2023-08-31 15:44:38 - [TEST_STEP][PASSED] - total = total.replace("Item total: $", ""): null

2023-08-31 15:44:38 - [TEST_STEP][PASSED] - harga1_cart = harga1_cart.replace("$", ""): null

2023-08-31 15:44:38 - [TEST_STEP][PASSED] - verifyMatch(total, harga1_cart, false): Actual text '29.99' and expected text '29.99' are matched 

2023-08-31 15:44:38 - [MESSAGE][PASSED] - Actual text '29.99' and expected text '29.99' are matched 

2023-08-31 15:44:38 - [TEST_STEP][PASSED] - totaldouble = Double.parseDouble(total): null

2023-08-31 15:44:38 - [TEST_STEP][PASSED] - totaldouble1 = totaldouble * 0.08: null

2023-08-31 15:44:38 - [TEST_STEP][PASSED] - df = new java.text.DecimalFormat(#.##): null

2023-08-31 15:44:38 - [TEST_STEP][PASSED] - df2 = Double.parseDouble(df.format(totaldouble1)): null

2023-08-31 15:44:38 - [TEST_STEP][PASSED] - tax1 = getText(findTestObject("Checkout/tax1_overview")): Text of object 'Object Repository/Checkout/tax1_overview' is: 'Tax: $2.40'

2023-08-31 15:44:39 - [MESSAGE][PASSED] - Text of object 'Object Repository/Checkout/tax1_overview' is: 'Tax: $2.40'

2023-08-31 15:44:39 - [TEST_STEP][PASSED] - tax1 = tax1.replace("Tax: $", ""): null

2023-08-31 15:44:39 - [TEST_STEP][PASSED] - tax1 = Double.parseDouble(tax1): null

2023-08-31 15:44:39 - [TEST_STEP][PASSED] - assert df2 == tax1: null

2023-08-31 15:44:39 - [TEST_STEP][PASSED] - totalbelanja = df2 + totaldouble: null

2023-08-31 15:44:39 - [TEST_STEP][PASSED] - totalakhir_1 = getText(findTestObject("Checkout/TotalAkhir_1")): Text of object 'Object Repository/Checkout/TotalAkhir_1' is: 'Total: $32.39'

2023-08-31 15:44:39 - [MESSAGE][PASSED] - Text of object 'Object Repository/Checkout/TotalAkhir_1' is: 'Total: $32.39'

2023-08-31 15:44:39 - [TEST_STEP][PASSED] - totalakhir_1 = Double.parseDouble(totalakhir_1.replace("Total: $", "")): null

2023-08-31 15:44:39 - [TEST_STEP][PASSED] - assert totalbelanja == totalakhir_1: null

2023-08-31 15:44:39 - [TEST_STEP][PASSED] - click(findTestObject("Checkout/button_Finish")): Object: 'Object Repository/Checkout/button_Finish' is clicked on

2023-08-31 15:44:40 - [MESSAGE][PASSED] - Object: 'Object Repository/Checkout/button_Finish' is clicked on

2023-08-31 15:44:40 - [TEST_STEP][PASSED] - verifyElementPresent(findTestObject("Checkout/success_order"), 0): Object 'Object Repository/Checkout/success_order' is present

2023-08-31 15:44:40 - [MESSAGE][WARNING] - Timeout '0' is invalid. Using default page load timeout: '30'

2023-08-31 15:44:40 - [MESSAGE][PASSED] - Object 'Object Repository/Checkout/success_order' is present

2023-08-31 15:44:40 - [TEST_STEP][PASSED] - return data: null]]></system-out>
         <system-err><![CDATA[]]></system-err>
      </testcase>
      <testcase name="Test Cases/Checkout/TC-Checkout-Nav-001" time="22.327" classname="Test Cases/Checkout/TC-Checkout-Nav-001" status="PASSED">
         <system-out><![CDATA[2023-08-31 15:44:40 - [TEST_CASE][PASSED] - Test Cases/Checkout/TC-Checkout-Nav-001: Test Cases/Checkout/TC-Checkout-Nav-001

2023-08-31 15:44:41 - [TEST_STEP][PASSED] - data = callTestCase(findTestCase("Keranjang/TC-Cart-Show-002"), [:], STOP_ON_FAILURE): Call Test Case 'Test Cases/Keranjang/TC-Cart-Show-002' successfully

2023-08-31 15:44:41 - [TEST_CASE][PASSED] - Test Cases/Keranjang/TC-Cart-Show-002: Test Cases/Keranjang/TC-Cart-Show-002

2023-08-31 15:44:41 - [TEST_STEP][PASSED] - data = callTestCase(findTestCase("Products/TC-Product-AddCart-001"), [:], STOP_ON_FAILURE): Call Test Case 'Test Cases/Products/TC-Product-AddCart-001' successfully

2023-08-31 15:44:41 - [TEST_CASE][PASSED] - Test Cases/Products/TC-Product-AddCart-001: Test Cases/Products/TC-Product-AddCart-001

2023-08-31 15:44:41 - [TEST_STEP][PASSED] - callTestCase(findTestCase("Products/TC-Product-Show-001"), [:], STOP_ON_FAILURE): Call Test Case 'Test Cases/Products/TC-Product-Show-001' successfully

2023-08-31 15:44:41 - [TEST_CASE][PASSED] - Test Cases/Products/TC-Product-Show-001: Test Cases/Products/TC-Product-Show-001

2023-08-31 15:44:41 - [TEST_STEP][PASSED] - callTestCase(findTestCase("Login/TC-Login-Success-001"), [:], STOP_ON_FAILURE): Call Test Case 'Test Cases/Login/TC-Login-Success-001' successfully

2023-08-31 15:44:41 - [TEST_CASE][PASSED] - Test Cases/Login/TC-Login-Success-001: Test Cases/Login/TC-Login-Success-001

2023-08-31 15:44:41 - [TEST_STEP][PASSED] - openBrowser(URL): Browser is opened with url: 'https://www.saucedemo.com/inventory.html'

2023-08-31 15:44:41 - [MESSAGE][WARNING] - A browser is already opened. Closing browser and opening a new one

2023-08-31 15:44:42 - [MESSAGE][INFO] - Starting 'Edge Chromium' driver

2023-08-31 15:44:45 - [MESSAGE][INFO] - Action delay is set to 0 milliseconds

2023-08-31 15:44:48 - [MESSAGE][PASSED] - Browser is opened with url: 'https://www.saucedemo.com/inventory.html'

2023-08-31 15:44:48 - [TEST_STEP][PASSED] - verifyElementPresent(findTestObject("Login/Verifikasi home page"), 0): Object 'Object Repository/Login/Verifikasi home page' is present

2023-08-31 15:44:48 - [MESSAGE][WARNING] - Timeout '0' is invalid. Using default page load timeout: '30'

2023-08-31 15:44:48 - [MESSAGE][PASSED] - Object 'Object Repository/Login/Verifikasi home page' is present

2023-08-31 15:44:48 - [TEST_STEP][PASSED] - setText(findTestObject("Login/Input Username"), username): Text 'standard_user' is set on object 'Object Repository/Login/Input Username'

2023-08-31 15:44:49 - [MESSAGE][PASSED] - Text 'standard_user' is set on object 'Object Repository/Login/Input Username'

2023-08-31 15:44:49 - [TEST_STEP][PASSED] - setEncryptedText(findTestObject("Login/input_Password"), password): Text ****** has been set on object 'Object Repository/Login/input_Password'

2023-08-31 15:44:50 - [MESSAGE][PASSED] - Text ****** has been set on object 'Object Repository/Login/input_Password'

2023-08-31 15:44:50 - [TEST_STEP][PASSED] - click(findTestObject("Login/Login Button")): Object: 'Object Repository/Login/Login Button' is clicked on

2023-08-31 15:44:50 - [MESSAGE][PASSED] - Object: 'Object Repository/Login/Login Button' is clicked on

2023-08-31 15:44:50 - [TEST_STEP][PASSED] - verifyElementPresent(findTestObject("Login/Verifikasi swag labs"), 0): Object 'Object Repository/Login/Verifikasi swag labs' is present

2023-08-31 15:44:51 - [MESSAGE][WARNING] - Timeout '0' is invalid. Using default page load timeout: '30'

2023-08-31 15:44:51 - [MESSAGE][PASSED] - Object 'Object Repository/Login/Verifikasi swag labs' is present

2023-08-31 15:44:51 - [MESSAGE][PASSED] - Call Test Case 'Test Cases/Login/TC-Login-Success-001' successfully

2023-08-31 15:44:51 - [MESSAGE][PASSED] - Call Test Case 'Test Cases/Products/TC-Product-Show-001' successfully

2023-08-31 15:44:51 - [TEST_STEP][PASSED] - click(findTestObject("Product/button_Add to cart_Pertama")): Object: 'Object Repository/Product/button_Add to cart_Pertama' is clicked on

2023-08-31 15:44:52 - [MESSAGE][PASSED] - Object: 'Object Repository/Product/button_Add to cart_Pertama' is clicked on

2023-08-31 15:44:52 - [TEST_STEP][PASSED] - namaproduct1_homepage = getText(findTestObject("Product/nama_product1_homepage")): Text of object 'Object Repository/Product/nama_product1_homepage' is: 'Sauce Labs Backpack'

2023-08-31 15:44:52 - [MESSAGE][PASSED] - Text of object 'Object Repository/Product/nama_product1_homepage' is: 'Sauce Labs Backpack'

2023-08-31 15:44:52 - [TEST_STEP][PASSED] - deskripsiproduct1_homepage = getText(findTestObject("Product/deskripsi_product1_homepage")): Text of object 'Object Repository/Product/deskripsi_product1_homepage' is: 'carry.allTheThings() with the sleek, streamlined Sly Pack that melds uncompromising style with unequaled laptop and tablet protection.'

2023-08-31 15:44:52 - [MESSAGE][PASSED] - Text of object 'Object Repository/Product/deskripsi_product1_homepage' is: 'carry.allTheThings() with the sleek, streamlined Sly Pack that melds uncompromising style with unequaled laptop and tablet protection.'

2023-08-31 15:44:52 - [TEST_STEP][PASSED] - hargaproduct1_homepage = getText(findTestObject("Product/harga_produk1_homepage")): Text of object 'Object Repository/Product/harga_produk1_homepage' is: '$29.99'

2023-08-31 15:44:53 - [MESSAGE][PASSED] - Text of object 'Object Repository/Product/harga_produk1_homepage' is: '$29.99'

2023-08-31 15:44:53 - [TEST_STEP][PASSED] - verifyElementNotPresent(findTestObject("Product/button_Add to cart_Pertama"), 0): Web element with id: 'Object Repository/Product/button_Add to cart_Pertama' located by 'By.xpath: //button[@id='add-to-cart-sauce-labs-backpack']' is not present after '30' second(s)

2023-08-31 15:44:53 - [MESSAGE][WARNING] - Timeout '0' is invalid. Using default page load timeout: '30'

2023-08-31 15:44:53 - [MESSAGE][PASSED] - Web element with id: 'Object Repository/Product/button_Add to cart_Pertama' located by 'By.xpath: //button[@id='add-to-cart-sauce-labs-backpack']' is not present after '30' second(s)

2023-08-31 15:44:53 - [TEST_STEP][PASSED] - verifyElementPresent(findTestObject("Product/tambahproduct"), 0): Object 'Object Repository/Product/tambahproduct' is present

2023-08-31 15:44:53 - [MESSAGE][WARNING] - Timeout '0' is invalid. Using default page load timeout: '30'

2023-08-31 15:44:54 - [MESSAGE][PASSED] - Object 'Object Repository/Product/tambahproduct' is present

2023-08-31 15:44:54 - [TEST_STEP][PASSED] - data = new java.util.HashMap(): null

2023-08-31 15:44:54 - [TEST_STEP][PASSED] - data.put("nama1_home", namaproduct1_homepage): null

2023-08-31 15:44:54 - [TEST_STEP][PASSED] - data.put("deskripsi1_home", deskripsiproduct1_homepage): null

2023-08-31 15:44:54 - [TEST_STEP][PASSED] - data.put("harga1_home", hargaproduct1_homepage): null

2023-08-31 15:44:54 - [TEST_STEP][PASSED] - return data: null

2023-08-31 15:44:54 - [MESSAGE][PASSED] - Call Test Case 'Test Cases/Products/TC-Product-AddCart-001' successfully

2023-08-31 15:44:54 - [TEST_STEP][PASSED] - click(findTestObject("Product/tambahproduct")): Object: 'Object Repository/Product/tambahproduct' is clicked on

2023-08-31 15:44:54 - [MESSAGE][PASSED] - Object: 'Object Repository/Product/tambahproduct' is clicked on

2023-08-31 15:44:54 - [TEST_STEP][PASSED] - nama1_home = data.get("nama1_home"): null

2023-08-31 15:44:54 - [TEST_STEP][PASSED] - deskripsi1_home = data.get("deskripsi1_home"): null

2023-08-31 15:44:54 - [TEST_STEP][PASSED] - harga1_home = data.get("harga1_home"): null

2023-08-31 15:44:54 - [TEST_STEP][PASSED] - nama1_cart = getText(findTestObject("Cart/nama1_cart")): Text of object 'Object Repository/Cart/nama1_cart' is: 'Sauce Labs Backpack'

2023-08-31 15:44:55 - [MESSAGE][PASSED] - Text of object 'Object Repository/Cart/nama1_cart' is: 'Sauce Labs Backpack'

2023-08-31 15:44:55 - [TEST_STEP][PASSED] - deskripsi1_cart = getText(findTestObject("Cart/deskripsi1_cart")): Text of object 'Object Repository/Cart/deskripsi1_cart' is: 'carry.allTheThings() with the sleek, streamlined Sly Pack that melds uncompromising style with unequaled laptop and tablet protection.'

2023-08-31 15:44:55 - [MESSAGE][PASSED] - Text of object 'Object Repository/Cart/deskripsi1_cart' is: 'carry.allTheThings() with the sleek, streamlined Sly Pack that melds uncompromising style with unequaled laptop and tablet protection.'

2023-08-31 15:44:55 - [TEST_STEP][PASSED] - harga1_cart = getText(findTestObject("Cart/price1_cart")): Text of object 'Object Repository/Cart/price1_cart' is: '$29.99'

2023-08-31 15:44:55 - [MESSAGE][PASSED] - Text of object 'Object Repository/Cart/price1_cart' is: '$29.99'

2023-08-31 15:44:55 - [TEST_STEP][PASSED] - verifyMatch(nama1_cart, nama1_home, false): Actual text 'Sauce Labs Backpack' and expected text 'Sauce Labs Backpack' are matched 

2023-08-31 15:44:55 - [MESSAGE][PASSED] - Actual text 'Sauce Labs Backpack' and expected text 'Sauce Labs Backpack' are matched 

2023-08-31 15:44:55 - [TEST_STEP][PASSED] - verifyMatch(deskripsi1_cart, deskripsi1_home, false): Actual text 'carry.allTheThings() with the sleek, streamlined Sly Pack that melds uncompromising style with unequaled laptop and tablet protection.' and expected text 'carry.allTheThings() with the sleek, streamlined Sly Pack that melds uncompromising style with unequaled laptop and tablet protection.' are matched 

2023-08-31 15:44:55 - [MESSAGE][PASSED] - Actual text 'carry.allTheThings() with the sleek, streamlined Sly Pack that melds uncompromising style with unequaled laptop and tablet protection.' and expected text 'carry.allTheThings() with the sleek, streamlined Sly Pack that melds uncompromising style with unequaled laptop and tablet protection.' are matched 

2023-08-31 15:44:55 - [TEST_STEP][PASSED] - verifyMatch(harga1_cart, harga1_home, false): Actual text '$29.99' and expected text '$29.99' are matched 

2023-08-31 15:44:55 - [MESSAGE][PASSED] - Actual text '$29.99' and expected text '$29.99' are matched 

2023-08-31 15:44:55 - [TEST_STEP][PASSED] - return data: null

2023-08-31 15:44:55 - [MESSAGE][PASSED] - Call Test Case 'Test Cases/Keranjang/TC-Cart-Show-002' successfully

2023-08-31 15:44:55 - [TEST_STEP][PASSED] - click(findTestObject("Checkout/button_Checkout")): Object: 'Object Repository/Checkout/button_Checkout' is clicked on

2023-08-31 15:44:56 - [MESSAGE][PASSED] - Object: 'Object Repository/Checkout/button_Checkout' is clicked on

2023-08-31 15:44:56 - [TEST_STEP][PASSED] - setText(findTestObject("Checkout/input_Checkout Your Information_firstName"), "rida"): Text 'rida' is set on object 'Object Repository/Checkout/input_Checkout Your Information_firstName'

2023-08-31 15:44:57 - [MESSAGE][PASSED] - Text 'rida' is set on object 'Object Repository/Checkout/input_Checkout Your Information_firstName'

2023-08-31 15:44:57 - [TEST_STEP][PASSED] - setText(findTestObject("Checkout/input_Checkout Your Information_lastName"), "aridaini"): Text 'aridaini' is set on object 'Object Repository/Checkout/input_Checkout Your Information_lastName'

2023-08-31 15:44:58 - [MESSAGE][PASSED] - Text 'aridaini' is set on object 'Object Repository/Checkout/input_Checkout Your Information_lastName'

2023-08-31 15:44:58 - [TEST_STEP][PASSED] - setText(findTestObject("Checkout/input_Checkout Your Information_postalCode"), "1018"): Text '1018' is set on object 'Object Repository/Checkout/input_Checkout Your Information_postalCode'

2023-08-31 15:44:59 - [MESSAGE][PASSED] - Text '1018' is set on object 'Object Repository/Checkout/input_Checkout Your Information_postalCode'

2023-08-31 15:44:59 - [TEST_STEP][PASSED] - click(findTestObject("Checkout/button_continue")): Object: 'Object Repository/Checkout/button_continue' is clicked on

2023-08-31 15:44:59 - [MESSAGE][PASSED] - Object: 'Object Repository/Checkout/button_continue' is clicked on

2023-08-31 15:44:59 - [TEST_STEP][PASSED] - nama1_cart = data.get("nama1_home"): null

2023-08-31 15:44:59 - [TEST_STEP][PASSED] - deskripsi1_cart = data.get("deskripsi1_home"): null

2023-08-31 15:44:59 - [TEST_STEP][PASSED] - harga1_cart = data.get("harga1_home"): null

2023-08-31 15:44:59 - [TEST_STEP][PASSED] - nama1_checkout = getText(findTestObject("Checkout/nama1_overview")): Text of object 'Object Repository/Checkout/nama1_overview' is: 'Sauce Labs Backpack'

2023-08-31 15:45:00 - [MESSAGE][PASSED] - Text of object 'Object Repository/Checkout/nama1_overview' is: 'Sauce Labs Backpack'

2023-08-31 15:45:00 - [TEST_STEP][PASSED] - deskripsi1_checkout = getText(findTestObject("Checkout/deskripsi1_overview")): Text of object 'Object Repository/Checkout/deskripsi1_overview' is: 'carry.allTheThings() with the sleek, streamlined Sly Pack that melds uncompromising style with unequaled laptop and tablet protection.'

2023-08-31 15:45:00 - [MESSAGE][PASSED] - Text of object 'Object Repository/Checkout/deskripsi1_overview' is: 'carry.allTheThings() with the sleek, streamlined Sly Pack that melds uncompromising style with unequaled laptop and tablet protection.'

2023-08-31 15:45:00 - [TEST_STEP][PASSED] - harga1_checkout = getText(findTestObject("Checkout/harga1_overview")): Text of object 'Object Repository/Checkout/harga1_overview' is: '$29.99'

2023-08-31 15:45:01 - [MESSAGE][PASSED] - Text of object 'Object Repository/Checkout/harga1_overview' is: '$29.99'

2023-08-31 15:45:01 - [TEST_STEP][PASSED] - verifyMatch(nama1_checkout, nama1_cart, false): Actual text 'Sauce Labs Backpack' and expected text 'Sauce Labs Backpack' are matched 

2023-08-31 15:45:01 - [MESSAGE][PASSED] - Actual text 'Sauce Labs Backpack' and expected text 'Sauce Labs Backpack' are matched 

2023-08-31 15:45:01 - [TEST_STEP][PASSED] - verifyMatch(deskripsi1_checkout, deskripsi1_cart, false): Actual text 'carry.allTheThings() with the sleek, streamlined Sly Pack that melds uncompromising style with unequaled laptop and tablet protection.' and expected text 'carry.allTheThings() with the sleek, streamlined Sly Pack that melds uncompromising style with unequaled laptop and tablet protection.' are matched 

2023-08-31 15:45:01 - [MESSAGE][PASSED] - Actual text 'carry.allTheThings() with the sleek, streamlined Sly Pack that melds uncompromising style with unequaled laptop and tablet protection.' and expected text 'carry.allTheThings() with the sleek, streamlined Sly Pack that melds uncompromising style with unequaled laptop and tablet protection.' are matched 

2023-08-31 15:45:01 - [TEST_STEP][PASSED] - verifyMatch(harga1_checkout, harga1_cart, false): Actual text '$29.99' and expected text '$29.99' are matched 

2023-08-31 15:45:01 - [MESSAGE][PASSED] - Actual text '$29.99' and expected text '$29.99' are matched 

2023-08-31 15:45:01 - [TEST_STEP][PASSED] - total = getText(findTestObject("Checkout/itemtotal_overview_1")): Text of object 'Object Repository/Checkout/itemtotal_overview_1' is: 'Item total: $29.99'

2023-08-31 15:45:01 - [MESSAGE][PASSED] - Text of object 'Object Repository/Checkout/itemtotal_overview_1' is: 'Item total: $29.99'

2023-08-31 15:45:01 - [TEST_STEP][PASSED] - total = total.replace("Item total: $", ""): null

2023-08-31 15:45:01 - [TEST_STEP][PASSED] - harga1_cart = harga1_cart.replace("$", ""): null

2023-08-31 15:45:01 - [TEST_STEP][PASSED] - verifyMatch(total, harga1_cart, false): Actual text '29.99' and expected text '29.99' are matched 

2023-08-31 15:45:01 - [MESSAGE][PASSED] - Actual text '29.99' and expected text '29.99' are matched 

2023-08-31 15:45:01 - [TEST_STEP][PASSED] - totaldouble = Double.parseDouble(total): null

2023-08-31 15:45:01 - [TEST_STEP][PASSED] - totaldouble1 = totaldouble * 0.08: null

2023-08-31 15:45:01 - [TEST_STEP][PASSED] - df = new java.text.DecimalFormat(#.##): null

2023-08-31 15:45:01 - [TEST_STEP][PASSED] - df2 = Double.parseDouble(df.format(totaldouble1)): null

2023-08-31 15:45:01 - [TEST_STEP][PASSED] - tax1 = getText(findTestObject("Checkout/tax1_overview")): Text of object 'Object Repository/Checkout/tax1_overview' is: 'Tax: $2.40'

2023-08-31 15:45:02 - [MESSAGE][PASSED] - Text of object 'Object Repository/Checkout/tax1_overview' is: 'Tax: $2.40'

2023-08-31 15:45:02 - [TEST_STEP][PASSED] - tax1 = tax1.replace("Tax: $", ""): null

2023-08-31 15:45:02 - [TEST_STEP][PASSED] - tax1 = Double.parseDouble(tax1): null

2023-08-31 15:45:02 - [TEST_STEP][PASSED] - assert df2 == tax1: null

2023-08-31 15:45:02 - [TEST_STEP][PASSED] - totalbelanja = df2 + totaldouble: null

2023-08-31 15:45:02 - [TEST_STEP][PASSED] - totalakhir_1 = getText(findTestObject("Checkout/TotalAkhir_1")): Text of object 'Object Repository/Checkout/TotalAkhir_1' is: 'Total: $32.39'

2023-08-31 15:45:02 - [MESSAGE][PASSED] - Text of object 'Object Repository/Checkout/TotalAkhir_1' is: 'Total: $32.39'

2023-08-31 15:45:02 - [TEST_STEP][PASSED] - totalakhir_1 = Double.parseDouble(totalakhir_1.replace("Total: $", "")): null

2023-08-31 15:45:02 - [TEST_STEP][PASSED] - assert totalbelanja == totalakhir_1: null

2023-08-31 15:45:02 - [TEST_STEP][PASSED] - click(findTestObject("Checkout/button_Cancel_overview")): Object: 'Object Repository/Checkout/button_Cancel_overview' is clicked on

2023-08-31 15:45:03 - [MESSAGE][PASSED] - Object: 'Object Repository/Checkout/button_Cancel_overview' is clicked on]]></system-out>
         <system-err><![CDATA[]]></system-err>
      </testcase>
      <testcase name="Test Cases/Checkout/TC-Checkout-Error-003" time="19.455" classname="Test Cases/Checkout/TC-Checkout-Error-003" status="PASSED">
         <system-out><![CDATA[2023-08-31 15:45:03 - [TEST_CASE][PASSED] - Test Cases/Checkout/TC-Checkout-Error-003: Test Cases/Checkout/TC-Checkout-Error-003

2023-08-31 15:45:03 - [TEST_STEP][PASSED] - callTestCase(findTestCase("Keranjang/TC-Cart-Show-002"), [:], STOP_ON_FAILURE): Call Test Case 'Test Cases/Keranjang/TC-Cart-Show-002' successfully

2023-08-31 15:45:03 - [TEST_CASE][PASSED] - Test Cases/Keranjang/TC-Cart-Show-002: Test Cases/Keranjang/TC-Cart-Show-002

2023-08-31 15:45:03 - [TEST_STEP][PASSED] - data = callTestCase(findTestCase("Products/TC-Product-AddCart-001"), [:], STOP_ON_FAILURE): Call Test Case 'Test Cases/Products/TC-Product-AddCart-001' successfully

2023-08-31 15:45:03 - [TEST_CASE][PASSED] - Test Cases/Products/TC-Product-AddCart-001: Test Cases/Products/TC-Product-AddCart-001

2023-08-31 15:45:03 - [TEST_STEP][PASSED] - callTestCase(findTestCase("Products/TC-Product-Show-001"), [:], STOP_ON_FAILURE): Call Test Case 'Test Cases/Products/TC-Product-Show-001' successfully

2023-08-31 15:45:04 - [TEST_CASE][PASSED] - Test Cases/Products/TC-Product-Show-001: Test Cases/Products/TC-Product-Show-001

2023-08-31 15:45:04 - [TEST_STEP][PASSED] - callTestCase(findTestCase("Login/TC-Login-Success-001"), [:], STOP_ON_FAILURE): Call Test Case 'Test Cases/Login/TC-Login-Success-001' successfully

2023-08-31 15:45:04 - [TEST_CASE][PASSED] - Test Cases/Login/TC-Login-Success-001: Test Cases/Login/TC-Login-Success-001

2023-08-31 15:45:04 - [TEST_STEP][PASSED] - openBrowser(URL): Browser is opened with url: 'https://www.saucedemo.com/inventory.html'

2023-08-31 15:45:04 - [MESSAGE][WARNING] - A browser is already opened. Closing browser and opening a new one

2023-08-31 15:45:05 - [MESSAGE][INFO] - Starting 'Edge Chromium' driver

2023-08-31 15:45:07 - [MESSAGE][INFO] - Action delay is set to 0 milliseconds

2023-08-31 15:45:10 - [MESSAGE][PASSED] - Browser is opened with url: 'https://www.saucedemo.com/inventory.html'

2023-08-31 15:45:10 - [TEST_STEP][PASSED] - verifyElementPresent(findTestObject("Login/Verifikasi home page"), 0): Object 'Object Repository/Login/Verifikasi home page' is present

2023-08-31 15:45:10 - [MESSAGE][WARNING] - Timeout '0' is invalid. Using default page load timeout: '30'

2023-08-31 15:45:10 - [MESSAGE][PASSED] - Object 'Object Repository/Login/Verifikasi home page' is present

2023-08-31 15:45:10 - [TEST_STEP][PASSED] - setText(findTestObject("Login/Input Username"), username): Text 'standard_user' is set on object 'Object Repository/Login/Input Username'

2023-08-31 15:45:11 - [MESSAGE][PASSED] - Text 'standard_user' is set on object 'Object Repository/Login/Input Username'

2023-08-31 15:45:11 - [TEST_STEP][PASSED] - setEncryptedText(findTestObject("Login/input_Password"), password): Text ****** has been set on object 'Object Repository/Login/input_Password'

2023-08-31 15:45:12 - [MESSAGE][PASSED] - Text ****** has been set on object 'Object Repository/Login/input_Password'

2023-08-31 15:45:12 - [TEST_STEP][PASSED] - click(findTestObject("Login/Login Button")): Object: 'Object Repository/Login/Login Button' is clicked on

2023-08-31 15:45:13 - [MESSAGE][PASSED] - Object: 'Object Repository/Login/Login Button' is clicked on

2023-08-31 15:45:13 - [TEST_STEP][PASSED] - verifyElementPresent(findTestObject("Login/Verifikasi swag labs"), 0): Object 'Object Repository/Login/Verifikasi swag labs' is present

2023-08-31 15:45:13 - [MESSAGE][WARNING] - Timeout '0' is invalid. Using default page load timeout: '30'

2023-08-31 15:45:13 - [MESSAGE][PASSED] - Object 'Object Repository/Login/Verifikasi swag labs' is present

2023-08-31 15:45:13 - [MESSAGE][PASSED] - Call Test Case 'Test Cases/Login/TC-Login-Success-001' successfully

2023-08-31 15:45:13 - [MESSAGE][PASSED] - Call Test Case 'Test Cases/Products/TC-Product-Show-001' successfully

2023-08-31 15:45:13 - [TEST_STEP][PASSED] - click(findTestObject("Product/button_Add to cart_Pertama")): Object: 'Object Repository/Product/button_Add to cart_Pertama' is clicked on

2023-08-31 15:45:14 - [MESSAGE][PASSED] - Object: 'Object Repository/Product/button_Add to cart_Pertama' is clicked on

2023-08-31 15:45:14 - [TEST_STEP][PASSED] - namaproduct1_homepage = getText(findTestObject("Product/nama_product1_homepage")): Text of object 'Object Repository/Product/nama_product1_homepage' is: 'Sauce Labs Backpack'

2023-08-31 15:45:14 - [MESSAGE][PASSED] - Text of object 'Object Repository/Product/nama_product1_homepage' is: 'Sauce Labs Backpack'

2023-08-31 15:45:14 - [TEST_STEP][PASSED] - deskripsiproduct1_homepage = getText(findTestObject("Product/deskripsi_product1_homepage")): Text of object 'Object Repository/Product/deskripsi_product1_homepage' is: 'carry.allTheThings() with the sleek, streamlined Sly Pack that melds uncompromising style with unequaled laptop and tablet protection.'

2023-08-31 15:45:15 - [MESSAGE][PASSED] - Text of object 'Object Repository/Product/deskripsi_product1_homepage' is: 'carry.allTheThings() with the sleek, streamlined Sly Pack that melds uncompromising style with unequaled laptop and tablet protection.'

2023-08-31 15:45:15 - [TEST_STEP][PASSED] - hargaproduct1_homepage = getText(findTestObject("Product/harga_produk1_homepage")): Text of object 'Object Repository/Product/harga_produk1_homepage' is: '$29.99'

2023-08-31 15:45:15 - [MESSAGE][PASSED] - Text of object 'Object Repository/Product/harga_produk1_homepage' is: '$29.99'

2023-08-31 15:45:15 - [TEST_STEP][PASSED] - verifyElementNotPresent(findTestObject("Product/button_Add to cart_Pertama"), 0): Web element with id: 'Object Repository/Product/button_Add to cart_Pertama' located by 'By.xpath: //button[@id='add-to-cart-sauce-labs-backpack']' is not present after '30' second(s)

2023-08-31 15:45:15 - [MESSAGE][WARNING] - Timeout '0' is invalid. Using default page load timeout: '30'

2023-08-31 15:45:15 - [MESSAGE][PASSED] - Web element with id: 'Object Repository/Product/button_Add to cart_Pertama' located by 'By.xpath: //button[@id='add-to-cart-sauce-labs-backpack']' is not present after '30' second(s)

2023-08-31 15:45:15 - [TEST_STEP][PASSED] - verifyElementPresent(findTestObject("Product/tambahproduct"), 0): Object 'Object Repository/Product/tambahproduct' is present

2023-08-31 15:45:15 - [MESSAGE][WARNING] - Timeout '0' is invalid. Using default page load timeout: '30'

2023-08-31 15:45:16 - [MESSAGE][PASSED] - Object 'Object Repository/Product/tambahproduct' is present

2023-08-31 15:45:16 - [TEST_STEP][PASSED] - data = new java.util.HashMap(): null

2023-08-31 15:45:16 - [TEST_STEP][PASSED] - data.put("nama1_home", namaproduct1_homepage): null

2023-08-31 15:45:16 - [TEST_STEP][PASSED] - data.put("deskripsi1_home", deskripsiproduct1_homepage): null

2023-08-31 15:45:16 - [TEST_STEP][PASSED] - data.put("harga1_home", hargaproduct1_homepage): null

2023-08-31 15:45:16 - [TEST_STEP][PASSED] - return data: null

2023-08-31 15:45:16 - [MESSAGE][PASSED] - Call Test Case 'Test Cases/Products/TC-Product-AddCart-001' successfully

2023-08-31 15:45:16 - [TEST_STEP][PASSED] - click(findTestObject("Product/tambahproduct")): Object: 'Object Repository/Product/tambahproduct' is clicked on

2023-08-31 15:45:16 - [MESSAGE][PASSED] - Object: 'Object Repository/Product/tambahproduct' is clicked on

2023-08-31 15:45:16 - [TEST_STEP][PASSED] - nama1_home = data.get("nama1_home"): null

2023-08-31 15:45:16 - [TEST_STEP][PASSED] - deskripsi1_home = data.get("deskripsi1_home"): null

2023-08-31 15:45:16 - [TEST_STEP][PASSED] - harga1_home = data.get("harga1_home"): null

2023-08-31 15:45:16 - [TEST_STEP][PASSED] - nama1_cart = getText(findTestObject("Cart/nama1_cart")): Text of object 'Object Repository/Cart/nama1_cart' is: 'Sauce Labs Backpack'

2023-08-31 15:45:17 - [MESSAGE][PASSED] - Text of object 'Object Repository/Cart/nama1_cart' is: 'Sauce Labs Backpack'

2023-08-31 15:45:17 - [TEST_STEP][PASSED] - deskripsi1_cart = getText(findTestObject("Cart/deskripsi1_cart")): Text of object 'Object Repository/Cart/deskripsi1_cart' is: 'carry.allTheThings() with the sleek, streamlined Sly Pack that melds uncompromising style with unequaled laptop and tablet protection.'

2023-08-31 15:45:17 - [MESSAGE][PASSED] - Text of object 'Object Repository/Cart/deskripsi1_cart' is: 'carry.allTheThings() with the sleek, streamlined Sly Pack that melds uncompromising style with unequaled laptop and tablet protection.'

2023-08-31 15:45:17 - [TEST_STEP][PASSED] - harga1_cart = getText(findTestObject("Cart/price1_cart")): Text of object 'Object Repository/Cart/price1_cart' is: '$29.99'

2023-08-31 15:45:17 - [MESSAGE][PASSED] - Text of object 'Object Repository/Cart/price1_cart' is: '$29.99'

2023-08-31 15:45:17 - [TEST_STEP][PASSED] - verifyMatch(nama1_cart, nama1_home, false): Actual text 'Sauce Labs Backpack' and expected text 'Sauce Labs Backpack' are matched 

2023-08-31 15:45:17 - [MESSAGE][PASSED] - Actual text 'Sauce Labs Backpack' and expected text 'Sauce Labs Backpack' are matched 

2023-08-31 15:45:17 - [TEST_STEP][PASSED] - verifyMatch(deskripsi1_cart, deskripsi1_home, false): Actual text 'carry.allTheThings() with the sleek, streamlined Sly Pack that melds uncompromising style with unequaled laptop and tablet protection.' and expected text 'carry.allTheThings() with the sleek, streamlined Sly Pack that melds uncompromising style with unequaled laptop and tablet protection.' are matched 

2023-08-31 15:45:17 - [MESSAGE][PASSED] - Actual text 'carry.allTheThings() with the sleek, streamlined Sly Pack that melds uncompromising style with unequaled laptop and tablet protection.' and expected text 'carry.allTheThings() with the sleek, streamlined Sly Pack that melds uncompromising style with unequaled laptop and tablet protection.' are matched 

2023-08-31 15:45:17 - [TEST_STEP][PASSED] - verifyMatch(harga1_cart, harga1_home, false): Actual text '$29.99' and expected text '$29.99' are matched 

2023-08-31 15:45:17 - [MESSAGE][PASSED] - Actual text '$29.99' and expected text '$29.99' are matched 

2023-08-31 15:45:17 - [TEST_STEP][PASSED] - return data: null

2023-08-31 15:45:17 - [MESSAGE][PASSED] - Call Test Case 'Test Cases/Keranjang/TC-Cart-Show-002' successfully

2023-08-31 15:45:17 - [TEST_STEP][PASSED] - click(findTestObject("Checkout/button_Checkout")): Object: 'Object Repository/Checkout/button_Checkout' is clicked on

2023-08-31 15:45:18 - [MESSAGE][PASSED] - Object: 'Object Repository/Checkout/button_Checkout' is clicked on

2023-08-31 15:45:18 - [TEST_STEP][PASSED] - setText(findTestObject("Checkout/input_Checkout Your Information_firstName"), "friska"): Text 'friska' is set on object 'Object Repository/Checkout/input_Checkout Your Information_firstName'

2023-08-31 15:45:19 - [MESSAGE][PASSED] - Text 'friska' is set on object 'Object Repository/Checkout/input_Checkout Your Information_firstName'

2023-08-31 15:45:19 - [TEST_STEP][PASSED] - setText(findTestObject("Checkout/input_Checkout Your Information_lastName"), "alfanda"): Text 'alfanda' is set on object 'Object Repository/Checkout/input_Checkout Your Information_lastName'

2023-08-31 15:45:20 - [MESSAGE][PASSED] - Text 'alfanda' is set on object 'Object Repository/Checkout/input_Checkout Your Information_lastName'

2023-08-31 15:45:20 - [TEST_STEP][PASSED] - setText(findTestObject("Checkout/input_Checkout Your Information_postalCode"), ""): Text '' is set on object 'Object Repository/Checkout/input_Checkout Your Information_postalCode'

2023-08-31 15:45:21 - [MESSAGE][PASSED] - Text '' is set on object 'Object Repository/Checkout/input_Checkout Your Information_postalCode'

2023-08-31 15:45:21 - [TEST_STEP][PASSED] - click(findTestObject("Checkout/button_continue")): Object: 'Object Repository/Checkout/button_continue' is clicked on

2023-08-31 15:45:22 - [MESSAGE][PASSED] - Object: 'Object Repository/Checkout/button_continue' is clicked on

2023-08-31 15:45:22 - [TEST_STEP][PASSED] - verifyElementPresent(findTestObject("Checkout/error_portalcode"), 0): Object 'Object Repository/Checkout/error_portalcode' is present

2023-08-31 15:45:22 - [MESSAGE][WARNING] - Timeout '0' is invalid. Using default page load timeout: '30'

2023-08-31 15:45:22 - [MESSAGE][PASSED] - Object 'Object Repository/Checkout/error_portalcode' is present]]></system-out>
         <system-err><![CDATA[]]></system-err>
      </testcase>
      <testcase name="Test Cases/Checkout/TC-Checkout-Success-001" time="24.024" classname="Test Cases/Checkout/TC-Checkout-Success-001" status="PASSED">
         <system-out><![CDATA[2023-08-31 15:45:22 - [TEST_CASE][PASSED] - Test Cases/Checkout/TC-Checkout-Success-001: Test Cases/Checkout/TC-Checkout-Success-001

2023-08-31 15:45:22 - [TEST_STEP][PASSED] - data = callTestCase(findTestCase("Keranjang/TC-Cart-Show-002"), [:], STOP_ON_FAILURE): Call Test Case 'Test Cases/Keranjang/TC-Cart-Show-002' successfully

2023-08-31 15:45:22 - [TEST_CASE][PASSED] - Test Cases/Keranjang/TC-Cart-Show-002: Test Cases/Keranjang/TC-Cart-Show-002

2023-08-31 15:45:22 - [TEST_STEP][PASSED] - data = callTestCase(findTestCase("Products/TC-Product-AddCart-001"), [:], STOP_ON_FAILURE): Call Test Case 'Test Cases/Products/TC-Product-AddCart-001' successfully

2023-08-31 15:45:22 - [TEST_CASE][PASSED] - Test Cases/Products/TC-Product-AddCart-001: Test Cases/Products/TC-Product-AddCart-001

2023-08-31 15:45:22 - [TEST_STEP][PASSED] - callTestCase(findTestCase("Products/TC-Product-Show-001"), [:], STOP_ON_FAILURE): Call Test Case 'Test Cases/Products/TC-Product-Show-001' successfully

2023-08-31 15:45:23 - [TEST_CASE][PASSED] - Test Cases/Products/TC-Product-Show-001: Test Cases/Products/TC-Product-Show-001

2023-08-31 15:45:23 - [TEST_STEP][PASSED] - callTestCase(findTestCase("Login/TC-Login-Success-001"), [:], STOP_ON_FAILURE): Call Test Case 'Test Cases/Login/TC-Login-Success-001' successfully

2023-08-31 15:45:23 - [TEST_CASE][PASSED] - Test Cases/Login/TC-Login-Success-001: Test Cases/Login/TC-Login-Success-001

2023-08-31 15:45:23 - [TEST_STEP][PASSED] - openBrowser(URL): Browser is opened with url: 'https://www.saucedemo.com/inventory.html'

2023-08-31 15:45:23 - [MESSAGE][WARNING] - A browser is already opened. Closing browser and opening a new one

2023-08-31 15:45:24 - [MESSAGE][INFO] - Starting 'Edge Chromium' driver

2023-08-31 15:45:26 - [MESSAGE][INFO] - Action delay is set to 0 milliseconds

2023-08-31 15:45:29 - [MESSAGE][PASSED] - Browser is opened with url: 'https://www.saucedemo.com/inventory.html'

2023-08-31 15:45:29 - [TEST_STEP][PASSED] - verifyElementPresent(findTestObject("Login/Verifikasi home page"), 0): Object 'Object Repository/Login/Verifikasi home page' is present

2023-08-31 15:45:29 - [MESSAGE][WARNING] - Timeout '0' is invalid. Using default page load timeout: '30'

2023-08-31 15:45:30 - [MESSAGE][PASSED] - Object 'Object Repository/Login/Verifikasi home page' is present

2023-08-31 15:45:30 - [TEST_STEP][PASSED] - setText(findTestObject("Login/Input Username"), username): Text 'standard_user' is set on object 'Object Repository/Login/Input Username'

2023-08-31 15:45:31 - [MESSAGE][PASSED] - Text 'standard_user' is set on object 'Object Repository/Login/Input Username'

2023-08-31 15:45:31 - [TEST_STEP][PASSED] - setEncryptedText(findTestObject("Login/input_Password"), password): Text ****** has been set on object 'Object Repository/Login/input_Password'

2023-08-31 15:45:31 - [MESSAGE][PASSED] - Text ****** has been set on object 'Object Repository/Login/input_Password'

2023-08-31 15:45:31 - [TEST_STEP][PASSED] - click(findTestObject("Login/Login Button")): Object: 'Object Repository/Login/Login Button' is clicked on

2023-08-31 15:45:32 - [MESSAGE][PASSED] - Object: 'Object Repository/Login/Login Button' is clicked on

2023-08-31 15:45:32 - [TEST_STEP][PASSED] - verifyElementPresent(findTestObject("Login/Verifikasi swag labs"), 0): Object 'Object Repository/Login/Verifikasi swag labs' is present

2023-08-31 15:45:32 - [MESSAGE][WARNING] - Timeout '0' is invalid. Using default page load timeout: '30'

2023-08-31 15:45:32 - [MESSAGE][PASSED] - Object 'Object Repository/Login/Verifikasi swag labs' is present

2023-08-31 15:45:32 - [MESSAGE][PASSED] - Call Test Case 'Test Cases/Login/TC-Login-Success-001' successfully

2023-08-31 15:45:32 - [MESSAGE][PASSED] - Call Test Case 'Test Cases/Products/TC-Product-Show-001' successfully

2023-08-31 15:45:32 - [TEST_STEP][PASSED] - click(findTestObject("Product/button_Add to cart_Pertama")): Object: 'Object Repository/Product/button_Add to cart_Pertama' is clicked on

2023-08-31 15:45:33 - [MESSAGE][PASSED] - Object: 'Object Repository/Product/button_Add to cart_Pertama' is clicked on

2023-08-31 15:45:33 - [TEST_STEP][PASSED] - namaproduct1_homepage = getText(findTestObject("Product/nama_product1_homepage")): Text of object 'Object Repository/Product/nama_product1_homepage' is: 'Sauce Labs Backpack'

2023-08-31 15:45:34 - [MESSAGE][PASSED] - Text of object 'Object Repository/Product/nama_product1_homepage' is: 'Sauce Labs Backpack'

2023-08-31 15:45:34 - [TEST_STEP][PASSED] - deskripsiproduct1_homepage = getText(findTestObject("Product/deskripsi_product1_homepage")): Text of object 'Object Repository/Product/deskripsi_product1_homepage' is: 'carry.allTheThings() with the sleek, streamlined Sly Pack that melds uncompromising style with unequaled laptop and tablet protection.'

2023-08-31 15:45:34 - [MESSAGE][PASSED] - Text of object 'Object Repository/Product/deskripsi_product1_homepage' is: 'carry.allTheThings() with the sleek, streamlined Sly Pack that melds uncompromising style with unequaled laptop and tablet protection.'

2023-08-31 15:45:34 - [TEST_STEP][PASSED] - hargaproduct1_homepage = getText(findTestObject("Product/harga_produk1_homepage")): Text of object 'Object Repository/Product/harga_produk1_homepage' is: '$29.99'

2023-08-31 15:45:34 - [MESSAGE][PASSED] - Text of object 'Object Repository/Product/harga_produk1_homepage' is: '$29.99'

2023-08-31 15:45:34 - [TEST_STEP][PASSED] - verifyElementNotPresent(findTestObject("Product/button_Add to cart_Pertama"), 0): Web element with id: 'Object Repository/Product/button_Add to cart_Pertama' located by 'By.xpath: //button[@id='add-to-cart-sauce-labs-backpack']' is not present after '30' second(s)

2023-08-31 15:45:34 - [MESSAGE][WARNING] - Timeout '0' is invalid. Using default page load timeout: '30'

2023-08-31 15:45:35 - [MESSAGE][PASSED] - Web element with id: 'Object Repository/Product/button_Add to cart_Pertama' located by 'By.xpath: //button[@id='add-to-cart-sauce-labs-backpack']' is not present after '30' second(s)

2023-08-31 15:45:35 - [TEST_STEP][PASSED] - verifyElementPresent(findTestObject("Product/tambahproduct"), 0): Object 'Object Repository/Product/tambahproduct' is present

2023-08-31 15:45:35 - [MESSAGE][WARNING] - Timeout '0' is invalid. Using default page load timeout: '30'

2023-08-31 15:45:35 - [MESSAGE][PASSED] - Object 'Object Repository/Product/tambahproduct' is present

2023-08-31 15:45:35 - [TEST_STEP][PASSED] - data = new java.util.HashMap(): null

2023-08-31 15:45:35 - [TEST_STEP][PASSED] - data.put("nama1_home", namaproduct1_homepage): null

2023-08-31 15:45:35 - [TEST_STEP][PASSED] - data.put("deskripsi1_home", deskripsiproduct1_homepage): null

2023-08-31 15:45:35 - [TEST_STEP][PASSED] - data.put("harga1_home", hargaproduct1_homepage): null

2023-08-31 15:45:35 - [TEST_STEP][PASSED] - return data: null

2023-08-31 15:45:35 - [MESSAGE][PASSED] - Call Test Case 'Test Cases/Products/TC-Product-AddCart-001' successfully

2023-08-31 15:45:35 - [TEST_STEP][PASSED] - click(findTestObject("Product/tambahproduct")): Object: 'Object Repository/Product/tambahproduct' is clicked on

2023-08-31 15:45:36 - [MESSAGE][PASSED] - Object: 'Object Repository/Product/tambahproduct' is clicked on

2023-08-31 15:45:36 - [TEST_STEP][PASSED] - nama1_home = data.get("nama1_home"): null

2023-08-31 15:45:36 - [TEST_STEP][PASSED] - deskripsi1_home = data.get("deskripsi1_home"): null

2023-08-31 15:45:36 - [TEST_STEP][PASSED] - harga1_home = data.get("harga1_home"): null

2023-08-31 15:45:36 - [TEST_STEP][PASSED] - nama1_cart = getText(findTestObject("Cart/nama1_cart")): Text of object 'Object Repository/Cart/nama1_cart' is: 'Sauce Labs Backpack'

2023-08-31 15:45:36 - [MESSAGE][PASSED] - Text of object 'Object Repository/Cart/nama1_cart' is: 'Sauce Labs Backpack'

2023-08-31 15:45:36 - [TEST_STEP][PASSED] - deskripsi1_cart = getText(findTestObject("Cart/deskripsi1_cart")): Text of object 'Object Repository/Cart/deskripsi1_cart' is: 'carry.allTheThings() with the sleek, streamlined Sly Pack that melds uncompromising style with unequaled laptop and tablet protection.'

2023-08-31 15:45:37 - [MESSAGE][PASSED] - Text of object 'Object Repository/Cart/deskripsi1_cart' is: 'carry.allTheThings() with the sleek, streamlined Sly Pack that melds uncompromising style with unequaled laptop and tablet protection.'

2023-08-31 15:45:37 - [TEST_STEP][PASSED] - harga1_cart = getText(findTestObject("Cart/price1_cart")): Text of object 'Object Repository/Cart/price1_cart' is: '$29.99'

2023-08-31 15:45:37 - [MESSAGE][PASSED] - Text of object 'Object Repository/Cart/price1_cart' is: '$29.99'

2023-08-31 15:45:37 - [TEST_STEP][PASSED] - verifyMatch(nama1_cart, nama1_home, false): Actual text 'Sauce Labs Backpack' and expected text 'Sauce Labs Backpack' are matched 

2023-08-31 15:45:37 - [MESSAGE][PASSED] - Actual text 'Sauce Labs Backpack' and expected text 'Sauce Labs Backpack' are matched 

2023-08-31 15:45:37 - [TEST_STEP][PASSED] - verifyMatch(deskripsi1_cart, deskripsi1_home, false): Actual text 'carry.allTheThings() with the sleek, streamlined Sly Pack that melds uncompromising style with unequaled laptop and tablet protection.' and expected text 'carry.allTheThings() with the sleek, streamlined Sly Pack that melds uncompromising style with unequaled laptop and tablet protection.' are matched 

2023-08-31 15:45:37 - [MESSAGE][PASSED] - Actual text 'carry.allTheThings() with the sleek, streamlined Sly Pack that melds uncompromising style with unequaled laptop and tablet protection.' and expected text 'carry.allTheThings() with the sleek, streamlined Sly Pack that melds uncompromising style with unequaled laptop and tablet protection.' are matched 

2023-08-31 15:45:37 - [TEST_STEP][PASSED] - verifyMatch(harga1_cart, harga1_home, false): Actual text '$29.99' and expected text '$29.99' are matched 

2023-08-31 15:45:37 - [MESSAGE][PASSED] - Actual text '$29.99' and expected text '$29.99' are matched 

2023-08-31 15:45:37 - [TEST_STEP][PASSED] - return data: null

2023-08-31 15:45:37 - [MESSAGE][PASSED] - Call Test Case 'Test Cases/Keranjang/TC-Cart-Show-002' successfully

2023-08-31 15:45:37 - [TEST_STEP][PASSED] - click(findTestObject("Checkout/button_Checkout")): Object: 'Object Repository/Checkout/button_Checkout' is clicked on

2023-08-31 15:45:38 - [MESSAGE][PASSED] - Object: 'Object Repository/Checkout/button_Checkout' is clicked on

2023-08-31 15:45:38 - [TEST_STEP][PASSED] - verifyElementPresent(findTestObject("Checkout/Checkout-Your Information"), 0): Object 'Object Repository/Checkout/Checkout-Your Information' is present

2023-08-31 15:45:38 - [MESSAGE][WARNING] - Timeout '0' is invalid. Using default page load timeout: '30'

2023-08-31 15:45:38 - [MESSAGE][PASSED] - Object 'Object Repository/Checkout/Checkout-Your Information' is present

2023-08-31 15:45:38 - [TEST_STEP][PASSED] - setText(findTestObject("Checkout/input_Checkout Your Information_firstName"), "Nama depan pembeli"): Text 'Nama depan pembeli' is set on object 'Object Repository/Checkout/input_Checkout Your Information_firstName'

2023-08-31 15:45:39 - [MESSAGE][PASSED] - Text 'Nama depan pembeli' is set on object 'Object Repository/Checkout/input_Checkout Your Information_firstName'

2023-08-31 15:45:39 - [TEST_STEP][PASSED] - setText(findTestObject("Checkout/input_Checkout Your Information_lastName"), " Nama belakang pembeli"): Text ' Nama belakang pembeli' is set on object 'Object Repository/Checkout/input_Checkout Your Information_lastName'

2023-08-31 15:45:40 - [MESSAGE][PASSED] - Text ' Nama belakang pembeli' is set on object 'Object Repository/Checkout/input_Checkout Your Information_lastName'

2023-08-31 15:45:40 - [TEST_STEP][PASSED] - setText(findTestObject("Checkout/input_Checkout Your Information_postalCode"), "alamat pos"): Text 'alamat pos' is set on object 'Object Repository/Checkout/input_Checkout Your Information_postalCode'

2023-08-31 15:45:41 - [MESSAGE][PASSED] - Text 'alamat pos' is set on object 'Object Repository/Checkout/input_Checkout Your Information_postalCode'

2023-08-31 15:45:41 - [TEST_STEP][PASSED] - click(findTestObject("Checkout/button_continue")): Object: 'Object Repository/Checkout/button_continue' is clicked on

2023-08-31 15:45:42 - [MESSAGE][PASSED] - Object: 'Object Repository/Checkout/button_continue' is clicked on

2023-08-31 15:45:42 - [TEST_STEP][PASSED] - nama1_cart = data.get("nama1_home"): null

2023-08-31 15:45:42 - [TEST_STEP][PASSED] - deskripsi1_cart = data.get("deskripsi1_home"): null

2023-08-31 15:45:42 - [TEST_STEP][PASSED] - harga1_cart = data.get("harga1_home"): null

2023-08-31 15:45:42 - [TEST_STEP][PASSED] - verifyElementPresent(findTestObject("Checkout/CheckOut-Overview"), 0): Object 'Object Repository/Checkout/CheckOut-Overview' is present

2023-08-31 15:45:42 - [MESSAGE][WARNING] - Timeout '0' is invalid. Using default page load timeout: '30'

2023-08-31 15:45:42 - [MESSAGE][PASSED] - Object 'Object Repository/Checkout/CheckOut-Overview' is present

2023-08-31 15:45:42 - [TEST_STEP][PASSED] - nama1_checkout = getText(findTestObject("Checkout/nama1_overview")): Text of object 'Object Repository/Checkout/nama1_overview' is: 'Sauce Labs Backpack'

2023-08-31 15:45:42 - [MESSAGE][PASSED] - Text of object 'Object Repository/Checkout/nama1_overview' is: 'Sauce Labs Backpack'

2023-08-31 15:45:42 - [TEST_STEP][PASSED] - deskripsi1_checkout = getText(findTestObject("Checkout/deskripsi1_overview")): Text of object 'Object Repository/Checkout/deskripsi1_overview' is: 'carry.allTheThings() with the sleek, streamlined Sly Pack that melds uncompromising style with unequaled laptop and tablet protection.'

2023-08-31 15:45:43 - [MESSAGE][PASSED] - Text of object 'Object Repository/Checkout/deskripsi1_overview' is: 'carry.allTheThings() with the sleek, streamlined Sly Pack that melds uncompromising style with unequaled laptop and tablet protection.'

2023-08-31 15:45:43 - [TEST_STEP][PASSED] - harga1_checkout = getText(findTestObject("Checkout/harga1_overview")): Text of object 'Object Repository/Checkout/harga1_overview' is: '$29.99'

2023-08-31 15:45:44 - [MESSAGE][PASSED] - Text of object 'Object Repository/Checkout/harga1_overview' is: '$29.99'

2023-08-31 15:45:44 - [TEST_STEP][PASSED] - verifyMatch(nama1_checkout, nama1_cart, false): Actual text 'Sauce Labs Backpack' and expected text 'Sauce Labs Backpack' are matched 

2023-08-31 15:45:44 - [MESSAGE][PASSED] - Actual text 'Sauce Labs Backpack' and expected text 'Sauce Labs Backpack' are matched 

2023-08-31 15:45:44 - [TEST_STEP][PASSED] - verifyMatch(deskripsi1_checkout, deskripsi1_cart, false): Actual text 'carry.allTheThings() with the sleek, streamlined Sly Pack that melds uncompromising style with unequaled laptop and tablet protection.' and expected text 'carry.allTheThings() with the sleek, streamlined Sly Pack that melds uncompromising style with unequaled laptop and tablet protection.' are matched 

2023-08-31 15:45:44 - [MESSAGE][PASSED] - Actual text 'carry.allTheThings() with the sleek, streamlined Sly Pack that melds uncompromising style with unequaled laptop and tablet protection.' and expected text 'carry.allTheThings() with the sleek, streamlined Sly Pack that melds uncompromising style with unequaled laptop and tablet protection.' are matched 

2023-08-31 15:45:44 - [TEST_STEP][PASSED] - verifyMatch(harga1_checkout, harga1_cart, false): Actual text '$29.99' and expected text '$29.99' are matched 

2023-08-31 15:45:44 - [MESSAGE][PASSED] - Actual text '$29.99' and expected text '$29.99' are matched 

2023-08-31 15:45:44 - [TEST_STEP][PASSED] - total = getText(findTestObject("Checkout/itemtotal_overview_1")): Text of object 'Object Repository/Checkout/itemtotal_overview_1' is: 'Item total: $29.99'

2023-08-31 15:45:44 - [MESSAGE][PASSED] - Text of object 'Object Repository/Checkout/itemtotal_overview_1' is: 'Item total: $29.99'

2023-08-31 15:45:44 - [TEST_STEP][PASSED] - total = total.replace("Item total: $", ""): null

2023-08-31 15:45:44 - [TEST_STEP][PASSED] - harga1_cart = harga1_cart.replace("$", ""): null

2023-08-31 15:45:44 - [TEST_STEP][PASSED] - verifyMatch(total, harga1_cart, false): Actual text '29.99' and expected text '29.99' are matched 

2023-08-31 15:45:44 - [MESSAGE][PASSED] - Actual text '29.99' and expected text '29.99' are matched 

2023-08-31 15:45:44 - [TEST_STEP][PASSED] - totaldouble = Double.parseDouble(total): null

2023-08-31 15:45:44 - [TEST_STEP][PASSED] - totaldouble1 = totaldouble * 0.08: null

2023-08-31 15:45:44 - [TEST_STEP][PASSED] - df = new java.text.DecimalFormat(#.##): null

2023-08-31 15:45:44 - [TEST_STEP][PASSED] - df2 = Double.parseDouble(df.format(totaldouble1)): null

2023-08-31 15:45:44 - [TEST_STEP][PASSED] - tax1 = getText(findTestObject("Checkout/tax1_overview")): Text of object 'Object Repository/Checkout/tax1_overview' is: 'Tax: $2.40'

2023-08-31 15:45:45 - [MESSAGE][PASSED] - Text of object 'Object Repository/Checkout/tax1_overview' is: 'Tax: $2.40'

2023-08-31 15:45:45 - [TEST_STEP][PASSED] - tax1 = tax1.replace("Tax: $", ""): null

2023-08-31 15:45:45 - [TEST_STEP][PASSED] - tax1 = Double.parseDouble(tax1): null

2023-08-31 15:45:45 - [TEST_STEP][PASSED] - assert df2 == tax1: null

2023-08-31 15:45:45 - [TEST_STEP][PASSED] - totalbelanja = df2 + totaldouble: null

2023-08-31 15:45:45 - [TEST_STEP][PASSED] - totalakhir_1 = getText(findTestObject("Checkout/TotalAkhir_1")): Text of object 'Object Repository/Checkout/TotalAkhir_1' is: 'Total: $32.39'

2023-08-31 15:45:45 - [MESSAGE][PASSED] - Text of object 'Object Repository/Checkout/TotalAkhir_1' is: 'Total: $32.39'

2023-08-31 15:45:45 - [TEST_STEP][PASSED] - totalakhir_1 = Double.parseDouble(totalakhir_1.replace("Total: $", "")): null

2023-08-31 15:45:45 - [TEST_STEP][PASSED] - assert totalbelanja == totalakhir_1: null

2023-08-31 15:45:45 - [TEST_STEP][PASSED] - click(findTestObject("Checkout/button_Finish")): Object: 'Object Repository/Checkout/button_Finish' is clicked on

2023-08-31 15:45:46 - [MESSAGE][PASSED] - Object: 'Object Repository/Checkout/button_Finish' is clicked on

2023-08-31 15:45:46 - [TEST_STEP][PASSED] - verifyElementPresent(findTestObject("Checkout/success_order"), 0): Object 'Object Repository/Checkout/success_order' is present

2023-08-31 15:45:46 - [MESSAGE][WARNING] - Timeout '0' is invalid. Using default page load timeout: '30'

2023-08-31 15:45:46 - [MESSAGE][PASSED] - Object 'Object Repository/Checkout/success_order' is present

2023-08-31 15:45:46 - [TEST_STEP][PASSED] - return data: null]]></system-out>
         <system-err><![CDATA[]]></system-err>
      </testcase>
      <testcase name="Test Cases/Logout/TC-Logout-Success-001" time="11.981" classname="Test Cases/Logout/TC-Logout-Success-001" status="PASSED">
         <system-out><![CDATA[2023-08-31 15:45:46 - [TEST_CASE][PASSED] - Test Cases/Logout/TC-Logout-Success-001: Test Cases/Logout/TC-Logout-Success-001

2023-08-31 15:45:47 - [TEST_STEP][PASSED] - callTestCase(findTestCase("Login/TC-Login-Success-001"), [:], STOP_ON_FAILURE): Call Test Case 'Test Cases/Login/TC-Login-Success-001' successfully

2023-08-31 15:45:47 - [TEST_CASE][PASSED] - Test Cases/Login/TC-Login-Success-001: Test Cases/Login/TC-Login-Success-001

2023-08-31 15:45:47 - [TEST_STEP][PASSED] - openBrowser(URL): Browser is opened with url: 'https://www.saucedemo.com/inventory.html'

2023-08-31 15:45:47 - [MESSAGE][WARNING] - A browser is already opened. Closing browser and opening a new one

2023-08-31 15:45:48 - [MESSAGE][INFO] - Starting 'Edge Chromium' driver

2023-08-31 15:45:50 - [MESSAGE][INFO] - Action delay is set to 0 milliseconds

2023-08-31 15:45:53 - [MESSAGE][PASSED] - Browser is opened with url: 'https://www.saucedemo.com/inventory.html'

2023-08-31 15:45:53 - [TEST_STEP][PASSED] - verifyElementPresent(findTestObject("Login/Verifikasi home page"), 0): Object 'Object Repository/Login/Verifikasi home page' is present

2023-08-31 15:45:54 - [MESSAGE][WARNING] - Timeout '0' is invalid. Using default page load timeout: '30'

2023-08-31 15:45:54 - [MESSAGE][PASSED] - Object 'Object Repository/Login/Verifikasi home page' is present

2023-08-31 15:45:54 - [TEST_STEP][PASSED] - setText(findTestObject("Login/Input Username"), username): Text 'standard_user' is set on object 'Object Repository/Login/Input Username'

2023-08-31 15:45:55 - [MESSAGE][PASSED] - Text 'standard_user' is set on object 'Object Repository/Login/Input Username'

2023-08-31 15:45:55 - [TEST_STEP][PASSED] - setEncryptedText(findTestObject("Login/input_Password"), password): Text ****** has been set on object 'Object Repository/Login/input_Password'

2023-08-31 15:45:55 - [MESSAGE][PASSED] - Text ****** has been set on object 'Object Repository/Login/input_Password'

2023-08-31 15:45:55 - [TEST_STEP][PASSED] - click(findTestObject("Login/Login Button")): Object: 'Object Repository/Login/Login Button' is clicked on

2023-08-31 15:45:56 - [MESSAGE][PASSED] - Object: 'Object Repository/Login/Login Button' is clicked on

2023-08-31 15:45:56 - [TEST_STEP][PASSED] - verifyElementPresent(findTestObject("Login/Verifikasi swag labs"), 0): Object 'Object Repository/Login/Verifikasi swag labs' is present

2023-08-31 15:45:56 - [MESSAGE][WARNING] - Timeout '0' is invalid. Using default page load timeout: '30'

2023-08-31 15:45:57 - [MESSAGE][PASSED] - Object 'Object Repository/Login/Verifikasi swag labs' is present

2023-08-31 15:45:57 - [MESSAGE][PASSED] - Call Test Case 'Test Cases/Login/TC-Login-Success-001' successfully

2023-08-31 15:45:57 - [TEST_STEP][PASSED] - click(findTestObject("logout/menu burger")): Object: 'Object Repository/logout/menu burger' is clicked on

2023-08-31 15:45:57 - [MESSAGE][PASSED] - Object: 'Object Repository/logout/menu burger' is clicked on

2023-08-31 15:45:57 - [TEST_STEP][PASSED] - click(findTestObject("logout/button_Logout")): Object: 'Object Repository/logout/button_Logout' is clicked on

2023-08-31 15:45:58 - [MESSAGE][PASSED] - Object: 'Object Repository/logout/button_Logout' is clicked on

2023-08-31 15:45:58 - [TEST_STEP][PASSED] - verifyElementPresent(findTestObject("Login/Verifikasi home page"), 0): Object 'Object Repository/Login/Verifikasi home page' is present

2023-08-31 15:45:58 - [MESSAGE][WARNING] - Timeout '0' is invalid. Using default page load timeout: '30'

2023-08-31 15:45:58 - [MESSAGE][PASSED] - Object 'Object Repository/Login/Verifikasi home page' is present]]></system-out>
         <system-err><![CDATA[]]></system-err>
      </testcase>
      <testcase name="Test Cases/Checkout/TC-Checkout-Error-001" time="19.304" classname="Test Cases/Checkout/TC-Checkout-Error-001" status="PASSED">
         <system-out><![CDATA[2023-08-31 15:45:58 - [TEST_CASE][PASSED] - Test Cases/Checkout/TC-Checkout-Error-001: Test Cases/Checkout/TC-Checkout-Error-001

2023-08-31 15:45:59 - [TEST_STEP][PASSED] - callTestCase(findTestCase("Keranjang/TC-Cart-Show-002"), [:], STOP_ON_FAILURE): Call Test Case 'Test Cases/Keranjang/TC-Cart-Show-002' successfully

2023-08-31 15:45:59 - [TEST_CASE][PASSED] - Test Cases/Keranjang/TC-Cart-Show-002: Test Cases/Keranjang/TC-Cart-Show-002

2023-08-31 15:45:59 - [TEST_STEP][PASSED] - data = callTestCase(findTestCase("Products/TC-Product-AddCart-001"), [:], STOP_ON_FAILURE): Call Test Case 'Test Cases/Products/TC-Product-AddCart-001' successfully

2023-08-31 15:45:59 - [TEST_CASE][PASSED] - Test Cases/Products/TC-Product-AddCart-001: Test Cases/Products/TC-Product-AddCart-001

2023-08-31 15:45:59 - [TEST_STEP][PASSED] - callTestCase(findTestCase("Products/TC-Product-Show-001"), [:], STOP_ON_FAILURE): Call Test Case 'Test Cases/Products/TC-Product-Show-001' successfully

2023-08-31 15:45:59 - [TEST_CASE][PASSED] - Test Cases/Products/TC-Product-Show-001: Test Cases/Products/TC-Product-Show-001

2023-08-31 15:45:59 - [TEST_STEP][PASSED] - callTestCase(findTestCase("Login/TC-Login-Success-001"), [:], STOP_ON_FAILURE): Call Test Case 'Test Cases/Login/TC-Login-Success-001' successfully

2023-08-31 15:45:59 - [TEST_CASE][PASSED] - Test Cases/Login/TC-Login-Success-001: Test Cases/Login/TC-Login-Success-001

2023-08-31 15:45:59 - [TEST_STEP][PASSED] - openBrowser(URL): Browser is opened with url: 'https://www.saucedemo.com/inventory.html'

2023-08-31 15:45:59 - [MESSAGE][WARNING] - A browser is already opened. Closing browser and opening a new one

2023-08-31 15:46:00 - [MESSAGE][INFO] - Starting 'Edge Chromium' driver

2023-08-31 15:46:03 - [MESSAGE][INFO] - Action delay is set to 0 milliseconds

2023-08-31 15:46:06 - [MESSAGE][PASSED] - Browser is opened with url: 'https://www.saucedemo.com/inventory.html'

2023-08-31 15:46:06 - [TEST_STEP][PASSED] - verifyElementPresent(findTestObject("Login/Verifikasi home page"), 0): Object 'Object Repository/Login/Verifikasi home page' is present

2023-08-31 15:46:06 - [MESSAGE][WARNING] - Timeout '0' is invalid. Using default page load timeout: '30'

2023-08-31 15:46:06 - [MESSAGE][PASSED] - Object 'Object Repository/Login/Verifikasi home page' is present

2023-08-31 15:46:06 - [TEST_STEP][PASSED] - setText(findTestObject("Login/Input Username"), username): Text 'standard_user' is set on object 'Object Repository/Login/Input Username'

2023-08-31 15:46:07 - [MESSAGE][PASSED] - Text 'standard_user' is set on object 'Object Repository/Login/Input Username'

2023-08-31 15:46:07 - [TEST_STEP][PASSED] - setEncryptedText(findTestObject("Login/input_Password"), password): Text ****** has been set on object 'Object Repository/Login/input_Password'

2023-08-31 15:46:08 - [MESSAGE][PASSED] - Text ****** has been set on object 'Object Repository/Login/input_Password'

2023-08-31 15:46:08 - [TEST_STEP][PASSED] - click(findTestObject("Login/Login Button")): Object: 'Object Repository/Login/Login Button' is clicked on

2023-08-31 15:46:08 - [MESSAGE][PASSED] - Object: 'Object Repository/Login/Login Button' is clicked on

2023-08-31 15:46:08 - [TEST_STEP][PASSED] - verifyElementPresent(findTestObject("Login/Verifikasi swag labs"), 0): Object 'Object Repository/Login/Verifikasi swag labs' is present

2023-08-31 15:46:08 - [MESSAGE][WARNING] - Timeout '0' is invalid. Using default page load timeout: '30'

2023-08-31 15:46:09 - [MESSAGE][PASSED] - Object 'Object Repository/Login/Verifikasi swag labs' is present

2023-08-31 15:46:09 - [MESSAGE][PASSED] - Call Test Case 'Test Cases/Login/TC-Login-Success-001' successfully

2023-08-31 15:46:09 - [MESSAGE][PASSED] - Call Test Case 'Test Cases/Products/TC-Product-Show-001' successfully

2023-08-31 15:46:09 - [TEST_STEP][PASSED] - click(findTestObject("Product/button_Add to cart_Pertama")): Object: 'Object Repository/Product/button_Add to cart_Pertama' is clicked on

2023-08-31 15:46:09 - [MESSAGE][PASSED] - Object: 'Object Repository/Product/button_Add to cart_Pertama' is clicked on

2023-08-31 15:46:09 - [TEST_STEP][PASSED] - namaproduct1_homepage = getText(findTestObject("Product/nama_product1_homepage")): Text of object 'Object Repository/Product/nama_product1_homepage' is: 'Sauce Labs Backpack'

2023-08-31 15:46:10 - [MESSAGE][PASSED] - Text of object 'Object Repository/Product/nama_product1_homepage' is: 'Sauce Labs Backpack'

2023-08-31 15:46:10 - [TEST_STEP][PASSED] - deskripsiproduct1_homepage = getText(findTestObject("Product/deskripsi_product1_homepage")): Text of object 'Object Repository/Product/deskripsi_product1_homepage' is: 'carry.allTheThings() with the sleek, streamlined Sly Pack that melds uncompromising style with unequaled laptop and tablet protection.'

2023-08-31 15:46:10 - [MESSAGE][PASSED] - Text of object 'Object Repository/Product/deskripsi_product1_homepage' is: 'carry.allTheThings() with the sleek, streamlined Sly Pack that melds uncompromising style with unequaled laptop and tablet protection.'

2023-08-31 15:46:10 - [TEST_STEP][PASSED] - hargaproduct1_homepage = getText(findTestObject("Product/harga_produk1_homepage")): Text of object 'Object Repository/Product/harga_produk1_homepage' is: '$29.99'

2023-08-31 15:46:11 - [MESSAGE][PASSED] - Text of object 'Object Repository/Product/harga_produk1_homepage' is: '$29.99'

2023-08-31 15:46:11 - [TEST_STEP][PASSED] - verifyElementNotPresent(findTestObject("Product/button_Add to cart_Pertama"), 0): Web element with id: 'Object Repository/Product/button_Add to cart_Pertama' located by 'By.xpath: //button[@id='add-to-cart-sauce-labs-backpack']' is not present after '30' second(s)

2023-08-31 15:46:11 - [MESSAGE][WARNING] - Timeout '0' is invalid. Using default page load timeout: '30'

2023-08-31 15:46:11 - [MESSAGE][PASSED] - Web element with id: 'Object Repository/Product/button_Add to cart_Pertama' located by 'By.xpath: //button[@id='add-to-cart-sauce-labs-backpack']' is not present after '30' second(s)

2023-08-31 15:46:11 - [TEST_STEP][PASSED] - verifyElementPresent(findTestObject("Product/tambahproduct"), 0): Object 'Object Repository/Product/tambahproduct' is present

2023-08-31 15:46:11 - [MESSAGE][WARNING] - Timeout '0' is invalid. Using default page load timeout: '30'

2023-08-31 15:46:11 - [MESSAGE][PASSED] - Object 'Object Repository/Product/tambahproduct' is present

2023-08-31 15:46:11 - [TEST_STEP][PASSED] - data = new java.util.HashMap(): null

2023-08-31 15:46:11 - [TEST_STEP][PASSED] - data.put("nama1_home", namaproduct1_homepage): null

2023-08-31 15:46:11 - [TEST_STEP][PASSED] - data.put("deskripsi1_home", deskripsiproduct1_homepage): null

2023-08-31 15:46:11 - [TEST_STEP][PASSED] - data.put("harga1_home", hargaproduct1_homepage): null

2023-08-31 15:46:11 - [TEST_STEP][PASSED] - return data: null

2023-08-31 15:46:11 - [MESSAGE][PASSED] - Call Test Case 'Test Cases/Products/TC-Product-AddCart-001' successfully

2023-08-31 15:46:11 - [TEST_STEP][PASSED] - click(findTestObject("Product/tambahproduct")): Object: 'Object Repository/Product/tambahproduct' is clicked on

2023-08-31 15:46:12 - [MESSAGE][PASSED] - Object: 'Object Repository/Product/tambahproduct' is clicked on

2023-08-31 15:46:12 - [TEST_STEP][PASSED] - nama1_home = data.get("nama1_home"): null

2023-08-31 15:46:12 - [TEST_STEP][PASSED] - deskripsi1_home = data.get("deskripsi1_home"): null

2023-08-31 15:46:12 - [TEST_STEP][PASSED] - harga1_home = data.get("harga1_home"): null

2023-08-31 15:46:12 - [TEST_STEP][PASSED] - nama1_cart = getText(findTestObject("Cart/nama1_cart")): Text of object 'Object Repository/Cart/nama1_cart' is: 'Sauce Labs Backpack'

2023-08-31 15:46:12 - [MESSAGE][PASSED] - Text of object 'Object Repository/Cart/nama1_cart' is: 'Sauce Labs Backpack'

2023-08-31 15:46:12 - [TEST_STEP][PASSED] - deskripsi1_cart = getText(findTestObject("Cart/deskripsi1_cart")): Text of object 'Object Repository/Cart/deskripsi1_cart' is: 'carry.allTheThings() with the sleek, streamlined Sly Pack that melds uncompromising style with unequaled laptop and tablet protection.'

2023-08-31 15:46:13 - [MESSAGE][PASSED] - Text of object 'Object Repository/Cart/deskripsi1_cart' is: 'carry.allTheThings() with the sleek, streamlined Sly Pack that melds uncompromising style with unequaled laptop and tablet protection.'

2023-08-31 15:46:13 - [TEST_STEP][PASSED] - harga1_cart = getText(findTestObject("Cart/price1_cart")): Text of object 'Object Repository/Cart/price1_cart' is: '$29.99'

2023-08-31 15:46:13 - [MESSAGE][PASSED] - Text of object 'Object Repository/Cart/price1_cart' is: '$29.99'

2023-08-31 15:46:13 - [TEST_STEP][PASSED] - verifyMatch(nama1_cart, nama1_home, false): Actual text 'Sauce Labs Backpack' and expected text 'Sauce Labs Backpack' are matched 

2023-08-31 15:46:13 - [MESSAGE][PASSED] - Actual text 'Sauce Labs Backpack' and expected text 'Sauce Labs Backpack' are matched 

2023-08-31 15:46:13 - [TEST_STEP][PASSED] - verifyMatch(deskripsi1_cart, deskripsi1_home, false): Actual text 'carry.allTheThings() with the sleek, streamlined Sly Pack that melds uncompromising style with unequaled laptop and tablet protection.' and expected text 'carry.allTheThings() with the sleek, streamlined Sly Pack that melds uncompromising style with unequaled laptop and tablet protection.' are matched 

2023-08-31 15:46:13 - [MESSAGE][PASSED] - Actual text 'carry.allTheThings() with the sleek, streamlined Sly Pack that melds uncompromising style with unequaled laptop and tablet protection.' and expected text 'carry.allTheThings() with the sleek, streamlined Sly Pack that melds uncompromising style with unequaled laptop and tablet protection.' are matched 

2023-08-31 15:46:13 - [TEST_STEP][PASSED] - verifyMatch(harga1_cart, harga1_home, false): Actual text '$29.99' and expected text '$29.99' are matched 

2023-08-31 15:46:13 - [MESSAGE][PASSED] - Actual text '$29.99' and expected text '$29.99' are matched 

2023-08-31 15:46:13 - [TEST_STEP][PASSED] - return data: null

2023-08-31 15:46:13 - [MESSAGE][PASSED] - Call Test Case 'Test Cases/Keranjang/TC-Cart-Show-002' successfully

2023-08-31 15:46:13 - [TEST_STEP][PASSED] - click(findTestObject("Checkout/button_Checkout")): Object: 'Object Repository/Checkout/button_Checkout' is clicked on

2023-08-31 15:46:14 - [MESSAGE][PASSED] - Object: 'Object Repository/Checkout/button_Checkout' is clicked on

2023-08-31 15:46:14 - [TEST_STEP][PASSED] - setText(findTestObject("Checkout/input_Checkout Your Information_firstName"), ""): Text '' is set on object 'Object Repository/Checkout/input_Checkout Your Information_firstName'

2023-08-31 15:46:15 - [MESSAGE][PASSED] - Text '' is set on object 'Object Repository/Checkout/input_Checkout Your Information_firstName'

2023-08-31 15:46:15 - [TEST_STEP][PASSED] - setText(findTestObject("Checkout/input_Checkout Your Information_lastName"), "friskaa"): Text 'friskaa' is set on object 'Object Repository/Checkout/input_Checkout Your Information_lastName'

2023-08-31 15:46:16 - [MESSAGE][PASSED] - Text 'friskaa' is set on object 'Object Repository/Checkout/input_Checkout Your Information_lastName'

2023-08-31 15:46:16 - [TEST_STEP][PASSED] - setText(findTestObject("Checkout/input_Checkout Your Information_postalCode"), "12952"): Text '12952' is set on object 'Object Repository/Checkout/input_Checkout Your Information_postalCode'

2023-08-31 15:46:17 - [MESSAGE][PASSED] - Text '12952' is set on object 'Object Repository/Checkout/input_Checkout Your Information_postalCode'

2023-08-31 15:46:17 - [TEST_STEP][PASSED] - click(findTestObject("Checkout/button_continue")): Object: 'Object Repository/Checkout/button_continue' is clicked on

2023-08-31 15:46:17 - [MESSAGE][PASSED] - Object: 'Object Repository/Checkout/button_continue' is clicked on

2023-08-31 15:46:17 - [TEST_STEP][PASSED] - verifyElementPresent(findTestObject("Checkout/error_first name"), 0): Object 'Object Repository/Checkout/error_first name' is present

2023-08-31 15:46:17 - [MESSAGE][WARNING] - Timeout '0' is invalid. Using default page load timeout: '30'

2023-08-31 15:46:18 - [MESSAGE][PASSED] - Object 'Object Repository/Checkout/error_first name' is present]]></system-out>
         <system-err><![CDATA[]]></system-err>
      </testcase>
      <system-out><![CDATA[2023-08-31 15:31:31 - [TEST_SUITE][FAILED] - Test Suite Sauce Demo: Test Cases/Login/TC-Login-Failed-002 FAILED.
Reason:
com.kms.katalon.core.exception.StepFailedException: Verify element text of test object 'Object Repository/Login/error_Password is required' FAILED.
	at com.kms.katalon.core.webui.keyword.internal.WebUIKeywordMain.stepFailed(WebUIKeywordMain.groovy:64)
	at com.kms.katalon.core.webui.keyword.internal.WebUIKeywordMain.runKeyword(WebUIKeywordMain.groovy:26)
	at com.kms.katalon.core.webui.keyword.builtin.VerifyElementTextKeyword.verifyElementText(VerifyElementTextKeyword.groovy:72)
	at com.kms.katalon.core.webui.keyword.builtin.VerifyElementTextKeyword.execute(VerifyElementTextKeyword.groovy:40)
	at com.kms.katalon.core.keyword.internal.KeywordExecutor.executeKeywordForPlatform(KeywordExecutor.groovy:74)
	at com.kms.katalon.core.webui.keyword.WebUiBuiltInKeywords.verifyElementText(WebUiBuiltInKeywords.groovy:4749)
	at com.kms.katalon.core.webui.keyword.WebUiBuiltInKeywords$verifyElementText$5.call(Unknown Source)
	at TC-Login-Failed-002.run(TC-Login-Failed-002:26)
	at com.kms.katalon.core.main.ScriptEngine.run(ScriptEngine.java:194)
	at com.kms.katalon.core.main.ScriptEngine.runScriptAsRawText(ScriptEngine.java:119)
	at com.kms.katalon.core.main.TestCaseExecutor.runScript(TestCaseExecutor.java:448)
	at com.kms.katalon.core.main.TestCaseExecutor.doExecute(TestCaseExecutor.java:439)
	at com.kms.katalon.core.main.TestCaseExecutor.processExecutionPhase(TestCaseExecutor.java:418)
	at com.kms.katalon.core.main.TestCaseExecutor.accessMainPhase(TestCaseExecutor.java:410)
	at com.kms.katalon.core.main.TestCaseExecutor.execute(TestCaseExecutor.java:285)
	at com.kms.katalon.core.common.CommonExecutor.accessTestCaseMainPhase(CommonExecutor.java:65)
	at com.kms.katalon.core.main.TestSuiteExecutor.accessTestSuiteMainPhase(TestSuiteExecutor.java:148)
	at com.kms.katalon.core.main.TestSuiteExecutor.execute(TestSuiteExecutor.java:106)
	at com.kms.katalon.core.main.TestCaseMain.startTestSuite(TestCaseMain.java:187)
	at com.kms.katalon.core.main.TestCaseMain$startTestSuite$0.call(Unknown Source)
	at TempTestSuite1693470683054.run(TempTestSuite1693470683054.groovy:36)
Caused by: com.kms.katalon.core.exception.StepFailedException: Actual text 'Epic sadface: Password is required' and expected text 'Login failed! Please ensure the password are valid.' of test object 'Object Repository/Login/error_Password is required' are NOT matched.
	at com.kms.katalon.core.webui.keyword.internal.WebUIKeywordMain.stepFailed(WebUIKeywordMain.groovy:64)
	at com.kms.katalon.core.webui.keyword.builtin.VerifyElementTextKeyword$_verifyElementText_closure1.doCall(VerifyElementTextKeyword.groovy:57)
	at com.kms.katalon.core.webui.keyword.builtin.VerifyElementTextKeyword$_verifyElementText_closure1.call(VerifyElementTextKeyword.groovy)
	at com.kms.katalon.core.webui.keyword.internal.WebUIKeywordMain.runKeyword(WebUIKeywordMain.groovy:20)
	... 19 more]]></system-out>
      <system-err><![CDATA[2023-08-31 15:31:31 - [TEST_SUITE][FAILED] - Test Suite Sauce Demo: Test Cases/Login/TC-Login-Failed-002 FAILED.
Reason:
com.kms.katalon.core.exception.StepFailedException: Verify element text of test object 'Object Repository/Login/error_Password is required' FAILED.
	at com.kms.katalon.core.webui.keyword.internal.WebUIKeywordMain.stepFailed(WebUIKeywordMain.groovy:64)
	at com.kms.katalon.core.webui.keyword.internal.WebUIKeywordMain.runKeyword(WebUIKeywordMain.groovy:26)
	at com.kms.katalon.core.webui.keyword.builtin.VerifyElementTextKeyword.verifyElementText(VerifyElementTextKeyword.groovy:72)
	at com.kms.katalon.core.webui.keyword.builtin.VerifyElementTextKeyword.execute(VerifyElementTextKeyword.groovy:40)
	at com.kms.katalon.core.keyword.internal.KeywordExecutor.executeKeywordForPlatform(KeywordExecutor.groovy:74)
	at com.kms.katalon.core.webui.keyword.WebUiBuiltInKeywords.verifyElementText(WebUiBuiltInKeywords.groovy:4749)
	at com.kms.katalon.core.webui.keyword.WebUiBuiltInKeywords$verifyElementText$5.call(Unknown Source)
	at TC-Login-Failed-002.run(TC-Login-Failed-002:26)
	at com.kms.katalon.core.main.ScriptEngine.run(ScriptEngine.java:194)
	at com.kms.katalon.core.main.ScriptEngine.runScriptAsRawText(ScriptEngine.java:119)
	at com.kms.katalon.core.main.TestCaseExecutor.runScript(TestCaseExecutor.java:448)
	at com.kms.katalon.core.main.TestCaseExecutor.doExecute(TestCaseExecutor.java:439)
	at com.kms.katalon.core.main.TestCaseExecutor.processExecutionPhase(TestCaseExecutor.java:418)
	at com.kms.katalon.core.main.TestCaseExecutor.accessMainPhase(TestCaseExecutor.java:410)
	at com.kms.katalon.core.main.TestCaseExecutor.execute(TestCaseExecutor.java:285)
	at com.kms.katalon.core.common.CommonExecutor.accessTestCaseMainPhase(CommonExecutor.java:65)
	at com.kms.katalon.core.main.TestSuiteExecutor.accessTestSuiteMainPhase(TestSuiteExecutor.java:148)
	at com.kms.katalon.core.main.TestSuiteExecutor.execute(TestSuiteExecutor.java:106)
	at com.kms.katalon.core.main.TestCaseMain.startTestSuite(TestCaseMain.java:187)
	at com.kms.katalon.core.main.TestCaseMain$startTestSuite$0.call(Unknown Source)
	at TempTestSuite1693470683054.run(TempTestSuite1693470683054.groovy:36)
Caused by: com.kms.katalon.core.exception.StepFailedException: Actual text 'Epic sadface: Password is required' and expected text 'Login failed! Please ensure the password are valid.' of test object 'Object Repository/Login/error_Password is required' are NOT matched.
	at com.kms.katalon.core.webui.keyword.internal.WebUIKeywordMain.stepFailed(WebUIKeywordMain.groovy:64)
	at com.kms.katalon.core.webui.keyword.builtin.VerifyElementTextKeyword$_verifyElementText_closure1.doCall(VerifyElementTextKeyword.groovy:57)
	at com.kms.katalon.core.webui.keyword.builtin.VerifyElementTextKeyword$_verifyElementText_closure1.call(VerifyElementTextKeyword.groovy)
	at com.kms.katalon.core.webui.keyword.internal.WebUIKeywordMain.runKeyword(WebUIKeywordMain.groovy:20)
	... 19 more]]></system-err>
   </testsuite>
</testsuites>
